JobID          Runtime        getDevice      getProgram     runProgram     startTime_s    startTime_us   endTime_s      endTime_us     violation      0
-1             0.886529       0.000566       0.873855       0.012102       1544121869     916710         1544121870     803239         0              
-1             0.012145       5.7e-05        3.2e-05        0.012052       1544121872     214465         1544121872     226610         0              
-1             0.012113       3.6e-05        2.9e-05        0.012043       1544121872     330237         1544121872     342350         0              
-1             0.012169       3.4e-05        8.1e-05        0.012049       1544121872     445983         1544121872     458152         0              
-1             0.012115       3.5e-05        2.8e-05        0.012047       1544121872     561817         1544121872     573932         0              
0              0.012353       9.4e-05        7.1e-05        0.012179       1544121882     735358         1544121882     747711         0              
1              0.011916       8.4e-05        7.3e-05        0.01175        1544121882     766390         1544121882     778306         0              
2              0.026262       5.9e-05        2.2e-05        0.026174       1544121882     796156         1544121882     822418         0              
3              0.065046       0.041842       0.000184       0.023013       1544121882     799994         1544121882     865040         0              
4              0.079937       0.040034       0.008029       0.031864       1544121882     825787         1544121882     905724         0              
5              0.044198       0.03202        1.9e-05        0.012152       1544121882     877788         1544121882     921986         0              
6              0.087886       0.064019       2e-05          0.023836       1544121882     881787         1544121882     969673         0              
7              0.136023       0.079921       0.016088       0.039998       1544121882     889788         1544121883     25811          0              
8              0.127082       0.108066       0.008271       0.010737       1544121882     917787         1544121883     44869          0              
10             0.163582       0.132034       0.004068       0.027473       1544121882     929788         1544121883     93370          0              
11             0.188018       0.156032       0.004075       0.027902       1544121882     937788         1544121883     125806         0              
9              0.274291       0.212021       0.030434       0.031824       1544121882     937799         1544121883     212090         0              
12             0.295065       0.272021       1.7e-05        0.023021       1544121882     961793         1544121883     256858         0              
14             0.42008        0.304025       0.000135       0.111926       1544121882     981789         1544121883     401869         0              
13             0.551349       0.448044       0.039966       0.063332       1544121882     981790         1544121883     533139         0              
15             0.607335       0.568027       0.01999        0.019313       1544121882     985788         1544121883     593123         0              
16             0.666956       0.58772        0.035974       0.043257       1544121883     14102          1544121883     681058         0              
18             0.777943       0.664026       0.039983       0.073928       1544121883     57787          1544121883     835730         0              
17             0.867057       0.788033       0.039974       0.039045       1544121883     57789          1544121883     924846         0              
20             1.08771        0.864027       0.047983       0.175692       1544121883     81787          1544121884     169494         0              
19             1.19106        1.08805        0.047964       0.055044       1544121883     81788          1544121884     272848         0              
21             1.33507        1.24405        0.040036       0.050978       1544121883     105787         1544121884     440854         0              
22             1.46433        1.33604        0.043968       0.084311       1544121883     117791         1544121884     582119         0              
24             1.57582        1.51203        2e-05          0.063758       1544121883     121788         1544121884     697607         0              
23             1.67371        1.59479        0.02314        0.055777       1544121883     123872         1544121884     797585         0              
25             1.73907        1.6679         0.028123       0.043048       1544121883     129787         1544121884     868862         0              
26             1.80733        1.75205        2.5e-05        0.055254       1544121883     137789         1544121884     945123         0              
27             1.91643        1.81203        0.027981       0.076412       1544121883     145787         1544121885     62215          0              
28             1.96382        1.91205        2.6e-05        0.051736       1544121883     157789         1544121885     121607         0              
29             2.05981        1.96403        0.05598        0.039789       1544121883     169787         1544121885     229594         1              
30             2.19134        2.07205        0.055965       0.06332        1544121883     185788         1544121885     377126         1              
31             2.29906        2.20805        0.04797        0.043041       1544121883     205786         1544121885     504848         1              
32             2.37568        2.31204        0.024743       0.038895       1544121883     209788         1544121885     585467         1              
33             2.50362        2.39374        0.03197        0.0779         1544121883     212088         1544121885     715706         1              
34             2.59887        2.52403        0.027976       0.046861       1544121883     241789         1544121885     840663         1              
37             2.70796        2.61289        0.003984       0.091083       1544121883     256925         1544121885     964890         1              
35             2.8238         2.73692        0.031995       0.054872       1544121883     264891         1544121886     88688          1              
36             2.90632        2.85604        2.1e-05        0.050257       1544121883     269789         1544121886     176112         1              
38             3.01108        2.91283        0.047186       0.051054       1544121883     277785         1544121886     288861         1              
39             3.24593        3.06404        0.072007       0.085903       1544121883     277786         1544121886     523712         1              
42             3.35568        3.26404        0.039977       0.051666       1544121883     309786         1544121886     665470         1              
43             3.49952        3.36405        0.003982       0.131478       1544121883     317788         1544121886     817303         1              
41             3.61907        3.52804        0.047972       0.043048       1544121883     317788         1544121886     936854         1              
40             3.77547        3.68802        0.039991       0.047448       1544121883     317787         1544121887     93253          1              
44             3.84925        3.81022        2.4e-05        0.038999       1544121883     335607         1544121887     184857         1              
45             3.99153        3.88003        0.047977       0.063526       1544121883     349790         1544121887     341325         1              
46             4.10222        4.01919        0.043986       0.039029       1544121883     354638         1544121887     456854         1              
47             4.22402        4.11204        0.004017       0.107955       1544121883     369791         1544121887     593807         1              
48             4.34523        4.25365        0.039972       0.051605       1544121883     384176         1544121887     729409         1              
49             4.49887        4.39203        0.047973       0.058857       1544121883     385797         1544121887     884664         1              
50             4.59123        4.51269        0.003255       0.075274       1544121883     397899         1544121887     989125         1              
51             4.65934        4.58405        0.003975       0.071312       1544121883     425786         1544121888     85127          1              
52             4.71507        4.67204        2.2e-05        0.043007       1544121883     437785         1544121888     152855         1              
55             4.87202        4.75633        0.004078       0.111604       1544121883     445491         1544121888     317509         1              
54             4.96707        4.90003        0.004085       0.062948       1544121883     445785         1544121888     412851         1              
56             5.0758         4.98004        0.039971       0.055781       1544121883     453788         1544121888     529588         1              
53             5.20218        5.10802        0.039987       0.054158       1544121883     457787         1544121888     659966         1              
57             5.35133        5.25203        0.047983       0.051315       1544121883     461788         1544121888     813121         1              
59             5.43107        5.38404        2.4e-05        0.047002       1544121883     469785         1544121888     900853         1              
58             5.56706        5.48803        0.043978       0.035046       1544121883     477786         1544121889     44851          1              
61             5.67533        5.59604        0.039972       0.039321       1544121883     489787         1544121889     165122         1              
60             5.97143        5.69601        0.004038       0.271375       1544121883     489796         1544121889     461227         1              
62             6.09506        6.01203        0.03998        0.043046       1544121883     501785         1544121889     596847         1              
63             6.19601        6.08803        0.047979       0.059999       1544121883     521787         1544121889     717801         1              
64             6.2915         6.22403        1.9e-05        0.067438       1544121883     533790         1544121889     825289         1              
65             6.39106        6.31603        2.2e-05        0.075001       1544121883     537789         1544121889     928852         1              
66             6.5038         6.39603        0.047979       0.05978        1544121883     569788         1544121890     73585          1              
67             6.80182        6.54803        0.047979       0.205802       1544121883     577786         1544121890     379605         1              
68             6.89507        6.80004        0.04797        0.047053       1544121883     601785         1544121890     496857         1              
69             7.04734        6.94803        0.043979       0.055324       1544121883     609787         1544121890     657131         1              
70             7.11934        7.05202        0.019987       0.047319       1544121883     621792         1544121890     741127         1              
71             7.24705        7.13603        0.043979       0.067042       1544121883     665792         1544121890     912845         1              
72             7.41137        7.28803        0.03998        0.083349       1544121883     669789         1544121891     81156          1              
73             7.47032        7.38805        0.039958       0.042306       1544121883     717785         1544121891     188109         1              
74             7.56734        7.46003        0.047982       0.059326       1544121883     737787         1544121891     305129         1              
75             7.74328        7.60404        0.047973       0.091266       1544121883     745786         1544121891     489066         1              
77             7.88306        7.77203        0.036001       0.047048       1544121883     745787         1544121891     628850         1              
76             7.90132        7.87604        2e-05          0.025253       1544121883     757788         1544121891     659105         1              
78             8.00707        7.91203        0.047974       0.047059       1544121883     761788         1544121891     768861         1              
79             8.12706        8.04002        0.043981       0.043041       1544121883     769794         1544121891     896849         1              
80             8.17907        8.13603        2.2e-05        0.039035       1544121883     793787         1544121891     972855         1              
83             8.42307        8.19205        2.3e-05        0.23099        1544121883     793786         1544121892     216859         1              
81             8.5729         8.45057        0.047977       0.074348       1544121883     799256         1544121892     372153         1              
82             8.66706        8.59203        0.039979       0.035046       1544121883     805790         1544121892     472851         1              
84             8.79107        8.70003        0.039978       0.051053       1544121883     829786         1544121892     620854         1              
86             8.95628        8.80403        2.1e-05        0.15223        1544121883     829791         1544121892     786074         1              
85             9.06305        8.98001        0.03998        0.043046       1544121883     829802         1544121892     892848         1              
87             9.11933        9.05204        8.2e-05        0.06721        1544121883     857789         1544121892     977122         1              
89             9.23134        9.14003        0.039985       0.051321       1544121883     861787         1544121893     93125          1              
88             9.35843        9.27052        0.035984       0.051914       1544121883     863305         1544121893     221732         1              
90             9.45506        9.36803        0.039982       0.047048       1544121883     885786         1544121893     340850         1              
91             9.55083        9.47979        0.035973       0.035055       1544121883     890032         1544121893     440860         1              
92             9.67153        9.59601        0.039986       0.03552        1544121883     893795         1544121893     565320         1              
93             9.77134        9.68004        0.03997        0.051327       1544121883     901786         1544121893     673128         1              
94             9.82707        9.75603        0.004003       0.067024       1544121883     953786         1544121893     780851         1              
95             9.91107        9.83603        0.035984       0.039051       1544121883     961785         1544121893     872853         1              
96             10.0111        9.92404        0.040038       0.046987       1544121883     969787         1544121893     980855         1              
98             10.1383        10.032         0.039976       0.066307       1544121883     973788         1544121894     112115         1              
97             10.2393        10.14          0.043967       0.055321       1544121883     981787         1544121894     221128         1              
99             10.322         10.244         0.035972       0.041978       1544121883     985789         1544121894     307782         1              
