JobID          Runtime        getDevice      getProgram     runProgram     startTime_s    startTime_us   endTime_s      endTime_us     violation      0
-1             0.899615       6.5e-05        0.794044       0.105499       1544121871     314798         1544121872     214413         0              
-1             0.103221       4e-05          1.9e-05        0.103156       1544121872     226996         1544121872     330217         0              
-1             0.103242       3.7e-05        2.1e-05        0.103178       1544121872     342721         1544121872     445963         0              
-1             0.103228       3.7e-05        2.1e-05        0.103165       1544121872     458570         1544121872     561798         0              
-1             0.103246       3.6e-05        1.9e-05        0.103185       1544121872     574301         1544121872     677547         0              
0              0.301077       5.6e-05        2e-05          0.300994       1544121883     261786         1544121883     562863         0              
1              0.595801       0.036048       6.7e-05        0.559679       1544121883     573786         1544121884     169587         0              
2              0.887322       0.312037       0.079982       0.495297       1544121883     889787         1544121884     777109         0              
3              1.30946        0.904193       2.4e-05        0.405241       1544121883     893652         1544121885     203116         1              
4              1.92805        1.17205        0.056793       0.699198       1544121884     33786          1544121885     961839         1              
5              2.0636         1.39603        0.031982       0.635583       1544121884     601786         1544121886     665385         1              
6              2.53227        2.01205        0.035961       0.484257       1544121884     665785         1544121887     198060         1              
7              2.99165        2.51204        0.047969       0.431634       1544121884     737788         1544121887     729438         1              
8              3.35181        2.80541        0.046599       0.499796       1544121884     965787         1544121888     317600         1              
9              3.73956        3.27202        0.024045       0.427507       1544121885     85787          1544121888     825350         1              
10             4.41547        3.79204        0.004011       0.61144        1544121885     97785          1544121889     513251         1              
11             4.792          4.42461        0.047974       0.319408       1544121885     137209         1544121889     929213         1              
12             5.32761        4.62003        0.047973       0.659598       1544121885     329787         1544121890     657399         1              
13             5.54743        5.16802        0.016054       0.343367       1544121885     533787         1544121891     81220          1              
14             5.89935        5.52404        0.039963       0.335335       1544121885     589788         1544121891     489139         1              
15             6.14074        5.82404        2.2e-05        0.316667       1544121885     685789         1544121891     826526         1              
16             6.48542        6.12402        0.035047       0.326336       1544121885     737788         1544121892     223204         1              
17             6.41583        5.89144        0.039981       0.484401       1544121886     370372         1544121892     786201         1              
18             6.85579        6.42803        0.039984       0.387771       1544121886     389788         1544121893     245576         1              
19             7.06986        6.68004        0.031982       0.357839       1544121886     613786         1544121893     683649         1              
20             7.57039        7.04003        0.047985       0.482365       1544121886     661786         1544121894     232173         1              
21             8.06107        7.42003        0.039975       0.601056       1544121886     841786         1544121894     902858         1              
22             8.59307        8.02005        2.1e-05        0.572997       1544121886     901786         1544121895     494860         1              
23             9.22908        8.57203        0.04798        0.609062       1544121886     969786         1544121896     198865         1              
24             9.86508        9.25203        0.03998        0.573057       1544121886     969788         1544121896     834864         1              
25             10.5731        9.85604        0.031968       0.685057       1544121886     997792         1544121897     570862         1              
26             11.0811        10.508         0.039971       0.533063       1544121887     117787         1544121898     198867         1              
27             11.3356        10.916         0.047968       0.371554       1544121887     289789         1544121898     625360         1              
28             11.7891        11.252         0.043974       0.493058       1544121887     401786         1544121899     190864         1              
29             12.2971        11.752         0.039974       0.505053       1544121887     481788         1544121899     778860         1              
30             12.6851        12.136         0.039971       0.509058       1544121887     689787         1544121900     374862         1              
31             12.9835        12.616         0.039973       0.327511       1544121887     797793         1544121900     781317         1              
32             13.2796        12.932         0.039981       0.307544       1544121887     873787         1544121901     153348         1              
33             13.5476        13.232         0.039979       0.275529       1544121887     957788         1544121901     505339         1              
34             13.6184        13.344         0.039982       0.234351       1544121888     201787         1544121901     820161         1              
35             13.8996        13.556         0.039975       0.303536       1544121888     313788         1544121902     213340         1              
36             14.1555        13.8317        0.024339       0.299529       1544121888     381789         1544121902     537331         1              
37             14.6087        14.1173        0.035967       0.455444       1544121888     436538         1544121903     45248          1              
38             15.1051        14.588         0.027961       0.489055       1544121888     473787         1544121903     578864         1              
39             15.3638        15.1121        0.00397        0.247745       1544121888     509787         1544121903     873562         1              
40             15.7411        15.208         0.031966       0.501057       1544121888     689787         1544121904     430861         1              
41             16.1491        15.708         0.031981       0.409064       1544121888     737786         1544121904     886867         1              
42             16.6371        16.124         0.039977       0.473057       1544121888     797786         1544121905     434861         1              
43             17.0611        16.648         2.4e-05        0.413006       1544121888     817789         1544121905     878864         1              
44             17.0821        16.828         2.1e-05        0.254083       1544121889     77787          1544121906     159930         1              
45             17.3155        17.04          0.027962       0.247534       1544121889     141794         1544121906     457343         1              
46             17.5893        17.328         0.027967       0.233292       1544121889     153787         1544121906     743097         1              
47             17.6956        17.432         0.031974       0.231535       1544121889     341789         1544121907     37339          1              
48             17.8608        17.644         0.003984       0.212735       1544121889     401789         1544121907     262543         1              
49             18.1858        17.7721        0.003977       0.409802       1544121889     517786         1544121907     703631         1              
50             18.4835        18.048         0.031984       0.403444       1544121889     685786         1544121908     169248         1              
51             18.7451        18.2721        0.039976       0.433042       1544121889     913787         1544121908     658863         1              
52             19.1411        18.692         0.031969       0.417056       1544121889     981787         1544121909     122861         1              
53             19.3475        19.0961        0.023958       0.227532       1544121890     49787          1544121909     397337         1              
54             19.6691        19.264         0.003979       0.40105        1544121890     157785         1544121909     826862         1              
55             19.9282        19.612         2.1e-05        0.316189       1544121890     237786         1544121910     166031         1              
56             20.2811        19.928         0.035985       0.317054       1544121890     261788         1544121910     542859         1              
57             20.5036        20.2721        0.031954       0.199537       1544121890     285788         1544121910     789343         1              
59             20.6741        20.412         0.031973       0.230127       1544121890     401787         1544121911     75935          1              
58             20.9802        20.688         2.4e-05        0.292157       1544121890     401787         1544121911     382019         1              
60             21.1882        20.8881        2.6e-05        0.300144       1544121890     505785         1544121911     694019         1              
61             21.3238        21.12          0.031967       0.171755       1544121890     577788         1544121911     901566         1              
62             21.5691        21.196         0.071972       0.301056       1544121890     717788         1544121912     286859         1              
63             21.8362        21.54          2e-05          0.296187       1544121890     773791         1544121912     610029         1              
64             21.8915        21.636         2.2e-05        0.255403       1544121891     5786           1544121912     897249         1              
65             22.1842        21.86          0.035967       0.288223       1544121891     65787          1544121913     250027         1              
66             22.1843        21.888         0.003986       0.292258       1544121891     385787         1544121913     570066         1              
67             22.3971        22.188         2.3e-05        0.209082       1544121891     413789         1544121913     810938         1              
68             22.4405        22.2408        2.3e-05        0.199701       1544121891     605044         1544121914     45558          1              
69             22.4866        22.284         0.007987       0.19456        1544121891     769790         1544121914     256369         1              
70             22.7019        22.488         2.2e-05        0.213782       1544121891     777787         1544121914     479642         1              
71             22.3861        22.196         0.003969       0.186122       1544121892     289791         1544121914     675932         1              
72             22.5515        22.328         0.035982       0.187514       1544121892     353787         1544121914     905320         1              
73             22.2075        22.08          0.00399        0.12353        1544121892     853790         1544121915     61337          1              
74             22.3556        22.18          2.1e-05        0.175487       1544121892     901787         1544121915     257339         1              
75             22.4538        22.252         2.3e-05        0.201757       1544121893     9788           1544121915     463629         1              
76             22.5061        22.3259        2.6e-05        0.180226       1544121893     137788         1544121915     643926         1              
78             22.6898        22.484         2.1e-05        0.205787       1544121893     165786         1544121915     855635         1              
77             22.8468        22.708         0.02798        0.110787       1544121893     165790         1544121916     12588          1              
79             22.764         22.624         2.2e-05        0.139933       1544121893     389789         1544121916     153797         1              
80             22.8368        22.7           2.2e-05        0.136681       1544121893     469789         1544121916     306541         1              
81             22.8487        22.7849        1.9e-05        0.063819       1544121893     521790         1544121916     370507         1              
82             22.9776        22.8402        0.011983       0.125401       1544121893     545590         1544121916     523214         1              
83             22.9574        22.8935        1.9e-05        0.063829       1544121893     629789         1544121916     587167         1              
84             22.9955        22.7934        2.5e-05        0.202001       1544121893     793787         1544121916     789252         1              
85             23.1115        22.908         2.1e-05        0.2034         1544121893     909792         1544121917     21252          1              
86             23.1465        23.032         0.011068       0.103409       1544121894     1785           1544121917     148302         1              
87             23.0893        22.9858        2.1e-05        0.103483       1544121894     176024         1544121917     265338         1              
88             23.2715        23.0716        2.3e-05        0.199829       1544121894     193786         1544121917     465248         1              
89             23.3247        23.2           2e-05          0.124685       1544121894     285788         1544121917     610528         1              
90             23.4219        23.2168        2.9e-05        0.205009       1544121894     393789         1544121917     815642         1              
92             23.4624        23.3445        0.014116       0.103775       1544121894     471154         1544121917     933583         1              
91             23.5198        23.456         2.1e-05        0.063743       1544121894     481788         1544121918     1605           1              
93             23.5918        23.512         1.8e-05        0.079752       1544121894     489788         1544121918     81571          1              
94             23.1319        23.028         2e-05          0.103847       1544121895     65788          1544121918     197703         1              
95             23.2279        23.124         3e-05          0.103914       1544121895     73786          1544121918     301723         1              
96             23.189         23.0854        2.4e-05        0.103556       1544121895     217704         1544121918     406660         1              
97             23.1606        23.0969        2.8e-05        0.063573       1544121895     309789         1544121918     470344         1              
98             23.1845        23.1206        2.4e-05        0.063805       1544121895     349793         1544121918     534255         1              
99             23.2843        23.1805        3.1e-05        0.103701       1544121895     353787         1544121918     638076         1              
