JobID          Runtime        getDevice      getProgram     runProgram     startTime_s    startTime_us   endTime_s      endTime_us     violation      0
-1             0.511477       6.5e-05        0.511129       0.000279       1544121870     803283         1544121871     314760         0              
-1             0.000353       3.4e-05        3.9e-05        0.000275       1544121872     226629         1544121872     226982         0              
-1             0.000341       3.4e-05        2.8e-05        0.000275       1544121872     342367         1544121872     342708         0              
-1             0.000388       8e-05          2.7e-05        0.000275       1544121872     458169         1544121872     458557         0              
-1             0.000339       3e-05          2.9e-05        0.000276       1544121872     573948         1544121872     574287         0              
0              0.000435       0.000115       2.4e-05        0.000286       1544121882     683907         1544121882     684342         0              
1              0.00044        8e-05          2.6e-05        0.000325       1544121882     687126         1544121882     687566         0              
2              0.000446       7.8e-05        2.6e-05        0.000334       1544121882     690215         1544121882     690661         0              
3              0.000418       8.3e-05        2.5e-05        0.000302       1544121882     690807         1544121882     691225         0              
4              0.000427       6.4e-05        8.4e-05        0.000273       1544121882     692163         1544121882     692590         0              
5              0.000456       0.000122       2.4e-05        0.000302       1544121882     697835         1544121882     698291         0              
6              0.000439       7.9e-05        2.5e-05        0.000325       1544121882     698674         1544121882     699113         0              
7              0.000417       8e-05          2.4e-05        0.000304       1544121882     699621         1544121882     700038         0              
8              0.000409       8.2e-05        2.4e-05        0.000293       1544121882     701903         1544121882     702312         0              
9              0.000454       7.7e-05        2.6e-05        0.000334       1544121882     703344         1544121882     703798         0              
10             0.000568       0.000234       2.5e-05        0.0003         1544121882     703653         1544121882     704221         0              
11             0.000434       7.5e-05        2.6e-05        0.000324       1544121882     704348         1544121882     704782         0              
12             0.000444       7.9e-05        2.6e-05        0.000329       1544121882     706332         1544121882     706776         0              
13             0.000448       8.4e-05        2.8e-05        0.000325       1544121882     708400         1544121882     708848         0              
14             0.00046        5.6e-05        7.1e-05        0.000323       1544121882     709079         1544121882     709539         0              
15             0.000456       0.000128       2.5e-05        0.000294       1544121882     710201         1544121882     710657         0              
16             0.000426       6.9e-05        2.5e-05        0.000324       1544121882     710667         1544121882     711093         0              
17             0.000429       7.7e-05        2.4e-05        0.000316       1544121882     717244         1544121882     717673         0              
18             0.000532       0.000187       2.7e-05        0.000308       1544121882     717560         1544121882     718092         0              
19             0.000456       7.8e-05        2.7e-05        0.000335       1544121882     720044         1544121882     720500         0              
20             0.000581       0.000216       2.9e-05        0.000327       1544121882     720353         1544121882     720934         0              
21             0.00045        7.8e-05        2.6e-05        0.000337       1544121882     722361         1544121882     722811         0              
22             0.00042        7.4e-05        2.4e-05        0.000313       1544121882     723132         1544121882     723552         0              
23             0.000509       8.1e-05        2.7e-05        0.000388       1544121882     724004         1544121882     724513         0              
24             0.000791       0.000422       2.8e-05        0.000327       1544121882     724170         1544121882     724961         0              
25             0.000984       0.000616       2.7e-05        0.000333       1544121882     724415         1544121882     725399         0              
26             0.000416       5.9e-05        2.4e-05        0.000324       1544121882     725912         1544121882     726328         0              
27             0.000407       7.9e-05        2.3e-05        0.000295       1544121882     727683         1544121882     728090         0              
28             0.000436       7.6e-05        2.5e-05        0.000326       1544121882     729060         1544121882     729496         0              
29             0.000442       8.1e-05        2.6e-05        0.000326       1544121882     729978         1544121882     730420         0              
30             0.000438       7.5e-05        2.5e-05        0.000329       1544121882     732080         1544121882     732518         0              
31             0.000443       8.3e-05        2.5e-05        0.000326       1544121882     733300         1544121882     733743         0              
32             0.000441       8e-05          2.5e-05        0.000325       1544121882     734381         1544121882     734822         0              
33             0.000462       7.5e-05        2.5e-05        0.000353       1544121882     735244         1544121882     735706         0              
34             0.006696       0.000126       2.6e-05        0.006528       1544121882     737804         1544121882     744500         0              
35             0.008929       0.005558       2.7e-05        0.003331       1544121882     739124         1544121882     748053         0              
36             0.008643       0.008305       2.7e-05        0.000296       1544121882     739823         1544121882     748466         0              
37             0.008422       0.008055       3e-05          0.000325       1544121882     740459         1544121882     748881         0              
38             0.008467       0.00806        6.6e-05        0.000327       1544121882     740891         1544121882     749358         0              
39             0.006523       0.006238       2.4e-05        0.000238       1544121882     743145         1544121882     749668         0              
40             0.005569       0.005142       8.8e-05        0.000328       1544121882     744583         1544121882     750152         0              
46             0.001931       0.001597       2.2e-05        0.000293       1544121882     748609         1544121882     750540         0              
44             0.002106       0.00168        6.2e-05        0.000323       1544121882     748950         1544121882     751056         0              
41             0.002028       0.001669       2.5e-05        0.000325       1544121882     749437         1544121882     751465         0              
42             0.002037       0.001772       2e-05          0.000238       1544121882     749732         1544121882     751769         0              
45             0.001938       0.001582       2.3e-05        0.000322       1544121882     750234         1544121882     752172         0              
47             0.001918       0.001591       2.4e-05        0.000291       1544121882     750628         1544121882     752546         0              
43             0.00182        0.001449       3.8e-05        0.000322       1544121882     751144         1544121882     752964         0              
48             0.001759       0.001454       2.2e-05        0.000275       1544121882     751545         1544121882     753304         0              
49             0.001063       0.000795       2.1e-05        0.000241       1544121882     752563         1544121882     753626         0              
50             0.000386       8.7e-05        2.1e-05        0.00027        1544121882     754276         1544121882     754662         0              
51             0.000408       7.8e-05        2.3e-05        0.000298       1544121882     756756         1544121882     757164         0              
52             0.000372       6.4e-05        2.1e-05        0.00028        1544121882     757535         1544121882     757907         0              
53             0.000406       6.5e-05        7.6e-05        0.000257       1544121882     758396         1544121882     758802         0              
54             0.000449       0.000123       2.3e-05        0.000294       1544121882     759710         1544121882     760159         0              
55             0.000354       6.3e-05        2e-05          0.000261       1544121882     760573         1544121882     760927         0              
56             0.000503       0.000139       2.6e-05        0.000301       1544121882     760853         1544121882     761356         0              
57             0.000425       0.00014        2.5e-05        0.000255       1544121882     761253         1544121882     761678         0              
58             0.000412       7.9e-05        2.4e-05        0.000294       1544121882     762371         1544121882     762783         0              
59             0.000574       0.000291       2.1e-05        0.000255       1544121882     762531         1544121882     763105         0              
60             0.000326       4.8e-05        1.7e-05        0.000256       1544121882     763661         1544121882     763987         0              
61             0.000325       4.7e-05        1.8e-05        0.000254       1544121882     764563         1544121882     764888         0              
62             0.000363       6.4e-05        3e-05          0.000262       1544121882     766039         1544121882     766402         0              
63             0.008021       9.2e-05        1.8e-05        0.0079         1544121882     766828         1544121882     774849         0              
64             0.009501       0.00583        3.1e-05        0.003625       1544121882     769093         1544121882     778594         0              
65             0.009179       0.008839       2.6e-05        0.000301       1544121882     769843         1544121882     779022         0              
66             0.006289       0.005954       2.5e-05        0.000299       1544121882     773137         1544121882     779426         0              
67             0.006144       0.005827       2.5e-05        0.00028        1544121882     773657         1544121882     779801         0              
69             0.002388       0.002023       2.7e-05        0.000325       1544121882     777833         1544121882     780221         0              
68             0.001993       0.001697       2.7e-05        0.000261       1544121882     778590         1544121882     780583         0              
70             0.002335       0.002009       2.3e-05        0.000292       1544121882     778618         1544121882     780953         0              
71             0.000305       4.6e-05        1.8e-05        0.000236       1544121882     782876         1544121882     783181         0              
72             0.000426       6.8e-05        7e-05          0.000281       1544121882     783446         1544121882     783872         0              
73             0.00048        0.000132       2.4e-05        0.000316       1544121882     788654         1544121882     789134         0              
74             0.000329       6.2e-05        2e-05          0.000239       1544121882     789290         1544121882     789619         0              
75             0.000405       7.5e-05        2.5e-05        0.000295       1544121882     790521         1544121882     790926         0              
76             0.000414       7.4e-05        2.3e-05        0.000302       1544121882     792053         1544121882     792467         0              
77             0.000518       0.000204       4.3e-05        0.000261       1544121882     792352         1544121882     792870         0              
78             0.000772       0.000407       2.9e-05        0.000327       1544121882     792536         1544121882     793308         0              
79             0.000412       8.1e-05        2.6e-05        0.000296       1544121882     794799         1544121882     795211         0              
80             0.000444       8.1e-05        2.5e-05        0.000329       1544121882     795608         1544121882     796052         0              
81             0.002434       7.5e-05        7.1e-05        0.002275       1544121882     796251         1544121882     798685         0              
82             0.02224        0.002101       2.8e-05        0.020099       1544121882     796655         1544121882     818895         0              
83             0.064355       0.044388       0.000236       0.019725       1544121882     797455         1544121882     861810         0              
84             0.10334        0.074721       7.9e-05        0.028531       1544121882     799106         1544121882     902446         0              
86             0.103683       0.100036       0.003359       0.000278       1544121882     802460         1544121882     906143         0              
85             0.163725       0.11307        0.031756       0.012358       1544121882     802439         1544121882     966164         0              
87             0.168411       0.168052       0.0001         0.000248       1544121882     813787         1544121882     982198         0              
88             0.18403        0.168462       6.7e-05        0.015474       1544121882     813787         1544121882     997817         0              
92             0.196316       0.19604        2.1e-05        0.000246       1544121882     817787         1544121883     14103          0              
93             0.216268       0.212015       0.00401        0.000238       1544121882     817790         1544121883     34058          0              
91             0.227478       0.227198       2.1e-05        0.000246       1544121882     817789         1544121883     45267          0              
94             0.270912       0.23894        0.008048       0.023916       1544121882     818892         1544121883     89804          0              
98             0.300281       0.268076       0.019937       0.012258       1544121882     821789         1544121883     122070         0              
95             0.320294       0.30034        0.019672       0.000275       1544121882     821789         1544121883     142083         0              
99             0.344352       0.344043       2.5e-05        0.000273       1544121882     821789         1544121883     166141         0              
96             0.387107       0.372044       2.2e-05        0.015035       1544121882     821790         1544121883     208897         0              
89             0.440237       0.388025       0.027981       0.024226       1544121882     825789         1544121883     266026         0              
90             0.572497       0.468024       1.8e-05        0.104448       1544121882     825792         1544121883     398289         0              
97             0.612594       0.600033       0.012307       0.000248       1544121882     837786         1544121883     450380         0              
