JobID          Runtime        getDevice      getProgram     runProgram     startTime_s    startTime_us   endTime_s      endTime_us     violation      0
-1             0.990565       9.1e-05        0.884728       0.105725       1544028511     349450         1544028512     340015         0              
-1             0.103554       8e-05          3.6e-05        0.103422       1544028512     352733         1544028512     456287         0              
-1             0.103513       6.1e-05        2.6e-05        0.103409       1544028512     468965         1544028512     572478         0              
-1             0.103508       5.5e-05        2.1e-05        0.103413       1544028512     585422         1544028512     688930         0              
-1             0.103653       5.7e-05        3.7e-05        0.103539       1544028512     701624         1544028512     805277         0              
0              0.123293       0.000112       3.6e-05        0.123122       1544028523     757465         1544028523     880758         0              
1              1.92005        0.10003        0.002052       1.80512        1544028525     133789         1544028527     53841          1              
2              3.66036        2.03602        0.071988       1.55214        1544028525     149796         1544028528     810160         1              
3              4.98491        3.73603        0.003959       1.12862        1544028525     165787         1544028530     150699         1              
4              6.33834        5.04142        0.075966       1.22074        1544028525     168408         1544028531     506750         1              
5              8.33148        6.43604        0.075953       1.81946        1544028525     177787         1544028533     509271         1              
8              9.70901        8.42827        0.127872       1.15257        1544028525     185564         1544028534     894577         1              
6              11.8081        9.77205        0.075966       1.95614        1544028525     189786         1544028536     997934         1              
7              13.3333        11.8161        0.071955       1.44506        1544028525     201787         1544028538     535088         1              
9              13.9128        13.3361        0.091841       0.484597       1544028525     221787         1544028539     134632         1              
12             14.989         13.944         0.047964       0.996759       1544028525     245787         1544028540     234755         1              
10             16.377         15.052         0.075966       1.24875        1544028525     253786         1544028541     630760         1              
13             17.5884        16.396         0.067971       1.12415        1544028525     265795         1544028542     854157         1              
11             18.7836        17.704         0.06393        1.01154        1544028525     265787         1544028544     49369          1              
15             20.4           18.788         0.143971       1.46003        1544028525     277786         1544028545     677792         1              
14             21.5724        20.452         0.003966       1.03606        1544028525     277786         1544028546     850155         1              
16             22.8803        21.756         0.071975       1.05213        1544028525     285786         1544028548     166121         1              
17             24.0699        22.9564        0.118842       0.993887       1544028525     297785         1544028549     367714         1              
18             24.9688        24.188         0.059866       0.720625       1544028525     301786         1544028550     270635         1              
20             26.0603        24.9561        0.07195        1.0323         1544028525     325785         1544028551     386126         1              
19             27.8522        26.088         0.067961       1.69603        1544028525     333785         1544028553     186027         1              
21             29.4803        28.028         0.063978       1.38413        1544028525     337786         1544028554     818128         1              
24             30.6848        29.52          0.091883       0.972569       1544028525     373786         1544028556     58572          1              
25             32.0444        30.784         0.095875       1.08031        1544028525     373786         1544028557     418149         1              
22             33.7653        32.108         0.051919       1.60108        1544028525     377786         1544028559     143076         1              
23             35.3569        33.832         0.063884       1.46067        1544028525     381786         1544028560     738677         1              
26             36.4321        35.4561        0.00013        0.971803       1544028525     389785         1544028561     821836         1              
28             37.68          36.5121        0.063964       1.09627        1544028525     397785         1544028563     77806          1              
27             38.7604        37.788         0.039888       0.868128       1544028525     397785         1544028564     158140         1              
30             40.233         38.788         0.067968       1.3768         1544028525     409787         1544028565     642794         1              
29             41.1124        40.32          0.000129       0.787945       1544028525     413787         1544028566     526159         1              
31             42.0484        41.196         0.061182       0.780213       1544028525     417786         1544028567     466220         1              
33             42.9768        42.148         0.055978       0.772582       1544028525     433786         1544028568     410576         1              
32             44.1324        42.996         0.051973       1.0842         1544028525     437787         1544028569     570209         1              
35             44.9323        44.16          0.051975       0.72029        1544028525     457787         1544028570     390113         1              
34             45.7568        45.044         0.019586       0.672607       1544028525     461785         1544028571     218610         1              
36             46.5688        45.792         0.043957       0.732745       1544028525     465787         1544028572     34560          1              
38             47.3768        46.5921        0.047955       0.736608       1544028525     469791         1544028572     846635         1              
37             47.6129        47.3921        0.026189       0.138337       1544028525     481785         1544028573     94675          1              
39             49.0115        47.692         0.063969       1.25546        1544028525     501785         1544028574     513274         1              
40             49.7168        49.052         0.039963       0.624742       1544028525     505788         1544028575     222559         1              
41             50.9155        49.768         0.043963       1.10345        1544028525     509789         1544028576     425262         1              
44             51.624         50.944         0.039962       0.639992       1544028525     521787         1544028577     145815         1              
42             52.8611        51.684         0.047967       1.12907        1544028525     525785         1544028578     386887         1              
43             53.9328        52.9           0.000134       1.03228        1544028525     529785         1544028579     462567         1              
45             55.0008        53.968         0.000116       1.0324         1544028525     541790         1544028580     542614         1              
46             55.7088        55.028         0.039906       0.640604       1544028525     557788         1544028581     266619         1              
47             56.3608        55.752         0.031883       0.576593       1544028525     561788         1544028581     922619         1              
49             56.9928        56.388         0.035967       0.568586       1544028525     573788         1544028582     566557         1              
50             57.6061        57.0041        0.035952       0.565874       1544028525     581788         1544028583     187864         1              
52             58.3804        57.644         0.03587        0.700185       1544028525     585787         1544028583     966190         1              
48             59.4838        58.4319        0.043775       1.008          1544028525     590019         1544028585     73836          1              
51             60.4288        59.4801        0.031888       0.916563       1544028525     605787         1544028586     34563          1              
53             61.3003        60.432         0.031871       0.836121       1544028525     625787         1544028586     926135         1              
54             62.2891        61.336         0.035958       0.917071       1544028525     625786         1544028587     914884         1              
55             63.1297        62.292         0.059883       0.777462       1544028525     641786         1544028588     771462         1              
57             64.0168        63.152         0.031953       0.832588       1544028525     649787         1544028589     666560         1              
56             64.7328        64.056         0.039968       0.636745       1544028525     649789         1544028590     382558         1              
60             65.3916        64.7481        0.039957       0.603526       1544028525     657786         1544028591     49342          1              
58             65.9782        65.392         0.035966       0.550149       1544028525     665788         1544028591     643961         1              
61             66.6236        65.9884        0.039635       0.595561       1544028525     677788         1544028592     301381         1              
59             67.2647        66.652         0.035883       0.576565       1544028525     681786         1544028592     946529         1              
64             67.9003        67.288         0.035975       0.576279       1544028525     701787         1544028593     602091         1              
62             68.7484        67.9041        0.031859       0.812144       1544028525     709786         1544028594     458161         1              
63             69.5641        68.7762        0.019689       0.757057       1544028525     717786         1544028595     281932         1              
67             70.4362        69.5841        3.8e-05        0.848076       1544028525     729785         1544028596     165946         1              
66             71.0808        70.472         0.035966       0.572742       1544028525     729788         1544028596     810556         1              
65             71.9563        71.1001        0.031948       0.8243         1544028525     737785         1544028597     694126         1              
68             72.5           71.968         0.031979       0.500013       1544028525     737792         1544028598     237836         1              
69             73.0636        72.4843        0.03568        0.543537       1544028525     761788         1544028598     825356         1              
72             73.6288        73.088         0.031984       0.508727       1544028525     765788         1544028599     394552         1              
70             74.5161        73.656         0.031971       0.828003       1544028525     769786         1544028600     285836         1              
71             75.1408        74.54          0.035965       0.564747       1544028525     781785         1544028600     922556         1              
73             75.7116        75.168         3.3e-05        0.543477       1544028525     785786         1544028601     497364         1              
74             76.5803        75.7241        0.02791        0.828296       1544028525     789787         1544028602     370123         1              
75             77.1408        76.608         0.031962       0.500745       1544028525     797787         1544028602     938560         1              
76             77.8764        77.152         0.000139       0.723877       1544028525     821786         1544028603     698137         1              
77             78.7435        77.912         0.031959       0.799462       1544028525     833785         1544028604     577277         1              
78             79.4604        78.764         0.027879       0.66813        1544028525     845786         1544028605     306134         1              
79             80.0795        79.5041        0.027957       0.547473       1544028525     845788         1544028605     925289         1              
82             80.7203        80.1041        0.035935       0.580052       1544028525     861787         1544028606     582047         1              
81             81.6571        80.76          0.039961       0.857077       1544028525     873786         1544028607     530894         1              
80             82.1448        81.6681        0.027834       0.448566       1544028525     873788         1544028608     18554          1              
85             82.6368        82.148         0.027968       0.460584       1544028525     881787         1544028608     518560         1              
83             83.4955        82.66          0.03196        0.80345        1544028525     885785         1544028609     381264         1              
84             84.0528        83.516         0.031962       0.504745       1544028525     889790         1544028609     942565         1              
87             84.5363        84.0561        0.027851       0.452128       1544028525     893789         1544028610     430119         1              
86             85.0248        84.532         0.047915       0.444565       1544028525     909789         1544028610     934572         1              
89             85.7784        85.036         0.031275       0.711022       1544028525     925785         1544028611     704158         1              
90             86.2648        85.828         0.051885       0.384569       1544028525     929788         1544028612     194566         1              
88             87.1475        86.3081        0.031959       0.807454       1544028525     937785         1544028613     85270          1              
91             87.8803        87.144         0.027088       0.709015       1544028525     957786         1544028613     838122         1              
92             88.3683        87.892         0.027964       0.44828        1544028525     965787         1544028614     334112         1              
93             88.9008        88.3964        0.055625       0.44859        1544028525     977787         1544028614     878583         1              
94             89.3442        88.92          3.2e-05        0.423887       1544028525     981785         1544028615     325959         1              
96             89.7968        89.364         0.047961       0.384582       1544028525     989790         1544028615     786576         1              
95             90.5318        89.8164        0.027961       0.687446       1544028525     993417         1544028616     525262         1              
97             91.42          90.556         0.027958       0.821092       1544028525     993787         1544028617     413804         1              
99             91.9323        91.452         0.027868       0.452127       1544028526     5789           1544028617     938113         1              
98             92.5635        91.9561        0.000142       0.607129       1544028526     21786          1544028618     585272         1              
100            93.2088        92.572         0.047893       0.588588       1544028526     33786          1544028619     242592         1              
102            93.8521        93.2561        0.043961       0.545469       1544028526     41785          1544028619     893876         1              
101            94.3408        93.932         0.003958       0.404572       1544028526     41788          1544028620     382565         1              
103            94.8008        94.372         0.04796        0.38058        1544028526     69786          1544028620     870571         1              
104            95.2808        94.856         0.04797        0.376573       1544028526     73787          1544028621     354567         1              
105            95.8248        95.16          0.04796        0.616589       1544028526     217789         1544028622     42569          1              
106            96.4044        95.72          0.043974       0.640307       1544028526     381787         1544028622     786135         1              
107            96.9604        96.292         0.027976       0.640128       1544028526     525786         1544028623     486133         1              
108            97.4616        96.844         3.4e-05        0.617356       1544028526     665789         1544028624     127404         1              
109            97.9616        97.336         0.047865       0.57743        1544028526     845787         1544028624     807418         1              
110            98.4936        97.88          0.047967       0.565434       1544028526     961787         1544028625     455409         1              
111            99.0051        98.392         0.047953       0.565097       1544028527     129788         1544028626     134923         1              
112            99.2696        98.7481        0.00014        0.521116       1544028527     417788         1544028626     687402         1              
113            99.3608        99.024         0.000115       0.336346       1544028527     721790         1544028627     82571          1              
114            99.4928        99.068         0.047965       0.37662        1544028528     65789          1544028627     558629         1              
115            99.4483        99.008         0.047966       0.392292       1544028528     585787         1544028628     34116          1              
116            99.4248        98.9444        0.027614       0.452573       1544028529     97787          1544028628     522576         1              
117            99.0608        98.692         3.5e-05        0.368676       1544028529     881788         1544028628     942563         1              
118            98.8528        98.332         0.00014        0.520316       1544028530     649788         1544028629     502592         1              
119            98.3288        97.8           0.039966       0.488594       1544028531     729786         1544028630     58587          1              
120            97.0764        96.74          0.039979       0.296157       1544028533     333793         1544028630     410229         1              
121            97.3648        97.004         0.003973       0.356606       1544028533     417785         1544028630     782618         1              
122            97.8416        97.368         0.039872       0.43342        1544028533     461785         1544028631     303425         1              
123            98.1768        97.812         0.039964       0.324579       1544028533     513788         1544028631     690568         1              
124            98.7016        98.148         0.039971       0.513437       1544028533     577787         1544028632     279413         1              
125            98.9722        98.668         4.4e-05        0.303811       1544028533     637802         1544028632     609954         1              
126            99.2523        98.892         0.039958       0.320293       1544028533     729788         1544028632     982120         1              
127            99.7457        99.2561        0.003968       0.485439       1544028533     781787         1544028633     527447         1              
128            100.261        99.712         0.031964       0.516595       1544028533     845786         1544028634     106569         1              
129            100.509        100.22         0.003854       0.285082       1544028533     897789         1544028634     407093         1              
130            100.988        100.512        0.003974       0.464586       1544028533     949788         1544028634     937788         1              
131            101.422        100.956        0.039964       0.425436       1544028534     25787          1544028635     447425         1              
132            101.596        101.356        0.000125       0.239603       1544028534     109789         1544028635     705898         1              
133            101.837        101.412        0.003975       0.420583       1544028534     317788         1544028636     154584         1              
134            101.961        101.664        0.031976       0.264581       1544028534     521788         1544028636     482570         1              
135            102.165        101.788        4.5e-05        0.37651        1544028534     729786         1544028636     894598         1              
136            102.37         101.956        0.031925       0.381432       1544028534     953785         1544028637     323428         1              
137            102.469        102.184        0.031925       0.252992       1544028535     157789         1544028637     626804         1              
138            102.376        102.092        0.031971       0.252292       1544028535     553787         1544028637     930121         1              
139            102.312        102.024        0.027949       0.260139       1544028535     913788         1544028638     226131         1              
140            102.357        101.932        0.003969       0.420638       1544028536     325785         1544028638     682627         1              
141            102.077        101.792        0.027979       0.256562       1544028536     921789         1544028638     998573         1              
142            102.069        101.5          3.8e-05        0.568983       1544028537     545786         1544028639     614894         1              
143            101.492        101.212        0.031943       0.248139       1544028538     437788         1544028639     930130         1              
144            100.716        100.268        0.031961       0.416135       1544028539     709788         1544028640     426134         1              
145            99.3056        98.872         0.03196        0.401447       1544028541     597786         1544028640     903426         1              
146            99.5408        99.208         0.035877       0.296578       1544028541     713785         1544028641     254583         1              
147            99.8048        99.456         0.035891       0.312575       1544028541     821790         1544028641     626579         1              
148            100.025        99.6801        0.035926       0.308595       1544028541     949785         1544028641     974589         1              
149            100.229        99.92          3.4e-05        0.308519       1544028542     57787          1544028642     286585         1              
150            100.265        99.952         0.003966       0.308582       1544028542     365786         1544028642     630578         1              
151            100.292        100.024        0.031967       0.236298       1544028542     633788         1544028642     926126         1              
152            100.372        100.016        0.036014       0.296293       1544028542     917786         1544028643     290111         1              
153            100.381        100.136        0.039965       0.204588       1544028543     185789         1544028643     566576         1              
154            100.277        99.928         0.035968       0.312622       1544028543     661788         1544028643     938645         1              
155            100.117        99.84          0.035982       0.240568       1544028544     129787         1544028644     246576         1              
156            99.6488        99.4363        0.035581       0.176572       1544028544     833789         1544028644     482581         1              
157            99.1808        98.944         0.035886       0.2006         1544028545     545791         1544028644     726621         1              
158            98.5128        98.164         0.035967       0.312589       1544028546     569785         1544028645     82579          1              
159            97.2008        97.068         0.000135       0.132315       1544028548     37789          1544028645     238581         1              
160            96.2448        96.0321        0.007946       0.204586       1544028549     213786         1544028645     458568         1              
161            96.4963        96.192         0.003979       0.300297       1544028549     285788         1544028645     782130         1              
162            96.6336        96.404         3.2e-05        0.229373       1544028549     393786         1544028646     27428          1              
163            96.7928        96.566         0.000113       0.226399       1544028549     461788         1544028646     254584         1              
164            96.964         96.704         0.035977       0.2238         1544028549     577786         1544028646     541772         1              
165            97.1403        96.8681        3.1e-05        0.272203       1544028549     681787         1544028646     822112         1              
166            97.26          97.064         3e-05          0.195762       1544028549     765787         1544028647     25799          1              
167            97.5123        97.232         0.031969       0.248302       1544028549     821787         1544028647     334131         1              
168            97.66          97.4401        0.019979       0.18779        1544028549     913785         1544028647     573812         1              
169            97.7659        97.564         3.1e-05        0.201759       1544028550     17792          1544028647     783644         1              
170            97.924         97.7081        2.8e-05        0.203365       1544028550     89789          1544028648     13801          1              
171            98.0134        97.832         0.035964       0.145394       1544028550     205789         1544028648     219212         1              
172            98.0563        97.9215        3.4e-05        0.13477        1544028550     297789         1544028648     354110         1              
173            98.057         97.9327        3.9e-05        0.124182       1544028550     421787         1544028648     478752         1              
174            98.0167        97.9481        0.003835       0.064504       1544028550     533789         1544028648     550519         1              
175            98.0088        97.8768        3e-05          0.131772       1544028550     673788         1544028648     682569         1              
176            98.0368        97.912         3.4e-05        0.124698       1544028550     785789         1544028648     822590         1              
177            98.141         97.9209        3.9e-05        0.216577       1544028550     901788         1544028649     42774          1              
178            98.1636        98.0361        3.5e-05        0.127483       1544028551     21789          1544028649     185406         1              
179            98.1046        98.0401        3.1e-05        0.064324       1544028551     145788         1544028649     250410         1              
180            98.2059        98.004         2.5e-05        0.201845       1544028551     273789         1544028649     479715         1              
181            98.2615        98.076         3.3e-05        0.185277       1544028551     413788         1544028649     675331         1              
182            98.2593        98.1381        2.6e-05        0.121132       1544028551     551740         1544028649     811000         1              
183            98.2009        98.1361        0.000124       0.064465       1544028551     689787         1544028649     890729         1              
184            98.1194        98.053         5.5e-05        0.066029       1544028551     837788         1544028649     957173         1              
185            98.0613        97.9564        0.000136       0.104472       1544028552     1786           1544028650     63078          1              
186            98.0332        97.9298        4.5e-05        0.103264       1544028552     133785         1544028650     166949         1              
187            97.9486        97.8453        3e-05          0.103254       1544028552     321788         1544028650     270401         1              
188            97.8206        97.7567        3.9e-05        0.063792       1544028552     513789         1544028650     334345         1              
189            97.7003        97.5966        3.4e-05        0.10358        1544028552     737787         1544028650     438056         1              
