JobID          Runtime        getDevice      getProgram     runProgram     startTime_s    startTime_us   endTime_s      endTime_us     violation      0
-1             0.897028       0.000591       0.884244       0.012176       1544028509     886314         1544028510     783342         0              
-1             0.012229       8.3e-05        2.5e-05        0.012108       1544028512     340065         1544028512     352294         0              
-1             0.012232       6.2e-05        2.6e-05        0.012131       1544028512     456309         1544028512     468541         0              
-1             0.012363       5.5e-05        0.000179       0.012116       1544028512     572501         1544028512     584864         0              
-1             0.012238       7.3e-05        2.6e-05        0.012126       1544028512     688952         1544028512     701190         0              
0              0.013683       0.000111       3.5e-05        0.013514       1544028522     901173         1544028522     914856         0              
1              0.013279       0.0001         3.1e-05        0.013104       1544028522     996416         1544028523     9695           0              
2              0.013359       0.000104       3.3e-05        0.013202       1544028523     91747          1544028523     105106         0              
3              0.012543       0.000102       0.000175       0.012214       1544028523     228663         1544028523     241206         0              
4              0.012152       0.000244       3.3e-05        0.01185        1544028523     365593         1544028523     377745         0              
5              0.011193       0.0001         3.3e-05        0.011037       1544028523     502532         1544028523     513725         0              
6              0.011202       0.000106       3.2e-05        0.011042       1544028523     639477         1544028523     650679         0              
7              0.057227       9.1e-05        3.2e-05        0.057083       1544028523     776380         1544028523     833607         0              
8              0.011319       8.2e-05        2.8e-05        0.011188       1544028523     913308         1544028523     924627         0              
9              0.01218        9.3e-05        3.1e-05        0.01203        1544028524     50223          1544028524     62403          0              
10             0.013294       0.000107       3.3e-05        0.013131       1544028524     259887         1544028524     273181         0              
11             0.013853       0.0001         3.3e-05        0.013698       1544028524     469543         1544028524     483396         0              
12             0.012709       9e-05          3.4e-05        0.01256        1544028524     679179         1544028524     691888         0              
13             0.012877       9.7e-05        0.000203       0.01255        1544028524     888802         1544028524     901679         0              
14             0.01401        0.00024        3.5e-05        0.013529       1544028525     98424          1544028525     112434         0              
15             0.166635       0.034492       0.001131       0.13098        1544028525     99331          1544028525     265966         0              
16             0.493931       0.253564       0.05195        0.188199       1544028525     100284         1544028525     594215         0              
17             0.747855       0.560604       0.051868       0.135253       1544028525     101226         1544028525     849081         0              
18             1.08764        0.787658       0.067848       0.226151       1544028525     102199         1544028526     189840         0              
19             1.27866        1.12627        0.063977       0.08416        1544028525     111559         1544028526     390222         0              
22             1.64545        1.37352        0.047396       0.220135       1544028525     112340         1544028526     757792         0              
25             1.9055         1.70147        0.083973       0.120022       1544028525     112362         1544028527     17862          0              
24             2.23362        1.9373         0.063795       0.228133       1544028525     112524         1544028527     346140         1              
23             2.49599        2.27604        0.060079       0.156251       1544028525     113799         1544028527     609791         1              
29             2.90027        2.5443         0.087945       0.268006       1544028525     117557         1544028528     17823          1              
20             3.18436        2.94405        0.051868       0.188134       1544028525     117786         1544028528     302141         1              
27             3.60407        3.27605        0.079961       0.248029       1544028525     117788         1544028528     721854         1              
21             3.96435        3.64804        0.071494       0.200121       1544028525     117794         1544028529     82140          1              
31             4.28145        4.01233        0.063977       0.201239       1544028525     121789         1544028529     403242         1              
26             4.66405        4.40404        0.059979       0.184          1544028525     125787         1544028529     789834         1              
35             5.03223        4.73205        0.059857       0.240019       1544028525     125790         1544028530     158021         1              
33             5.35639        5.11604        0.067962       0.17219        1544028525     125791         1544028530     482185         1              
28             5.70805        5.40404        0.07597        0.228013       1544028525     129788         1544028530     837833         1              
37             6.09638        5.85604        0.055979       0.176144       1544028525     129788         1544028531     226169         1              
41             6.43221        6.12804        0.071979       0.227972       1544028525     129790         1544028531     561996         1              
39             6.6997         6.46003        0.075972       0.16368        1544028525     129790         1544028531     829490         1              
32             6.98434        6.73604        0.05598        0.184127       1544028525     133785         1544028532     118127         1              
30             7.42031        7.09204        0.06398        0.25609        1544028525     133789         1544028532     554096         1              
44             7.70034        7.46004        0.063887       0.176126       1544028525     133789         1544028532     834133         1              
45             8.00249        7.77443        0.055889       0.16813        1544028525     135400         1544028533     137889         1              
34             8.36024        8.10404        0.063884       0.19202        1544028525     137785         1544028533     498023         1              
36             8.70836        8.41603        0.071976       0.22016        1544028525     137787         1544028533     846151         1              
38             9.02841        8.77204        0.067886       0.188155       1544028525     137785         1544028534     166191         1              
46             9.34815        9.10805        0.05988        0.176132       1544028525     137785         1544028534     485935         1              
49             9.72423        9.45204        0.079961       0.192028       1544028525     137789         1544028534     862019         1              
40             10.104         9.79603        0.075976       0.232008       1544028525     141787         1544028535     245818         1              
43             10.4884        10.18          0.075964       0.232207       1544028525     141788         1544028535     630209         1              
42             10.8499        10.536         0.079978       0.233922       1544028525     141803         1544028535     991745         1              
47             11.2044        10.888         0.135879       0.180153       1544028525     145787         1544028536     350161         1              
57             11.4752        11.2037        0.067969       0.200127       1544028525     146924         1544028536     622130         1              
58             11.8303        11.578         0.055874       0.196145       1544028525     147856         1544028536     978166         1              
69             12.2521        11.9361        0.071957       0.244006       1544028525     149716         1544028537     401819         1              
48             12.616         12.32          0.059978       0.232002       1544028525     149789         1544028537     765836         1              
56             12.9114        12.6512        0.071876       0.188021       1544028525     150642         1544028538     62017          1              
55             13.2415        12.9333        0.131894       0.176016       1544028525     152506         1544028538     394023         1              
61             13.3807        13.2725        0.000138       0.10773        1544028525     153401         1544028538     534071         1              
52             13.6257        13.4441        0.103864       0.077461       1544028525     153786         1544028538     779502         1              
50             13.8204        13.668         0.055875       0.096132       1544028525     153788         1544028538     974162         1              
67             14.1721        13.948         0.08797        0.136016       1544028525     153792         1544028539     325857         1              
62             14.4575        14.248         0.059987       0.149279       1544028525     157786         1544028539     615289         1              
73             14.7686        14.516         0.067975       0.18441        1544028525     157786         1544028539     926403         1              
59             15.0761        14.84          0.071957       0.156108       1544028525     157788         1544028540     233840         1              
64             15.4292        15.14          0.067966       0.22103        1544028525     157788         1544028540     587020         1              
54             15.7615        15.504         0.059885       0.197294       1544028525     161785         1544028540     923316         1              
68             16.1403        15.824         0.067976       0.244023       1544028525     161787         1544028541     302044         1              
70             16.4763        16.22          0.06398        0.184029       1544028525     161785         1544028541     638047         1              
51             16.86          16.548         0.067954       0.24401        1544028525     161787         1544028542     21821          1              
74             17.1964        16.956         0.06388        0.176134       1544028525     161785         1544028542     358137         1              
63             17.5           17.2601        0.067944       0.172022       1544028525     165785         1544028542     665833         1              
60             17.8043        17.536         0.067871       0.200026       1544028525     165787         1544028542     970046         1              
53             18.164         17.844         0.071965       0.248006       1544028525     165791         1544028543     329825         1              
71             18.4884        18.256         0.063885       0.168135       1544028525     169786         1544028543     658143         1              
66             18.7683        18.544         0.055892       0.168128       1544028525     173786         1544028543     942131         1              
79             19.0841        18.824         0.06797        0.188141       1544028525     173786         1544028544     257891         1              
72             19.46          19.18          0.071975       0.208004       1544028525     173788         1544028544     633819         1              
75             19.7603        19.516         0.063969       0.176132       1544028525     173787         1544028544     934134         1              
84             20.0163        19.776         0.063962       0.176147       1544028525     173787         1544028545     190135         1              
65             20.3964        20.116         0.071968       0.20821        1544028525     173800         1544028545     570195         1              
93             20.7324        20.484         0.047844       0.184136       1544028525     177789         1544028545     910157         1              
85             21.0604        20.8           0.063879       0.196143       1544028525     177787         1544028546     238165         1              
76             21.3562        21.112         0.063872       0.18002        1544028525     177787         1544028546     534021         1              
82             21.6283        21.4           0.059886       0.168123       1544028525     177797         1544028546     806130         1              
80             21.8202        21.652         0.000134       0.167792       1544028525     177786         1544028546     998026         1              
77             22.1043        21.888         0.055894       0.160023       1544028525     181786         1544028547     286040         1              
86             22.3443        22.128         0.055881       0.160021       1544028525     181787         1544028547     526045         1              
94             22.672         22.428         0.071976       0.172012       1544028525     181787         1544028547     853834         1              
81             22.9601        22.716         0.071963       0.168135       1544028525     181787         1544028548     141839         1              
95             23.2604        23.0003        0.067686       0.192148       1544028525     185787         1544028548     446140         1              
87             23.5483        23.316         0.055978       0.172131       1544028525     185787         1544028548     734134         1              
83             23.9084        23.64          0.067963       0.2002         1544028525     185787         1544028549     94189          1              
78             24.2644        24.0522        0.059936       0.151981       1544028525     185787         1544028549     450176         1              
90             24.5651        24.332         0.03598        0.196918       1544028525     185788         1544028549     750932         1              
113            24.7853        24.6769        0.000136       0.107898       1544028525     188916         1544028549     974186         1              
91             25.0812        24.896         0.083971       0.101021       1544028525     189787         1544028550     271021         1              
88             25.3121        25.1           0.059968       0.148152       1544028525     189786         1544028550     501841         1              
107            25.6123        25.392         0.047874       0.172086       1544028525     189786         1544028550     802088         1              
89             25.9324        25.696         0.007918       0.176138       1544028525     189787         1544028551     122166         1              
98             26.1884        25.956         0.059876       0.172156       1544028525     193786         1544028551     382139         1              
101            26.576         26.284         0.071973       0.22001        1544028525     193787         1544028551     769821         1              
124            26.8601        26.628         0.059876       0.168143       1544028525     193786         1544028552     53844          1              
92             27.232         26.916         0.075966       0.240006       1544028525     193786         1544028552     425825         1              
96             27.5443        27.264         0.059874       0.220129       1544028525     193786         1544028552     738129         1              
105            27.8414        27.596         0.055887       0.189229       1544028525     197785         1544028553     39232          1              
100            28.1482        27.904         0.055869       0.188022       1544028525     197787         1544028553     346026         1              
97             28.4883        28.176         0.06798        0.240129       1544028525     197787         1544028553     686136         1              
102            28.8244        28.524         0.059975       0.236139       1544028525     197788         1544028554     22145          1              
108            29.1486        28.912         0.055881       0.180417       1544028525     201786         1544028554     350407         1              
116            29.5083        29.236         0.063868       0.208132       1544028525     201788         1544028554     710136         1              
106            29.8563        29.56          0.055547       0.184068       1544028525     201786         1544028555     58130          1              
127            30.1323        29.88          0.063886       0.18813        1544028525     201786         1544028555     334134         1              
103            30.4804        30.208         0.067882       0.204139       1544028525     201787         1544028555     682147         1              
125            30.7803        30.516         0.067963       0.196102       1544028525     205787         1544028555     986091         1              
109            31.0844        30.812         0.067922       0.16014        1544028525     205787         1544028556     290163         1              
99             31.3284        31.144         3.1e-05        0.184098       1544028525     205788         1544028556     534162         1              
128            31.6361        31.4           0.059976       0.168133       1544028525     205787         1544028556     841888         1              
117            31.988         31.708         0.067967       0.212012       1544028525     209787         1544028557     197836         1              
126            32.2321        32.008         0.063963       0.152157       1544028525     209788         1544028557     441843         1              
110            32.4923        32.2507        0.055961       0.160147       1544028525     209786         1544028557     702132         1              
129            32.7201        32.572         0.000135       0.143766       1544028525     209786         1544028557     929934         1              
114            33.044         32.832         0.059962       0.152015       1544028525     209797         1544028558     253831         1              
111            33.3243        33.108         0.056056       0.159968       1544028525     209786         1544028558     534128         1              
130            33.616         33.404         0.059959       0.152009       1544028525     213786         1544028558     829833         1              
132            33.9284        33.688         0.059886       0.180134       1544028525     213787         1544028559     142155         1              
123            34.2121        33.952         0.063969       0.196013       1544028525     213787         1544028559     425838         1              
133            34.5131        34.284         0.043894       0.184896       1544028525     217787         1544028559     730896         1              
131            34.8012        34.564         0.047887       0.188982       1544028525     217786         1544028560     18986          1              
112            35.1163        34.892         0.059963       0.164144       1544028525     217786         1544028560     334135         1              
149            35.3284        35.1683        0.000132       0.159634       1544028525     217786         1544028560     546150         1              
136            35.5844        35.38          0.007905       0.196124       1544028525     221785         1544028560     806156         1              
150            35.7883        35.624         0.043865       0.12014        1544028525     221786         1544028561     10130          1              
134            35.9723        35.828         0.039877       0.104127       1544028525     221795         1544028561     194134         1              
118            36.3318        36.0358        0.075974       0.220004       1544028525     222013         1544028561     553817         1              
115            36.74          36.432         0.075973       0.232001       1544028525     221787         1544028561     961821         1              
144            37.008         36.792         0.055962       0.160006       1544028525     225786         1544028562     233834         1              
140            37.285         37.08          0.055963       0.148931       1544028525     225787         1544028562     510752         1              
119            37.5396        37.3152        0.055944       0.168405       1544028525     226658         1544028562     766229         1              
151            37.8113        37.592         0.055974       0.163308       1544028525     229785         1544028563     41133          1              
137            38.0682        37.864         0.051876       0.152018       1544028525     229786         1544028563     298022         1              
141            38.3803        38.116         0.0636         0.152124       1544028525     229794         1544028563     610128         1              
160            38.644         38.408         0.059975       0.172034       1544028525     233788         1544028563     877836         1              
155            38.8843        38.696         0.043884       0.14402        1544028525     237787         1544028564     122046         1              
174            39.1404        38.936         0.051964       0.152166       1544028525     237789         1544028564     378174         1              
120            39.44          39.212         0.055975       0.172007       1544028525     233787         1544028564     673817         1              
176            39.6284        39.472         0.039885       0.116135       1544028525     241786         1544028564     870156         1              
166            39.928         39.696         0.055977       0.176009       1544028525     241787         1544028565     169819         1              
164            40.1843        39.972         0.051975       0.160145       1544028525     241787         1544028565     426135         1              
152            40.4401        40.252         0.04787        0.140002       1544028525     241787         1544028565     681845         1              
138            40.6964        40.5           0.05188        0.144146       1544028525     233787         1544028565     930139         1              
171            40.8922        40.72          0.047974       0.124039       1544028525     233788         1544028566     126022         1              
153            41.1884        40.988         0.051886       0.14814        1544028525     245786         1544028566     434160         1              
145            41.3907        41.232         0.047879       0.110443       1544028525     233787         1544028566     624463         1              
104            41.6316        41.4036        0.055962       0.172004       1544028525     246199         1544028566     877817         1              
139            41.8896        41.66          0.051958       0.177406       1544028525     233798         1544028567     123394         1              
121            42.1005        41.924         0.039967       0.132346       1544028525     233797         1544028567     334335         1              
154            42.3002        42.1161        0.04794        0.136033       1544028525     249786         1544028567     550031         1              
172            42.492         42.328         0.047955       0.116023       1544028525     233798         1544028567     725846         1              
165            42.7203        42.556         0.047873       0.116144       1544028525     249788         1544028567     970129         1              
148            43.02          42.78          0.055969       0.184007       1544028525     249788         1544028568     269819         1              
135            43.276         43.048         0.055974       0.172011       1544028525     249790         1544028568     525821         1              
168            43.5899        43.352         0.055965       0.1819         1544028525     249789         1544028568     839718         1              
162            43.856         43.6283        0.055655       0.172005       1544028525     233806         1544028569     89816          1              
147            44.0964        43.924         0.035979       0.132142       1544028525     233810         1544028569     330164         1              
122            44.3283        44.128         0.039888       0.160132       1544028525     233801         1544028569     562136         1              
167            44.5204        44.352         0.043978       0.124157       1544028525     253786         1544028569     774155         1              
142            44.724         44.528         0.048005       0.144012       1544028525     253787         1544028569     977833         1              
158            44.92          44.76          0.039898       0.12001        1544028525     233821         1544028570     153846         1              
146            45.0791        44.956         3.3e-05        0.122995       1544028525     233798         1544028570     312883         1              
163            45.2922        45.12          0.003265       0.168748       1544028525     233813         1544028570     526042         1              
170            45.4683        45.308         0.039982       0.116129       1544028525     257786         1544028570     726132         1              
169            45.6722        45.496         0.051982       0.124027       1544028525     257786         1544028570     930022         1              
143            45.9613        45.732         0.051967       0.177131       1544028525     257788         1544028571     219119         1              
157            46.224         46.052         0.043978       0.128          1544028525     233825         1544028571     457819         1              
161            46.3884        46.236         0.03989        0.112137       1544028525     233798         1544028571     622162         1              
182            46.568         46.408         3e-05          0.159954       1544028525     261786         1544028571     829822         1              
173            46.7401        46.6           0.039973       0.10001        1544028525     261786         1544028572     1843           1              
177            46.988         46.7761        0.051929       0.160005       1544028525     261787         1544028572     249821         1              
156            47.276         47.06          0.067979       0.14801        1544028525     233816         1544028572     509815         1              
188            47.488         47.2761        0.051961       0.159998       1544028525     265785         1544028572     753818         1              
175            47.712         47.536         0.04425        0.131637       1544028525     265786         1544028572     977829         1              
183            48.008         47.748         0.063967       0.196008       1544028525     265787         1544028573     273820         1              
159            48.216         48.064         0.039966       0.112003       1544028525     233810         1544028573     449818         1              
189            48.42          48.192         0.055971       0.172008       1544028525     269786         1544028573     689824         1              
184            48.624         48.432         0.043979       0.148004       1544028525     269789         1544028573     893815         1              
185            48.864         48.672         0.043976       0.148007       1544028525     273785         1544028574     137815         1              
187            49.0918        48.924         0.043974       0.123801       1544028525     273785         1544028574     365615         1              
178            49.276         49.1           0.047968       0.12801        1544028525     277786         1544028574     553820         1              
186            49.5121        49.34          0.04396        0.124204       1544028525     277786         1544028574     789836         1              
180            49.696         49.552         3e-05          0.143944       1544028525     277786         1544028574     973822         1              
181            49.844         49.7082        2.6e-05        0.135798       1544028525     281786         1544028575     125815         1              
179            50.068         49.888         0.043976       0.136006       1544028525     281786         1544028575     349816         1              
