JobID          Runtime        getDevice      getProgram     runProgram     startTime_s    startTime_us   endTime_s      endTime_us     violation      0
-1             0.566008       9.9e-05        0.565586       0.000304       1544028510     783400         1544028511     349408         0              
-1             0.000401       5.5e-05        2.8e-05        0.000303       1544028512     352314         1544028512     352715         0              
-1             0.000386       5e-05          1.9e-05        0.000303       1544028512     468562         1544028512     468948         0              
-1             0.000523       0.000185       1.9e-05        0.000304       1544028512     584882         1544028512     585405         0              
-1             0.000395       4.8e-05        2.3e-05        0.00031        1544028512     701210         1544028512     701605         0              
0              0.00059        0.000154       3.5e-05        0.000371       1544028522     815428         1544028522     816018         0              
1              0.000427       7.7e-05        2.7e-05        0.000303       1544028522     825041         1544028522     825468         0              
2              0.000517       9.5e-05        3.3e-05        0.00036        1544028522     834712         1544028522     835229         0              
3              0.000524       0.0001         3.4e-05        0.000361       1544028522     844368         1544028522     844892         0              
4              0.000676       0.000101       0.000186       0.000361       1544028522     853976         1544028522     854652         0              
5              0.000661       0.000235       3.4e-05        0.000362       1544028522     863664         1544028522     864325         0              
6              0.000531       9.6e-05        3.4e-05        0.000372       1544028522     873327         1544028522     873858         0              
7              0.000507       9.4e-05        3.3e-05        0.000357       1544028522     882996         1544028522     883503         0              
8              0.000516       9e-05          3.3e-05        0.000362       1544028522     892647         1544028522     893163         0              
9              0.009          0.00012        3.4e-05        0.008815       1544028522     902314         1544028522     911314         0              
10             0.010453       0.006629       3.7e-05        0.003741       1544028522     904852         1544028522     915305         0              
11             0.008643       0.008057       0.000188       0.000362       1544028522     907354         1544028522     915997         0              
12             0.006727       0.006176       0.000167       0.000357       1544028522     909893         1544028522     916620         0              
14             0.007695       0.007294       4.2e-05        0.000332       1544028522     914998         1544028522     922693         0              
13             0.006598       0.006289       2.5e-05        0.00026        1544028522     916612         1544028522     923210         0              
15             0.006268       0.005916       3.1e-05        0.000297       1544028522     917365         1544028522     923633         0              
16             0.004235       0.003846       3e-05          0.000327       1544028522     919867         1544028522     924102         0              
17             0.002207       0.001837       3e-05          0.000316       1544028522     922331         1544028522     924538         0              
18             0.000437       7.3e-05        2.8e-05        0.000314       1544028522     924800         1544028522     925237         0              
19             0.000481       9.6e-05        3e-05          0.000329       1544028522     927311         1544028522     927792         0              
20             0.000455       8.8e-05        2.7e-05        0.000319       1544028522     929011         1544028522     929466         0              
21             0.000502       9.8e-05        3.2e-05        0.000342       1544028522     930735         1544028522     931237         0              
22             0.000497       9.6e-05        3e-05          0.000343       1544028522     932459         1544028522     932956         0              
23             0.00063        9.1e-05        0.000174       0.000341       1544028522     934159         1544028522     934789         0              
24             0.000636       0.000231       3.2e-05        0.000345       1544028522     935885         1544028522     936521         0              
25             0.000504       9e-05          3.1e-05        0.000354       1544028522     937610         1544028522     938114         0              
26             0.000519       9e-05          3.2e-05        0.000367       1544028522     939337         1544028522     939856         0              
27             0.000514       9.3e-05        3.3e-05        0.000358       1544028522     941065         1544028522     941579         0              
28             0.000527       9.8e-05        3.3e-05        0.000364       1544028522     942814         1544028522     943341         0              
29             0.000513       9.2e-05        3.2e-05        0.000359       1544028522     944527         1544028522     945040         0              
30             0.00052        9.5e-05        3.5e-05        0.00036        1544028522     945865         1544028522     946385         0              
31             0.000514       9.3e-05        3.3e-05        0.000359       1544028522     947197         1544028522     947711         0              
32             0.000513       9.2e-05        3.2e-05        0.000358       1544028522     948530         1544028522     949043         0              
33             0.000666       9.9e-05        0.000174       0.000361       1544028522     949865         1544028522     950531         0              
34             0.00065        0.000229       3.3e-05        0.000359       1544028522     951208         1544028522     951858         0              
35             0.000469       8.7e-05        2.9e-05        0.000326       1544028522     952560         1544028522     953029         0              
36             0.000521       9.9e-05        3.3e-05        0.000358       1544028522     954253         1544028522     954774         0              
37             0.000512       9.2e-05        3.3e-05        0.00036        1544028522     955599         1544028522     956111         0              
38             0.000519       9.3e-05        3.3e-05        0.000362       1544028522     956932         1544028522     957451         0              
39             0.000523       9.8e-05        3.3e-05        0.000361       1544028522     958264         1544028522     958787         0              
40             0.000492       9.2e-05        3e-05          0.000343       1544028522     959465         1544028522     959957         0              
41             0.000514       9.2e-05        3.3e-05        0.000359       1544028522     960653         1544028522     961167         0              
42             0.000522       9.5e-05        3.6e-05        0.000361       1544028522     961859         1544028522     962381         0              
43             0.000634       9.5e-05        0.000165       0.000347       1544028522     963058         1544028522     963692         0              
44             0.000658       0.000233       3.3e-05        0.000361       1544028522     964273         1544028522     964931         0              
45             0.000497       7.6e-05        2.9e-05        0.000365       1544028522     965450         1544028522     965947         0              
46             0.000522       9.8e-05        3.4e-05        0.00036        1544028522     966675         1544028522     967197         0              
47             0.00052        9.6e-05        3.5e-05        0.000362       1544028522     967881         1544028522     968401         0              
48             0.000517       9.4e-05        3.2e-05        0.00036        1544028522     969067         1544028522     969584         0              
49             0.000495       8.5e-05        3e-05          0.000355       1544028522     970248         1544028522     970743         0              
50             0.000518       9.3e-05        3.3e-05        0.000362       1544028522     971453         1544028522     971971         0              
51             0.000514       9.3e-05        3.2e-05        0.000358       1544028522     972654         1544028522     973168         0              
52             0.000521       9.9e-05        3.3e-05        0.000358       1544028522     973858         1544028522     974379         0              
53             0.000646       9.4e-05        0.000161       0.000358       1544028522     975069         1544028522     975715         0              
54             0.000619       0.000207       2.9e-05        0.000357       1544028522     976247         1544028522     976866         0              
55             0.000499       7.5e-05        2.9e-05        0.000372       1544028522     977423         1544028522     977922         0              
56             0.000524       9.7e-05        3.4e-05        0.000364       1544028522     978650         1544028522     979174         0              
57             0.000516       9.3e-05        3.3e-05        0.000359       1544028522     979797         1544028522     980313         0              
58             0.000492       7.7e-05        2.8e-05        0.00036        1544028522     980971         1544028522     981463         0              
59             0.00052        9.8e-05        3.3e-05        0.000358       1544028522     982150         1544028522     982670         0              
60             0.000519       9.8e-05        3.3e-05        0.000358       1544028522     983338         1544028522     983857         0              
61             0.000513       9.3e-05        3.3e-05        0.000358       1544028522     984540         1544028522     985053         0              
62             0.000527       0.000101       3.3e-05        0.000363       1544028522     985742         1544028522     986269         0              
63             0.000652       9.6e-05        0.000166       0.00036        1544028522     986969         1544028522     987621         0              
64             0.000648       0.000223       3.4e-05        0.00036        1544028522     988161         1544028522     988809         0              
65             0.000492       7.6e-05        2.8e-05        0.000367       1544028522     989338         1544028522     989830         0              
66             0.00054        9.8e-05        3.3e-05        0.000379       1544028522     990564         1544028522     991104         0              
67             0.000515       9.2e-05        3.3e-05        0.00036        1544028522     991751         1544028522     992266         0              
68             0.000521       9.4e-05        3.4e-05        0.000362       1544028522     992953         1544028522     993474         0              
69             0.000521       9.7e-05        3.4e-05        0.000359       1544028522     994136         1544028522     994657         0              
70             0.000533       0.000104       4e-05          0.000358       1544028522     995454         1544028522     995987         0              
71             0.009487       9.3e-05        3.4e-05        0.009324       1544028522     996800         1544028523     6287           0              
72             0.01191        0.008336       3.5e-05        0.003514       1544028522     998138         1544028523     10048          0              
73             0.014897       0.014464       3.6e-05        0.00037        1544028522     999428         1544028523     14325          0              
74             0.01126        0.01085        8.8e-05        0.0003         1544028523     3545           1544028523     14805          0              
75             0.012475       0.011427       0.000157       0.000609       1544028523     3557           1544028523     16032          0              
76             0.010039       0.009669       3e-05          0.000291       1544028523     6279           1544028523     16318          0              
77             0.01033        0.009849       2.6e-05        0.000299       1544028523     6397           1544028523     16727          0              
78             0.002779       0.002394       6.9e-05        0.000296       1544028523     14396          1544028523     17175          0              
79             0.003029       0.002378       0.000324       0.000303       1544028523     14865          1544028523     17894          0              
81             0.001995       0.001444       0.000231       0.000292       1544028523     16540          1544028523     18535          0              
80             0.002285       0.001804       0.000167       0.000294       1544028523     16794          1544028523     19079          0              
82             0.002435       0.001891       0.000169       0.000352       1544028523     17237          1544028523     19672          0              
83             0.000839       0.000487       3e-05          0.000295       1544028523     19248          1544028523     20087          0              
84             0.000428       7.2e-05        2.6e-05        0.000305       1544028523     21657          1544028523     22085          0              
85             0.000439       7.7e-05        3.7e-05        0.000304       1544028523     24086          1544028523     24525          0              
86             0.000455       8.3e-05        2.8e-05        0.000322       1544028523     26474          1544028523     26929          0              
87             0.000466       8.4e-05        2.8e-05        0.000327       1544028523     28886          1544028523     29352          0              
88             0.000473       9e-05          3e-05          0.000329       1544028523     31307          1544028523     31780          0              
89             0.000442       9.1e-05        2.8e-05        0.000303       1544028523     33722          1544028523     34164          0              
90             0.000486       8.5e-05        2.9e-05        0.000344       1544028523     37227          1544028523     37713          0              
91             0.000465       7.1e-05        2.9e-05        0.000342       1544028523     40744          1544028523     41209          0              
92             0.000604       8.9e-05        0.000162       0.000328       1544028523     44325          1544028523     44929          0              
93             0.00064        0.000236       3.1e-05        0.000345       1544028523     47893          1544028523     48533          0              
94             0.000511       9.1e-05        3.3e-05        0.000358       1544028523     51442          1544028523     51953          0              
95             0.000522       9.7e-05        3.3e-05        0.000362       1544028523     55028          1544028523     55550          0              
96             0.000494       9.2e-05        3e-05          0.000342       1544028523     58594          1544028523     59088          0              
97             0.000521       9.5e-05        3.3e-05        0.000362       1544028523     62118          1544028523     62639          0              
98             0.000531       0.000105       3.6e-05        0.000359       1544028523     65681          1544028523     66212          0              
99             0.000526       0.0001         3.3e-05        0.000362       1544028523     69245          1544028523     69771          0              
100            0.00052        0.000101       3.3e-05        0.000361       1544028523     83090          1544028523     83610          0              
101            0.004641       9.1e-05        0.000178       0.004348       1544028523     96919          1544028523     101560         0              
102            0.000581       0.000231       2.7e-05        0.000303       1544028523     110743         1544028523     111324         0              
103            0.000524       0.0001         3.3e-05        0.000361       1544028523     124576         1544028523     125100         0              
104            0.000518       9.3e-05        3.3e-05        0.000363       1544028523     138409         1544028523     138927         0              
105            0.000515       9.3e-05        3.2e-05        0.000361       1544028523     152244         1544028523     152759         0              
106            0.000521       9.4e-05        3.4e-05        0.000362       1544028523     166060         1544028523     166581         0              
107            0.000513       9.3e-05        3.3e-05        0.000363       1544028523     179923         1544028523     180436         0              
108            0.000539       0.000112       3.3e-05        0.000363       1544028523     193732         1544028523     194271         0              
109            0.000522       9.4e-05        3.6e-05        0.000363       1544028523     207559         1544028523     208081         0              
110            0.000548       0.000101       3.5e-05        0.000379       1544028523     221404         1544028523     221952         0              
111            0.002747       0.000221       3.6e-05        0.002448       1544028523     235241         1544028523     237988         0              
112            0.000521       8.9e-05        3.3e-05        0.000372       1544028523     249056         1544028523     249577         0              
113            0.000513       9e-05          3.3e-05        0.000362       1544028523     262881         1544028523     263394         0              
114            0.000513       9e-05          3.4e-05        0.000362       1544028523     276706         1544028523     277219         0              
115            0.000507       9e-05          3.4e-05        0.000359       1544028523     290534         1544028523     291041         0              
116            0.000515       9.1e-05        3.6e-05        0.00036        1544028523     304361         1544028523     304876         0              
117            0.000513       9.1e-05        3.2e-05        0.000363       1544028523     318162         1544028523     318675         0              
118            0.000514       9e-05          3.3e-05        0.000364       1544028523     331992         1544028523     332506         0              
119            0.00051        8.9e-05        3.2e-05        0.000361       1544028523     345832         1544028523     346342         0              
120            0.000653       9e-05          0.000173       0.000363       1544028523     359661         1544028523     360314         0              
121            0.004413       0.000103       3.3e-05        0.004248       1544028523     373490         1544028523     377903         0              
122            0.000511       9.1e-05        3.3e-05        0.00036        1544028523     387317         1544028523     387828         0              
123            0.000521       9.7e-05        3.1e-05        0.000362       1544028523     401143         1544028523     401664         0              
124            0.000513       8.9e-05        3.4e-05        0.000363       1544028523     414969         1544028523     415482         0              
125            0.000515       9e-05          3.3e-05        0.000362       1544028523     428795         1544028523     429310         0              
126            0.00051        8.9e-05        3.3e-05        0.000362       1544028523     442620         1544028523     443130         0              
127            0.00052        9e-05          3.7e-05        0.000364       1544028523     456446         1544028523     456966         0              
128            0.00051        9.1e-05        3.4e-05        0.000358       1544028523     470259         1544028523     470769         0              
129            0.000646       9.1e-05        0.000168       0.000359       1544028523     484084         1544028523     484730         0              
130            0.000656       0.000235       3.5e-05        0.000361       1544028523     497899         1544028523     498555         0              
131            0.00241        9.1e-05        3.6e-05        0.002255       1544028523     511727         1544028523     514137         0              
132            0.000542       0.000103       3.3e-05        0.000375       1544028523     525553         1544028523     526095         0              
133            0.00051        8.9e-05        3.3e-05        0.000361       1544028523     539380         1544028523     539890         0              
134            0.000514       9.5e-05        3.2e-05        0.000361       1544028523     553205         1544028523     553719         0              
135            0.000512       9.1e-05        3.2e-05        0.00036        1544028523     567030         1544028523     567542         0              
136            0.000519       9.1e-05        3.4e-05        0.000363       1544028523     580856         1544028523     581375         0              
137            0.000516       9.3e-05        3.4e-05        0.000362       1544028523     594681         1544028523     595197         0              
138            0.000659       9.1e-05        0.000181       0.000362       1544028523     608506         1544028523     609165         0              
139            0.000662       0.000235       3.4e-05        0.000364       1544028523     622319         1544028523     622981         0              
140            0.00051        9e-05          3.3e-05        0.000361       1544028523     636145         1544028523     636655         0              
141            0.001153       8.9e-05        3.4e-05        0.001003       1544028523     649944         1544028523     651097         0              
142            0.000527       0.000102       3.4e-05        0.000361       1544028523     663771         1544028523     664298         0              
143            0.000529       8.8e-05        3.4e-05        0.000377       1544028523     677597         1544028523     678126         0              
144            0.000512       8.9e-05        3.3e-05        0.000361       1544028523     691427         1544028523     691939         0              
145            0.00051        9e-05          3.3e-05        0.00036        1544028523     705253         1544028523     705763         0              
146            0.00051        9e-05          3.4e-05        0.000359       1544028523     719078         1544028523     719588         0              
147            0.000638       9.1e-05        0.000164       0.00036        1544028523     732903         1544028523     733541         0              
148            0.000654       0.000234       3.3e-05        0.000361       1544028523     746731         1544028523     747385         0              
149            0.00051        9.1e-05        3.3e-05        0.00036        1544028523     760571         1544028523     761081         0              
150            0.055521       9.1e-05        3.4e-05        0.055371       1544028523     774388         1544028523     829909         0              
151            0.092315       0.041786       8.8e-05        0.050404       1544028523     788217         1544028523     880532         0              
152            0.080274       0.079831       0.000117       0.000301       1544028523     801994         1544028523     882268         0              
153            0.066912       0.06656        6.3e-05        0.000263       1544028523     815792         1544028523     882704         0              
154            0.053399       0.05309        2.6e-05        0.000261       1544028523     829714         1544028523     883113         0              
155            0.040198       0.039836       4.1e-05        0.000301       1544028523     843338         1544028523     883536         0              
156            0.018143       0.017807       2.1e-05        0.000295       1544028523     865787         1544028523     883930         0              
157            0.002557       0.002222       2.9e-05        0.000285       1544028523     881788         1544028523     884345         0              
158            0.000496       6.7e-05        3.9e-05        0.000373       1544028523     884644         1544028523     885140         0              
159            0.000488       8.2e-05        3e-05          0.00035        1544028523     898444         1544028523     898932         0              
160            0.000471       8.5e-05        2.9e-05        0.000331       1544028523     912292         1544028523     912763         0              
161            0.000495       8.9e-05        3.1e-05        0.000349       1544028523     926083         1544028523     926578         0              
162            0.000517       9.6e-05        3.3e-05        0.000362       1544028523     939933         1544028523     940450         0              
163            0.000525       9.8e-05        3.6e-05        0.00036        1544028523     953763         1544028523     954288         0              
164            0.000654       9.4e-05        0.000173       0.000359       1544028523     967587         1544028523     968241         0              
165            0.000658       0.000225       3.3e-05        0.000372       1544028523     981414         1544028523     982072         0              
166            0.00052        9.4e-05        3.4e-05        0.00036        1544028523     995249         1544028523     995769         0              
167            0.000512       9.9e-05        3.3e-05        0.000357       1544028524     9081           1544028524     9593           0              
168            0.000522       9.9e-05        3.2e-05        0.000361       1544028524     30179          1544028524     30701          0              
169            0.007824       9.6e-05        3.3e-05        0.00767        1544028524     51279          1544028524     59103          0              
170            0.000533       0.000102       3.6e-05        0.00037        1544028524     72381          1544028524     72914          0              
171            0.000522       9.3e-05        3.2e-05        0.000373       1544028524     93484          1544028524     94006          0              
172            0.000512       9.3e-05        3.3e-05        0.00036        1544028524     114572         1544028524     115084         0              
173            0.000642       9.4e-05        0.000159       0.000363       1544028524     135672         1544028524     136314         0              
174            0.000652       0.000227       3.4e-05        0.00036        1544028524     156774         1544028524     157426         0              
175            0.000524       9.9e-05        3.3e-05        0.000361       1544028524     177889         1544028524     178413         0              
176            0.000519       9.9e-05        3.3e-05        0.00036        1544028524     198985         1544028524     199504         0              
177            0.000512       9.3e-05        3.3e-05        0.000362       1544028524     220082         1544028524     220594         0              
178            0.000525       9.7e-05        3.2e-05        0.000363       1544028524     241193         1544028524     241718         0              
179            0.007317       9.7e-05        3.4e-05        0.007163       1544028524     262278         1544028524     269595         0              
180            0.000517       8.9e-05        3.3e-05        0.000365       1544028524     283373         1544028524     283890         0              
181            0.000503       9.9e-05        3.1e-05        0.000346       1544028524     304489         1544028524     304992         0              
182            0.000671       0.0001         0.000179       0.000362       1544028524     325591         1544028524     326262         0              
183            0.000663       0.000238       3.3e-05        0.00036        1544028524     346660         1544028524     347323         0              
184            0.000528       0.000101       3.4e-05        0.000362       1544028524     367780         1544028524     368308         0              
185            0.000526       0.000103       3.2e-05        0.00036        1544028524     388883         1544028524     389409         0              
186            0.000525       9.9e-05        3.2e-05        0.000363       1544028524     409907         1544028524     410432         0              
187            0.000522       9.6e-05        3.3e-05        0.00036        1544028524     431018         1544028524     431540         0              
188            0.000524       9.8e-05        3.3e-05        0.000362       1544028524     452133         1544028524     452657         0              
189            0.003958       9.6e-05        3.3e-05        0.003799       1544028524     475936         1544028524     479894         0              
