TaskQLat.      PRRQLat.       TaskQLen       
0.000416       -1.544e+09     1              
TaskQLat.      PRRQLat.       TaskQLen       
1.1e-05        -1.54403e+09   1              
TaskQLat.      PRRQLat.       TaskQLen       
8e-06          -1.54403e+09   1              
1e-05          -1.54403e+09   1              
2e-06          -1.54403e+09   1              
2e-06          -1.54403e+09   1              
2e-06          -1.54403e+09   1              
3e-06          -1.54403e+09   1              
2e-06          -1.54403e+09   1              
2e-06          -1.54403e+09   1              
0.000131       -1.54403e+09   1              
2e-06          -1.54403e+09   1              
2e-06          -1.54403e+09   1              
3e-06          -1.54403e+09   1              
2e-06          -1.54403e+09   1              
5e-06          -1.54403e+09   1              
3e-06          -1.54403e+09   1              
3e-06          -1.54403e+09   1              
4e-06          -1.54403e+09   1              
4e-06          -1.54403e+09   1              
0.000143       -1.54403e+09   1              
3e-06          -1.54403e+09   1              
3e-06          -1.54403e+09   1              
2e-06          -1.54403e+09   1              
3e-06          -1.54403e+09   1              
3e-06          -1.54403e+09   1              
2e-06          -1.54403e+09   1              
3e-06          -1.54403e+09   1              
3e-06          -1.54403e+09   1              
2e-06          -1.54403e+09   1              
0.00015        -1.54403e+09   1              
3e-06          -1.54403e+09   1              
3e-06          -1.54403e+09   1              
4e-06          -1.54403e+09   1              
2e-06          -1.54403e+09   1              
3e-06          -1.54403e+09   1              
3e-06          -1.54403e+09   1              
3e-06          -1.54403e+09   1              
3e-06          -1.54403e+09   1              
3e-06          -1.54403e+09   1              
0.000147       -1.54403e+09   1              
2e-06          -1.54403e+09   1              
3e-06          -1.54403e+09   1              
2e-06          -1.54403e+09   1              
3e-06          -1.54403e+09   1              
3e-06          -1.54403e+09   1              
3e-06          -1.54403e+09   1              
3e-06          -1.54403e+09   1              
3e-06          -1.54403e+09   1              
3e-06          -1.54403e+09   1              
0.000143       -1.54403e+09   1              
3e-06          -1.54403e+09   1              
3e-06          -1.54403e+09   1              
3e-06          -1.54403e+09   1              
2e-06          -1.54403e+09   1              
3e-06          -1.54403e+09   1              
3e-06          -1.54403e+09   1              
3e-06          -1.54403e+09   1              
3e-06          -1.54403e+09   1              
2e-06          -1.54403e+09   1              
0.000144       -1.54403e+09   1              
3e-06          -1.54403e+09   1              
3e-06          -1.54403e+09   1              
3e-06          -1.54403e+09   1              
3e-06          -1.54403e+09   1              
4e-06          -1.54403e+09   1              
3e-06          -1.54403e+09   1              
3e-06          -1.54403e+09   1              
3e-06          -1.54403e+09   1              
3e-06          -1.54403e+09   1              
0.000138       -1.54403e+09   1              
3e-06          -1.54403e+09   1              
3e-06          -1.54403e+09   1              
3e-06          -1.54403e+09   1              
3e-06          -1.54403e+09   1              
3e-06          -1.54403e+09   1              
2e-06          -1.54403e+09   1              
3e-06          -1.54403e+09   1              
3e-06          -1.54403e+09   1              
3e-06          -1.54403e+09   1              
0.000135       -1.54403e+09   1              
3e-06          -1.54403e+09   1              
3e-06          -1.54403e+09   1              
3e-06          -1.54403e+09   1              
3e-06          -1.54403e+09   1              
3e-06          -1.54403e+09   1              
3e-06          -1.54403e+09   1              
2e-06          -1.54403e+09   1              
2e-06          -1.54403e+09   1              
3e-06          -1.54403e+09   1              
0.000129       -1.54403e+09   1              
3e-06          -1.54403e+09   1              
4.1e-05        -1.54403e+09   1              
2e-06          -1.54403e+09   1              
2e-06          -1.54403e+09   1              
3e-06          -1.54403e+09   1              
3e-06          -1.54403e+09   1              
2e-06          -1.54403e+09   1              
4e-06          -1.54403e+09   1              
3e-06          -1.54403e+09   1              
0.000251       -1.54403e+09   2              
3e-06          -1.54403e+09   1              
3e-06          -1.54403e+09   1              
3e-06          -1.54403e+09   1              
3e-06          -1.54403e+09   1              
4e-06          -1.54403e+09   1              
3e-06          -1.54403e+09   1              
3e-06          -1.54403e+09   1              
3e-06          -1.54403e+09   1              
3e-06          -1.54403e+09   1              
0.000149       -1.54403e+09   1              
3e-06          -1.54403e+09   1              
3e-06          -1.54403e+09   1              
3e-06          -1.54403e+09   1              
3e-06          -1.54403e+09   1              
3e-06          -1.54403e+09   1              
3e-06          -1.54403e+09   1              
3e-06          -1.54403e+09   1              
3e-06          -1.54403e+09   1              
2e-06          -1.54403e+09   1              
0.000155       -1.54403e+09   1              
3e-06          -1.54403e+09   1              
3e-06          -1.54403e+09   1              
3e-06          -1.54403e+09   1              
3e-06          -1.54403e+09   1              
3e-06          -1.54403e+09   1              
3e-06          -1.54403e+09   1              
4e-06          -1.54403e+09   1              
3e-06          -1.54403e+09   1              
3e-06          -1.54403e+09   1              
0.000125       -1.54403e+09   1              
3e-06          -1.54403e+09   1              
3e-06          -1.54403e+09   1              
3e-06          -1.54403e+09   1              
3e-06          -1.54403e+09   1              
3e-06          -1.54403e+09   1              
3e-06          -1.54403e+09   1              
3e-06          -1.54403e+09   1              
2e-06          -1.54403e+09   1              
3e-06          -1.54403e+09   1              
0.000138       -1.54403e+09   1              
3e-06          -1.54403e+09   1              
3e-06          -1.54403e+09   1              
3e-06          -1.54403e+09   1              
3e-06          -1.54403e+09   1              
3e-06          -1.54403e+09   1              
3e-06          -1.54403e+09   1              
3e-06          -1.54403e+09   1              
3e-06          -1.54403e+09   1              
3e-06          -1.54403e+09   1              
0.000144       -1.54403e+09   1              
3e-06          -1.54403e+09   1              
2e-06          -1.54403e+09   1              
3e-06          -1.54403e+09   1              
3e-06          -1.54403e+09   1              
5e-06          -1.54403e+09   1              
4e-06          -1.54403e+09   1              
3e-06          -1.54403e+09   1              
3e-06          -1.54403e+09   1              
3e-06          -1.54403e+09   1              
0.000144       -1.54403e+09   1              
3e-06          -1.54403e+09   1              
3e-06          -1.54403e+09   1              
2e-06          -1.54403e+09   1              
3e-06          -1.54403e+09   1              
3e-06          -1.54403e+09   1              
3e-06          -1.54403e+09   1              
3e-06          -1.54403e+09   1              
3e-06          -1.54403e+09   1              
3e-06          -1.54403e+09   1              
0.000142       -1.54403e+09   1              
3e-06          -1.54403e+09   1              
2e-06          -1.54403e+09   1              
3e-06          -1.54403e+09   1              
2e-06          -1.54403e+09   1              
3e-06          -1.54403e+09   1              
3e-06          -1.54403e+09   1              
2e-06          -1.54403e+09   1              
2e-06          -1.54403e+09   1              
5e-06          -1.54403e+09   1              
0.002469       -1.54403e+09   1              
5e-06          -1.54403e+09   1              
3e-06          -1.54403e+09   1              
3e-06          -1.54403e+09   1              
3e-06          -1.54403e+09   1              
3e-06          -1.54403e+09   1              
3e-06          -1.54403e+09   1              
3e-06          -1.54403e+09   1              
3e-06          -1.54403e+09   1              
3e-06          -1.54403e+09   1              
0.00013        -1.54403e+09   1              
4e-06          -1.54403e+09   1              
3e-06          -1.54403e+09   1              
4e-06          -1.54403e+09   1              
3e-06          -1.54403e+09   1              
2e-06          -1.54403e+09   1              
3e-06          -1.54403e+09   1              
3e-06          -1.54403e+09   1              
3e-06          -1.54403e+09   1              
3e-06          -1.54403e+09   1              
0.000135       -1.54403e+09   1              
3e-06          -1.54403e+09   1              
3e-06          -1.54403e+09   1              
3e-06          -1.54403e+09   1              
3e-06          -1.54403e+09   1              
3e-06          -1.54403e+09   1              
3e-06          -1.54403e+09   1              
3e-06          -1.54403e+09   1              
4e-06          -1.54403e+09   1              
4e-06          -1.54403e+09   1              
0.00015        -1.54403e+09   1              
3e-06          -1.54403e+09   1              
4e-06          -1.54403e+09   1              
3e-06          -1.54403e+09   1              
3e-06          -1.54403e+09   1              
5e-06          -1.54403e+09   1              
3e-06          -1.54403e+09   1              
2e-06          -1.54403e+09   1              
3e-06          -1.54403e+09   1              
4e-06          -1.54403e+09   1              
0.000128       -1.54403e+09   1              
2e-06          -1.54403e+09   1              
0.001106       -1.54403e+09   18             
3e-06          -1.54403e+09   1              
2e-06          -1.54403e+09   1              
3e-06          -1.54403e+09   1              
2e-06          -1.54403e+09   1              
2e-06          -1.54403e+09   1              
0.021473       -1.54403e+09   1              
0.021356       -1.54403e+09   2              
0.049298       -1.54403e+09   6              
0.020124       -1.54403e+09   3              
0.016567       -1.54403e+09   4              
0.016384       -1.54403e+09   5              
0.016427       -1.54403e+09   6              
0.016461       -1.54403e+09   7              
0.037269       -1.54403e+09   23             
0.01251        -1.54403e+09   8              
0.008559       -1.54403e+09   9              
0.008596       -1.54403e+09   10             
0.035729       -1.54403e+09   25             
0.008638       -1.54403e+09   11             
0.004693       -1.54403e+09   12             
0.004732       -1.54403e+09   13             
0.004927       -1.54403e+09   14             
0.004971       -1.54403e+09   15             
0.027845       -1.54403e+09   33             
0.001028       -1.54403e+09   16             
0.001065       -1.54403e+09   17             
0.001082       -1.54403e+09   19             
1e-06          -1.54403e+09   1              
4e-06          -1.54403e+09   1              
4.8e-05        -1.54403e+09   2              
0.022449       -1.54403e+09   43             
9.3e-05        -1.54403e+09   3              
0.00029        -1.54403e+09   4              
0.00033        -1.54403e+09   4              
3e-06          -1.54403e+09   1              
0.020213       -1.54403e+09   50             
5.6e-05        -1.54403e+09   2              
8.6e-05        -1.54403e+09   2              
0.011998       -1.54403e+09   1              
0.050966       -1.54403e+09   2              
0.050101       -1.54403e+09   3              
0.012753       -1.54403e+09   52             
0.048369       -1.54403e+09   4              
0.048423       -1.54403e+09   5              
0.048581       -1.54403e+09   7              
0.046881       -1.54403e+09   8              
0.046163       -1.54403e+09   9              
0.000397       -1.54403e+09   3              
0.045948       -1.54403e+09   10             
0.046117       -1.54403e+09   11             
0.046281       -1.54403e+09   12             
0.016284       -1.54403e+09   5              
0.042459       -1.54403e+09   12             
0.042629       -1.54403e+09   13             
0.042795       -1.54403e+09   14             
0.043877       -1.54403e+09   15             
0.032943       -1.54403e+09   15             
0.040089       -1.54403e+09   16             
0.040217       -1.54403e+09   17             
0.04038        -1.54403e+09   18             
0.030842       -1.54403e+09   28             
0.040544       -1.54403e+09   19             
0.036723       -1.54403e+09   20             
0.0369         -1.54403e+09   21             
0.037101       -1.54403e+09   22             
0.052102       -1.54403e+09   31             
0.037434       -1.54403e+09   24             
0.034474       -1.54403e+09   26             
0.030677       -1.54403e+09   27             
0.030846       -1.54403e+09   28             
0.044602       -1.54403e+09   32             
0.031043       -1.54403e+09   29             
0.031258       -1.54403e+09   30             
0.031443       -1.54403e+09   31             
0.031624       -1.54403e+09   32             
0.02797        -1.54403e+09   34             
0.045098       -1.54403e+09   35             
0.028874       -1.54403e+09   35             
0.029034       -1.54403e+09   36             
0.029201       -1.54403e+09   37             
0.025382       -1.54403e+09   38             
0.052339       -1.54403e+09   38             
0.025546       -1.54403e+09   39             
0.025745       -1.54403e+09   40             
0.025929       -1.54403e+09   41             
0.026058       -1.54403e+09   42             
0.02239        -1.54403e+09   44             
0.04051        -1.54403e+09   15             
0.02338        -1.54403e+09   45             
0.023499       -1.54403e+09   46             
0.023664       -1.54403e+09   47             
0.036676       -1.54403e+09   16             
0.023831       -1.54403e+09   48             
0.020897       -1.54403e+09   49             
0.020425       -1.54403e+09   51             
0.012843       -1.54403e+09   5              
0.020621       -1.54403e+09   52             
0.020824       -1.54403e+09   53             
0.020992       -1.54403e+09   54             
0.017972       -1.54403e+09   55             
0.005009       -1.54403e+09   6              
0.0181         -1.54403e+09   56             
0.018265       -1.54403e+09   57             
0.018432       -1.54403e+09   58             
0.018599       -1.54403e+09   59             
0.014795       -1.54403e+09   60             
0.014972       -1.54403e+09   61             
0.001173       -1.54403e+09   7              
0.015137       -1.54403e+09   62             
0.015303       -1.54403e+09   63             
0.01147        -1.54403e+09   49             
0.012377       -1.54403e+09   50             
0.012566       -1.54403e+09   51             
0.032034       -1.54403e+09   2              
0.01292        -1.54403e+09   53             
0.009099       -1.54403e+09   35             
0.009259       -1.54403e+09   36             
0.00948        -1.54403e+09   37             
0.032205       -1.54403e+09   3              
0.009643       -1.54403e+09   38             
0.009854       -1.54403e+09   39             
0.006054       -1.54403e+09   26             
0.006999       -1.54403e+09   27             
0.007191       -1.54403e+09   28             
0.028381       -1.54403e+09   4              
0.007355       -1.54403e+09   29             
0.007537       -1.54403e+09   30             
0.003717       -1.54403e+09   15             
0.003894       -1.54403e+09   16             
0.004079       -1.54403e+09   17             
0.004281       -1.54403e+09   18             
0.041738       -1.54403e+09   5              
0.000481       -1.54403e+09   3              
0.000662       -1.54403e+09   4              
0.001645       -1.54403e+09   5              
0.001777       -1.54403e+09   6              
4e-06          -1.54403e+09   1              
0.000181       -1.54403e+09   2              
0.033912       -1.54403e+09   6              
0.00058        -1.54403e+09   3              
0.007882       -1.54403e+09   3              
0.008115       -1.54403e+09   2              
0.026092       -1.54403e+09   7              
0.008289       -1.54403e+09   3              
0.008456       -1.54403e+09   4              
0.010793       -1.54403e+09   5              
0.01211        -1.54403e+09   6              
0.012287       -1.54403e+09   7              
0.026286       -1.54403e+09   8              
0.008341       -1.54403e+09   7              
0.004625       -1.54403e+09   4              
0.004786       -1.54403e+09   5              
0.004951       -1.54403e+09   6              
0.014473       -1.54403e+09   5              
0.001122       -1.54403e+09   7              
0.001288       -1.54403e+09   8              
0.001512       -1.54403e+09   9              
0.003101       -1.54403e+09   10             
0.003241       -1.54403e+09   11             
7e-06          -1.54403e+09   1              
0.010674       -1.54403e+09   6              
0.000174       -1.54403e+09   2              
0.000341       -1.54403e+09   3              
0.01611        -1.54403e+09   4              
0.006851       -1.54403e+09   7              
0.016042       -1.54403e+09   3              
0.012638       -1.54403e+09   4              
0.012817       -1.54403e+09   5              
0.017956       -1.54403e+09   6              
0.024054       -1.54403e+09   7              
0.047798       -1.54403e+09   1              
0.024214       -1.54403e+09   8              
0.032107       -1.54403e+09   9              
0.036104       -1.54403e+09   10             
0.092206       -1.54403e+09   2              
0.036271       -1.54403e+09   11             
0.032447       -1.54403e+09   12             
0.032614       -1.54403e+09   13             
0.03278        -1.54403e+09   14             
0.033878       -1.54403e+09   16             
0.072371       -1.54403e+09   3              
0.034014       -1.54403e+09   17             
0.030196       -1.54403e+09   18             
0.030363       -1.54403e+09   19             
0.03053        -1.54403e+09   20             
0.071514       -1.54403e+09   4              
0.036138       -1.54403e+09   21             
0.036302       -1.54403e+09   22             
0.036468       -1.54403e+09   23             
0.067647       -1.54403e+09   5              
0.032642       -1.54403e+09   24             
0.032807       -1.54403e+09   25             
0.033702       -1.54403e+09   26             
0.033833       -1.54403e+09   27             
0.033996       -1.54403e+09   28             
0.063844       -1.54403e+09   6              
0.030171       -1.54403e+09   24             
0.030334       -1.54403e+09   25             
0.030495       -1.54403e+09   26             
0.052032       -1.54403e+09   6              
0.030678       -1.54403e+09   27             
0.032192       -1.54403e+09   7              
0.03211        -1.54403e+09   28             
0.036215       -1.54403e+09   29             
0.04403        -1.54403e+09   30             
0.048271       -1.54403e+09   32             
0.048436       -1.54403e+09   33             
0.044766       -1.54403e+09   33             
0.028325       -1.54403e+09   8              
0.044932       -1.54403e+09   34             
0.045266       -1.54403e+09   36             
0.041439       -1.54403e+09   37             
0.056178       -1.54403e+09   38             
0.024463       -1.54403e+09   9              
0.012691       -1.54403e+09   10             
0.008902       -1.54403e+09   11             
0.005076       -1.54403e+09   12             
0.068559       -1.54403e+09   1              
0.052732       -1.54403e+09   2              
0.056108       -1.54403e+09   3              
0.044275       -1.54403e+09   4              
0.036443       -1.54403e+09   5              
0.03611        -1.54403e+09   6              
0.03204        -1.54403e+09   7              
0.02811        -1.54403e+09   8              
0.008277       -1.54403e+09   2              
0.008444       -1.54403e+09   3              
0.053398       -1.54403e+09   1              
0.052104       -1.54403e+09   2              
0.052273       -1.54403e+09   3              
0.048108       -1.54403e+09   4              
0.04412        -1.54403e+09   6              
0.032286       -1.54403e+09   7              
0.028452       -1.54403e+09   8              
0.00862        -1.54403e+09   8              
0.000786       -1.54403e+09   6              
0.040005       -1.54403e+09   1              
0.107235       -1.54403e+09   2              
0.107394       -1.54403e+09   3              
0.09957        -1.54403e+09   4              
0.099724       -1.54403e+09   5              
0.075872       -1.54403e+09   5              
0.072079       -1.54403e+09   6              
0.068297       -1.54403e+09   7              
0.056489       -1.54403e+09   8              
0.052654       -1.54403e+09   9              
0.048822       -1.54403e+09   10             
0.04417        -1.54403e+09   11             
0.020308       -1.54403e+09   12             
0.008448       -1.54403e+09   13             
8.2e-05        -1.54403e+09   1              
0.000309       -1.54403e+09   2              
0.039996       -1.54403e+09   1              
0.028169       -1.54403e+09   2              
0.028334       -1.54403e+09   3              
0.020505       -1.54403e+09   4              
0.016673       -1.54403e+09   5              
0.020791       -1.54403e+09   6              
0.016974       -1.54403e+09   8              
0.001139       -1.54403e+09   4              
0.124002       -1.54403e+09   1              
0.192224       -1.54403e+09   2              
0.184394       -1.54403e+09   3              
0.164562       -1.54403e+09   4              
0.156728       -1.54403e+09   5              
0.144895       -1.54403e+09   6              
0.141063       -1.54403e+09   7              
0.136319       -1.54403e+09   8              
0.132875       -1.54403e+09   9              
0.132677       -1.54403e+09   10             
0.120837       -1.54403e+09   11             
0.104982       -1.54403e+09   12             
0.093156       -1.54403e+09   13             
0.092111       -1.54403e+09   14             
0.092273       -1.54403e+09   15             
0.064441       -1.54403e+09   15             
0.060609       -1.54403e+09   16             
0.063067       -1.54403e+09   1              
0.068004       -1.54403e+09   1              
0.067998       -1.54403e+09   1              
0.020096       -1.54403e+09   1              
0.044028       -1.54403e+09   2              
0.015997       -1.54403e+09   1              
0.031994       -1.54403e+09   1              
0.016025       -1.54403e+09   2              
0.027988       -1.54403e+09   1              
0.004014       -1.54403e+09   2              
0.044168       -1.54403e+09   1              
2e-06          -1.54403e+09   1              
0.028034       -1.54403e+09   2              
0.027994       -1.54403e+09   1              
0.043994       -1.54403e+09   1              
0.06399        -1.54403e+09   1              
0.072195       -1.54403e+09   1              
0.028362       -1.54403e+09   2              
0.06           -1.54403e+09   1              
0.059996       -1.54403e+09   1              
0.076647       -1.54403e+09   2              
0.047995       -1.54403e+09   1              
0.072335       -1.54403e+09   1              
0.0085         -1.54403e+09   2              
0.023994       -1.54403e+09   1              
0.043995       -1.54403e+09   1              
0.076213       -1.54403e+09   1              
0.027994       -1.54403e+09   1              
0.015992       -1.54403e+09   1              
0.019998       -1.54403e+09   1              
0.118705       -1.54403e+09   1              
0.004033       -1.54403e+09   2              
0.059993       -1.54403e+09   1              
0.003998       -1.54403e+09   1              
0.051993       -1.54403e+09   1              
5e-06          -1.54403e+09   1              
0.015993       -1.54403e+09   1              
0.003996       -1.54403e+09   1              
0.055994       -1.54403e+09   1              
0.043991       -1.54403e+09   1              
0.044279       -1.54403e+09   1              
0.048017       -1.54403e+09   2              
0.003992       -1.54403e+09   1              
0.004437       -1.54403e+09   1              
0.023995       -1.54403e+09   1              
0.051996       -1.54403e+09   1              
0.055998       -1.54403e+09   1              
0.023998       -1.54403e+09   1              
4e-06          -1.54403e+09   1              
0.039997       -1.54403e+09   1              
0.021096       -1.54403e+09   2              
0.043992       -1.54403e+09   1              
0.011989       -1.54403e+09   1              
0.003999       -1.54403e+09   1              
4e-06          -1.54403e+09   1              
0.059996       -1.54403e+09   1              
0.051992       -1.54403e+09   1              
0.072001       -1.54403e+09   1              
0.004076       -1.54403e+09   2              
0.047996       -1.54403e+09   1              
0.032878       -1.54403e+09   1              
0.009593       -1.54403e+09   1              
0.032009       -1.54403e+09   1              
0.024393       -1.54403e+09   1              
0.008015       -1.54403e+09   1              
0.008823       -1.54403e+09   2              
0.019798       -1.54403e+09   1              
0.016041       -1.54403e+09   3              
0.056          -1.54403e+09   1              
0.011996       -1.54403e+09   1              
0.122537       -1.54403e+09   1              
0.010686       -1.54403e+09   2              
0.039992       -1.54403e+09   1              
0.047989       -1.54403e+09   1              
0.051995       -1.54403e+09   1              
0.051995       -1.54403e+09   1              
0.035995       -1.54403e+09   1              
0.026042       -1.54403e+09   1              
0.055997       -1.54403e+09   1              
0.036028       -1.54403e+09   2              
0.058646       -1.54403e+09   1              
0.024034       -1.54403e+09   2              
0.027994       -1.54403e+09   1              
0.027993       -1.54403e+09   1              
0.015994       -1.54403e+09   1              
