TaskQLat.      PRRQLat.       TaksQlen       
4e-06          1e-06          1              
TaskQLat.      PRRQLat.       TaksQlen       
2e-06          1e-06          1              
TaskQLat.      PRRQLat.       TaksQlen       
3e-06          1e-06          1              
2e-06          0              1              
2e-06          0              1              
3e-06          0              1              
2e-06          0              1              
2e-06          0              1              
2e-06          0              1              
0.000156       0              1              
2e-06          0              1              
2e-06          1e-06          1              
3e-06          0              1              
2e-06          0              1              
2e-06          0              1              
3e-06          0              1              
2e-06          0              1              
3e-06          0              1              
3e-06          0              1              
0.000151       0              1              
3e-06          0              1              
2e-06          0              1              
3e-06          0              1              
3e-06          0              1              
2e-06          0              1              
2e-06          0              1              
2e-06          0              1              
0.00015        0              1              
0.000136       1e-06          1              
2e-06          0              1              
3e-06          0              1              
3e-06          0              1              
3e-06          0              1              
2e-06          0              1              
2e-06          0              1              
3e-06          0              1              
2e-06          0              1              
2e-06          0              1              
3e-06          0              1              
0.000144       0              1              
2e-06          0              1              
2e-06          0              1              
2e-06          0              1              
3e-06          1e-06          1              
2e-06          0              1              
2e-06          0              1              
3e-06          0              1              
2e-06          0              1              
2e-06          0              1              
0.000143       0              1              
3e-06          1e-06          1              
2e-06          0              1              
2e-06          0              1              
2e-06          0              1              
2e-06          0              1              
2e-06          0              1              
3e-06          0              1              
3e-06          0              1              
2e-06          1e-06          1              
0.000134       0              1              
2e-06          0              1              
2e-06          0              1              
2e-06          0              1              
3e-06          0              1              
3e-06          0              1              
2e-06          0              1              
3e-06          0              1              
2e-06          0              1              
3e-06          0              1              
0.000131       0              1              
2e-06          0              1              
2e-06          0              1              
3e-06          0              1              
3e-06          0              1              
2e-06          0              1              
3e-06          0              1              
2e-06          0              1              
2e-06          0              1              
3e-06          0              1              
0.000134       0              1              
2e-06          0              1              
2e-06          0              1              
2e-06          0              1              
3e-06          1e-06          1              
2e-06          0              1              
3e-06          0              1              
2e-06          0              1              
2e-06          0              1              
2e-06          0              1              
3e-06          0              1              
3e-06          0              1              
5.3e-05        0              1              
1e-06          0              1              
1e-06          0              1              
3e-06          0              1              
4.5e-05        0              1              
0.000303       0              1              
0.000205       0              1              
0.000144       1e-06          1              
0.000147       0              1              
4e-06          0              1              
2e-06          0              1              
2e-06          0              1              
2e-06          1e-06          1              
3e-06          0              1              
2e-06          0              1              
2e-06          0              1              
2e-06          1e-06          1              
2e-06          0              1              
0.000135       0              1              
3e-06          0              1              
2e-06          1e-06          1              
3e-06          0              1              
3e-06          0              1              
2e-06          0              1              
3e-06          0              1              
2e-06          0              1              
2e-06          0              1              
3e-06          0              1              
0.000147       0              1              
2e-06          0              1              
3e-06          1e-06          1              
2e-06          0              1              
2e-06          0              1              
2e-06          0              1              
2e-06          1e-06          1              
2e-06          0              1              
3e-06          0              1              
2e-06          1e-06          1              
0.000142       0              1              
2e-06          0              1              
3e-06          0              1              
2e-06          0              1              
3e-06          0              1              
2e-06          0              1              
2e-06          0              1              
3e-06          1e-06          1              
2e-06          0              1              
2e-06          0              1              
0.000142       0              1              
3e-06          0              1              
2e-06          0              1              
2e-06          0              1              
3e-06          0              1              
2e-06          0              1              
3e-06          0              1              
2e-06          0              1              
2e-06          0              1              
3e-06          0              1              
0.000138       0              1              
3e-06          1e-06          1              
1e-06          0              1              
3e-06          0              1              
2e-06          0              1              
3e-06          0              1              
2e-06          0              1              
2e-06          0              1              
3e-06          0              1              
2e-06          0              1              
0.000146       0              1              
3e-06          0              1              
3e-06          0              1              
2e-06          0              1              
2e-06          0              1              
2e-06          0              1              
3e-06          0              1              
2e-06          0              1              
3e-06          0              1              
3e-06          0              1              
0.000133       0              1              
3e-06          0              1              
3e-06          0              1              
2e-06          0              1              
3e-06          0              1              
2e-06          0              1              
4e-05          0              1              
9.3e-05        0              1              
3.8e-05        0              1              
4e-06          0              1              
3e-06          0              1              
3e-06          0              1              
3e-06          0              1              
3e-06          0              1              
3e-06          0              1              
3e-06          0              1              
2e-06          0              1              
3e-06          0              1              
3e-06          0              1              
2e-06          0              1              
0.000143       0              1              
3e-06          0              1              
3e-06          0              1              
2e-06          0              1              
2e-06          0              1              
2e-06          0              1              
2e-06          0              1              
2e-06          1e-06          1              
2e-06          0              1              
2e-06          0              1              
0.000128       0              1              
2e-06          0              1              
3e-06          0              1              
3e-06          0              1              
2e-06          0              1              
3e-06          0              1              
3e-06          0              1              
2e-06          0              1              
2e-06          0              1              
2e-06          0              1              
0.000147       0              1              
2e-06          0              1              
2e-06          0              1              
2e-06          0              1              
2e-06          0              1              
3e-06          0              1              
3e-06          0              1              
3e-06          0              1              
2e-06          1e-06          1              
2e-06          0              1              
0.00015        0              1              
3e-06          0              1              
0.001106       0              18             
0.001955       0              4              
0.051924       0              1              
0.047834       0              5              
0.020685       0              7              
0.039063       0              2              
0.035243       0              1              
0.075933       0              1              
0.011665       0              1              
0.06395        0              1              
0.043928       0              1              
0.00792        0              1              
0.00774        0              1              
0.076121       0              1              
0.059361       0              1              
0.003758       0              1              
0.019856       0              1              
0.027859       0              1              
0.05173        0              1              
0.059945       0              1              
0.027973       0              2              
0.00795        0              1              
0.02784        0              1              
0.035839       0              1              
0.047955       0              1              
0.020033       0              2              
0.019858       0              1              
0.007853       0              1              
0.059759       0              1              
0.019768       0              1              
0.019761       0              1              
0.020122       0              2              
0.100115       0              2              
0.011915       0              2              
0.019758       1e-06          1              
0.025755       0              1              
0.019958       0              1              
0.063943       0              1              
0.031948       0              1              
0.015933       0              1              
0.071952       0              1              
0.003996       0              1              
0.00774        0              1              
0.055927       0              1              
0.055927       0              1              
0.007862       0              1              
0.023992       0              1              
0.075766       0              1              
5e-06          0              1              
0.027707       0              1              
0.079705       0              1              
0.039742       0              1              
0.019941       0              1              
0.007922       0              1              
0.003943       0              1              
0.011955       0              1              
0.028156       0              1              
0.048623       0              1              
0.043144       0              2              
0.017464       0              1              
0.061117       0              1              
0.056078       0              1              
0.035944       0              1              
0.051925       0              1              
0.027756       0              1              
0.05992        0              1              
0.043748       0              1              
0.023807       0              1              
0.051926       0              1              
0.035763       0              1              
0.053337       0              1              
0.04991        0              1              
0.082701       0              1              
0.051954       0              1              
0.003846       0              1              
0.051941       0              1              
0.011946       0              1              
0.007721       0              1              
0.003764       0              1              
0.031746       0              1              
0.035749       0              1              
0.059757       0              1              
7e-06          0              1              
0.031954       0              1              
0.003808       0              2              
0.003747       1e-06          1              
0.007953       0              1              
0.019938       0              1              
0.03567        0              1              
0.038721       0              1              
0.048096       0              1              
0.039944       1e-06          1              
0.039745       0              2              
0.05193        0              1              
0.02797        0              2              
4e-06          0              1              
0.012728       0              1              
0.023973       0              2              
0.031925       0              1              
0.028069       0              1              
0.003845       0              2              
0.04793        0              2              
0.028093       0              2              
0.031957       0              1              
0.051742       0              1              
0.047939       0              1              
0.01975        0              1              
0.015765       0              1              
0.027743       0              1              
0.015857       1e-06          1              
0.00789        0              2              
0.043853       0              1              
0.039773       0              1              
0.035744       0              1              
0.035365       0              1              
0.039757       0              1              
0.011759       0              1              
0.043763       0              1              
0.027943       0              1              
0.047791       0              1              
0.04774        0              1              
3e-06          0              1              
0.039848       0              1              
0.031931       0              1              
0.031937       0              1              
0.007854       0              1              
0.003827       0              2              
4e-06          0              1              
0.019935       0              1              
0.023779       0              1              
0.043931       0              1              
0.023773       0              1              
0.039941       0              1              
0.043946       0              1              
0.039772       0              1              
0.039762       0              1              
0.04793        0              1              
9e-06          0              1              
4e-06          0              1              
2e-06          0              1              
0.003743       0              1              
0.00375        0              1              
0.035942       0              1              
0.055946       0              1              
0.023935       0              1              
0.027935       0              1              
0.019939       1e-06          1              
0.007918       0              1              
0.007947       0              1              
0.015748       0              1              
0.027762       0              1              
0.051473       0              1              
0.039954       0              1              
0.027746       0              1              
0.011938       0              1              
0.043943       0              1              
0.019955       0              1              
0.023751       0              1              
0.007955       0              1              
0.043954       0              1              
0.031741       0              1              
2e-06          0              1              
0.00376        1e-06          1              
0.02395        0              1              
0.015755       0              1              
0.003751       0              1              
0.021051       1e-06          1              
0.039933       0              1              
0.015935       0              1              
0.031864       0              1              
0.023916       0              1              
0.003926       0              1              
0.027953       0              1              
0.023953       0              1              
0.019948       0              1              
0.039955       0              1              
0.035951       0              1              
0.015936       0              1              
0.023637       0              1              
0.031844       0              1              
0.007771       0              1              
0.027955       0              1              
0.015968       0              2              
0.03199        0              1              
0.011774       0              1              
5e-06          1e-06          1              
0.003242       0              1              
0.007477       0              1              
0.007861       0              1              
0.035954       0              1              
0.011946       0              1              
0.007936       0              1              
0.01595        0              1              
0.011752       0              1              
3e-06          0              1              
0.008069       0              1              
0.039898       0              1              
0.015952       0              2              
0.04396        0              1              
0.051931       0              1              
0.03175        0              1              
0.01574        0              1              
0.039947       0              1              
0.011944       0              1              
0.027938       0              1              
0.023942       0              1              
0.007958       0              1              
0.003957       0              1              
0.031953       0              1              
0.011944       0              1              
0.031938       0              1              
0.011935       0              1              
4e-06          0              1              
3e-06          0              1              
0.019955       0              1              
0.031941       0              1              
0.003936       0              1              
0.01994        0              1              
4e-06          0              1              
5e-06          1e-06          1              
0.003804       0              1              
0.031735       0              1              
0.023945       0              1              
0.023932       0              1              
0.027755       0              1              
0.011635       0              1              
0.031768       0              1              
0.031736       0              1              
0.027932       0              1              
0.031748       0              1              
0.023922       0              1              
0.019942       0              1              
0.011931       0              1              
0.007933       0              1              
0.011603       0              1              
0.031759       0              1              
0.023951       0              1              
0.00373        0              1              
0.003577       0              1              
6e-06          0              1              
0.011941       0              1              
0.023916       0              1              
0.02396        0              1              
0.019651       0              1              
0.027948       0              1              
0.031937       0              1              
0.019945       0              1              
4e-06          0              1              
0.01588        0              1              
0.019935       0              1              
4e-06          0              1              
0.007936       0              1              
0.011759       0              1              
0.007931       0              1              
0.003909       0              1              
0.031938       0              1              
0.023708       0              1              
0.015943       0              1              
0.003937       0              1              
0.011936       0              1              
0.003729       0              1              
0.01181        0              1              
0.019994       0              1              
0.015761       0              1              
0.015933       0              1              
0.003927       0              1              
0.027933       0              1              
0.031598       0              1              
5e-06          0              1              
0.031942       0              1              
0.011935       0              1              
0.003936       0              1              
0.015753       0              1              
5e-06          0              1              
0.039772       0              1              
0.015937       0              1              
0.003923       0              1              
0.011935       0              1              
0.015942       0              1              
0.023933       0              1              
0.027946       0              1              
0.027942       0              1              
4e-06          0              1              
0.011747       0              1              
0.019944       0              1              
0.023926       0              1              
4e-06          0              1              
5e-06          0              1              
0.035943       0              1              
0.015941       0              1              
0.007562       0              1              
5e-06          0              1              
4e-06          0              1              
0.007941       0              1              
0.03195        0              1              
0.003933       0              1              
0.019746       1e-06          1              
0.015939       0              1              
0.019938       0              1              
4e-06          0              1              
0.007935       0              1              
0.003932       0              1              
0.015943       0              1              
0.003742       0              1              
0.003942       0              1              
0.019944       0              1              
3e-06          0              1              
0.003942       0              1              
0.027946       1e-06          1              
5e-06          1e-06          1              
0.011898       0              1              
0.011903       0              1              
0.01195        0              1              
0.00393        0              1              
0.003938       0              1              
0.015937       0              1              
5e-06          0              1              
0.023922       0              1              
0.031925       0              1              
0.023938       0              1              
0.023753       0              1              
0.019764       0              1              
0.0199         0              1              
6e-06          0              1              
0.003932       0              1              
0.015946       0              1              
0.023983       0              1              
0.031939       0              1              
0.019935       0              1              
0.023944       0              1              
0.011459       1e-06          1              
0.015753       0              1              
0.019934       0              1              
4e-06          0              1              
0.007907       0              1              
0.003951       0              1              
3e-06          0              1              
3e-06          0              1              
0.023955       0              1              
4e-06          0              1              
4e-06          0              1              
0.023947       0              1              
0.015853       0              1              
4e-06          0              1              
3e-06          0              1              
0.015932       0              1              
3e-06          0              1              
2e-06          0              1              
0.003706       0              1              
3e-06          0              1              
3e-06          0              1              
2e-06          0              1              
5e-06          0              1              
3e-06          0              1              
3e-06          0              1              
3e-06          0              1              
3e-06          0              1              
3e-06          1e-06          1              
3e-06          0              1              
4e-06          0              1              
3e-06          0              1              
3e-06          0              1              
5e-06          0              1              
2e-06          0              1              
