TotQLat.       ScalerLat      getDevLat      getPrgLat      Req.Type       
0.000463       0.000407       4.8e-05        0              0              
2e-05          1e-06          0              1.6e-05        1              
5.4e-05        0              4.4e-05        0              0              
1.4e-05        0              0              1.2e-05        1              
5.1e-05        0              4.3e-05        0              0              
1.3e-05        0              0              1.1e-05        1              
4.7e-05        0              3.8e-05        0              0              
3e-06          0              0              1e-06          1              
3.2e-05        0              3e-05          0              0              
3e-06          0              0              1e-06          1              
3.4e-05        0              3.2e-05        0              0              
3e-06          0              0              1e-06          1              
3.4e-05        0              3.2e-05        0              0              
4e-06          0              0              1e-06          1              
3.2e-05        0              3e-05          0              0              
2e-06          0              0              1e-06          1              
3.1e-05        0              2.9e-05        0              0              
4e-06          0              0              1e-06          1              
3.2e-05        0              3e-05          0              0              
0.000157       0.000154       0              1e-06          1              
0.00016        0.000129       3e-05          0              0              
3e-06          0              0              1e-06          1              
3.3e-05        0              3.1e-05        0              0              
3e-06          0              0              2e-06          1              
3.4e-05        0              3.2e-05        0              0              
3e-06          0              0              1e-06          1              
3.3e-05        0              3.1e-05        0              0              
2e-06          0              0              1e-06          1              
3.3e-05        0              3.1e-05        0              0              
3e-06          0              0              1e-06          1              
4.3e-05        0              3.9e-05        0              0              
3e-06          0              0              1e-06          1              
3.6e-05        0              3.4e-05        0              0              
3e-06          0              0              1e-06          1              
3.5e-05        0              3.2e-05        0              0              
3e-06          0              0              1e-06          1              
3.6e-05        0              3.3e-05        0              0              
4e-06          0              0              1e-06          1              
3.3e-05        0              3e-05          0              0              
0.000152       0.00015        0              0              1              
0.000172       0.000139       2.9e-05        0              0              
3e-06          0              0              1e-06          1              
3.3e-05        0              3.1e-05        0              0              
3e-06          0              0              1e-06          1              
3.4e-05        0              3.1e-05        0              0              
3e-06          0              0              1e-06          1              
3.3e-05        0              3e-05          0              0              
3e-06          0              0              1e-06          1              
3.2e-05        1e-06          3e-05          0              0              
3e-06          0              0              1e-06          1              
3.2e-05        0              3e-05          0              0              
3e-06          0              0              1e-06          1              
3.2e-05        0              3.1e-05        0              0              
3.2e-05        0              3e-05          0              0              
3.1e-05        0              2.9e-05        0              0              
3e-06          0              0              0              1              
3.4e-05        0              3.1e-05        0              0              
0.00015        0.000146       0              1e-06          1              
0.000137       0.000133       0              1e-06          1              
0.00018        0.000148       3e-05          0              0              
3.2e-05        0              3e-05          0              0              
3.2e-05        0              3e-05          0              0              
2e-06          0              0              1e-06          1              
3.4e-05        0              3e-05          0              0              
3e-06          0              0              1e-06          1              
3e-06          0              0              1e-06          1              
3e-06          0              0              1e-06          1              
3e-06          0              0              1e-06          1              
3.5e-05        0              3.2e-05        0              0              
3e-06          0              0              1e-06          1              
3.5e-05        0              3.2e-05        0              0              
3e-06          0              0              1e-06          1              
3.4e-05        0              3.2e-05        0              0              
3e-06          0              0              1e-06          1              
3.5e-05        0              3.2e-05        0              0              
3e-06          0              0              1e-06          1              
3.3e-05        0              3.1e-05        0              0              
3e-06          0              0              1e-06          1              
3.4e-05        0              3.2e-05        0              0              
0.000145       0.000142       0              1e-06          1              
0.000176       0.000143       3e-05          0              0              
3e-06          0              0              1e-06          1              
3.3e-05        0              2.9e-05        0              0              
3e-06          0              0              1e-06          1              
3.4e-05        0              3.2e-05        0              0              
3e-06          0              0              1e-06          1              
3.4e-05        0              3.1e-05        0              0              
3e-06          0              0              1e-06          1              
3.4e-05        0              3.1e-05        0              0              
3e-06          0              0              1e-06          1              
3.4e-05        0              3.2e-05        0              0              
3e-06          0              0              1e-06          1              
3.4e-05        0              3.1e-05        0              0              
3e-06          0              0              1e-06          1              
3.5e-05        0              3.1e-05        0              0              
3e-06          0              0              1e-06          1              
3.2e-05        0              3e-05          0              0              
3e-06          0              0              1e-06          1              
3.4e-05        1e-06          3.2e-05        0              0              
0.000143       0.000141       0              1e-06          1              
0.000172       0.000139       3e-05          0              0              
3e-06          0              0              1e-06          1              
3.4e-05        0              3.1e-05        0              0              
3e-06          0              0              1e-06          1              
3.5e-05        0              3.2e-05        0              0              
3e-06          0              0              1e-06          1              
3.4e-05        0              3.2e-05        0              0              
4e-06          0              0              1e-06          1              
3.4e-05        0              3e-05          0              0              
3e-06          0              0              1e-06          1              
3.5e-05        0              3.2e-05        0              0              
3e-06          0              0              1e-06          1              
3.5e-05        0              3.1e-05        0              0              
3e-06          1e-06          0              1e-06          1              
3.4e-05        0              3.2e-05        0              0              
3e-06          1e-06          0              1e-06          1              
3.5e-05        0              3.2e-05        0              0              
3e-06          0              0              1e-06          1              
3.3e-05        0              3.1e-05        0              0              
0.000135       0.000133       0              1e-06          1              
0.000172       0.000141       2.8e-05        0              0              
3e-06          0              0              1e-06          1              
3.3e-05        0              3.1e-05        0              0              
3e-06          0              0              1e-06          1              
3.3e-05        0              3.1e-05        0              0              
3e-06          0              0              1e-06          1              
3.3e-05        0              3.1e-05        0              0              
4e-06          0              0              1e-06          1              
3.4e-05        0              3e-05          0              0              
3e-06          0              0              1e-06          1              
3.4e-05        0              3e-05          0              0              
3e-06          0              0              1e-06          1              
3.3e-05        0              3e-05          0              0              
3e-06          0              0              1e-06          1              
3.3e-05        0              3.1e-05        0              0              
3e-06          0              0              1e-06          1              
3.3e-05        0              3.1e-05        0              0              
3e-06          0              0              1e-06          1              
3.4e-05        0              3.1e-05        0              0              
0.000132       0.000128       0              1e-06          1              
0.000165       0.000134       2.8e-05        0              0              
3e-06          0              0              1e-06          1              
3.4e-05        0              3e-05          0              0              
3e-06          0              0              1e-06          1              
3.4e-05        0              3.2e-05        0              0              
3e-06          0              0              1e-06          1              
3.3e-05        0              3e-05          0              0              
3e-06          0              0              1e-06          1              
3.3e-05        0              3.1e-05        0              0              
3e-06          0              0              1e-06          1              
3.4e-05        0              3.1e-05        0              0              
3e-06          0              0              1e-06          1              
3.3e-05        0              3e-05          0              0              
3e-06          0              0              1e-06          1              
3.4e-05        0              3e-05          0              0              
3e-06          0              0              1e-06          1              
3.9e-05        0              3.6e-05        0              0              
3e-06          0              0              1e-06          1              
3.4e-05        0              3.2e-05        0              0              
0.000134       0.000131       0              1e-06          1              
0.000165       0.000132       3e-05          0              0              
4e-06          0              0              1e-06          1              
3.5e-05        1e-06          3.3e-05        0              0              
3e-06          0              0              1e-06          1              
3.4e-05        0              3.2e-05        0              0              
3e-06          0              0              1e-06          1              
3.4e-05        1e-06          3.2e-05        0              0              
3e-06          0              0              1e-06          1              
3.4e-05        0              3.2e-05        0              0              
2e-06          0              0              0              1              
3.5e-05        0              3.2e-05        0              0              
3e-06          0              0              1e-06          1              
3.4e-05        0              3.2e-05        0              0              
3e-06          0              0              1e-06          1              
3.2e-05        0              2.8e-05        0              0              
3e-06          0              0              1e-06          1              
3.2e-05        0              3e-05          0              0              
3e-06          0              0              1e-06          1              
3.4e-05        0              3.1e-05        0              0              
0.000159       0.000127       3e-05          0              0              
3.4e-05        1e-06          3.2e-05        0              0              
3e-05          0              2.8e-05        0              0              
6.7e-05        1e-06          6.5e-05        0              0              
3e-06          1e-06          0              1e-06          1              
3.4e-05        0              3.2e-05        0              0              
3e-06          1e-06          0              1e-06          1              
4.7e-05        0              4.5e-05        0              0              
3e-06          0              0              1e-06          1              
3.4e-05        0              3.2e-05        0              0              
2e-06          0              0              0              1              
2e-06          0              0              1e-06          1              
3e-06          0              0              1e-06          1              
3.2e-05        0              3.1e-05        0              0              
3.6e-05        0              3.2e-05        0              0              
3e-06          0              0              1e-06          1              
0.000103       0              0.000101       0              0              
0.000191       0.000186       0              1e-06          1              
0.000205       0.000201       0              1e-06          1              
0.000145       0.000141       0              1e-06          1              
0.000147       0.000144       0              1e-06          1              
0.000233       0.000201       2.9e-05        0              0              
4e-06          0              0              1e-06          1              
3.3e-05        0              3e-05          0              0              
3e-06          0              0              0              1              
3.3e-05        0              3.1e-05        0              0              
3e-06          0              0              0              1              
3.4e-05        0              3.2e-05        0              0              
3e-06          0              0              1e-06          1              
3.3e-05        0              3.1e-05        0              0              
3e-06          0              0              1e-06          1              
3.4e-05        0              3e-05          0              0              
2e-06          0              0              0              1              
3.4e-05        0              3.1e-05        0              0              
3e-06          0              0              1e-06          1              
3.4e-05        0              3.2e-05        0              0              
4e-06          0              0              1e-06          1              
3.3e-05        0              3.1e-05        0              0              
3e-06          0              0              1e-06          1              
3.3e-05        0              3.1e-05        0              0              
0.000135       0.000133       0              0              1              
0.000179       0.000146       3e-05          0              0              
3e-06          0              0              1e-06          1              
3.5e-05        0              3.1e-05        0              0              
4e-06          0              0              2e-06          1              
3.4e-05        0              3.2e-05        0              0              
3e-06          0              0              1e-06          1              
3.4e-05        0              3.2e-05        0              0              
3e-06          0              0              1e-06          1              
3.5e-05        0              3.2e-05        0              0              
3e-06          0              0              1e-06          1              
3.4e-05        0              3.1e-05        0              0              
3e-06          1e-06          0              1e-06          1              
3.5e-05        0              3.1e-05        0              0              
3e-06          0              0              1e-06          1              
3.5e-05        0              3.2e-05        0              0              
3e-06          0              0              1e-06          1              
3.5e-05        0              3.3e-05        0              0              
3e-06          0              0              1e-06          1              
3.2e-05        0              3e-05          0              0              
0.000147       0.000145       0              1e-06          1              
0.000185       0.000152       2.9e-05        0              0              
3e-06          0              0              1e-06          1              
3.5e-05        1e-06          3.2e-05        0              0              
3e-06          0              0              1e-06          1              
3.5e-05        0              3.2e-05        0              0              
3e-06          0              0              1e-06          1              
3.5e-05        0              3.3e-05        0              0              
3e-06          0              0              1e-06          1              
3.5e-05        0              3.2e-05        0              0              
3e-06          0              0              1e-06          1              
3.4e-05        0              3.1e-05        0              0              
3e-06          0              0              1e-06          1              
3.5e-05        0              3.3e-05        0              0              
2e-06          0              0              0              1              
3.4e-05        0              3.1e-05        0              0              
3e-06          0              0              0              1              
3.5e-05        0              3.2e-05        0              0              
3e-06          0              0              1e-06          1              
3.3e-05        0              3.1e-05        0              0              
0.000143       0.000141       0              1e-06          1              
0.000154       0.000123       2.9e-05        0              0              
4e-06          0              0              1e-06          1              
3.4e-05        0              3.1e-05        0              0              
3e-06          0              0              1e-06          1              
3.4e-05        0              3.2e-05        0              0              
3e-06          0              0              1e-06          1              
3.4e-05        1e-06          3.2e-05        0              0              
3e-06          0              0              1e-06          1              
3.2e-05        0              2.9e-05        0              0              
3e-06          0              0              1e-06          1              
3.6e-05        0              3.3e-05        0              0              
3e-06          0              0              1e-06          1              
3.6e-05        0              3.3e-05        0              0              
3e-06          0              0              1e-06          1              
3.5e-05        0              3.3e-05        0              0              
3e-06          0              0              1e-06          1              
3.5e-05        0              3.1e-05        0              0              
3e-06          0              0              1e-06          1              
3.5e-05        0              3.2e-05        0              0              
0.000144       0.00014        0              1e-06          1              
0.000168       0.000135       3e-05          0              0              
3e-06          0              0              1e-06          1              
3.3e-05        1e-06          3.1e-05        0              0              
3e-06          0              0              1e-06          1              
3.5e-05        0              3.3e-05        0              0              
3e-06          1e-06          0              1e-06          1              
3.5e-05        0              3.3e-05        0              0              
3e-06          0              0              1e-06          1              
3.4e-05        0              3.2e-05        0              0              
3e-06          0              0              1e-06          1              
3.4e-05        0              3.1e-05        0              0              
3e-06          0              0              1e-06          1              
3.4e-05        0              3.2e-05        0              0              
3e-06          0              0              1e-06          1              
3.5e-05        0              3.3e-05        0              0              
4e-06          0              0              1e-06          1              
3.3e-05        0              3.1e-05        0              0              
3e-06          0              0              1e-06          1              
3.5e-05        0              3.1e-05        0              0              
0.000139       0.000136       0              1e-06          1              
0.000175       0.000142       3e-05          0              0              
3e-06          0              0              1e-06          1              
3.4e-05        0              3.2e-05        0              0              
3e-06          0              0              1e-06          1              
3.4e-05        1e-06          3.2e-05        0              0              
3e-06          0              0              1e-06          1              
3.5e-05        0              3.3e-05        0              0              
3e-06          1e-06          0              1e-06          1              
3.4e-05        0              3.2e-05        0              0              
3e-06          0              0              1e-06          1              
4.1e-05        0              3.6e-05        0              0              
3e-06          0              0              0              1              
3.5e-05        0              3.2e-05        0              0              
4e-06          0              0              1e-06          1              
3.3e-05        0              3.1e-05        0              0              
3e-06          0              0              1e-06          1              
3.3e-05        0              3.1e-05        0              0              
3e-06          0              0              1e-06          1              
3.4e-05        0              3.1e-05        0              0              
0.000147       0.000143       0              1e-06          1              
0.000174       0.000141       3e-05          0              0              
3e-06          0              0              1e-06          1              
3.5e-05        0              3.3e-05        0              0              
3e-06          0              0              1e-06          1              
3.5e-05        1e-06          3.3e-05        0              0              
3e-06          0              0              1e-06          1              
3.2e-05        0              3e-05          0              0              
3e-06          0              0              1e-06          1              
3.4e-05        0              3.1e-05        0              0              
4e-06          0              0              2e-06          1              
3.3e-05        0              3e-05          0              0              
3e-06          0              0              1e-06          1              
3.3e-05        0              3.1e-05        0              0              
3e-06          0              0              1e-06          1              
3.2e-05        0              3e-05          0              0              
3e-06          0              0              1e-06          1              
3.2e-05        0              3e-05          0              0              
3e-06          0              0              1e-06          1              
3.3e-05        0              3e-05          0              0              
0.000133       0.000131       0              1e-06          1              
0.000172       0.000139       3.1e-05        0              0              
4e-06          0              0              1e-06          1              
3.5e-05        0              3.2e-05        0              0              
3e-06          0              0              1e-06          1              
3.3e-05        0              3.1e-05        0              0              
3e-06          0              0              1e-06          1              
3.5e-05        0              3.3e-05        0              0              
3e-06          1e-06          0              1e-06          1              
3.3e-05        0              3.1e-05        0              0              
2e-06          0              0              1e-06          1              
3.1e-05        0              2.9e-05        0              0              
3.2e-05        0              3e-05          0              0              
3.3e-05        0              3.1e-05        0              0              
0.000259       0              0.000257       0              0              
6e-06          1e-06          0              2e-06          1              
0.000139       1e-06          0.000135       0              0              
0.002592       0.002464       0.000123       0              0              
0.000109       0              0.000105       0              0              
4e-06          0              0              1e-06          1              
6e-06          0              0              2e-06          1              
6e-06          0              0              2e-06          1              
4e-06          0              0              1e-06          1              
3e-06          0              0              0              1              
2e-06          0              0              0              1              
3.9e-05        0              3.7e-05        0              0              
3e-06          0              0              1e-06          1              
3.5e-05        0              3.3e-05        0              0              
3e-06          0              0              1e-06          1              
3.3e-05        0              3.1e-05        0              0              
3e-06          0              0              1e-06          1              
3.2e-05        0              3e-05          0              0              
3e-06          0              0              1e-06          1              
3.3e-05        0              3e-05          0              0              
3e-06          0              0              1e-06          1              
3.3e-05        0              3.1e-05        0              0              
3e-06          0              0              1e-06          1              
3.7e-05        0              3.5e-05        0              0              
3e-06          1e-06          0              1e-06          1              
3.4e-05        0              3.1e-05        0              0              
0.000143       0.00014        0              1e-06          1              
0.00016        0.000128       2.9e-05        0              0              
3e-06          0              0              1e-06          1              
3.4e-05        0              3.1e-05        0              0              
4e-06          0              0              1e-06          1              
3.4e-05        0              3.2e-05        0              0              
3e-06          0              0              1e-06          1              
3.4e-05        0              3.1e-05        0              0              
3e-06          0              0              1e-06          1              
3.3e-05        0              3.1e-05        0              0              
3e-06          0              0              1e-06          1              
3e-05          0              2.8e-05        0              0              
3e-06          0              0              1e-06          1              
3.3e-05        0              3e-05          0              0              
3e-06          0              0              1e-06          1              
3.4e-05        0              3.1e-05        0              0              
3e-06          0              0              1e-06          1              
3.3e-05        0              3e-05          0              0              
3e-06          0              0              1e-06          1              
3.3e-05        0              3.1e-05        0              0              
0.000128       0.000126       0              1e-06          1              
0.000165       0.000132       3.1e-05        0              0              
3e-06          0              0              1e-06          1              
3.4e-05        0              3.2e-05        0              0              
3e-06          0              0              1e-06          1              
3.4e-05        0              3.2e-05        0              0              
3e-06          0              0              1e-06          1              
3.3e-05        0              3e-05          0              0              
2e-06          0              0              0              1              
3.3e-05        0              3e-05          0              0              
3e-06          0              0              1e-06          1              
3.5e-05        0              3.2e-05        0              0              
3e-06          0              0              1e-06          1              
3.3e-05        0              3.1e-05        0              0              
3e-06          0              0              1e-06          1              
3.5e-05        0              3.2e-05        0              0              
3e-06          0              0              1e-06          1              
3.8e-05        0              3.5e-05        0              0              
4e-06          0              0              1e-06          1              
3.6e-05        0              3.3e-05        0              0              
0.000147       0.000145       0              1e-06          1              
0.000179       0.000146       3e-05          0              0              
4e-06          0              0              0              1              
3.6e-05        0              3.2e-05        0              0              
3e-06          0              0              1e-06          1              
3.4e-05        0              3.1e-05        0              0              
3e-06          0              0              0              1              
3.4e-05        0              3.1e-05        0              0              
3e-06          0              0              1e-06          1              
3.3e-05        0              3e-05          0              0              
3e-06          0              0              1e-06          1              
4e-05          0              3.6e-05        0              0              
3e-06          0              0              1e-06          1              
3.5e-05        0              3.2e-05        0              0              
3e-06          0              0              1e-06          1              
3.4e-05        0              3.1e-05        0              0              
3e-06          0              0              1e-06          1              
3.5e-05        0              3.2e-05        0              0              
3e-06          0              0              1e-06          1              
3.6e-05        0              3.3e-05        0              0              
0.000151       0.000147       0              1e-06          1              
0.000157       0.000125       3e-05          0              0              
4e-06          0              0              1e-06          1              
3.2e-05        0              3.1e-05        0              0              
3.2e-05        0              3e-05          0              0              
3.2e-05        0              3e-05          0              0              
3.3e-05        0              3.1e-05        0              0              
3.3e-05        0              3.1e-05        0              0              
0.021467       1e-06          0.021465       0              0              
3.3e-05        0              3.1e-05        0              0              
3.2e-05        0              3e-05          0              0              
3.2e-05        1e-06          2.9e-05        0              0              
0.000185       0.000153       3e-05          0              0              
3.1e-05        0              2.9e-05        0              0              
3.1e-05        0              3e-05          0              0              
3.1e-05        0              2.9e-05        0              0              
3e-05          0              2.9e-05        0              0              
3.1e-05        0              3e-05          0              0              
3.1e-05        0              2.9e-05        0              0              
3.1e-05        0              3e-05          0              0              
3.1e-05        1e-06          2.9e-05        0              0              
3.1e-05        0              3e-05          0              0              
0.000184       0.000152       3e-05          0              0              
3.2e-05        0              3e-05          0              0              
3e-05          0              2.8e-05        0              0              
3.2e-05        0              3e-05          0              0              
3.1e-05        0              2.9e-05        0              0              
2e-06          0              0              1e-06          1              
3.1e-05        0              2.9e-05        0              0              
3.2e-05        0              3e-05          0              0              
3.5e-05        1e-06          3e-05          0              0              
3.1e-05        0              2.9e-05        0              0              
3.1e-05        0              2.8e-05        0              0              
0.000183       0.000153       2.8e-05        0              0              
3.2e-05        0              3e-05          0              0              
4e-05          0              3.7e-05        0              0              
3.2e-05        0              3e-05          0              0              
3.1e-05        0              2.9e-05        0              0              
0.040065       0              0.040063       0              0              
4.8e-05        0              4.5e-05        0              0              
9.8e-05        0              9.5e-05        0              0              
9.9e-05        0              9.6e-05        0              0              
0.000137       0              0.000134       0              0              
0.000809       0.000718       8.8e-05        0              0              
0.000135       0              0.000132       0              0              
0.000138       0              0.000135       0              0              
0.000138       0              0.000135       0              0              
0.000138       0              0.000135       0              0              
0.000139       0              0.000136       0              0              
0.00014        0              0.000137       0              0              
0.000137       0              0.000134       0              0              
0.000136       0              0.000133       0              0              
0.000137       0              0.000134       0              0              
0.001024       0.000914       0.000106       0              0              
9.9e-05        0              9.6e-05        0              0              
0.000135       0              0.000132       0              0              
0.000139       0              0.000136       0              0              
0.000138       0              0.000136       0              0              
0.000138       0              0.000135       0              0              
0.000186       0              0.000172       0              0              
0.000139       0              0.000135       0              0              
0.000138       0              0.000136       0              0              
0.000137       0              0.000135       0              0              
0.000838       0.000746       8.9e-05        0              0              
0.000175       0              0.000171       0              0              
0.00014        1e-06          0.000136       0              0              
0.000163       0              0.000159       0              0              
0.00018        0              0.000176       0              0              
0.000157       0              0.000153       0              0              
0.000155       1e-06          0.000152       0              0              
0.00018        0              0.000169       0              0              
9.8e-05        0              9.5e-05        0              0              
0.000142       0              0.000138       0              0              
0.000867       0.000734       0.000129       0              0              
0.00014        0              0.000137       0              0              
0.000137       0              0.000134       0              0              
0.000138       0              0.000135       0              0              
0.000172       0              0.000169       0              0              
0.000157       0              0.000154       0              0              
0.0001         0              9.7e-05        0              0              
0.000135       0              0.000132       0              0              
0.000138       1e-06          0.000135       0              0              
0.000138       0              0.000135       0              0              
0.000906       0.000807       8.9e-05        0              0              
0.000136       0              0.000133       0              0              
0.000138       0              0.000135       0              0              
0.000152       0              0.000149       0              0              
0.000149       0              0.000146       0              0              
0.000184       0              0.000181       0              0              
0.00016        1e-06          0.000157       0              0              
0.000175       0              0.000172       0              0              
0.000139       0              0.000136       0              0              
0.000139       0              0.000136       0              0              
0.000911       0.000811       9.7e-05        0              0              
0.000136       0              0.000133       0              0              
0.000139       0              0.000136       0              0              
0.000138       0              0.000135       0              0              
0.000159       0              0.000156       0              0              
0.000141       0              0.000137       0              0              
0.000139       0              0.000136       0              0              
0.000138       0              0.000134       0              0              
0.000138       0              0.000135       0              0              
0.00014        0              0.000137       0              0              
0.000899       0.000739       0.000156       0              0              
0.000159       0              0.000156       0              0              
0.00014        0              0.000137       0              0              
0.000137       0              0.000134       0              0              
0.000137       0              0.000134       0              0              
0.000185       0              0.000182       0              0              
0.000128       0              0.000124       0              0              
0.000176       0              0.000173       0              0              
0.000169       0              0.000165       0              0              
0.000147       0              0.000144       0              0              
0.000928       0.00077        0.000155       0              0              
0.000125       0              0.000122       0              0              
0.000165       0              0.000155       0              0              
0.000136       0              0.000133       0              0              
0.000149       0              0.000145       0              0              
0.000146       0              0.000143       0              0              
0.000169       0              0.000166       0              0              
0.000169       0              0.000167       0              0              
0.000138       0              0.000135       0              0              
0.000158       0              0.000155       0              0              
0.000888       0.000795       8.9e-05        0              0              
0.00017        0              0.000167       0              0              
0.000147       1e-06          0.000144       0              0              
0.000176       0              0.000173       0              0              
0.000159       1e-06          0.000156       0              0              
0.007492       0              0.007489       0              0              
0.003971       0              0.003968       0              0              
0.000146       0              0.000143       0              0              
0.000138       0              0.000135       0              0              
0.000136       0              0.000133       0              0              
0.007457       0.003043       0.004411       0              0              
0.000147       0              0.000144       0              0              
0.000138       0              0.000135       0              0              
0.000139       0              0.000136       0              0              
0.000136       0              0.000133       0              0              
0.000138       0              0.000135       0              0              
0.000138       0              0.000135       0              0              
0.000137       0              0.000135       0              0              
0.000137       0              0.000134       0              0              
0.000197       1e-06          0.000134       0              0              
0.001529       0.001422       0.000104       0              0              
0.000141       0              0.000137       0              0              
7e-06          0              0              2e-06          1              
0.000137       0              0.000135       0              0              
0.00014        0              0.000136       0              0              
0.015739       0              0.015736       0              0              
0.000145       0              0.000141       0              0              
0.000145       0              0.000142       0              0              
0.000145       1e-06          0.000142       0              0              
0.000143       0              0.00014        0              0              
0.0033         0              0.003297       0              0              
0.007878       0.001811       0.006064       0              0              
0.000136       0              0.000132       0              0              
0.007862       1e-06          0.007859       0              0              
0.003968       0              0.003965       0              0              
0.000139       0              0.000136       0              0              
0.000137       1e-06          0.000133       0              0              
0.000138       0              0.000135       0              0              
0.000137       0              0.000134       0              0              
0.000137       0              0.000134       0              0              
0.000139       0              0.000135       0              0              
0.000864       0.000767       9.4e-05        0              0              
0.000146       0              0.000143       0              0              
0.000138       0              0.000135       0              0              
0.000139       0              0.000135       0              0              
0.005576       0              0.005573       0              0              
0.000136       0              0.000133       0              0              
0.000137       0              0.000134       0              0              
0.000139       0              0.000136       0              0              
0.000138       0              0.000135       0              0              
0.000136       0              0.000133       0              0              
0.000836       0.000731       0.000102       0              0              
0.000135       0              0.000132       0              0              
0.000138       0              0.000134       0              0              
0.000137       0              0.000134       0              0              
0.000136       0              0.000133       0              0              
0.000147       0              0.000144       0              0              
0.000139       0              0.000136       0              0              
0.005226       0              0.005223       0              0              
0.004076       0              0.004073       0              0              
0.000103       0              0.0001         0              0              
0.015727       0.007684       0.00804        0              0              
0.000136       0              0.000133       0              0              
0.000138       0              0.000135       0              0              
0.000136       0              0.000133       0              0              
0.000136       0              0.000133       0              0              
0.000137       0              0.000134       0              0              
0.000139       0              0.000136       0              0              
0.000139       0              0.000136       0              0              
0.000139       0              0.000136       0              0              
0.006635       0              0.006633       0              0              
0.008206       0.008075       0.000128       0              0              
0.000139       0              0.000135       0              0              
0.000138       0              0.000135       0              0              
0.000137       0              0.000134       0              0              
0.000137       1e-06          0.000133       0              0              
0.000137       0              0.000134       0              0              
0.000139       1e-06          0.000136       0              0              
6e-06          0              0              1e-06          1              
0.000141       0              0.000139       0              0              
0.000149       0              0.000146       0              0              
0.003703       0              0.0037         0              0              
0.013762       0.013619       0.000139       0              0              
0.000144       0              0.000141       0              0              
0.000165       0              0.000161       0              0              
0.000158       0              0.000155       0              0              
0.000173       0              0.00017        0              0              
0.000146       0              0.000142       0              0              
0.000167       0              0.000164       0              0              
0.048381       0              0.048373       0              0              
0.000139       0              0.000136       0              0              
0.000139       0              0.000136       0              0              
0.003077       0.002969       0.000104       0              0              
0.000162       0              0.000159       0              0              
0.000153       0              0.000149       0              0              
0.000129       1e-06          0.000126       0              0              
0.000109       0              0.000106       0              0              
0.00011        0              0.000106       0              0              
0.000184       0              0.000181       0              0              
0.000179       0              0.000176       0              0              
0.000144       0              0.000141       0              0              
0.000168       0              0.000165       0              0              
0.012701       0.012563       0.000135       0              0              
0.007346       0              0.007343       0              0              
0.000137       0              0.000133       0              0              
0.000138       0              0.000135       0              0              
0.003635       0              0.003632       0              0              
0.000138       0              0.000135       0              0              
0.011801       0              0.011798       0              0              
0.000137       0              0.000134       0              0              
0.000138       0              0.000135       0              0              
0.000137       0              0.000134       0              0              
0.020076       0.013395       0.006675       0              0              
0.000139       0              0.000136       0              0              
0.003802       0              0.003798       0              0              
0.003968       0              0.003965       0              0              
5e-06          0              0              1e-06          1              
0.000134       0              0.000133       0              0              
0.000137       0              0.000133       0              0              
0.000137       0              0.000134       0              0              
0.000137       0              0.000134       0              0              
0.000137       0              0.000134       0              0              
0.076189       0              0.076184       0              0              
0.003147       0.00301        0.000133       0              0              
0.000139       0              0.000136       0              0              
0.000137       0              0.000134       0              0              
0.000111       0              0.000108       0              0              
0.000158       0              0.000155       0              0              
0.000193       1e-06          0.000171       0              0              
0.00016        0              0.000157       0              0              
0.000138       0              0.000135       0              0              
0.000139       0              0.000136       0              0              
0.000137       0              0.000134       0              0              
0.00329        0.003183       0.000104       0              0              
0.000109       0              0.000106       0              0              
0.000179       0              0.000176       0              0              
0.000202       0              0.000194       0              0              
0.000138       0              0.000135       0              0              
0.00014        1e-06          0.000138       0              0              
0.000139       0              0.000136       0              0              
0.000138       0              0.000136       0              0              
0.000136       0              0.000133       0              0              
0.000138       0              0.000135       0              0              
0.008091       0.007954       0.000133       0              0              
5e-06          0              0              2e-06          1              
0.000138       0              0.000135       0              0              
0.000138       0              0.000135       0              0              
0.072195       0              0.072191       0              0              
0.000139       0              0.000136       0              0              
0.000139       0              0.000136       0              0              
0.000138       0              0.000135       0              0              
0.000138       0              0.000134       0              0              
0.000136       0              0.000133       0              0              
0.000137       0              0.000133       0              0              
0.00325        0.003098       0.000149       0              0              
0.000138       0              0.000135       0              0              
0.000136       0              0.000133       0              0              
0.000111       0              0.000107       0              0              
0.000138       0              0.000135       0              0              
0.006924       0              0.006921       0              0              
0.000136       0              0.000133       0              0              
0.000138       0              0.000135       0              0              
0.000139       0              0.000135       0              0              
0.000138       0              0.000135       0              0              
0.00321        0.003072       0.000134       0              0              
5e-06          0              0              2e-06          1              
4.4e-05        0              3.9e-05        0              0              
3e-06          0              0              1e-06          1              
0.092082       0              0.09208        0              0              
0.000143       0              0.000141       0              0              
2e-06          0              0              1e-06          1              
0.004046       0              0.004044       0              0              
0.00014        0              0.000135       0              0              
4e-06          0              0              2e-06          1              
4.1e-05        0              3.9e-05        0              0              
4e-06          0              0              2e-06          1              
6e-06          0              0              1e-06          1              
4e-05          0              3.9e-05        0              0              
6e-06          0              0              1e-06          1              
4.3e-05        0              4e-05          0              0              
4e-06          0              0              1e-06          1              
3.7e-05        0              3.5e-05        0              0              
0.000184       0.00018        0              1e-06          1              
0.000205       0.000172       3.2e-05        0              0              
4e-06          0              0              1e-06          1              
3e-06          0              0              1e-06          1              
0.004531       0              0.004529       0              0              
6e-06          1e-06          0              2e-06          1              
6e-06          0              0              1e-06          1              
7e-06          0              0              2e-06          1              
0.008033       0              0.008031       0              0              
6e-06          0              0              2e-06          1              
2e-06          0              0              1e-06          1              
6e-06          0              0              1e-06          1              
0.092062       0              0.092058       0              0              
6e-06          0              0              1e-06          1              
5e-06          0              0              2e-06          1              
5e-06          0              0              1e-06          1              
3e-06          0              0              1e-06          1              
0.052136       0              0.052134       0              0              
7e-06          0              0              1e-06          1              
5e-06          0              0              1e-06          1              
5e-06          0              0              1e-06          1              
6e-06          0              0              2e-06          1              
4e-06          0              0              1e-06          1              
0.092165       0              0.09216        0              0              
0.000132       1e-06          0.000128       0              0              
0.00013        0              0.000126       0              0              
0.000132       0              0.000128       0              0              
5e-06          0              0              2e-06          1              
0.076059       1e-06          0.076057       0              0              
0.000294       0.000291       0              1e-06          1              
0.000316       0.000278       3.7e-05        0              0              
0.07631        0              0.076306       0              0              
0.00013        0              0.000127       0              0              
0.000129       0              0.000126       0              0              
0.000133       0              0.000129       0              0              
5e-06          0              0              2e-06          1              
0.108184       0              0.108182       0              0              
0.000141       1e-06          0.000138       0              0              
0.028623       0              0.028619       0              0              
6e-06          0              0              1e-06          1              
0.084286       0              0.084284       0              0              
0.000134       0              0.00013        0              0              
0.005824       0.005818       0              1e-06          1              
0.102834       0.102687       0.000124       0              0              
7e-06          0              0              2e-06          1              
0.00013        0              0.000128       0              0              
6e-06          1e-06          0              2e-06          1              
0.000131       0              0.000128       0              0              
6e-06          0              0              2e-06          1              
0.000133       0              0.000128       0              0              
6e-06          0              0              2e-06          1              
0.000133       0              0.00013        0              0              
6e-06          0              0              2e-06          1              
0.032116       0              0.03211        0              0              
5e-06          0              0              2e-06          1              
5e-06          0              0              1e-06          1              
0.044126       1e-06          0.044124       0              0              
5e-06          0              0              1e-06          1              
3e-06          0              0              1e-06          1              
5e-06          0              0              1e-06          1              
0.10019        0              0.100186       0              0              
5e-06          0              0              1e-06          1              
4e-06          0              0              1e-06          1              
6e-06          0              0              1e-06          1              
0.028199       0              0.028197       0              0              
4e-06          0              0              2e-06          1              
4e-06          0              0              2e-06          1              
3e-06          0              0              1e-06          1              
6e-06          0              0              1e-06          1              
5e-06          0              0              2e-06          1              
5e-06          0              0              1e-06          1              
3e-06          0              0              1e-06          1              
0.120564       0              0.120562       0              0              
0.016229       0.016223       0              2e-06          1              
0.020684       0.020677       0              1e-06          1              
0.002509       0.002504       0              2e-06          1              
0.005717       0.005711       0              2e-06          1              
0.009285       0.009278       0              2e-06          1              
0.008229       0.008223       0              1e-06          1              
0.008319       0.00828        3.4e-05        0              0              
4e-06          0              0              1e-06          1              
2e-06          0              0              0              1              
4.6e-05        0              4.5e-05        0              0              
0.12019        0              0.120188       0              0              
0.000133       0              0.000129       0              0              
0.000132       0              0.000129       0              0              
5e-06          0              0              1e-06          1              
4.7e-05        0              4.2e-05        0              0              
3e-06          0              0              1e-06          1              
0.000131       0              0.000127       0              0              
4e-06          0              0              0              1              
0.028464       0              0.028459       0              0              
5e-06          1e-06          0              1e-06          1              
5e-06          0              0              1e-06          1              
0.052115       0              0.052109       0              0              
5e-06          0              0              1e-06          1              
0.000132       0              0.000128       0              0              
0.009574       0.009569       0              1e-06          1              
0.005973       0.005967       0              2e-06          1              
0.070756       0.07075        0              2e-06          1              
0.009307       0.002329       0.006974       0              0              
6e-06          0              0              1e-06          1              
5e-06          0              0              1e-06          1              
0.060135       0              0.060132       0              0              
6e-06          0              0              1e-06          1              
5e-06          0              0              1e-06          1              
0.00013        0              0.000128       0              0              
5e-06          1e-06          0              1e-06          1              
4e-06          0              0              1e-06          1              
5e-06          0              0              1e-06          1              
5e-06          0              0              1e-06          1              
0.000131       0              0.000126       0              0              
4e-06          0              0              0              1              
7e-06          0              0              1e-06          1              
5e-06          0              0              1e-06          1              
3e-06          0              0              1e-06          1              
5e-06          0              0              1e-06          1              
6e-06          0              0              1e-06          1              
7e-06          0              0              2e-06          1              
0.008116       0              0.008112       0              0              
6e-06          0              0              1e-06          1              
6e-06          0              0              2e-06          1              
5e-06          0              0              1e-06          1              
5e-06          0              0              1e-06          1              
0.004078       0              0.004073       0              0              
4e-06          0              0              1e-06          1              
0.000133       0              0.00013        0              0              
4.5e-05        1e-06          4e-05          0              0              
3.5e-05        0              3.3e-05        0              0              
6e-06          1e-06          0              2e-06          1              
2e-06          0              0              1e-06          1              
0.088135       0              0.088132       0              0              
0.000836       0.00071        0.000122       0              0              
0.000134       0              0.000129       0              0              
0.008087       0              0.008082       0              0              
5e-06          0              0              2e-06          1              
0.000152       0              0.000147       0              0              
0.000147       0              0.000142       0              0              
7e-06          0              0              2e-06          1              
0.000137       0              0.000135       0              0              
0.037172       0              0.037167       0              0              
7e-06          0              0              2e-06          1              
3e-06          0              0              1e-06          1              
0.000129       0              0.000127       0              0              
0.028657       0              0.028652       0              0              
0.000132       0              0.000129       0              0              
0.000325       0.00032        0              2e-06          1              
0.066663       0.066543       0.000116       0              0              
0.000122       0              0.000119       0              0              
4e-05          0              3.8e-05        0              0              
3e-06          0              0              2e-06          1              
0.056123       0              0.05612        0              0              
0.00013        0              0.000126       0              0              
5e-06          0              0              2e-06          1              
0.060181       0              0.060177       0              0              
0.000134       0              0.00013        0              0              
5e-06          1e-06          0              2e-06          1              
6e-06          0              0              1e-06          1              
0.032129       0              0.032127       0              0              
0.000132       0              0.000127       0              0              
6e-06          0              0              1e-06          1              
0.000129       0              0.000127       0              0              
0.058768       0.058642       0.000122       0              0              
7e-06          0              0              2e-06          1              
0.004035       0              0.004034       0              0              
0.000131       0              0.000127       0              0              
6e-06          0              0              1e-06          1              
0.080179       0              0.080178       0              0              
0.000128       0              0.000125       0              0              
6e-06          1e-06          0              2e-06          1              
5e-06          0              0              2e-06          1              
6e-06          0              0              2e-06          1              
3e-06          0              0              1e-06          1              
5e-06          0              0              1e-06          1              
7e-06          0              0              2e-06          1              
7e-06          0              0              2e-06          1              
4e-06          0              0              1e-06          1              
3e-06          0              0              1e-06          1              
3e-06          0              0              0              1              
5e-06          0              0              1e-06          1              
7e-06          0              0              2e-06          1              
6e-06          1e-06          0              2e-06          1              
3e-06          0              0              1e-06          1              
4e-06          0              0              1e-06          1              
3e-06          0              0              1e-06          1              
3e-06          0              0              1e-06          1              
4e-06          0              0              2e-06          1              
6e-06          0              0              2e-06          1              
2e-06          0              0              1e-06          1              
6e-06          0              0              2e-06          1              
4e-06          0              0              2e-06          1              
6e-06          0              0              2e-06          1              
6e-06          0              0              2e-06          1              
7e-06          0              0              2e-06          1              
4e-06          0              0              1e-06          1              
3e-06          0              0              1e-06          1              
4e-06          0              0              1e-06          1              
4e-06          0              0              1e-06          1              
4e-06          0              0              1e-06          1              
7e-06          0              0              2e-06          1              
5e-06          0              0              2e-06          1              
5e-06          0              0              2e-06          1              
5e-06          0              0              3e-06          1              
4e-06          0              0              1e-06          1              
3e-06          0              0              1e-06          1              
6e-06          1e-06          0              2e-06          1              
4e-06          0              0              1e-06          1              
4e-06          0              0              1e-06          1              
4e-06          0              0              2e-06          1              
3e-06          0              0              1e-06          1              
4e-06          0              0              1e-06          1              
4e-06          0              0              1e-06          1              
2e-06          0              0              1e-06          1              
3e-06          0              0              1e-06          1              
5e-06          1e-06          0              2e-06          1              
4e-06          0              0              1e-06          1              
3e-06          0              0              1e-06          1              
4e-06          0              0              1e-06          1              
5e-06          1e-06          0              2e-06          1              
5e-06          0              0              2e-06          1              
4e-06          0              0              1e-06          1              
2e-06          0              0              1e-06          1              
5e-06          0              0              1e-06          1              
6e-06          0              0              2e-06          1              
3e-06          0              0              1e-06          1              
2e-06          0              0              1e-06          1              
6e-06          1e-06          0              2e-06          1              
3e-06          0              0              1e-06          1              
3e-06          0              0              1e-06          1              
3e-06          0              0              0              1              
4e-06          0              0              1e-06          1              
6e-06          0              0              2e-06          1              
6e-06          0              0              1e-06          1              
4e-06          0              0              1e-06          1              
3e-06          0              0              1e-06          1              
5e-06          0              0              1e-06          1              
5e-06          0              0              1e-06          1              
6e-06          0              0              1e-06          1              
6e-06          0              0              1e-06          1              
5e-06          0              0              1e-06          1              
6e-06          0              0              1e-06          1              
4e-06          0              0              1e-06          1              
3e-06          0              0              1e-06          1              
2e-06          0              0              1e-06          1              
2e-06          0              0              1e-06          1              
6e-06          0              0              1e-06          1              
4e-06          0              0              1e-06          1              
5e-06          0              0              1e-06          1              
4e-06          0              0              1e-06          1              
6e-06          0              0              2e-06          1              
6e-06          0              0              2e-06          1              
4e-06          0              0              0              1              
5e-06          0              0              1e-06          1              
6e-06          0              0              1e-06          1              
6e-06          0              0              2e-06          1              
6e-06          0              0              0              1              
4e-06          0              0              1e-06          1              
5e-06          0              0              1e-06          1              
4e-06          0              0              1e-06          1              
2e-06          0              0              1e-06          1              
2e-06          0              0              1e-06          1              
5e-06          0              0              1e-06          1              
3e-06          0              0              0              1              
3e-06          0              0              1e-06          1              
3e-06          0              0              1e-06          1              
6e-06          0              0              1e-06          1              
4e-06          0              0              1e-06          1              
4e-06          0              0              1e-06          1              
5e-06          0              0              1e-06          1              
4e-06          0              0              1e-06          1              
3e-06          0              0              1e-06          1              
3e-06          0              0              1e-06          1              
4e-06          0              0              2e-06          1              
3e-06          0              0              1e-06          1              
4e-06          0              0              1e-06          1              
4e-06          0              0              1e-06          1              
3e-06          0              0              0              1              
4e-06          0              0              2e-06          1              
5e-06          0              0              2e-06          1              
6e-06          0              0              2e-06          1              
6e-06          0              0              2e-06          1              
6e-06          0              0              2e-06          1              
4e-06          0              0              1e-06          1              
5e-06          0              0              2e-06          1              
4e-06          1e-06          0              1e-06          1              
7e-06          0              0              2e-06          1              
6e-06          0              0              1e-06          1              
1e-05          0              0              5e-06          1              
6e-06          0              0              2e-06          1              
5e-06          0              0              2e-06          1              
4e-06          0              0              1e-06          1              
4e-06          0              0              1e-06          1              
5e-06          0              0              2e-06          1              
4e-06          0              0              2e-06          1              
6e-06          0              0              2e-06          1              
4e-06          0              0              2e-06          1              
3e-06          0              0              1e-06          1              
4e-06          0              0              1e-06          1              
2e-06          0              0              1e-06          1              
4e-06          0              0              1e-06          1              
7e-06          0              0              2e-06          1              
7e-06          0              0              2e-06          1              
6e-06          0              0              2e-06          1              
4e-06          0              0              1e-06          1              
6e-06          0              0              2e-06          1              
5e-06          1e-06          0              1e-06          1              
4e-06          0              0              1e-06          1              
4e-06          0              0              1e-06          1              
3e-06          0              0              1e-06          1              
4e-06          0              0              1e-06          1              
3e-06          0              0              1e-06          1              
5e-06          0              0              2e-06          1              
5e-06          0              0              2e-06          1              
4e-06          0              0              1e-06          1              
5e-06          0              0              2e-06          1              
5e-06          0              0              2e-06          1              
8e-06          0              0              2e-06          1              
6e-06          0              0              1e-06          1              
7e-06          0              0              2e-06          1              
7e-06          0              0              1e-06          1              
6e-06          0              0              2e-06          1              
6e-06          0              0              2e-06          1              
6e-06          0              0              2e-06          1              
6e-06          0              0              2e-06          1              
6e-06          0              0              1e-06          1              
6e-06          0              0              2e-06          1              
6e-06          0              0              2e-06          1              
6e-06          1e-06          0              2e-06          1              
6e-06          0              0              1e-06          1              
6e-06          0              0              2e-06          1              
6e-06          0              0              2e-06          1              
6e-06          0              0              2e-06          1              
6e-06          0              0              2e-06          1              
7e-06          0              0              1e-06          1              
6e-06          0              0              1e-06          1              
6e-06          1e-06          0              2e-06          1              
6e-06          0              0              2e-06          1              
6e-06          0              0              2e-06          1              
6e-06          1e-06          0              2e-06          1              
5e-06          0              0              1e-06          1              
6e-06          0              0              2e-06          1              
6e-06          0              0              2e-06          1              
6e-06          0              0              2e-06          1              
7e-06          0              0              2e-06          1              
6e-06          0              0              1e-06          1              
5e-06          0              0              1e-06          1              
6e-06          0              0              2e-06          1              
6e-06          0              0              2e-06          1              
6e-06          0              0              1e-06          1              
5e-06          0              0              1e-06          1              
6e-06          0              0              2e-06          1              
6e-06          0              0              2e-06          1              
7e-06          0              0              2e-06          1              
7e-06          0              0              2e-06          1              
6e-06          0              0              1e-06          1              
7e-06          0              0              2e-06          1              
6e-06          0              0              2e-06          1              
4e-06          1e-06          0              1e-06          1              
7e-06          0              0              2e-06          1              
6e-06          0              0              2e-06          1              
6e-06          0              0              1e-06          1              
6e-06          0              0              2e-06          1              
6e-06          0              0              2e-06          1              
6e-06          0              0              2e-06          1              
6e-06          0              0              1e-06          1              
6e-06          1e-06          0              2e-06          1              
4e-06          0              0              1e-06          1              
6e-06          0              0              2e-06          1              
5e-06          0              0              2e-06          1              
6e-06          0              0              1e-06          1              
6e-06          0              0              2e-06          1              
7e-06          0              0              2e-06          1              
7e-06          0              0              2e-06          1              
7e-06          0              0              2e-06          1              
6e-06          0              0              2e-06          1              
4e-06          1e-06          0              1e-06          1              
6e-06          0              0              2e-06          1              
7e-06          0              0              2e-06          1              
6e-06          1e-06          0              2e-06          1              
4e-06          0              0              1e-06          1              
6e-06          0              0              2e-06          1              
7e-06          0              0              2e-06          1              
7e-06          0              0              2e-06          1              
4e-06          0              0              1e-06          1              
3e-06          1e-06          0              1e-06          1              
7e-06          0              0              2e-06          1              
4e-06          1e-06          0              1e-06          1              
4e-06          0              0              1e-06          1              
4e-06          0              0              1e-06          1              
3e-06          0              0              1e-06          1              
5e-06          0              0              1e-06          1              
4e-06          0              0              1e-06          1              
6e-06          0              0              1e-06          1              
5e-06          0              0              1e-06          1              
4e-06          0              0              1e-06          1              
6e-06          0              0              2e-06          1              
4e-06          0              0              1e-06          1              
5e-06          0              0              2e-06          1              
4e-06          0              0              1e-06          1              
4e-06          0              0              2e-06          1              
4e-06          0              0              2e-06          1              
5e-06          0              0              2e-06          1              
4e-06          0              0              1e-06          1              
4e-06          0              0              2e-06          1              
8e-06          0              0              2e-06          1              
4e-06          0              0              1e-06          1              
4e-06          0              0              1e-06          1              
5e-06          0              0              1e-06          1              
4e-06          0              0              1e-06          1              
3e-06          0              0              1e-06          1              
6e-06          0              0              2e-06          1              
3e-06          0              0              1e-06          1              
5e-06          0              0              1e-06          1              
4e-06          0              0              1e-06          1              
7e-06          0              0              1e-06          1              
5e-06          0              0              1e-06          1              
4e-06          0              0              1e-06          1              
4e-06          0              0              2e-06          1              
5e-06          0              0              2e-06          1              
4e-06          0              0              2e-06          1              
4e-06          0              0              1e-06          1              
6e-06          0              0              1e-06          1              
4e-06          0              0              1e-06          1              
4e-06          0              0              1e-06          1              
6e-06          0              0              2e-06          1              
4e-06          0              0              1e-06          1              
