JobID          Runtime        getDevice      getProgram     runProgram     startTime_s    startTime_us   endTime_s      endTime_us     violation      0
-1             0.802019       7e-05          0.801698       0.000246       1544121527     318599         1544121528     120618         0              
-1             0.000318       3.6e-05        3.7e-05        0.000241       1544121529     450875         1544121529     451193         0              
-1             0.00031        3.2e-05        2.7e-05        0.000247       1544121529     525587         1544121529     525897         0              
-1             0.000353       8.1e-05        2.8e-05        0.000241       1544121529     600316         1544121529     600669         0              
-1             0.000305       3.2e-05        2.8e-05        0.000241       1544121529     675023         1544121529     675328         0              
0              0.000529       0.000145       2.9e-05        0.000343       1544121539     759694         1544121539     760223         0              
1              0.000449       8.6e-05        2.5e-05        0.000329       1544121539     768230         1544121539     768679         0              
2              0.000428       9.1e-05        2.8e-05        0.000301       1544121539     783099         1544121539     783527         0              
3              0.000406       7.7e-05        2.6e-05        0.000293       1544121539     788080         1544121539     788486         0              
4              0.000479       7.8e-05        9.4e-05        0.000298       1544121539     824163         1544121539     824642         0              
5              0.000468       0.000128       2.6e-05        0.000305       1544121539     841417         1544121539     841885         0              
6              0.00041        7.8e-05        2.6e-05        0.000297       1544121539     848777         1544121539     849187         0              
7              0.000423       8.1e-05        2.7e-05        0.000308       1544121539     862426         1544121539     862849         0              
8              0.000402       7.6e-05        2.4e-05        0.000293       1544121539     864077         1544121539     864479         0              
9              0.000409       7.8e-05        2.5e-05        0.000296       1544121539     875225         1544121539     875634         0              
10             0.000409       7.8e-05        2.6e-05        0.000297       1544121539     883423         1544121539     883832         0              
11             0.000414       7.5e-05        2.4e-05        0.000305       1544121539     885561         1544121539     885975         0              
12             0.00041        7.8e-05        2.5e-05        0.000298       1544121539     931501         1544121539     931911         0              
13             0.000421       8.5e-05        2.5e-05        0.000302       1544121539     937554         1544121539     937975         0              
14             0.000411       0.00012        2.2e-05        0.000264       1544121539     955208         1544121539     955619         0              
15             0.000408       7.9e-05        2.6e-05        0.000294       1544121539     955965         1544121539     956373         0              
16             0.000372       7.2e-05        2.3e-05        0.000268       1544121539     986932         1544121539     987304         0              
17             0.00042        8.1e-05        2.5e-05        0.000304       1544121539     992263         1544121539     992683         0              
18             0.000389       7.7e-05        2.4e-05        0.000281       1544121540     3901           1544121540     4290           0              
19             0.00039        7.6e-05        2.4e-05        0.000282       1544121540     10926          1544121540     11316          0              
20             0.000405       7.8e-05        2.4e-05        0.000294       1544121540     12047          1544121540     12452          0              
21             0.000412       8.1e-05        2.6e-05        0.000295       1544121540     16218          1544121540     16630          0              
22             0.000421       8.1e-05        2.6e-05        0.000297       1544121540     22174          1544121540     22595          0              
23             0.000423       0.000116       2.2e-05        0.000277       1544121540     50427          1544121540     50850          0              
24             0.000384       7.4e-05        2.4e-05        0.000278       1544121540     54587          1544121540     54971          0              
25             0.000384       7.1e-05        2.3e-05        0.000281       1544121540     57060          1544121540     57444          0              
26             0.000413       7.8e-05        2.5e-05        0.000301       1544121540     61233          1544121540     61646          0              
27             0.000418       7.7e-05        2.5e-05        0.000307       1544121540     69591          1544121540     70009          0              
28             0.000407       7.7e-05        2.5e-05        0.000297       1544121540     81311          1544121540     81718          0              
29             0.000407       7.8e-05        2.6e-05        0.000295       1544121540     92281          1544121540     92688          0              
30             0.000411       8.1e-05        2.5e-05        0.000296       1544121540     104235         1544121540     104646         0              
31             0.000421       7.5e-05        2.4e-05        0.000312       1544121540     105419         1544121540     105840         0              
32             0.000437       6.7e-05        7e-05          0.000292       1544121540     105990         1544121540     106427         0              
33             0.000462       0.000122       2.5e-05        0.000306       1544121540     109421         1544121540     109883         0              
34             0.000409       7.8e-05        2.6e-05        0.000297       1544121540     116841         1544121540     117250         0              
35             0.000414       8.3e-05        2.5e-05        0.000298       1544121540     132980         1544121540     133394         0              
36             0.000425       7.9e-05        3.3e-05        0.000298       1544121540     154173         1544121540     154598         0              
37             0.000691       0.000357       2.6e-05        0.000296       1544121540     154372         1544121540     155063         0              
38             0.000851       0.00049        2.4e-05        0.000327       1544121540     154646         1544121540     155497         0              
39             0.000404       7.7e-05        2.5e-05        0.000294       1544121540     155616         1544121540     156020         0              
40             0.000416       7.7e-05        2.5e-05        0.000305       1544121540     168071         1544121540     168487         0              
41             0.00041        8.1e-05        2.5e-05        0.000294       1544121540     170585         1544121540     170995         0              
42             0.005144       0.000129       2.6e-05        0.004981       1544121540     174333         1544121540     179477         0              
43             0.002687       8.4e-05        2.5e-05        0.002563       1544121540     180450         1544121540     183137         0              
44             0.002353       0.002018       3.1e-05        0.000295       1544121540     181190         1544121540     183543         0              
45             0.000389       6.3e-05        2.5e-05        0.000292       1544121540     184379         1544121540     184768         0              
46             0.000402       7.5e-05        2.4e-05        0.000294       1544121540     184865         1544121540     185267         0              
47             0.000337       6.5e-05        2e-05          0.000247       1544121540     193299         1544121540     193636         0              
48             0.000413       8.1e-05        2.5e-05        0.000297       1544121540     204711         1544121540     205124         0              
49             0.000389       7.7e-05        2.4e-05        0.000279       1544121540     205834         1544121540     206223         0              
50             0.000402       7.5e-05        2.4e-05        0.000294       1544121540     207876         1544121540     208278         0              
51             0.00046        8.1e-05        7.4e-05        0.000296       1544121540     218274         1544121540     218734         0              
52             0.006272       8.4e-05        2.6e-05        0.00615        1544121540     221751         1544121540     228023         0              
53             0.00892        0.00543        2.8e-05        0.003447       1544121540     222765         1544121540     231685         0              
54             0.000583       0.000249       3.2e-05        0.000294       1544121540     231486         1544121540     232069         0              
55             0.000332       6.4e-05        2e-05          0.000241       1544121540     245348         1544121540     245680         0              
56             0.000414       8.2e-05        2.6e-05        0.000298       1544121540     253897         1544121540     254311         0              
57             0.000372       7.3e-05        2.3e-05        0.000268       1544121540     258756         1544121540     259128         0              
58             0.000426       9.5e-05        2.6e-05        0.000297       1544121540     266321         1544121540     266747         0              
59             0.00039        7.7e-05        2.4e-05        0.000281       1544121540     270538         1544121540     270928         0              
60             0.000496       8.3e-05        7.3e-05        0.000331       1544121540     274681         1544121540     275177         0              
61             0.000465       0.000135       2.6e-05        0.000294       1544121540     278766         1544121540     279231         0              
62             0.000403       7.6e-05        2.5e-05        0.000294       1544121540     280505         1544121540     280908         0              
63             0.000424       7.9e-05        3.8e-05        0.000299       1544121540     281689         1544121540     282113         0              
64             0.000425       8.1e-05        2.6e-05        0.00031        1544121540     301408         1544121540     301833         0              
65             0.000434       8.3e-05        2.6e-05        0.000318       1544121540     313427         1544121540     313861         0              
66             0.000413       7.7e-05        2.5e-05        0.000302       1544121540     315619         1544121540     316032         0              
67             0.000427       9.1e-05        3.3e-05        0.000294       1544121540     318908         1544121540     319335         0              
68             0.00041        7.9e-05        2.4e-05        0.000298       1544121540     320378         1544121540     320788         0              
69             0.000446       8.3e-05        2.5e-05        0.000329       1544121540     330543         1544121540     330989         0              
70             0.000472       8.2e-05        7.4e-05        0.000307       1544121540     337075         1544121540     337547         0              
71             0.000459       0.00013        2.6e-05        0.000294       1544121540     338927         1544121540     339386         0              
72             0.000439       8e-05          2.3e-05        0.000326       1544121540     339632         1544121540     340071         0              
73             0.000408       7.9e-05        2.6e-05        0.000294       1544121540     342106         1544121540     342514         0              
74             0.000416       7.8e-05        2.6e-05        0.000303       1544121540     355339         1544121540     355755         0              
75             0.000411       8.2e-05        2.5e-05        0.000296       1544121540     376759         1544121540     377170         0              
76             0.000408       7.8e-05        2.7e-05        0.000293       1544121540     377967         1544121540     378375         0              
77             0.000402       7.6e-05        2.4e-05        0.000292       1544121540     381334         1544121540     381736         0              
78             0.000407       7.8e-05        2.6e-05        0.000296       1544121540     392353         1544121540     392760         0              
79             0.000404       7.7e-05        2.5e-05        0.000293       1544121540     396471         1544121540     396875         0              
80             0.00047        8.9e-05        7.6e-05        0.000297       1544121540     437060         1544121540     437530         0              
81             0.000461       0.00013        2.6e-05        0.000296       1544121540     446581         1544121540     447042         0              
82             0.000413       8.2e-05        2.6e-05        0.000298       1544121540     472710         1544121540     473123         0              
83             0.000416       8.6e-05        2.5e-05        0.000297       1544121540     484342         1544121540     484758         0              
84             0.000413       8.3e-05        2.5e-05        0.000296       1544121540     510968         1544121540     511381         0              
85             0.000415       8.3e-05        2.6e-05        0.000297       1544121540     529846         1544121540     530261         0              
86             0.000411       8.2e-05        2.5e-05        0.000296       1544121540     543773         1544121540     544184         0              
87             0.000425       8.1e-05        2.6e-05        0.000308       1544121540     549668         1544121540     550093         0              
88             0.000424       8.2e-05        2.6e-05        0.000307       1544121540     562790         1544121540     563214         0              
89             0.000415       8.6e-05        2.6e-05        0.000294       1544121540     566009         1544121540     566424         0              
90             0.000461       8.1e-05        7.3e-05        0.000297       1544121540     571848         1544121540     572309         0              
91             0.000419       8.1e-05        2.6e-05        0.000303       1544121540     591498         1544121540     591917         0              
92             0.000411       8.3e-05        2.5e-05        0.000294       1544121540     593832         1544121540     594243         0              
93             0.000454       8.2e-05        2.3e-05        0.000339       1544121540     597598         1544121540     598052         0              
94             0.000417       8.4e-05        2.6e-05        0.000298       1544121540     609941         1544121540     610358         0              
95             0.00042        8.1e-05        2.6e-05        0.000304       1544121540     619571         1544121540     619991         0              
96             0.000443       8.2e-05        2.4e-05        0.000328       1544121540     622501         1544121540     622944         0              
97             0.000415       8.3e-05        2.6e-05        0.000297       1544121540     642636         1544121540     643051         0              
98             0.000407       7.9e-05        2.5e-05        0.000295       1544121540     644727         1544121540     645134         0              
99             0.000634       0.000114       9.6e-05        0.000396       1544121540     647163         1544121540     647797         0              
