JobID          Runtime        getDevice      getProgram     runProgram     startTime_s    startTime_us   endTime_s      endTime_us     violation      0
-1             1.26108        0.000919       1.24957        0.010583       1544121526     57468          1544121527     318549         0              
-1             0.010606       7.1e-05        3.1e-05        0.010499       1544121529     440250         1544121529     450856         0              
-1             0.010551       3.5e-05        2.6e-05        0.010485       1544121529     515019         1544121529     525570         0              
-1             0.010615       3.4e-05        9.1e-05        0.010485       1544121529     589684         1544121529     600299         0              
-1             0.010556       3.5e-05        2.6e-05        0.010491       1544121529     664449         1544121529     675005         0              
0              0.011128       9.2e-05        7.6e-05        0.010951       1544121539     939432         1544121539     950560         0              
1              0.011185       8.4e-05        7.3e-05        0.01102        1544121540     23548          1544121540     34733          0              
2              0.011637       7.9e-05        7.3e-05        0.011477       1544121540     171125         1544121540     182762         0              
3              0.011707       0.000132       2.5e-05        0.011544       1544121540     219639         1544121540     231346         0              
4              0.011058       0.000136       2.6e-05        0.010887       1544121540     579223         1544121540     590281         0              
5              0.011057       0.000129       2.8e-05        0.010891       1544121540     750458         1544121540     761515         0              
6              0.01101        7.8e-05        2.6e-05        0.010896       1544121540     822788         1544121540     833798         0              
7              0.010998       7.8e-05        2.5e-05        0.010885       1544121540     958131         1544121540     969129         0              
8              0.010859       7.8e-05        2.5e-05        0.010748       1544121540     973310         1544121540     984169         0              
9              0.011015       8.7e-05        2.6e-05        0.010894       1544121541     83530          1544121541     94545          0              
10             0.011022       8.6e-05        2.6e-05        0.010902       1544121541     164261         1544121541     175283         0              
11             0.011008       8.6e-05        2.6e-05        0.010887       1544121541     184364         1544121541     195372         0              
12             0.011017       8.7e-05        2.8e-05        0.010893       1544121541     642516         1544121541     653533         0              
13             0.01099        9.4e-05        2.6e-05        0.010862       1544121541     701759         1544121541     712749         0              
14             0.011064       0.000137       2.6e-05        0.010888       1544121541     876852         1544121541     887916         0              
15             0.01537        0.0046         2.8e-05        0.010736       1544121541     883394         1544121541     898764         0              
16             0.011007       8.7e-05        2.5e-05        0.010886       1544121542     191791         1544121542     202798         0              
17             0.010999       8.7e-05        2.6e-05        0.010879       1544121542     243759         1544121542     254758         0              
18             0.011011       8.6e-05        2.5e-05        0.010891       1544121542     358813         1544121542     369824         0              
19             0.0112         0.000537       4.6e-05        0.010605       1544121542     427693         1544121542     438893         0              
20             0.013781       0.001287       2.7e-05        0.012459       1544121542     437686         1544121542     451467         0              
21             0.010694       7.1e-05        2.1e-05        0.010594       1544121542     477855         1544121542     488549         0              
22             0.011004       8.7e-05        2.5e-05        0.010882       1544121542     536415         1544121542     547419         0              
23             0.011018       0.000137       2.4e-05        0.010848       1544121542     818073         1544121542     829091         0              
24             0.011008       8.8e-05        2.6e-05        0.010886       1544121542     858398         1544121542     869406         0              
25             0.011003       8.6e-05        2.6e-05        0.010882       1544121542     881885         1544121542     892888         0              
26             0.011023       8.7e-05        2.6e-05        0.010901       1544121542     922226         1544121542     933249         0              
27             0.011008       8.6e-05        2.7e-05        0.010886       1544121543     4504           1544121543     15512          0              
28             0.01101        8.8e-05        2.6e-05        0.010887       1544121543     120407         1544121543     131417         0              
29             0.010998       8.6e-05        2.6e-05        0.010877       1544121543     228817         1544121543     239815         0              
30             0.01101        8.6e-05        2.6e-05        0.010885       1544121543     347047         1544121543     358057         0              
31             0.011463       0.000514       2.8e-05        0.010909       1544121543     357621         1544121543     369084         0              
32             0.017392       0.006705       7.9e-05        0.010602       1544121543     362449         1544121543     379841         0              
33             0.010738       0.000118       2.1e-05        0.010594       1544121543     395476         1544121543     406214         0              
34             0.011011       8.7e-05        2.6e-05        0.010889       1544121543     468366         1544121543     479377         0              
35             0.011017       8.7e-05        2.6e-05        0.010895       1544121543     628459         1544121543     639476         0              
36             0.011059       8.7e-05        2.5e-05        0.010933       1544121543     839387         1544121543     850446         0              
37             0.020957       0.010428       2.5e-05        0.010493       1544121543     840077         1544121543     861034         0              
38             0.031973       0.019855       2.1e-05        0.012087       1544121543     841242         1544121543     873215         0              
39             0.034194       0.023665       2.3e-05        0.010499       1544121543     849608         1544121543     883802         0              
40             0.010993       8.7e-05        2.6e-05        0.010873       1544121543     972898         1544121543     983891         0              
41             0.010616       6.7e-05        2.1e-05        0.010521       1544121543     996497         1544121544     7113           0              
42             0.011033       8e-05          8.1e-05        0.010864       1544121544     32753          1544121544     43786          0              
43             0.037827       8.6e-05        2.5e-05        0.037703       1544121544     92553          1544121544     130380         0              
44             0.043741       0.031595       2.9e-05        0.012107       1544121544     98857          1544121544     142598         0              
45             0.023841       0.013179       2.7e-05        0.010625       1544121544     129484         1544121544     153325         0              
46             0.030841       0.02027        2.3e-05        0.01054        1544121544     133117         1544121544     163958         0              
47             0.011004       8.1e-05        2.4e-05        0.01089        1544121544     216025         1544121544     227029         0              
48             0.011002       8.6e-05        2.6e-05        0.010877       1544121544     328781         1544121544     339783         0              
49             0.011911       0.000992       2.7e-05        0.010883       1544121544     338868         1544121544     350779         0              
50             0.010994       8.5e-05        2.5e-05        0.010875       1544121544     357905         1544121544     368899         0              
51             0.011069       9.1e-05        7.8e-05        0.010891       1544121544     460551         1544121544     471620         0              
52             0.010916       0.000132       2.4e-05        0.010748       1544121544     494305         1544121544     505221         0              
53             0.013327       0.002408       2.7e-05        0.010883       1544121544     502889         1544121544     516216         0              
54             0.027496       9e-05          2.5e-05        0.027372       1544121544     589304         1544121544     616800         0              
55             0.010994       8.9e-05        2.5e-05        0.010871       1544121544     726440         1544121544     737434         0              
56             0.011034       9.5e-05        3.2e-05        0.010898       1544121544     810838         1544121544     821872         0              
57             0.010995       8.6e-05        2.6e-05        0.010874       1544121544     857833         1544121544     868828         0              
58             0.011003       8.7e-05        2.5e-05        0.010882       1544121544     932252         1544121544     943255         0              
59             0.010983       8.1e-05        2.4e-05        0.010869       1544121544     973094         1544121544     984077         0              
60             0.010993       8e-05          7.6e-05        0.010828       1544121545     13082          1544121545     24075          0              
61             0.011086       0.000137       2.6e-05        0.010913       1544121545     52517          1544121545     63603          0              
62             0.011004       8.6e-05        2.6e-05        0.01088        1544121545     68764          1544121545     79768          0              
63             0.011344       0.000713       2.3e-05        0.010601       1544121545     79114          1544121545     90458          0              
64             0.011003       8.7e-05        2.6e-05        0.010882       1544121545     274925         1544121545     285928         0              
65             0.011002       9.8e-05        2.6e-05        0.01087        1544121545     393754         1544121545     404756         0              
66             0.010999       8.5e-05        2.6e-05        0.010878       1544121545     414547         1544121545     425546         0              
67             0.011017       8.6e-05        2.5e-05        0.010896       1544121545     445883         1544121545     456900         0              
68             0.010806       8.5e-05        2.6e-05        0.010688       1544121545     459241         1544121545     470047         0              
69             0.011031       8.6e-05        2.6e-05        0.01091        1544121545     559459         1544121545     570490         0              
70             0.011063       8.6e-05        7.6e-05        0.010891       1544121545     623391         1544121545     634454         0              
71             0.011057       0.000134       2.6e-05        0.010883       1544121545     640515         1544121545     651572         0              
72             0.016295       0.005514       2.9e-05        0.010743       1544121545     646133         1544121545     662428         0              
73             0.010812       6.8e-05        2e-05          0.010715       1544121545     669862         1544121545     680674         0              
74             0.011026       8.6e-05        2.5e-05        0.010905       1544121545     800883         1544121545     811909         0              
75             0.011033       8.6e-05        2.6e-05        0.010912       1544121546     13557          1544121546     24590          0              
76             0.010997       8.1e-05        2.5e-05        0.010882       1544121546     24763          1544121546     35760          0              
77             0.010932       7.7e-05        2.4e-05        0.010822       1544121546     57140          1544121546     68072          0              
78             0.011042       8.5e-05        2.5e-05        0.010922       1544121546     166008         1544121546     177050         0              
79             0.011007       8.6e-05        2.6e-05        0.010886       1544121546     205889         1544121546     216896         0              
80             0.011057       8.8e-05        7.5e-05        0.010886       1544121546     610254         1544121546     621311         0              
81             0.011061       0.000135       2.6e-05        0.010893       1544121546     704073         1544121546     715134         0              
82             0.011014       8.7e-05        2.5e-05        0.010893       1544121546     964153         1544121546     975167         0              
83             0.011025       8.6e-05        2.5e-05        0.010906       1544121547     78847          1544121547     89872          0              
84             0.011022       8.6e-05        2.6e-05        0.010901       1544121547     343709         1544121547     354731         0              
85             0.010778       9e-05          0.000154       0.010525       1544121547     531277         1544121547     542055         0              
86             0.010995       8.7e-05        2.6e-05        0.010873       1544121547     668893         1544121547     679888         0              
87             0.01104        9.2e-05        2.6e-05        0.010913       1544121547     726486         1544121547     737526         0              
88             0.011155       0.000101       2.7e-05        0.011017       1544121547     856280         1544121547     867435         0              
89             0.011019       8.1e-05        2.6e-05        0.010904       1544121547     887589         1544121547     898608         0              
90             0.011068       8.2e-05        7.6e-05        0.010904       1544121547     944382         1544121547     955450         0              
91             0.070572       8.1e-05        2.5e-05        0.070452       1544121548     139492         1544121548     210064         0              
92             0.059051       0.048494       2.7e-05        0.010522       1544121548     161627         1544121548     220678         0              
93             0.035272       0.023162       2.1e-05        0.012083       1544121548     197580         1544121548     232852         0              
94             0.011021       8.7e-05        2.6e-05        0.010899       1544121548     320149         1544121548     331170         0              
95             0.011001       8.7e-05        2.6e-05        0.01088        1544121548     414757         1544121548     425758         0              
96             0.010901       7.7e-05        2.3e-05        0.010794       1544121548     442627         1544121548     453528         0              
97             0.010995       8.6e-05        2.5e-05        0.010875       1544121548     642560         1544121548     653555         0              
98             0.010996       8.5e-05        2.6e-05        0.010876       1544121548     661964         1544121548     672960         0              
99             0.011248       0.000127       9.6e-05        0.011015       1544121548     684906         1544121548     696154         0              
