JobID          Runtime        getDevice      getProgram     runProgram     startTime_s    startTime_us   endTime_s      endTime_us     violation      1
-1             1.31953        7.1e-05        1.25373        0.065724       1544121528     120663         1544121529     440197         1              
-1             0.063789       4.2e-05        1.8e-05        0.063724       1544121529     451208         1544121529     514997         0              
-1             0.06375        3.9e-05        2e-05          0.063686       1544121529     525912         1544121529     589662         0              
-1             0.063745       3.6e-05        1.9e-05        0.063683       1544121529     600683         1544121529     664428         0              
-1             0.063746       3.7e-05        1.9e-05        0.063685       1544121529     675343         1544121529     739089         0              
0              0.069045       9.5e-05        7.5e-05        0.068865       1544121541     736884         1544121541     805929         0              
1              0.066833       8.8e-05        7.5e-05        0.066662       1544121542     576797         1544121542     643630         0              
2              0.078968       0.000123       2.1e-05        0.078815       1544121544     51447          1544121544     130415         0              
3              0.081511       9.2e-05        2.6e-05        0.081383       1544121544     535332         1544121544     616843         0              
4              0.080527       0.000177       2.7e-05        0.080298       1544121548     129694         1544121548     210221         0              
5              0.069115       0.000148       2.6e-05        0.068932       1544121549     841101         1544121549     910216         0              
6              0.067025       8.5e-05        2.7e-05        0.066904       1544121550     563067         1544121550     630092         0              
7              0.067033       8.5e-05        2.5e-05        0.066914       1544121551     915241         1544121551     982274         0              
8              0.067233       9e-05          2.8e-05        0.067106       1544121552     65995          1544121552     133228         0              
9              0.067082       9.6e-05        2.7e-05        0.066949       1544121553     166854         1544121553     233936         0              
10             0.066803       8.7e-05        2.4e-05        0.066683       1544121553     972857         1544121554     39660          0              
11             0.066993       9.2e-05        2.5e-05        0.066867       1544121554     172546         1544121554     239539         0              
12             0.06713        0.000125       3e-05          0.066963       1544121558     752739         1544121558     819869         0              
13             0.066988       9.6e-05        2.7e-05        0.066854       1544121559     343825         1544121559     410813         0              
14             0.067259       9.5e-05        8.4e-05        0.067066       1544121561     93419          1544121561     160678         0              
15             0.0699         0.003288       3e-05          0.066573       1544121561     157472         1544121561     227372         0              
16             0.066939       9.4e-05        3.1e-05        0.066805       1544121564     240080         1544121564     307019         0              
17             0.067055       9.4e-05        2.6e-05        0.066925       1544121564     758440         1544121564     825495         0              
18             0.066935       9.3e-05        2.6e-05        0.066808       1544121565     907592         1544121565     974527         0              
19             0.066991       9.2e-05        2.7e-05        0.066863       1544121566     595044         1544121566     662035         0              
20             0.066014       9.1e-05        2.4e-05        0.06589        1544121566     693734         1544121566     759748         0              
21             0.06707        9.1e-05        2.6e-05        0.066944       1544121567     94354          1544121567     161424         0              
22             0.067051       9.2e-05        2.7e-05        0.066924       1544121567     678349         1544121567     745400         0              
23             0.107098       0.000104       2.9e-05        0.106957       1544121570     493921         1544121570     601019         0              
24             0.106646       9.7e-05        7.8e-05        0.106463       1544121570     896209         1544121571     2855           0              
25             0.106557       0.000141       2.6e-05        0.106381       1544121571     129823         1544121571     236380         0              
26             0.1066         9.1e-05        2.4e-05        0.106477       1544121571     531838         1544121571     638438         0              
27             0.106543       9.1e-05        2.4e-05        0.106418       1544121572     353284         1544121572     459827         0              
28             0.106565       9.4e-05        2.5e-05        0.106438       1544121573     510965         1544121573     617530         0              
29             0.106539       0.000105       2.7e-05        0.106398       1544121574     593687         1544121574     700226         0              
30             0.104182       9.2e-05        0.000421       0.10366        1544121575     774611         1544121575     878793         0              
31             0.106553       0.000113       2.8e-05        0.1064         1544121575     878986         1544121575     985539         0              
32             0.163461       0.059514       2.3e-05        0.103916       1544121575     926086         1544121576     89547          0              
33             0.106445       9.8e-05        2.7e-05        0.106312       1544121576     255036         1544121576     361481         0              
34             0.106533       9.9e-05        8.6e-05        0.10634        1544121576     982508         1544121577     89041          0              
35             0.107359       0.000214       3e-05          0.107105       1544121578     582065         1544121578     689424         0              
36             0.067852       0.000119       2.9e-05        0.067691       1544121580     690025         1544121580     757877         0              
37             0.126017       0.062074       2.6e-05        0.063904       1544121580     695868         1544121580     821885         0              
38             0.219766       0.115916       2.2e-05        0.103817       1544121580     706037         1544121580     925803         0              
39             0.200786       0.137285       2.4e-05        0.063468       1544121580     788581         1544121580     989367         0              
40             0.067071       9.5e-05        2.9e-05        0.066938       1544121582     19947          1544121582     87018          0              
41             0.067144       9.3e-05        2.6e-05        0.067016       1544121582     254680         1544121582     321824         0              
42             0.066652       9.3e-05        2.6e-05        0.066525       1544121582     615843         1544121582     682495         0              
43             0.066986       9.5e-05        2.6e-05        0.066853       1544121583     212442         1544121583     279428         0              
44             0.071315       0.005432       9.2e-05        0.065781       1544121583     274077         1544121583     345392         0              
45             0.067164       0.000149       2.6e-05        0.066976       1544121583     579227         1544121583     646391         0              
46             0.095933       0.032248       2.3e-05        0.063653       1544121583     614206         1544121583     710139         0              
47             0.067248       9.6e-05        2.6e-05        0.067117       1544121584     441818         1544121584     509066         0              
48             0.066989       9.4e-05        2.6e-05        0.066861       1544121585     568126         1544121585     635115         0              
49             0.066089       9e-05          2.8e-05        0.065962       1544121585     667632         1544121585     733721         0              
50             0.06391        9.6e-05        0.000123       0.063684       1544121585     856914         1544121585     920824         0              
51             0.066972       0.000103       2.8e-05        0.066832       1544121586     881687         1544121586     948659         0              
52             0.067133       9.3e-05        2.5e-05        0.067007       1544121587     217910         1544121587     285043         0              
53             0.06608        8.2e-05        2.3e-05        0.065968       1544121587     302335         1544121587     368415         0              
54             0.06698        9.4e-05        8e-05          0.066798       1544121588     165175         1544121588     232155         0              
55             0.106769       0.00018        2.9e-05        0.106551       1544121589     535351         1544121589     642120         0              
56             0.106727       9.5e-05        2.5e-05        0.106597       1544121590     378007         1544121590     484734         0              
57             0.105393       8.4e-05        2.1e-05        0.105279       1544121590     846660         1544121590     952053         0              
58             0.106469       0.000102       2.8e-05        0.106331       1544121591     589325         1544121591     695794         0              
59             0.106427       9.7e-05        2.5e-05        0.106296       1544121591     996404         1544121592     102831         0              
60             0.106683       9.3e-05        2.5e-05        0.106558       1544121592     394918         1544121592     501601         0              
61             0.106328       9.4e-05        2.4e-05        0.106201       1544121592     787874         1544121592     894202         0              
62             0.106528       9.3e-05        2.5e-05        0.106396       1544121592     948959         1544121593     55487          0              
63             0.07031        0.00445        3e-05          0.065821       1544121593     51136          1544121593     121446         0              
64             0.106442       9.3e-05        7.7e-05        0.106264       1544121595     7796           1544121595     114238         0              
65             0.10619        0.000149       2.5e-05        0.106007       1544121596     194754         1544121596     300944         0              
66             0.106442       9.9e-05        2.6e-05        0.106308       1544121596     401356         1544121596     507798         0              
67             0.105618       8.8e-05        0.000119       0.105403       1544121596     713803         1544121596     819421         0              
68             0.106002       9.7e-05        2.4e-05        0.105871       1544121596     845869         1544121596     951871         0              
69             0.106561       9.7e-05        2.7e-05        0.106429       1544121597     846710         1544121597     953271         0              
70             0.106351       9.6e-05        2.6e-05        0.106221       1544121598     484668         1544121598     591019         0              
71             0.106223       9.1e-05        2.5e-05        0.106094       1544121598     654629         1544121598     760852         0              
72             0.114822       0.051006       2.8e-05        0.063779       1544121598     709910         1544121598     824732         0              
73             0.106317       9.9e-05        2.7e-05        0.106182       1544121598     946634         1544121599     52951          0              
74             0.106708       0.000115       9.1e-05        0.106492       1544121600     255257         1544121600     361965         0              
75             0.106546       0.00016        0.000111       0.106266       1544121602     380656         1544121602     487202         0              
76             0.106529       9.9e-05        2.6e-05        0.106394       1544121602     491567         1544121602     598096         0              
77             0.106753       9.5e-05        2.5e-05        0.106624       1544121602     814135         1544121602     920888         0              
78             0.106327       9.7e-05        2.6e-05        0.106196       1544121603     901554         1544121604     7881           0              
79             0.106559       9.7e-05        2.6e-05        0.106427       1544121604     298991         1544121604     405550         0              
80             0.106574       0.0001         2.7e-05        0.106438       1544121608     341348         1544121608     447922         0              
81             0.06744        0.000124       2.7e-05        0.067278       1544121609     278108         1544121609     345548         0              
82             0.106958       0.000117       2.8e-05        0.106802       1544121611     877586         1544121611     984544         0              
83             0.106679       0.0001         2.6e-05        0.106546       1544121613     23189          1544121613     129868         0              
84             0.106654       0.000103       8.6e-05        0.106456       1544121615     670389         1544121615     777043         0              
85             0.106509       0.000165       2.6e-05        0.106307       1544121617     544704         1544121617     651213         0              
86             0.106668       0.000105       2.6e-05        0.10653        1544121618     919606         1544121619     26274          0              
87             0.067038       0.000105       2.8e-05        0.066895       1544121619     494178         1544121619     561216         0              
88             0.10684        0.000121       3.2e-05        0.106676       1544121620     790990         1544121620     897830         0              
89             0.106729       9.9e-05        2.6e-05        0.106596       1544121621     102787         1544121621     209516         0              
90             0.106339       9.4e-05        2.6e-05        0.10621        1544121621     669419         1544121621     775758         0              
91             0.106448       9.9e-05        2.5e-05        0.106314       1544121623     619425         1544121623     725873         0              
92             0.106681       9.3e-05        2.5e-05        0.106554       1544121623     839193         1544121623     945874         0              
93             0.106622       9.6e-05        3.8e-05        0.10648        1544121624     197659         1544121624     304281         0              
94             0.10659        9.6e-05        8.1e-05        0.106404       1544121625     422017         1544121625     528607         0              
95             0.10373        0.000453       2.7e-05        0.103242       1544121626     366846         1544121626     470576         0              
96             0.106393       0.000101       2.6e-05        0.106258       1544121626     644500         1544121626     750893         0              
97             0.106457       0.000102       2.6e-05        0.10632        1544121628     642556         1544121628     749013         0              
98             0.106414       9.4e-05        2.5e-05        0.106288       1544121628     835845         1544121628     942259         0              
99             0.105682       0.000122       3e-05          0.105521       1544121629     63648          1544121629     169330         0              
