getDevice      getProgram     runProgram     
0.000514       0.600154       0.105523       
0.000137       4.3e-05        3.59458        
2.30825        1.57618        25.4608        
3.27604        1.41595        25.5647        
3.42802        1.15605        26.8325        
2.08009        1.53585        26.8113        
3.74693        1.284          31.1384        
2.36401        1.71204        32.9203        
3.49203        1.88194        32.7722        
2.03605        1.61996        34.0541        
2.30802        1.57596        34.0157        
2.50405        2.224          32.9146        
3.7632         1.256          34.1815        
3.70604        1.42802        34.3777        
2.11215        1.14401        34.5491        
3.38398        2.15201        34.4294        
2.44004        1.15204        35.5776        
2.24802        1.61602        34.4748        
3.46402        1.42455        35.314         
2.39202        1.69198        35.6723        
2.21604        1.57595        34.6304        
3.72403        1.284          35.7944        
2.06403        1.59597        35.7625        
2.33621        1.17201        35.7593        
2.34402        1.24398        35.8265        
3.36396        1.392          36.0516        
2.396          1.29607        35.8915        
2.45602        2.1735         34.7279        
2.08807        1.16001        36.0965        
3.40798        1.28684        36.0292        
2.16402        1.45996        36.0413        
3.69754        1.58796        36.0614        
2.19606        1.94085        34.7312        
3.40804        2.78182        34.7722        
3.71603        1.64788        36.0379        
2.34407        1.92401        34.9501        
3.82291        2.22002        34.7982        
2.11599        1.7616         34.8006        
3.68802        2.36572        34.7822        
2.13607        2.29597        34.9866        
2.40802        2.42784        34.8108        
2.42003        1.30018        36.0376        
2.42806        1.52401        35.0231        
3.84           1.91647        34.8181        
2.3123         1.15201        36.2644        
3.368          1.46801        35.9215        
2.03606        1.288          36.2735        
3.49599        2.19788        34.9397        
3.57615        2.70596        34.9421        
3.82553        1.54002        35.121         
3.41594        1.33202        36.2132        
2.18808        2.30461        34.9396        
2.20002        1.94137        35.1216        
2.03208        1.28394        36.4706        
3.72474        1.21949        36.5734        
3.59237        0.728008       36.7544        
3.75603        1.42452        38.0939        
3.48004        2.068          37.1507        
3.48402        2.34425        36.8665        
3.40797        1.26003        38.2828        
3.80767        2.07603        37.1589        
3.7737         1.984          37.007         
3.70689        2.17546        36.8574        
3.32402        1.27602        38.3415        
2.38802        1.212          38.3489        
2.38002        2.20141        37.0784        
3.464          1.97723        37.0814        
2.32804        1.52           38.4333        
2.35205        1.65264        38.7123        
2.19602        1.73998        39.2819        
3.25608        1.65203        40.358         
2.26002        1.47221        40.3636        
3.77772        1.36403        40.2919        
3.45198        1.42475        40.2046        
2.36803        2.83712        39.2046        
2.20004        1.52402        40.1444        
3.68003        2.50403        41.3985        
2.05231        1.62812        42.675         
3.81793        1.94537        41.4803        
3.36802        1.66798        42.7334        
3.68127        0.710743       41.3188        
3.44898        1.97741        41.3723        
3.53607        2.22523        41.4366        
3.51602        2.10801        41.5778        
2.48405        1.57209        41.6565        
3.82983        1.66401        41.4286        
2.30002        2.02802        41.5646        
3.87206        2.11317        41.5059        
2.17202        2.78197        41.5157        
2.4841         2.20801        42.3353        
2.57602        1.74945        42.1991        
3.66803        2.61598        42.3686        
3.31604        1.396          43.4272        
2.14002        1.39265        43.2784        
3.31607        1.62826        42.1669        
3.36001        1.684          43.2057        
3.33212        2.19197        42.4443        
2.49603        2.43705        42.1396        
3.424          1.9451         42.1396        
0.032079       6.73995        42.0642        
3.376          1.52799        43.3803        
2.09602        2.17639        42.1639        
3.43605        2.39607        42.3883        
3.46003        1.57598        43.4885        
2.16403        2.15769        42.2758        
3.388          1.32401        43.5817        
2.35221        1.65193        43.5459        
3.88013        1.89601        42.4858        
2.37604        2.71597        42.4259        
3.86586        1.9701         42.1639        
2.42802        2.08004        42.49          
3.00803        1.67602        42.2324        
2.05603        1.63201        43.2809        
3.24003        2.11203        42.393         
2.52804        1.53611        42.4334        
3.3881         1.99322        42.2803        
0.032052       6.77181        42.0817        
3.25211        2.26006        42.2097        
3.34801        2.17203        42.5177        
2.38002        2.88446        42.2093        
3.68294        1.41194        43.6499        
3.81602        1.64067        42.5172        
2.68003        2.15786        42.2562        
3.42002        1.42474        43.4293        
2.23602        2.17634        42.2097        
3.84004        2.28451        42.2096        
2.33605        2.264          42.2261        
2.19201        2.2349         42.2673        
3.26004        2.18004        42.2103        
2.33603        1.62001        42.4463        
3.68479        1.57591        43.4984        
3.44003        1.21203        43.6344        
2.41604        1.74542        42.2811        
2.152          2.40803        42.2744        
3.75972        1.85601        42.4706        
3.524          2.1379         42.2807        
2.40802        1.45172        43.6387        
3.39204        1.55201        43.5067        
2.56408        1.48401        43.5306        
3.61679        0.664008       42.1667        
2.13199        1.63605        42.4388        
3.372          1.45201        43.5149        
2.46807        1.772          42.4509        
3.972          1.46872        43.4302        
3.86872        1.90466        42.2242        
2.18003        1.35322        43.3796        
2.37202        2.37736        42.1595        
2.36004        1.80403        42.5195        
2.04833        1.20806        43.5554        
2.46403        2.16802        42.4035        
3.32004        1.624          43.3235        
3.44798        1.32645        42.4411        
3.41601        2.19367        42.2902        
3.424          1.93714        42.2169        
3.95604        0.571936       42.122         
3.39201        1.66002        42.4526        
3.71524        1.90801        42.4553        
2.16002        2.08031        42.1709        
3.38402        1.95996        43.2058        
3.34401        1.66808        43.466         
2.09605        1.27601        43.558         
3.37202        1.95365        42.3004        
3.39602        1.59304        42.2405        
3.53203        2.32873        42.1436        
3.36803        2.29614        42.1974        
2.5131         2.06002        42.5376        
4.02801        1.19998        43.6858        
2.32004        1.81597        43.4018        
2.08802        1.80158        42.3243        
3.40002        2.19599        42.3203        
2.5362         1.67582        43.6658        
2.516          1.932          42.6259        
2.46004        2.43386        42.4176        
3.40798        1.89201        42.5795        
3.34401        1.66821        43.5793        
3.70524        2.05201        42.6036        
3.45601        2.48806        42.3501        
3.80802        2.28955        42.4233        
3.30001        1.59601        43.4649        
3.31203        1.884          42.3668        
2.50002        1.69606        42.6095        
2.00813        1.60774        43.6462        
2.46404        1.57598        42.6342        
3.42405        2.01201        42.6129        
3.87563        1.38802        43.8035        
3.78407        1.62801        42.6508        
3.76786        1.56395        43.7629        
2.46002        1.88108        42.4937        
3.42404        2.18801        42.495         
3.29203        1.89267        42.4424        
3.44001        1.40494        44.2968        
3.84004        1.95135        43.09          
2.49604        2.00401        44.0915        
2.16802        1.61774        43.8939        
2.31602        1.89629        43.8474        
3.82778        2.22952        43.9182        
2.35604        1.5693         45.013         
3.42002        2.44842        43.8801        
3.49119        0.593692       43.7788        
2.36403        1.78002        44.1962        
2.15202        1.73202        44.2179        
3.39202        1.76109        43.9169        
2.39203        1.71601        44.1821        
3.59745        0.724017       43.8102        
3.86052        1.83743        43.9928        
2.68404        1.35599        45.1687        
2.42828        2.412          43.9888        
2.12804        1.57193        45.2449        
2.64802        2.09998        44.145         
2.42003        2.43721        43.9959        
3.42804        2.75313        43.988         
2.05202        1.52406        44.1491        
2.44402        1.39614        45.1571        
2.48801        2.28111        43.9202        
2.01202        1.936          44.1414        
2.10002        1.39637        45.1523        
2.35203        2.71199        44.1568        
2.34401        1.67249        45.1522        
3.3242         1.95599        44.8795        
3.49523        0.613915       43.7896        
2.38826        2.07095        43.9111        
3.44002        1.36801        45.202         
3.38804        2.73196        44.0658        
3.38806        2.48339        43.9342        
3.77603        2.24396        44.2272        
3.51203        2.74           44.0273        
3.7094         2.22108        43.9608        
3.76534        2.12044        43.968         
3.92402        1.31598        45.3886        
2.34404        2.01202        44.3487        
2.37202        1.91197        45.1048        
2.18804        2.12117        44.1513        
2.13202        2.41376        44.1726        
2.39606        2.00946        44.1755        
4.10606        1.36086        45.3572        
2.38405        2.26597        44.2199        
2.44812        1.64829        45.3697        
2.08413        1.64           45.0664        
3.56398        1.59199        46.0251        
0.028345       16.0119        54.7776        
0.024073       16.0799        54.7114        
1.46004        24.2894        72.2543        
0.696055       25.2401        72.2437        
1.02425        26.0684        72.2724        
3.48803        22.392         72.2594        
1.33603        24.66          72.9432        
1.75603        24.1734        72.9679        
1.64804        24.2933        72.9714        
0.720017       26.5177        72.9711        
0.095233       27.4656        72.9712        
2.04804        23.0379        72.971         
0.744127       26.4219        73.1033        
1.11606        24.8618        73.1264        
1.22803        25.7978        73.1795        
1.47602        24.398         73.7633        
1.07071        26.1547        74.5537        
0.172014       27.088         74.6154        
0.365088       26.7999        74.6964        
3.38802        22.3897        74.6958        
1.33203        24.56          74.6895        
1.33208        24.7692        74.6991        
1.02411        26.1452        74.6872        
1.80805        24.0397        74.6618        
1.06001        25.9171        74.7498        
2.02436        23.8643        74.6777        
1.36802        25.757         74.7556        
0.196005       27.4255        74.6913        
1.79602        24.1854        74.7409        
1.22403        25.8567        74.7376        
1.15605        24.7897        74.7775        
1.58804        24.6066        74.7289        
0.144101       27.4966        74.6951        
1.68405        24.2248        74.7392        
1.67602        24.4642        74.7278        
0.230916       27.3813        74.7186        
3.39607        22.4015        74.7227        
1.96004        23.5387        74.3055        
3.71209        21.6616        74.6748        
1.68402        24.241         74.7194        
1.75202        24.1975        74.7509        
0.70796        26.5361        74.7724        
1.96013        23.9328        74.6957        
1.14402        25.1227        74.7018        
1.88803        23.9646        74.6881        
2.38804        23.5081        74.7566        
1.90403        23.9441        74.7448        
3.43204        22.4821        74.7109        
2.07602        23.9617        74.6833        
0.095582       27.5004        74.7648        
0.228134       27.3307        74.7647        
1.11211        25.0761        74.7616        
0.784008       26.3615        74.7723        
28.9981        0.001031       71.5527        
29.0979        0.000175       71.5557        
29.0501        2.8e-05        71.5556        
1.13202        25.0735        74.8083        
28.9969        3.3e-05        71.5529        
29.018         9.5e-05        71.5557        
1.35204        24.6452        74.8088        
28.9701        0.004666       71.5485        
29.0619        0.000234       71.5561        
1.13602        25.0778        74.8086        
28.966         0.003008       71.5535        
0.192238       27.3999        74.7706        
0.468043       25.85          74.7608        
3.40003        22.4481        74.7591        
1.20802        25.7008        74.7746        
1.0921         26.1049        74.8106        
1.02822        26.027         74.7606        
1.12402        24.9567        74.7549        
0.72402        25.5933        74.6065        
0.228082       27.3217        74.7821        
1.97205        22.7209        74.7271        
1.93603        23.946         74.7421        
1.31202        24.8124        74.7598        
1.35601        24.7848        74.7793        
1.82406        23.0609        74.7754        
0.023891       27.581         74.7792        
0.17502        27.3726        74.8132        
1.75604        24.2127        74.773         
0.468007       26.7646        74.8132        
0.038667       27.6114        74.7222        
1.01232        26.0965        74.7477        
1.78004        24.0404        74.7479        
1.32806        24.8505        74.7659        
0.033423       27.5329        74.8155        
3.39203        22.4363        74.7321        
0.652063       25.4523        74.7682        
0.030991       27.5297        74.8264        
1.52803        24.4178        74.8315        
1.66803        24.4613        74.8066        
3.48408        21.6638        75.223         
0.960024       25.2179        75.2752        
0.628065       26.662         75.2397        
0.692011       26.5974        75.4262        
0.234909       27.3442        75.4101        
1.81202        23.9481        75.456         
0.234917       27.3563        75.412         
0.632454       26.5652        75.4311        
1.88406        23.8806        75.3877        
1.03602        26.0856        75.3867        
3.41205        22.3647        75.4077        
0.257962       27.2958        75.4628        
1.028          26.12          75.4245        
0.455993       26.8382        75.4086        
3.51602        21.689         75.3818        
3.55606        22.2777        75.4668        
3.66844        21.5338        75.4667        
2.06806        22.7808        75.3358        
3.80133        21.5532        75.3794        
1.62402        24.577         75.4396        
3.47204        22.3973        75.4562        
0.444007       26.8325        75.384         
1.31601        25.789         75.5036        
3.40403        22.3619        75.4872        
1.01604        26.1599        75.4735        
3.43201        22.3281        75.4778        
1.16402        24.9638        75.4066        
1.02802        26.0678        75.4506        
0.668025       25.601         75.4815        
1.73602        24.2339        75.4449        
1.68807        24.2096        75.4937        
1.98004        23.5372        75.4382        
3.32405        22.4807        75.423         
0.784001       26.4383        75.465         
1.08008        25.1284        75.4798        
1.39204        24.6109        75.4656        
1.29602        24.8693        75.4866        
1.2961         24.9407        75.4799        
0.888038       26.3651        75.4843        
1.17205        25.0371        75.5165        
2.14005        22.5715        75.4263        
1.69205        24.1734        75.5165        
1.97603        23.9971        75.451         
0.436013       26.7933        75.4511        
0.740087       26.465         75.5198        
1.44003        24.9782        75.0826        
1.74003        24.3403        75.4824        
0.437094       26.8755        75.4461        
0.848012       26.4445        75.4545        
1.10803        25.0321        75.4829        
0.556745       26.4858        75.5212        
1.93603        23.8364        75.4866        
1.54403        24.7562        75.423         
3.41203        22.4175        75.4537        
0.396023       25.8535        75.4538        
1.89605        24.2276        75.0438        
1.95613        23.7234        75.4601        
1.51614        24.4217        75.4378        
3.58818        21.6578        75.41          
1.74007        24.2563        75.4395        
0.404033       25.8065        75.4535        
0.883997       26.6472        75.1656        
0.135113       27.4016        75.4665        
3.58409        21.6409        75.4472        
2.61203        23.173         75.4899        
0.648017       25.4525        75.4878        
1.02009        26.117         75.5234        
3.96005        21.5342        75.3861        
1.96003        23.9574        75.523         
1.32404        24.7536        75.4948        
1.35756        24.9438        75.4169        
1.756          24.1854        75.5234        
0.688028       25.7132        75.207         
3.61258        21.575         75.474         
0.520011       26.749         75.4921        
1.79202        24.3656        75.4676        
1.89199        23.9401        75.4891        
0.660009       26.6306        75.4748        
1.14804        25.1225        75.4111        
0.488001       26.7046        75.489         
3.92002        21.4697        75.4559        
0.784077       25.3475        75.4263        
1.02803        26.1926        75.4491        
1.17204        25.8346        75.4633        
1.02805        26.065         75.5249        
0.67605        25.5933        75.3997        
1.52004        24.3641        75.4858        
2.46398        23.4414        75.4561        
0.200074       27.4194        75.4625        
3.47202        22.372         75.4861        
1.13607        25.8879        75.4623        
1.45204        24.7745        75.4757        
1.02419        26.2098        75.4125        
0.032644       27.6085        75.4499        
3.51203        22.3766        75.4858        
0.224055       27.4156        75.4347        
0.172074       27.424         75.4864        
0.044054       27.6126        75.4339        
1.12402        26.0089        75.5257        
0.053897       27.6218        75.4128        
1.53603        24.4404        75.4343        
0.556114       26.6255        75.4973        
0.704012       26.5767        75.4938        
0.160174       27.4356        75.4624        
1.44807        24.5526        75.4582        
1.01232        26.0353        75.4636        
0.860039       25.4697        75.4413        
3.50404        22.4294        75.4576        
0.468008       26.881         75.4141        
0.392056       25.8936        75.4135        
3.4592         21.7608        75.4503        
1.4881         24.6513        75.4197        
1.14003        25.1509        75.4445        
0.91602        26.2608        75.4866        
1.14402        26.0479        75.4627        
0.188036       27.1165        75.487         
0.58012        25.4724        75.4352        
3.4672         21.7505        75.4572        
3.45522        21.7629        75.4448        
0.024237       27.5597        75.5158        
1.22803        24.9412        75.4947        
1.74806        24.2266        75.4772        
3.44801        22.3962        75.4518        
1.33603        25.8373        75.4338        
1.75603        24.4524        75.4958        
0.480013       26.7473        75.4529        
1.31202        24.7938        75.5264        
3.35604        22.4025        75.4667        
1.08406        26.0713        75.4661        
1.21201        25.02          75.5214        
1.09599        26.0868        75.5403        
1.12402        25.1274        75.4784        
1.36802        24.8496        75.5403        
1.14804        25.0375        75.5154        
0.711978       26.492         75.5769        
1.47202        24.5854        75.5835        
1.69205        24.364         75.573         
0.040012       27.5297        75.5852        
3.42803        22.3629        75.5241        
1.82005        23.9333        75.5099        
1.32404        24.8367        75.5306        
1.35203        24.8378        75.5856        
0.783988       26.4969        75.4878        
1.19204        25.8098        75.5871        
1.31202        24.8616        75.5876        
2.42004        23.4854        75.5479        
3.44402        21.7403        75.4971        
0.044018       27.5916        75.5138        
3.62802        21.4618        75.5876        
1.87294        23.8856        75.587         
1.66009        24.3425        75.5274        
0.639969       26.5122        75.5538        
0.052014       27.5484        75.5577        
0.652501       26.5126        75.5216        
3.42003        22.3417        75.5885        
1.79602        23.8776        75.5885        
1.52804        24.4694        75.5602        
1.97602        23.8925        75.498         
3.45202        22.3815        75.5332        
1.34403        25.765         75.5898        
1.00818        26.1015        75.5893        
1.19602        25.8634        75.4836        
1.90005        23.0213        75.5578        
0.184052       27.0846        75.5906        
0.644534       26.5687        75.5545        
1.26802        25.6815        75.562         
0.63266        26.397         75.5905        
1.95606        23.4034        75.5282        
0.644022       25.4673        75.5283        
0.384025       25.4923        75.5554        
1.78808        23.876         75.5799        
0.199006       27.3614        75.5904        
1.28799        25.8335        75.5625        
1.76802        24.1926        75.5546        
1.82402        23.8734        75.5907        
1.67208        24.4097        75.5905        
0.632142       26.6789        75.5009        
0.888037       25.333         75.5033        
0.648026       25.2372        75.5592        
1.17201        25.8644        75.5401        
1.27604        24.9572        75.4995        
1.56002        24.3659        75.5908        
0.732019       26.4316        75.5892        
0.64008        26.6132        75.5075        
0.040066       27.5415        75.5635        
1.0587         26.0973        75.581         
1.06401        26.1566        75.5085        
1.148          26.1772        75.5001        
29.0289        3.1e-05        72.3364        
0.027379       27.6495        75.4798        
0.388051       25.7981        75.5435        
1.45211        24.7311        75.5299        
0.600012       25.4146        75.523         
1.18008        25.0338        75.5919        
0.688008       26.6001        75.5538        
1.91205        23.1004        75.2696        
0.664027       25.6759        75.5016        
0.046829       27.6222        75.4874        
1.76403        24.1657        75.5925        
3.43602        22.3944        75.5358        
1.93202        23.7535        75.5247        
0.628066       26.6563        75.5261        
1.54817        24.3454        75.5931        
2.50003        22.5969        75.5617        
1.09201        25.9175        75.5171        
1.65602        24.436         75.5864        
1.60002        24.512         75.5867        
3.41602        22.3217        75.6506        
1.33604        25.7195        75.5888        
0.664013       26.6048        75.6198        
3.70017        21.5499        75.6509        
1.63202        24.5101        75.6229        
1.80402        23.9976        75.6234        
0.91205        26.4128        75.5523        
0.711998       26.88          75.2972        
1.66805        24.36          75.6132        
3.48727        21.7529        75.5685        
2.56404        23.2883        75.6011        
0.648098       26.6367        75.6168        
0.664032       25.2835        75.652         
1.56404        24.5637        75.59          
1.53219        24.3809        75.5682        
0.736103       26.3611        75.6207        
0.041271       27.5838        75.5898        
3.48414        21.6684        75.5695        
0.908024       26.3278        75.6242        
1.11601        26.1964        75.5775        
3.44404        22.3407        75.5975        
1.0201         26.1095        75.6558        
1.48409        24.944         75.3094        
1.2883         25.8298        75.6644        
0.668019       26.6089        75.6339        
1.02405        26.115         75.6159        
3.38802        22.3531        75.6337        
0.368039       26.8593        75.604         
0.640174       26.5762        75.6311        
3.46802        21.7509        75.5688        
0.648068       25.3199        75.6159        
0.728019       26.4728        75.6673        
0.78402        26.3774        75.6667        
3.58328        21.6544        75.5861        
1.17605        24.7601        75.5857        
1.0922         26.1555        75.6057        
0.200078       27.0929        75.6388        
1.34402        25.3442        75.6043        
1.46805        24.4865        75.6206        
1.11602        26.0758        75.5891        
3.45203        21.7988        75.5665        
3.61526        21.7051        75.6404        
0.668045       26.6598        75.5977        
0.628104       26.5127        75.6728        
3.71213        21.6119        75.6118        
1.79602        23.763         75.6111        
3.57267        21.5531        75.6412        
0.734089       26.5136        75.6729        
29.0976        0.000163       72.4043        
1.03602        26.17          75.6166        
1.37601        24.7092        75.6056        
0.228026       27.4336        75.5615        
3.45124        21.7609        75.5907        
1.29601        24.967         75.6246        
3.64409        21.5973        75.6465        
1.904          23.9207        75.6354        
1.11609        26.2165        75.5713        
2.01206        23.8425        75.604         
0.17499        27.4441        75.6125        
28.9325        0.026368       72.3726        
28.9741        0.002002       72.4208        
1.10426        26.1128        75.6201        
1.52803        24.6616        75.6753        
3.58401        22.3286        75.5926        
0.044114       27.578         75.6171        
1.02031        26.1034        75.5938        
0.16009        27.4907        75.5786        
0.632072       26.4488        75.6766        
1.86802        24.2009        75.6446        
3.44401        22.3361        75.6376        
1.02814        26.1724        75.6091        
1.96808        23.6521        75.6395        
1.16003        24.9811        75.6088        
0.68402        25.3335        75.6084        
0.668329       26.5732        75.6448        
3.50423        21.6386        75.6275        
1.02398        26.1137        75.6485        
29.105         0.00547        72.4083        
0.932293       26.0801        75.6362        
29.0128        0.013322       72.4084        
0.564099       25.5836        75.5711        
29.12          0.002257       72.4085        
3.36802        22.4081        75.643         
28.9929        4.4e-05        72.403         
1.14802        25.8722        75.6271        
0.479993       26.8066        75.6288        
0.704007       26.5816        75.6499        
1.02036        26.1766        75.6225        
3.42402        22.3579        75.6778        
0.700045       26.5559        75.6598        
2.02011        23.7656        75.6781        
1.14003        26.0135        75.6784        
0.714122       26.5316        75.5804        
0.896035       26.2613        75.6507        
1.16011        25.1041        75.5959        
1.02816        26.1654        75.6146        
0.045775       27.586         75.6102        
3.49921        21.4415        75.6227        
0.792098       25.2976        75.6227        
1.12402        24.9726        75.6118        
1.52002        24.4333        75.6512        
3.59613        21.6483        75.5601        
0.224019       27.3492        75.6511        
1.58803        24.433         75.6037        
2.12003        23.5891        75.5556        
1.46802        24.6057        75.6793        
0.884008       26.4342        75.5788        
1.16802        25.0001        75.6649        
0.039776       27.6216        75.5795        
0.632437       26.6355        75.5818        
0.860029       25.3808        75.6484        
28.9724        0.01333        72.4111        
1.74403        24.2682        75.5892        
1.32806        24.7933        75.6523        
1.10827        26.0507        75.6453        
1.16007        25.0885        75.6051        
3.53602        22.2934        75.6522        
1.08803        24.971         75.6187        
1.24003        24.9183        75.6315        
3.54828        21.6501        75.6118        
1.84411        23.8733        75.6125        
0.248045       27.3335        75.6524        
3.42404        22.404         75.6419        
2.02002        23.0288        75.6493        
1.31202        24.6315        75.6625        
2.03204        23.0617        75.6805        
3.41206        22.3851        75.6491        
0.632459       26.5933        75.625         
0.94405        26.2415        75.681         
0.437157       26.8395        75.6418        
0.972038       25.3445        75.5981        
1.08807        24.9962        75.6464        
0.767984       26.5113        75.6193        
3.808          21.4922        75.6427        
1.46414        24.729         75.6179        
1.08003        25.0051        75.6418        
0.708003       26.4054        75.6536        
0.692083       25.5939        75.4812        
3.41603        22.4304        75.5687        
1.52002        24.6306        75.6327        
2.05204        23.665         75.6503        
3.41603        22.3702        75.6251        
0.708023       26.4019        75.6815        
3.48005        21.741         75.5985        
0.480033       25.8802        75.5834        
1.93203        24.2314        75.2041        
2.46003        23.4563        75.6314        
0.476038       26.8059        75.6449        
0.552136       26.5562        75.6315        
29.0657        0.00531        72.3875        
0.632192       26.5481        75.6318        
1.50402        24.521         75.651         
1.85604        23.9758        75.6081        
29.0701        0.013336       72.4138        
29.1061        0.02006        72.408         
0.176025       27.1013        75.655         
0.568161       26.3776        75.6548        
3.56401        22.3594        75.585         
0.664062       26.5007        75.6517        
1.14402        25.0288        75.6438        
1.33602        24.868         75.6525        
1.90814        23.7469        75.6018        
1.88803        23.9449        75.6517        
1.29608        25.7906        75.6222        
1.47203        24.7165        75.6163        
1.064          26.1654        75.5995        
3.40001        22.3057        75.6832        
2.0277         23.9413        75.6084        
1.57203        24.6702        75.6348        
1.80408        23.9846        75.6164        
0.788045       26.4428        75.6344        
3.42403        22.3659        75.6808        
0.880007       26.3687        75.6525        
1.5323         24.6093        75.624         
0.100077       27.3558        75.6493        
1.29602        24.876         75.6453        
0.051844       27.5175        75.684         
1.02834        26.0412        75.6522        
3.45518        21.4289        75.6166        
3.46406        22.272         75.6776        
0.764038       25.4736        75.6839        
1.55606        24.4603        75.5831        
0.748073       26.4569        75.6528        
2.56804        22.8937        75.684         
1.33206        24.8457        75.6841        
3.47203        21.7864        75.5594        
1.67602        24.501         75.6529        
0.696039       25.6541        75.5907        
2.49602        22.9487        75.6534        
1.51602        24.4846        75.6454        
28.9861        0.000295       72.3825        
0.092771       27.486         75.6682        
0.899992       26.3727        75.6455        
1.89603        23.7987        75.6356        
29.0123        0.018409       72.3902        
3.47203        22.2968        75.6456        
2.49203        23.3336        75.6848        
1.09203        26.1234        75.6828        
0.576024       25.4783        75.6283        
3.44414        21.6602        75.6184        
2.32805        24.0015        75.2572        
0.672024       25.5495        75.6172        
0.152074       27.4369        75.6539        
1.95604        23.7569        75.602         
0.912032       25.2941        75.6169        
1.65607        24.5373        75.6576        
2.10005        23.0932        75.5739        
3.49519        21.7875        75.5876        
0.152151       27.4604        75.6348        
3.50402        22.3962        75.635         
2.46006        22.9891        75.6542        
1.72402        24.1769        75.6545        
0.784008       25.5365        75.6029        
0.163121       27.3858        75.6856        
0.396066       25.8168        75.6507        
0.880031       26.4122        75.6114        
1.6641         24.5442        75.6353        
1.70007        24.2057        75.658         
1.08801        26.1041        75.645         
1.58003        24.6715        75.6243        
2.48802        22.74          75.6799        
1.36802        25.8778        75.5675        
0.224825       27.3208        75.6843        
2.48002        22.9886        75.6329        
0.367631       26.7926        75.6875        
0.56802        25.3691        75.6871        
1.79204        24.3455        75.6587        
1.56402        24.6947        75.6348        
1.89601        23.9732        75.6111        
0.095702       27.5054        75.647         
3.64118        21.6312        75.5693        
3.42001        22.368         75.6485        
3.36003        22.9754        75.0971        
3.34005        22.4167        75.6318        
3.54001        22.3199        75.6487        
1.36002        25.7593        75.5894        
3.53204        21.5778        75.687         
0.69601        26.5773        75.6596        
1.62004        24.5388        75.6382        
1.36803        24.8333        75.6596        
3.46801        21.728         75.625         
0.552014       26.6371        75.656         
0.568057       25.7187        75.6383        
0.640052       26.4811        75.656         
3.41604        22.7899        75.2913        
1.35603        25.5161        75.6371        
3.612          21.5807        75.6127        
0.037248       27.5598        75.6511        
3.57607        21.5929        75.6565        
1.17208        25.0327        75.6447        
1.33207        24.9455        75.66          
1.77617        23.6923        75.6492        
0.956035       25.3531        75.6124        
3.94807        21.4442        75.6374        
0.628025       26.4458        75.688         
0.033642       27.5652        75.6566        
0.928999       26.2295        75.6833        
1.96411        23.6419        75.66          
3.48403        22.4233        75.6266        
3.43602        21.9156        75.4702        
0.144137       27.4668        75.6272        
1.34802        24.7651        75.6689        
2.12403        22.9816        75.6885        
0.660132       26.6517        75.6264        
1.49205        24.4481        75.6821        
1.76004        24.2762        75.5981        
1.02803        26.1433        75.6209        
1.21602        25.0403        75.638         
3.50402        22.8237        75.2147        
0.268123       27.336         75.6384        
1.10021        26.0946        75.6397        
0.095227       27.4934        75.6611        
2.08408        23.8769        75.5976        
2.03608        23.4734        75.5652        
0.16           27.436         75.6505        
1.36002        24.6297        75.661         
2.12009        24.3376        75.1371        
1.17205        25.0082        75.6546        
1.15602        24.9578        75.6869        
0.199022       27.4176        75.6213        
3.61201        22.2761        75.6668        
0.732185       26.5214        75.6216        
2.11603        23.381         75.632         
1.65604        24.3405        75.6546        
1.77214        24.0004        75.6388        
1.116          25.9982        75.6288        
3.48325        21.4712        75.6001        
1.17606        25.1046        75.6067        
1.29604        24.9929        75.6065        
0.204061       27.1372        75.6222        
2.01202        23.7027        75.6408        
1.15605        24.8477        75.6258        
0.652161       26.5385        75.651         
1.38405        25.8055        75.66          
1.56006        24.8582        75.2534        
1.10402        26.1285        75.6393        
0.843988       26.4782        75.5936        
1.45205        24.7021        75.6336        
0.369158       26.8608        75.615         
3.40406        22.3735        75.6553        
3.36012        22.3784        75.6417        
0.56406        25.759         75.577         
1.02815        26.1216        75.6346        
0.408          26.8173        75.623         
0.127552       27.517         75.6073        
1.06801        25.1252        75.6632        
1.15201        25.9134        75.6231        
0.048426       27.5893        75.6072        
0.672011       25.5184        75.5862        
2.01204        23.5877        75.5849        
1.02402        26.1379        75.6628        
3.38003        22.4555        75.5932        
0.648086       25.5619        75.6859        
1.80002        24.0172        75.6595        
0.660506       26.4419        75.6911        
0.21602        27.0969        75.6601        
0.704021       25.6361        75.6409        
1.89204        23.5047        75.6563        
0.095317       27.481         75.676         
0.248036       27.4044        75.5927        
1.91198        23.5886        75.5926        
0.780008       25.3483        75.601         
1.02428        26.1195        75.6097        
1.77603        24.2654        75.58          
1.02404        26.1569        75.6085        
3.56802        22.3128        75.6526        
29.0459        4.5e-05        72.4374        
0.800068       26.488         75.6535        
1.18402        25.0499        75.6357        
0.704009       26.5138        75.6718        
28.9609        0.039305       72.3975        
3.44001        22.238         75.6918        
1.02032        26.0805        75.6372        
3.63241        21.569         75.6609        
0.620033       26.5617        75.6641        
1.66805        24.5495        75.6364        
0.632099       26.4988        75.6431        
29.097         0.04783        72.3891        
28.949         0.0282         72.3978        
28.9821        0.018425       72.3979        
0.700014       26.5854        75.6623        
0.547953       26.7403        75.6397        
1.91206        23.7729        75.6533        
0.900003       26.4316        75.5946        
1.98803        23.8607        75.6616        
1.76812        23.7037        75.6586        
1.22805        25.0808        75.6095        
1.08002        25.1305        75.632         
1.55203        24.6264        75.6228        
1.98007        23.5667        75.5958        
0.095695       27.4968        75.6617        
0.632013       25.4941        75.6245        
1.18807        25.9611        75.6936        
1.7533         24.2438        75.6309        
1.12006        25.0908        75.644         
0.280236       27.0765        75.6543        
0.740039       25.7415        75.6936        
1.28031        25.6779        75.6631        
0.636489       26.5574        75.6257        
0.160062       27.4514        75.6318        
3.45609        21.5978        75.6934        
0.628444       26.4189        75.6124        
1.20002        25.0521        75.5953        
0.632421       26.5355        75.5959        
0.676013       26.604         75.6554        
1.89202        23.3556        75.608         
29.0141        0.021993       72.4194        
29.0821        3.9e-05        72.4415        
0.468003       25.8102        75.6374        
1.29607        24.9017        75.664         
0.436009       26.841         75.5827        
28.9449        0.031497       72.3995        
0.408023       26.76          75.6877        
28.9649        0.005657       72.4258        
3.55609        22.306         75.6336        
0.664037       25.478         75.626         
0.220256       27.0686        75.6608        
0.459971       26.8396        75.6324        
1.51202        24.3424        75.6457        
3.40001        22.3138        75.6945        
0.81999        26.4453        75.6629        
1.06798        26.1455        75.6268        
1.11609        25.008         75.6883        
1.70404        24.2041        75.6498        
0.448011       26.7561        75.6443        
0.385225       26.8068        75.6885        
1.16803        25.0683        75.6442        
0.768053       26.4216        75.639         
0.156026       27.4299        75.6628        
0.936001       26.3514        75.5892        
0.156019       27.4401        75.6565        
1.16411        25.0672        75.6336        
0.264059       27.289         75.6877        
3.51611        21.6728        75.6625        
1.54403        24.3442        75.6806        
28.9529        0.013304       72.4234        
1.68803        24.1968        75.6602        
29.0381        0.037362       72.3917        
1.61606        24.4455        75.6676        
0.73205        26.3933        75.6678        
3.48004        22.5046        75.5766        
1.72402        24.402         75.6917        
1.22803        25.0287        75.6605        
0.640757       26.6272        75.5902        
0.728035       25.5891        75.4921        
1.10007        26.0695        75.6959        
1.66403        24.5532        75.5843        
1.95616        23.693         75.6125        
0.672017       25.4086        75.6611        
1.78003        24.015         75.6467        
1.50004        24.7416        75.6121        
1.38802        24.932         75.3567        
3.63207        21.7443        75.5976        
3.38806        22.3906        75.6473        
3.44801        21.7965        75.5974        
1.84008        23.9602        75.6451        
0.792061       26.353         75.665         
0.668173       26.4854        75.6686        
0.560716       26.5375        75.6686        
1.60004        24.5289        75.6652        
0.768027       26.3542        75.6277        
1.76403        24.0374        75.6326        
0.564129       26.6213        75.6689        
1.45601        24.7902        75.6401        
2.07603        23.0959        75.3744        
28.9883        2.9e-05        72.4222        
1.13602        25.8506        75.6477        
2.45202        23.4481        75.6624        
2.04403        23.6092        75.6693        
1.14802        26.0915        75.5989        
1.24011        24.9023        75.6482        
28.945         3.2e-05        72.4417        
3.56802        22.2696        75.6682        
2.00402        23.5893        75.6654        
28.9541        0.005542       72.4285        
28.9329        0.016742       72.4026        
1.62402        24.2852        75.6974        
0.095186       27.5482        75.6146        
1.53616        24.5684        75.6194        
1.78402        24.2167        75.6303        
3.60703        21.5193        75.6357        
0.888026       25.368         75.6351        
3.38408        22.4767        75.6064        
1.75603        24.1891        75.6661        
1.09602        25.1014        75.6978        
1.18474        25.7204        75.6149        
1.81203        23.128         75.3593        
1.17205        25.9609        75.6985        
0.5487         26.5247        75.6972        
1.56002        24.6386        75.6457        
0.744115       26.4893        75.6702        
0.648124       26.5128        75.6638        
1.97202        23.6972        75.5745        
0.684017       26.5921        75.6916        
28.9849        0.009023       72.4028        
0.437202       26.8346        75.6492        
0.128089       27.4881        75.6474        
0.716041       25.2411        75.6668        
1.95218        23.896         75.6358        
3.55623        21.558         75.682         
2.02403        22.9969        75.6311        
1.01637        25.8039        75.6602        
28.905         0.020648       72.4222        
