TaskQLat.      PRRQLat.       TaskQLen       
0.000351       1.40723e+14    1              
6e-06          -1.5409e+09    1              
7.3e-05        -1.5409e+09    3              
0.000188       -1.5409e+09    4              
0.000124       -1.5409e+09    3              
0.001691       -1.5409e+09    9              
0.000843       -1.5409e+09    4              
0.000979       -1.5409e+09    3              
0.000963       -1.5409e+09    3              
0.001393       -1.5409e+09    7              
0.001148       -1.5409e+09    5              
0.0004         -1.5409e+09    4              
0.001034       -1.5409e+09    4              
0.001232       -1.5409e+09    5              
0.001916       -1.5409e+09    6              
0.002125       -1.5409e+09    8              
0.000731       -1.5409e+09    1              
0.000973       -1.5409e+09    4              
0.000717       -1.5409e+09    3              
6e-06          -1.5409e+09    1              
0.001099       -1.5409e+09    5              
0.001308       -1.5409e+09    6              
0.000969       -1.5409e+09    5              
0.002074       -1.5409e+09    8              
0.002103       -1.5409e+09    7              
0.001936       -1.5409e+09    6              
0.000955       -1.5409e+09    3              
0.001303       -1.5409e+09    6              
0.001211       -1.5409e+09    5              
0.000151       -1.5409e+09    1              
2.7e-05        -1.5409e+09    1              
2e-05          -1.5409e+09    1              
0.000144       -1.5409e+09    2              
0.000802       -1.5409e+09    1              
2.5e-05        -1.5409e+09    1              
0.000935       -1.5409e+09    2              
0.001877       -1.5409e+09    6              
2.7e-05        -1.5409e+09    1              
0.001581       -1.5409e+09    28             
0.002          -1.5409e+09    7              
0.001592       -1.5409e+09    29             
0.005334       -1.5409e+09    30             
0.028703       -1.5409e+09    28             
2e-06          -1.5409e+09    1              
0.008341       -1.5409e+09    29             
0.013193       -1.5409e+09    31             
0.005476       -1.5409e+09    31             
0.013222       -1.5409e+09    32             
4e-06          -1.5409e+09    1              
0.028877       -1.5409e+09    30             
0.012071       -1.5409e+09    1              
0.036594       -1.5409e+09    28             
0.040339       -1.5409e+09    11             
0.027885       -1.5409e+09    26             
0.044208       -1.5409e+09    22             
0.008058       -1.5409e+09    8              
0.000218       -1.5409e+09    5              
0.012165       -1.5409e+09    3              
0.00812        -1.5409e+09    10             
0.032664       -1.5409e+09    27             
0.06417        -1.5409e+09    10             
0.072092       -1.5409e+09    8              
0.008231       -1.5409e+09    5              
0.020964       -1.5409e+09    27             
0.008264       -1.5409e+09    6              
0.013061       -1.5409e+09    30             
0.036526       -1.5409e+09    6              
0.044479       -1.5409e+09    17             
0.060025       -1.5409e+09    2              
0.068128       -1.5409e+09    7              
0.008091       -1.5409e+09    9              
0.072053       -1.5409e+09    5              
0.052032       -1.5409e+09    1              
0.092949       -1.5409e+09    28             
0.085046       -1.5409e+09    18             
0.092489       -1.5409e+09    21             
0.106265       -1.5409e+09    36             
0.093094       -1.5409e+09    12             
0.084899       -1.5409e+09    17             
0.092573       -1.5409e+09    25             
0.031989       -1.5409e+09    1              
0.088641       -1.5409e+09    22             
0.157222       -1.5409e+09    76             
0.128169       -1.5409e+09    65             
0.131158       -1.5409e+09    72             
0.132509       -1.5409e+09    74             
0.132099       -1.5409e+09    68             
0.116242       -1.5409e+09    77             
0.12908        -1.5409e+09    66             
0.157597       -1.5409e+09    79             
0.132292       -1.5409e+09    69             
0.154889       -1.5409e+09    83             
0.126194       -1.5409e+09    49             
0.129204       -1.5409e+09    67             
0.157196       -1.5409e+09    104            
0.117594       -1.5409e+09    65             
0.156337       -1.5409e+09    87             
0.160344       -1.5409e+09    100            
0.157723       -1.5409e+09    80             
0.155015       -1.5409e+09    84             
0.140376       -1.5409e+09    74             
0.154192       -1.5409e+09    95             
0.180368       -1.5409e+09    111            
0.153662       -1.5409e+09    91             
0.168349       -1.5409e+09    107            
0.160236       -1.5409e+09    99             
0.155026       -1.5409e+09    96             
0.161055       -1.5409e+09    103            
0.17656        -1.5409e+09    73             
0.136256       -1.5409e+09    68             
0.128159       -1.5409e+09    40             
0.120012       -1.5409e+09    77             
0.176082       -1.5409e+09    108            
0.156484       -1.5409e+09    88             
0.112082       -1.5409e+09    38             
0.132478       -1.5409e+09    73             
0.153784       -1.5409e+09    92             
0.160813       -1.5409e+09    101            
0.089081       -1.5409e+09    29             
0.130395       -1.5409e+09    61             
0.140086       -1.5409e+09    72             
0.084773       -1.5409e+09    16             
0.184183       -1.5409e+09    71             
0.130549       -1.5409e+09    73             
0.157338       -1.5409e+09    105            
0.128339       -1.5409e+09    69             
0.157937       -1.5409e+09    75             
0.109076       -1.5409e+09    33             
0.15514        -1.5409e+09    85             
0.088894       -1.5409e+09    24             
0.124749       -1.5409e+09    44             
0.129248       -1.5409e+09    58             
0.176226       -1.5409e+09    109            
0.157345       -1.5409e+09    77             
0.153929       -1.5409e+09    93             
0.156622       -1.5409e+09    89             
0.15862        -1.5409e+09    81             
0.12715        -1.5409e+09    50             
0.092345       -1.5409e+09    20             
0.106403       -1.5409e+09    37             
0.126772       -1.5409e+09    64             
0.130272       -1.5409e+09    60             
0.140231       -1.5409e+09    73             
0.092699       -1.5409e+09    26             
0.128194       -1.5409e+09    68             
0.123691       -1.5409e+09    54             
0.108664       -1.5409e+09    30             
0.108946       -1.5409e+09    32             
0.128998       -1.5409e+09    56             
0.12582        -1.5409e+09    46             
0.127755       -1.5409e+09    65             
0.272243       -1.5409e+09    72             
0.125512       -1.5409e+09    52             
0.18411        -1.5409e+09    70             
0.155132       -1.5409e+09    97             
0.132319       -1.5409e+09    70             
0.13263        -1.5409e+09    76             
0.265179       -1.5409e+09    75             
0.132449       -1.5409e+09    72             
0.272243       -1.5409e+09    72             
0.120061       -1.5409e+09    70             
0.125633       -1.5409e+09    53             
0.126526       -1.5409e+09    62             
0.116101       -1.5409e+09    71             
0.127896       -1.5409e+09    66             
0.136176       -1.5409e+09    66             
0.1092         -1.5409e+09    34             
0.125697       -1.5409e+09    45             
0.129123       -1.5409e+09    57             
0.128447       -1.5409e+09    42             
0.128303       -1.5409e+09    41             
0.121465       -1.5409e+09    69             
0.129238       -1.5409e+09    70             
0.341863       -1.5409e+09    62             
0.373434       -1.5409e+09    59             
0.436481       -1.5409e+09    82             
0.448337       -1.5409e+09    85             
0.144677       -1.5409e+09    76             
0.272352       -1.5409e+09    73             
0.436566       -1.5409e+09    83             
0.444389       -1.5409e+09    87             
0.273186       -1.5409e+09    78             
0.126069       -1.5409e+09    48             
0.357625       -1.5409e+09    57             
0.265319       -1.5409e+09    76             
0.460041       -1.5409e+09    79             
0.280037       -1.5409e+09    77             
0.381359       -1.5409e+09    56             
0.424681       -1.5409e+09    87             
0.401139       -1.5409e+09    82             
0.345833       -1.5409e+09    61             
0.412953       -1.5409e+09    78             
0.357649       -1.5409e+09    58             
0.26883        -1.5409e+09    72             
0.369514       -1.5409e+09    58             
0.276124       -1.5409e+09    74             
0.424661       -1.5409e+09    86             
0.397167       -1.5409e+09    83             
0.365573       -1.5409e+09    59             
0.3932         -1.5409e+09    73             
0.432598       -1.5409e+09    84             
0.385327       -1.5409e+09    63             
0.456102       -1.5409e+09    81             
0.430091       -1.5409e+09    132            
0.408984       -1.5409e+09    79             
0.592052       -1.5409e+09    66             
0.492636       -1.5409e+09    99             
0.574273       -1.5409e+09    78             
0.586023       -1.5409e+09    74             
0.45266        -1.5409e+09    123            
0.336762       -1.5409e+09    65             
0.601875       -1.5409e+09    70             
0.420108       -1.5409e+09    148            
0.589987       -1.5409e+09    73             
0.525186       -1.5409e+09    97             
0.409009       -1.5409e+09    80             
0.337895       -1.5409e+09    63             
0.444418       -1.5409e+09    88             
0.525308       -1.5409e+09    98             
0.415315       -1.5409e+09    139            
0.416387       -1.5409e+09    143            
0.467203       -1.5409e+09    116            
0.605724       -1.5409e+09    69             
0.441473       -1.5409e+09    127            
0.426543       -1.5409e+09    133            
0.353771       -1.5409e+09    59             
0.617615       -1.5409e+09    70             
0.566501       -1.5409e+09    81             
0.445367       -1.5409e+09    126            
0.515043       -1.5409e+09    92             
0.377389       -1.5409e+09    57             
0.532495       -1.5409e+09    94             
0.495774       -1.5409e+09    97             
0.536375       -1.5409e+09    93             
0.51642        -1.5409e+09    91             
0.543522       -1.5409e+09    89             
0.45642        -1.5409e+09    121            
0.559011       -1.5409e+09    85             
0.539993       -1.5409e+09    90             
0.555118       -1.5409e+09    86             
0.503303       -1.5409e+09    96             
0.420872       -1.5409e+09    75             
0.415128       -1.5409e+09    138            
0.470965       -1.5409e+09    114            
0.515023       -1.5409e+09    93             
0.566529       -1.5409e+09    82             
0.416525       -1.5409e+09    144            
0.625576       -1.5409e+09    69             
0.481669       -1.5409e+09    108            
0.574243       -1.5409e+09    77             
0.485328       -1.5409e+09    105            
0.478488       -1.5409e+09    110            
0.582169       -1.5409e+09    75             
0.448791       -1.5409e+09    124            
0.424132       -1.5409e+09    141            
0.597913       -1.5409e+09    71             
0.604034       -1.5409e+09    67             
0.524974       -1.5409e+09    171            
0.513386       -1.5409e+09    130            
0.416049       -1.5409e+09    150            
0.521446       -1.5409e+09    99             
0.422746       -1.5409e+09    135            
0.568388       -1.5409e+09    159            
0.584143       -1.5409e+09    153            
0.613651       -1.5409e+09    67             
0.540713       -1.5409e+09    167            
0.416662       -1.5409e+09    145            
0.566557       -1.5409e+09    83             
0.437615       -1.5409e+09    128            
0.552517       -1.5409e+09    163            
0.488841       -1.5409e+09    101            
0.536097       -1.5409e+09    91             
0.463338       -1.5409e+09    117            
0.551261       -1.5409e+09    87             
0.532932       -1.5409e+09    95             
0.503333       -1.5409e+09    95             
0.320508       -1.5409e+09    129            
0.324529       -1.5409e+09    126            
0.324262       -1.5409e+09    127            
0.312604       -1.5409e+09    125            
0.328097       -1.5409e+09    128            
0.416251       -1.5409e+09    149            
0.340273       -1.5409e+09    133            
0.570317       -1.5409e+09    79             
0.503438       -1.5409e+09    97             
0.552608       -1.5409e+09    164            
0.536746       -1.5409e+09    168            
0.328094       -1.5409e+09    128            
0.513354       -1.5409e+09    129            
0.33692        -1.5409e+09    130            
0.580203       -1.5409e+09    155            
0.57229        -1.5409e+09    158            
0.333283       -1.5409e+09    130            
0.528933       -1.5409e+09    170            
0.521013       -1.5409e+09    127            
0.564418       -1.5409e+09    160            
0.544682       -1.5409e+09    166            
0.588092       -1.5409e+09    152            
0.556484       -1.5409e+09    162            
0.398509       -1.5409e+09    172            
0.520322       -1.5409e+09    150            
0.416199       -1.5409e+09    142            
0.520578       -1.5409e+09    154            
0.516899       -1.5409e+09    159            
0.352185       -1.5409e+09    137            
0.51347        -1.5409e+09    168            
0.593241       -1.5409e+09    182            
0.344143       -1.5409e+09    132            
0.348093       -1.5409e+09    136            
0.316565       -1.5409e+09    131            
0.520289       -1.5409e+09    149            
0.348305       -1.5409e+09    138            
0.324454       -1.5409e+09    127            
0.517017       -1.5409e+09    162            
0.513391       -1.5409e+09    166            
0.328345       -1.5409e+09    126            
0.524036       -1.5409e+09    146            
0.516446       -1.5409e+09    174            
0.416101       -1.5409e+09    141            
0.58967        -1.5409e+09    185            
0.34044        -1.5409e+09    134            
0.333116       -1.5409e+09    129            
0.516862       -1.5409e+09    158            
0.513971       -1.5409e+09    170            
0.592438       -1.5409e+09    180            
0.58982        -1.5409e+09    186            
0.513429       -1.5409e+09    167            
0.592189       -1.5409e+09    177            
0.520542       -1.5409e+09    153            
0.412273       -1.5409e+09    144            
0.520506       -1.5409e+09    152            
0.513312       -1.5409e+09    164            
0.524237       -1.5409e+09    148            
0.520175       -1.5409e+09    172            
0.592145       -1.5409e+09    176            
0.516981       -1.5409e+09    161            
0.412304       -1.5409e+09    145            
0.644193       -1.5409e+09    191            
0.41607        -1.5409e+09    140            
0.58941        -1.5409e+09    183            
0.644137       -1.5409e+09    190            
0.516692       -1.5409e+09    157            
0.592228       -1.5409e+09    178            
0.612234       -1.5409e+09    187            
0.932522       -1.5409e+09    205            
0.612501       -1.5409e+09    189            
0.925357       -1.5409e+09    250            
0.925783       -1.5409e+09    226            
0.922154       -1.5409e+09    233            
1.02047        -1.5409e+09    261            
1.02021        -1.5409e+09    257            
0.93225        -1.5409e+09    200            
1.01652        -1.5409e+09    262            
1.02043        -1.5409e+09    260            
0.925587       -1.5409e+09    224            
0.922189       -1.5409e+09    234            
0.919739       -1.5409e+09    244            
0.921616       -1.5409e+09    252            
0.922646       -1.5409e+09    238            
0.924535       -1.5409e+09    246            
0.92588        -1.5409e+09    229            
0.929149       -1.5409e+09    215            
0.932214       -1.5409e+09    199            
0.925484       -1.5409e+09    221            
0.924929       -1.5409e+09    249            
1.02024        -1.5409e+09    258            
0.928929       -1.5409e+09    212            
0.928021       -1.5409e+09    196            
0.922536       -1.5409e+09    237            
0.925856       -1.5409e+09    228            
1.06809        -1.5409e+09    277            
0.928808       -1.5409e+09    209            
0.922051       -1.5409e+09    230            
0.932177       -1.5409e+09    198            
1.06014        -1.5409e+09    276            
0.925519       -1.5409e+09    222            
1.0172         -1.5409e+09    266            
0.924428       -1.5409e+09    245            
1.01709        -1.5409e+09    265            
1.07644        -1.5409e+09    284            
1.02017        -1.5409e+09    256            
0.922119       -1.5409e+09    232            
0.929181       -1.5409e+09    216            
1.03605        -1.5409e+09    273            
0.932347       -1.5409e+09    203            
0.92422        -1.5409e+09    195            
0.928661       -1.5409e+09    208            
0.925269       -1.5409e+09    218            
0.921887       -1.5409e+09    254            
0.919488       -1.5409e+09    242            
1.22911        -1.5409e+09    318            
0.923217       -1.5409e+09    240            
1.10828        -1.5409e+09    290            
0.924179       -1.5409e+09    194            
0.921768       -1.5409e+09    253            
1.0176         -1.5409e+09    269            
1.07611        -1.5409e+09    280            
0.925747       -1.5409e+09    225            
1.03236        -1.5409e+09    272            
1.23644        -1.5409e+09    306            
0.919346       -1.5409e+09    241            
0.92888        -1.5409e+09    211            
0.922368       -1.5409e+09    236            
0.92545        -1.5409e+09    220            
1.22939        -1.5409e+09    322            
1.15721        -1.5409e+09    298            
1.23618        -1.5409e+09    302            
1.06821        -1.5409e+09    278            
1.01749        -1.5409e+09    268            
1.23285        -1.5409e+09    314            
1.22606        -1.5409e+09    326            
0.928626       -1.5409e+09    207            
1.15639        -1.5409e+09    294            
1.07756        -1.5409e+09    281            
1.0361         -1.5409e+09    270            
1.23625        -1.5409e+09    304            
1.23271        -1.5409e+09    310            
1.22595        -1.5409e+09    325            
1.2364         -1.5409e+09    305            
1.15706        -1.5409e+09    297            
1.23278        -1.5409e+09    312            
1.10417        -1.5409e+09    285            
0.928967       -1.5409e+09    213            
1.15625        -1.5409e+09    293            
1.0362         -1.5409e+09    274            
1.22904        -1.5409e+09    316            
1.07616        -1.5409e+09    282            
1.23614        -1.5409e+09    301            
1.22805        -1.5409e+09    329            
1.23252        -1.5409e+09    308            
1.10422        -1.5409e+09    286            
1.22556        -1.5409e+09    324            
1.10448        -1.5409e+09    289            
0.932491       -1.5409e+09    204            
1.23282        -1.5409e+09    313            
1.22931        -1.5409e+09    320            
1.01666        -1.5409e+09    264            
1.27442        -1.5409e+09    330            
0.924783       -1.5409e+09    248            
1.44419        -1.5409e+09    334            
1.44047        -1.5409e+09    338            
1.22908        -1.5409e+09    317            
1.23256        -1.5409e+09    309            
1.10436        -1.5409e+09    288            
1.15695        -1.5409e+09    296            
1.28804        -1.5409e+09    340            
1.22935        -1.5409e+09    321            
1.42417        -1.5409e+09    357            
1.24032        -1.5409e+09    330            
1.22637        -1.5409e+09    328            
1.42147        -1.5409e+09    354            
1.4441         -1.5409e+09    332            
1.26763        -1.5409e+09    336            
1.43298        -1.5409e+09    345            
1.42931        -1.5409e+09    350            
1.4202         -1.5409e+09    358            
1.27801        -1.5409e+09    327            
1.26711        -1.5409e+09    335            
1.42542        -1.5409e+09    353            
1.44043        -1.5409e+09    337            
1.43667        -1.5409e+09    340            
1.43675        -1.5409e+09    342            
1.43302        -1.5409e+09    346            
1.42413        -1.5409e+09    356            
1.32857        -1.5409e+09    333            
1.27771        -1.5409e+09    326            
1.42915        -1.5409e+09    349            
1.3363         -1.5409e+09    324            
1.42911        -1.5409e+09    348            
1.43283        -1.5409e+09    344            
1.43671        -1.5409e+09    341            
1.4164         -1.5409e+09    360            
1.33226        -1.5409e+09    345            
1.40848        -1.5409e+09    362            
1.41244        -1.5409e+09    361            
1.2882         -1.5409e+09    341            
1.32853        -1.5409e+09    332            
1.33229        -1.5409e+09    346            
1.47288        -1.5409e+09    349            
1.2361         -1.5409e+09    300            
1.4404         -1.5409e+09    336            
1.33232        -1.5409e+09    337            
1.27073        -1.5409e+09    332            
1.28836        -1.5409e+09    342            
1.33672        -1.5409e+09    325            
1.32834        -1.5409e+09    330            
1.40585        -1.5409e+09    337            
1.47645        -1.5409e+09    341            
1.33619        -1.5409e+09    323            
1.15614        -1.5409e+09    292            
1.44415        -1.5409e+09    333            
1.409          -1.5409e+09    333            
1.48018        -1.5409e+09    339            
1.41205        -1.5409e+09    328            
1.42539        -1.5409e+09    352            
1.41216        -1.5409e+09    329            
1.40886        -1.5409e+09    332            
1.47313        -1.5409e+09    353            
1.48013        -1.5409e+09    338            
1.47659        -1.5409e+09    345            
1.47652        -1.5409e+09    343            
1.4731         -1.5409e+09    352            
1.48026        -1.5409e+09    342            
1.40561        -1.5409e+09    335            
1.47413        -1.5409e+09    348            
1.65337        -1.5409e+09    368            
1.48025        -1.5409e+09    341            
1.65674        -1.5409e+09    364            
1.64405        -1.5409e+09    355            
1.66014        -1.5409e+09    359            
1.72053        -1.5409e+09    388            
1.68404        -1.5409e+09    376            
1.65641        -1.5409e+09    358            
1.70961        -1.5409e+09    408            
1.66033        -1.5409e+09    361            
1.368          -1.5409e+09    327            
1.65666        -1.5409e+09    362            
1.66006        -1.5409e+09    357            
1.47306        -1.5409e+09    351            
1.67986        -1.5409e+09    456            
1.40215        -1.5409e+09    337            
1.47655        -1.5409e+09    344            
1.72042        -1.5409e+09    384            
1.40875        -1.5409e+09    331            
1.32805        -1.5409e+09    336            
1.6881         -1.5409e+09    378            
1.47677        -1.5409e+09    347            
1.706          -1.5409e+09    416            
1.71331        -1.5409e+09    403            
1.69496        -1.5409e+09    437            
1.69853        -1.5409e+09    428            
1.70233        -1.5409e+09    424            
1.65426        -1.5409e+09    372            
1.66018        -1.5409e+09    360            
1.69856        -1.5409e+09    429            
1.70983        -1.5409e+09    413            
1.68367        -1.5409e+09    452            
1.33243        -1.5409e+09    338            
1.65648        -1.5409e+09    360            
1.65362        -1.5409e+09    370            
1.68746        -1.5409e+09    448            
1.69135        -1.5409e+09    445            
1.72069        -1.5409e+09    392            
1.68749        -1.5409e+09    449            
1.65708        -1.5409e+09    366            
1.71705        -1.5409e+09    399            
1.71348        -1.5409e+09    407            
1.72045        -1.5409e+09    385            
1.40571        -1.5409e+09    336            
1.7169         -1.5409e+09    395            
1.32861        -1.5409e+09    334            
1.6837         -1.5409e+09    453            
1.69113        -1.5409e+09    440            
1.65468        -1.5409e+09    375            
1.69493        -1.5409e+09    436            
1.6987         -1.5409e+09    432            
1.69125        -1.5409e+09    444            
1.65453        -1.5409e+09    374            
1.7062         -1.5409e+09    420            
1.67989        -1.5409e+09    457            
1.7098         -1.5409e+09    412            
1.64419        -1.5409e+09    356            
1.68739        -1.5409e+09    446            
1.65322        -1.5409e+09    367            
1.72065        -1.5409e+09    390            
1.71675        -1.5409e+09    392            
1.68824        -1.5409e+09    379            
1.71316        -1.5409e+09    400            
1.70974        -1.5409e+09    410            
1.70604        -1.5409e+09    417            
1.70243        -1.5409e+09    425            
1.69867        -1.5409e+09    430            
1.71328        -1.5409e+09    402            
1.72415        -1.5409e+09    382            
1.71312        -1.5409e+09    399            
1.70223        -1.5409e+09    421            
1.69116        -1.5409e+09    441            
1.68759        -1.5409e+09    450            
1.69476        -1.5409e+09    433            
1.72417        -1.5409e+09    383            
1.71693        -1.5409e+09    396            
0.420168       -1.5409e+09    190            
0.520356       -1.5409e+09    151            
0.33399        -1.5409e+09    64             
1.0362         -1.5409e+09    271            
0.928039       -1.5409e+09    193            
1.02028        -1.5409e+09    259            
1.406          -1.5409e+09    338            
1.48022        -1.5409e+09    340            
1.72421        -1.5409e+09    384            
0.592334       -1.5409e+09    179            
1.06003        -1.5409e+09    275            
0.932027       -1.5409e+09    197            
0.001815       -1.5409e+09    6              
1.72062        -1.5409e+09    389            
0.925819       -1.5409e+09    227            
0.51694        -1.5409e+09    160            
1.70964        -1.5409e+09    409            
0.088648       -1.5409e+09    15             
1.6567         -1.5409e+09    363            
1.71696        -1.5409e+09    397            
1.7061         -1.5409e+09    419            
0.31654        -1.5409e+09    130            
2e-06          -1.5409e+09    1              
3.8e-05        -1.5409e+09    2              
2e-06          -1.5409e+09    1              
0.000184       -1.5409e+09    4              
0.520614       -1.5409e+09    155            
0.524204       -1.5409e+09    147            
2e-05          -1.5409e+09    1              
4.4e-05        -1.5409e+09    1              
0.928592       -1.5409e+09    206            
0.08118        -1.5409e+09    19             
0.53289        -1.5409e+09    169            
0.922333       -1.5409e+09    235            
1.71316        -1.5409e+09    406            
0.576256       -1.5409e+09    157            
2e-06          -1.5409e+09    1              
0.156745       -1.5409e+09    90             
0.157471       -1.5409e+09    78             
1.47648        -1.5409e+09    342            
0.413108       -1.5409e+09    146            
0.412195       -1.5409e+09    151            
0.144534       -1.5409e+09    75             
1.32838        -1.5409e+09    331            
0.514995       -1.5409e+09    94             
1.71319        -1.5409e+09    401            
1.233          -1.5409e+09    315            
1.70607        -1.5409e+09    418            
1.23648        -1.5409e+09    307            
0.180413       -1.5409e+09    72             
0.106145       -1.5409e+09    35             
1.68372        -1.5409e+09    454            
0.589553       -1.5409e+09    184            
0.361605       -1.5409e+09    57             
1.67983        -1.5409e+09    455            
0.001307       -1.5409e+09    6              
0.452153       -1.5409e+09    83             
1.71684        -1.5409e+09    393            
0.92275        -1.5409e+09    239            
0.040483       -1.5409e+09    24             
0.000851       -1.5409e+09    2              
0.136226       -1.5409e+09    67             
0.13242        -1.5409e+09    71             
1.65645        -1.5409e+09    359            
1.01735        -1.5409e+09    267            
1.0763         -1.5409e+09    283            
0.474713       -1.5409e+09    112            
1.70977        -1.5409e+09    411            
0.276941       -1.5409e+09    78             
0.125341       -1.5409e+09    68             
0.001988       -1.5409e+09    6              
1.70246        -1.5409e+09    426            
0.156194       -1.5409e+09    86             
1.72047        -1.5409e+09    386            
1.69122        -1.5409e+09    443            
2.3e-05        -1.5409e+09    1              
1.68763        -1.5409e+09    451            
1.6948         -1.5409e+09    434            
0.176339       -1.5409e+09    110            
0.160062       -1.5409e+09    98             
0.925461       -1.5409e+09    251            
0.349796       -1.5409e+09    60             
0.004307       -1.5409e+09    7              
2e-06          -1.5409e+09    1              
0.405108       -1.5409e+09    81             
1.06835        -1.5409e+09    279            
0.562608       -1.5409e+09    84             
0.547409       -1.5409e+09    88             
0.44045        -1.5409e+09    81             
0.088779       -1.5409e+09    23             
0.570456       -1.5409e+09    80             
1.67995        -1.5409e+09    459            
0.120087       -1.5409e+09    78             
1.70226        -1.5409e+09    422            
0.000157       -1.5409e+09    3              
2e-06          -1.5409e+09    1              
1.43306        -1.5409e+09    347            
7.3e-05        -1.5409e+09    2              
1.70598        -1.5409e+09    415            
0.125943       -1.5409e+09    47             
0.416033       -1.5409e+09    139            
0.127268       -1.5409e+09    51             
5.3e-05        -1.5409e+09    2              
0.128875       -1.5409e+09    55             
1.10425        -1.5409e+09    287            
1.71337        -1.5409e+09    405            
5e-05          -1.5409e+09    1              
0.529065       -1.5409e+09    96             
0.001544       -1.5409e+09    8              
6e-05          -1.5409e+09    2              
1.70958        -1.5409e+09    407            
1.4405         -1.5409e+09    339            
1.7023         -1.5409e+09    423            
1.6949         -1.5409e+09    435            
1.6985         -1.5409e+09    427            
1.72412        -1.5409e+09    381            
0.48896        -1.5409e+09    102            
1.65415        -1.5409e+09    371            
0.416924       -1.5409e+09    77             
0.108808       -1.5409e+09    31             
0.51386        -1.5409e+09    169            
1.15736        -1.5409e+09    299            
1.68412        -1.5409e+09    377            
0.924642       -1.5409e+09    247            
1.42935        -1.5409e+09    351            
1.66034        -1.5409e+09    362            
1.72421        -1.5409e+09    385            
0.130573       -1.5409e+09    74             
0.124604       -1.5409e+09    43             
0.593948       -1.5409e+09    72             
0.428635       -1.5409e+09    85             
1.27057        -1.5409e+09    331            
1.69499        -1.5409e+09    438            
0.001105       -1.5409e+09    4              
1.67992        -1.5409e+09    458            
1.7134         -1.5409e+09    406            
1.43678        -1.5409e+09    343            
1.10806        -1.5409e+09    291            
1.32465        -1.5409e+09    335            
1.01655        -1.5409e+09    263            
0.020994       -1.5409e+09    28             
1.71334        -1.5409e+09    404            
0.919596       -1.5409e+09    243            
1.22915        -1.5409e+09    319            
0.132536       -1.5409e+09    75             
0.517052       -1.5409e+09    128            
0.613681       -1.5409e+09    68             
1.71705        -1.5409e+09    398            
0.12936        -1.5409e+09    71             
0.548649       -1.5409e+09    165            
1.70005        -1.5409e+09    380            
1.72068        -1.5409e+09    391            
1.44035        -1.5409e+09    335            
1.02012        -1.5409e+09    255            
1.65677        -1.5409e+09    365            
1.65663        -1.5409e+09    361            
0.499534       -1.5409e+09    95             
0.132132       -1.5409e+09    69             
1.6601         -1.5409e+09    358            
1.69499        -1.5409e+09    439            
1.22544        -1.5409e+09    323            
2e-06          -1.5409e+09    1              
0.333446       -1.5409e+09    131            
1.69119        -1.5409e+09    442            
0.612348       -1.5409e+09    188            
0.324691       -1.5409e+09    127            
0.548089       -1.5409e+09    175            
0.412246       -1.5409e+09    143            
0.922084       -1.5409e+09    231            
1.33258        -1.5409e+09    339            
0.448931       -1.5409e+09    125            
1.26385        -1.5409e+09    338            
1.34009        -1.5409e+09    326            
1.23622        -1.5409e+09    303            
1.41264        -1.5409e+09    330            
0.002251       -1.5409e+09    9              
1.8e-05        -1.5409e+09    1              
1.65442        -1.5409e+09    373            
0.925305       -1.5409e+09    219            
1.42808        -1.5409e+09    355            
1.25204        -1.5409e+09    331            
0.160913       -1.5409e+09    102            
0.513353       -1.5409e+09    165            
1.42024        -1.5409e+09    359            
1.65348        -1.5409e+09    369            
0.578207       -1.5409e+09    76             
0.128049       -1.5409e+09    67             
0.154067       -1.5409e+09    94             
0.420278       -1.5409e+09    142            
1.47674        -1.5409e+09    346            
1.71687        -1.5409e+09    394            
9.9e-05        -1.5409e+09    2              
1.48402        -1.5409e+09    354            
0.044192       -1.5409e+09    10             
0.001187       -1.5409e+09    5              
1e-06          -1.5409e+09    1              
0.072021       -1.5409e+09    4              
0.001159       -1.5409e+09    5              
0.929115       -1.5409e+09    214            
1.39664        -1.5409e+09    368            
0.629416       -1.5409e+09    68             
1.15682        -1.5409e+09    295            
0.373411       -1.5409e+09    58             
0.460205       -1.5409e+09    119            
0.344048       -1.5409e+09    135            
0.560451       -1.5409e+09    161            
0.126647       -1.5409e+09    63             
0.517916       -1.5409e+09    98             
0.536236       -1.5409e+09    92             
0.928844       -1.5409e+09    210            
0.925552       -1.5409e+09    223            
0.41899        -1.5409e+09    137            
1.22621        -1.5409e+09    327            
0.268935       -1.5409e+09    73             
2e-06          -1.5409e+09    1              
0.43386        -1.5409e+09    130            
0.009284       -1.5409e+09    30             
0.112226       -1.5409e+09    39             
0.155718       -1.5409e+09    82             
1.68742        -1.5409e+09    447            
0.129374       -1.5409e+09    59             
0.068138       -1.5409e+09    9              
0.389231       -1.5409e+09    62             
0.932283       -1.5409e+09    201            
0.276092       -1.5409e+09    73             
2e-06          -1.5409e+09    1              
1.6987         -1.5409e+09    431            
0.001069       -1.5409e+09    4              
7e-06          -1.5409e+09    1              
0.336818       -1.5409e+09    129            
2e-06          -1.5409e+09    1              
1.40916        -1.5409e+09    334            
0.000962       -1.5409e+09    3              
1.47292        -1.5409e+09    350            
0.092825       -1.5409e+09    27             
1.7205         -1.5409e+09    387            
0.168208       -1.5409e+09    106            
1.33222        -1.5409e+09    344            
0.028733       -1.5409e+09    29             
0.015947       -1.5409e+09    1              
1.70986        -1.5409e+09    414            
0.005483       -1.5409e+09    32             
1.23275        -1.5409e+09    311            
2e-06          -1.5409e+09    1              
2.30512        -1.5409e+09    478            
2.31221        -1.5409e+09    462            
2.31249        -1.5409e+09    467            
2.31217        -1.5409e+09    461            
2.31225        -1.5409e+09    463            
2.30882        -1.5409e+09    474            
2.30509        -1.5409e+09    477            
2.31613        -1.5409e+09    460            
2.30879        -1.5409e+09    472            
2.30872        -1.5409e+09    470            
2.31242        -1.5409e+09    465            
2.30505        -1.5409e+09    476            
2.30609        -1.5409e+09    475            
2.30855        -1.5409e+09    468            
2.31228        -1.5409e+09    464            
2.30858        -1.5409e+09    469            
2.30882        -1.5409e+09    473            
2.31246        -1.5409e+09    466            
2.30875        -1.5409e+09    471            
2.30517        -1.5409e+09    479            
3.27388        -1.5409e+09    506            
3.29313        -1.5409e+09    498            
3.24343        -1.5409e+09    533            
3.28554        -1.5409e+09    499            
3.25104        -1.5409e+09    528            
3.26615        -1.5409e+09    511            
3.24732        -1.5409e+09    530            
3.22026        -1.5409e+09    565            
3.19709        -1.5409e+09    591            
3.21271        -1.5409e+09    572            
3.28942        -1.5409e+09    503            
3.22431        -1.5409e+09    550            
3.209          -1.5409e+09    577            
3.29309        -1.5409e+09    497            
3.30812        -1.5409e+09    480            
3.24361        -1.5409e+09    535            
3.24346        -1.5409e+09    534            
3.29684        -1.5409e+09    493            
3.30422        -1.5409e+09    482            
3.19222        -1.5409e+09    600            
3.23574        -1.5409e+09    539            
3.2122         -1.5409e+09    582            
3.21274        -1.5409e+09    573            
3.22413        -1.5409e+09    561            
3.2205         -1.5409e+09    552            
3.20904        -1.5409e+09    578            
3.3043         -1.5409e+09    484            
3.3008         -1.5409e+09    492            
3.30418        -1.5409e+09    481            
3.2167         -1.5409e+09    558            
3.21658        -1.5409e+09    568            
3.21663        -1.5409e+09    556            
3.18848        -1.5409e+09    604            
3.22821        -1.5409e+09    547            
3.22029        -1.5409e+09    566            
3.25849        -1.5409e+09    518            
3.21664        -1.5409e+09    570            
3.23188        -1.5409e+09    544            
3.22428        -1.5409e+09    549            
3.19331        -1.5409e+09    594            
3.20833        -1.5409e+09    586            
3.1968         -1.5409e+09    586            
3.20421        -1.5409e+09    580            
3.18939        -1.5409e+09    596            
3.20463        -1.5409e+09    591            
3.20896        -1.5409e+09    576            
3.20817        -1.5409e+09    604            
3.20491        -1.5409e+09    596            
3.27402        -1.5409e+09    507            
3.28568        -1.5409e+09    500            
3.29335        -1.5409e+09    501            
3.24735        -1.5409e+09    531            
3.25485        -1.5409e+09    522            
3.20113        -1.5409e+09    599            
3.27782        -1.5409e+09    504            
3.20484        -1.5409e+09    594            
3.30055        -1.5409e+09    488            
3.25853        -1.5409e+09    519            
3.28172        -1.5409e+09    501            
3.26225        -1.5409e+09    514            
3.18488        -1.5409e+09    622            
3.18873        -1.5409e+09    618            
3.19251        -1.5409e+09    616            
3.18877        -1.5409e+09    619            
3.20055        -1.5409e+09    586            
3.20444        -1.5409e+09    583            
3.19245        -1.5409e+09    614            
3.18459        -1.5409e+09    607            
3.2012         -1.5409e+09    601            
3.18859        -1.5409e+09    617            
3.20429        -1.5409e+09    582            
3.18485        -1.5409e+09    621            
3.19313        -1.5409e+09    592            
3.29316        -1.5409e+09    499            
3.19684        -1.5409e+09    587            
3.18463        -1.5409e+09    608            
3.18833        -1.5409e+09    603            
3.18935        -1.5409e+09    595            
3.17312        -1.5409e+09    626            
3.19622        -1.5409e+09    611            
3.30444        -1.5409e+09    485            
3.21224        -1.5409e+09    583            
3.20848        -1.5409e+09    587            
3.19219        -1.5409e+09    599            
3.18103        -1.5409e+09    623            
3.20488        -1.5409e+09    595            
3.16919        -1.5409e+09    628            
3.16526        -1.5409e+09    630            
3.20447        -1.5409e+09    584            
3.19217        -1.5409e+09    602            
3.20073        -1.5409e+09    588            
3.19626        -1.5409e+09    612            
3.18855        -1.5409e+09    606            
3.19603        -1.5409e+09    598            
3.19705        -1.5409e+09    590            
3.20859        -1.5409e+09    590            
3.20852        -1.5409e+09    588            
3.20477        -1.5409e+09    592            
3.20116        -1.5409e+09    600            
3.20058        -1.5409e+09    587            
3.29687        -1.5409e+09    494            
3.2241         -1.5409e+09    560            
3.30072        -1.5409e+09    490            
3.30059        -1.5409e+09    489            
3.28945        -1.5409e+09    504            
3.20814        -1.5409e+09    603            
3.19619        -1.5409e+09    610            
3.22054        -1.5409e+09    553            
3.25488        -1.5409e+09    523            
3.21613        -1.5409e+09    580            
3.19687        -1.5409e+09    588            
3.30447        -1.5409e+09    486            
3.19248        -1.5409e+09    615            
3.23577        -1.5409e+09    540            
3.26243        -1.5409e+09    516            
3.26619        -1.5409e+09    512            
3.25492        -1.5409e+09    524            
3.29702        -1.5409e+09    495            
3.26239        -1.5409e+09    515            
3.24739        -1.5409e+09    532            
3.22035        -1.5409e+09    551            
3.19226        -1.5409e+09    601            
3.28176        -1.5409e+09    502            
3.21289        -1.5409e+09    574            
3.30426        -1.5409e+09    483            
3.23968        -1.5409e+09    537            
3.2895         -1.5409e+09    505            
3.19702        -1.5409e+09    589            
3.20425        -1.5409e+09    581            
3.20051        -1.5409e+09    585            
3.25101        -1.5409e+09    527            
3.20855        -1.5409e+09    589            
3.27009        -1.5409e+09    509            
3.21666        -1.5409e+09    557            
3.20505        -1.5409e+09    597            
3.22417        -1.5409e+09    562            
3.19317        -1.5409e+09    593            
3.20907        -1.5409e+09    579            
3.21227        -1.5409e+09    584            
3.20481        -1.5409e+09    593            
3.18942        -1.5409e+09    597            
3.18851        -1.5409e+09    605            
3.20025        -1.5409e+09    585            
3.18481        -1.5409e+09    620            
3.22818        -1.5409e+09    546            
3.19629        -1.5409e+09    613            
3.19244        -1.5409e+09    616            
3.30076        -1.5409e+09    491            
3.20014        -1.5409e+09    609            
3.15768        -1.5409e+09    633            
3.2932         -1.5409e+09    500            
3.25856        -1.5409e+09    520            
3.21661        -1.5409e+09    569            
3.20123        -1.5409e+09    602            
3.17706        -1.5409e+09    624            
3.30451        -1.5409e+09    487            
