TaskQLat.      PRRQLat.       TaksQlen       
4e-06          1e-06          1              
2e-06          0              1              
1.21945        0              537            
1.13576        0              540            
1.39877        0              493            
1.14371        0              538            
1.17956        0              528            
1.42642        0              483            
1.18356        0              526            
1.28318        0              518            
1.24332        0              528            
1.34693        0              500            
1.16761        0              531            
1.23532        0              532            
1.2274         0              534            
1.21148        0              539            
1.2393         0              530            
1.33895        0              501            
1.53415        0              453            
1.09989        0              550            
1.10388        0              549            
1.18753        0              525            
1.0959         0              551            
1.21546        0              538            
1.52231        0              457            
1.37892        0              497            
1.24732        0              527            
1.45441        0              472            
1.20234        0              521            
1.08794        0              554            
1.32693        0              504            
1.42271        0              484            
1.15566        0              534            
1.51836        0              461            
1.45449        1e-06          471            
1.53813        0              452            
1.09193        0              553            
1.15167        0              535            
1.43858        0              478            
1.44657        0              475            
1.44278        0              476            
1.54207        0              451            
1.35084        0              499            
1.33495        0              502            
1.29116        0              515            
1.32301        0              505            
1.19551        0              522            
1.43451        0              482            
1.50225        0              464            
1.51837        0              460            
1.30309        0              511            
1.39486        0              494            
1.40672        0              490            
1.23932        0              529            
1.41061        0              489            
1.44262        0              477            
1.17958        0              527            
1.4144         0              488            
1.15964        0              533            
1.14767        0              537            
1.08396        0              555            
1.12379        0              543            
1.1756         0              529            
1.07996        0              556            
1.10787        0              548            
1.16364        0              532            
1.41465        0              487            
1.4384         0              479            
1.4186         0              486            
1.19152        0              523            
1.23533        0              531            
1.12775        0              542            
1.17161        0              530            
1.29115        0              516            
1.18754        0              524            
1.32299        0              506            
1.29679        0              562            
1.2792         0              519            
1.51032        0              463            
1.25995        0              557            
1.2553         1e-06          525            
1.27521        0              520            
1.30879        0              558            
1.30481        0              559            
1.25131        0              526            
1.29116        0              514            
1.30081        0              560            
1.27124        0              521            
1.29683        0              561            
1.48243        0              467            
1.44658        0              474            
1.77938        0              661            
2.16837        0              574            
1.64061        1e-06          686            
2.18028        1e-06          570            
1.795          0              657            
1.72009        0              671            
1.25072        0              467            
1.48587        0              721            
1.59279        0              698            
2.05328        0              591            
1.90205        0              630            
1.86614        0              637            
2.04531        0              593            
2.02932        0              595            
2.18899        0              566            
1.80696        0              654            
1.66858        0              682            
1.9976         0              604            
2.09313        0              589            
1.51762        0              716            
1.51764        0              715            
1.93779        1e-06          620            
1.7044         0              677            
1.67253        0              681            
1.64857        0              683            
1.62868        0              689            
1.64457        0              685            
1.54928        0              710            
1.81492        0              651            
1.55327        0              709            
1.56124        0              707            
1.82677        0              648            
1.58097        0              702            
1.55726        0              708            
1.92598        0              624            
1.81491        0              652            
1.45784        0              722            
1.44201        0              726            
1.43805        0              727            
1.48983        0              720            
1.45387        0              723            
1.24258        0              455            
1.8228         0              649            
1.8346         0              646            
2.00952        0              601            
1.84258        0              644            
1.43017        0              729            
2.10514        0              587            
2.11293        0              585            
2.16832        0              575            
2.04133        0              594            
1.98563        0              607            
1.94575        0              618            
1.85044        0              642            
1.80297        0              655            
2.00159        0              603            
1.799          0              656            
1.87412        0              635            
1.88208        0              633            
2.18905        0              565            
1.75579        0              666            
1.73991        0              668            
1.70836        0              676            
1.70437        0              678            
1.5097         0              718            
1.60076        0              696            
1.51369        0              717            
1.77166        0              664            
1.93395        0              622            
1.61672        0              692            
1.9896         0              606            
1.96155        0              613            
2.0493         0              592            
1.56523        0              706            
1.52553        0              713            
1.7161         0              672            
1.95371        0              615            
1.91801        0              626            
2.17235        0              573            
2.17636        0              571            
2.00558        0              602            
1.9577         0              614            
1.89807        0              631            
1.6446         0              684            
1.86218        0              639            
2.02534        0              596            
2.01353        0              599            
1.97766        1e-06          609            
1.70043        0              679            
2.16438        0              576            
1.94177        0              619            
1.94971        0              617            
2.1604         0              577            
1.87812        0              634            
1.63664        0              687            
1.91005        0              628            
1.98163        0              608            
2.10112        0              588            
1.3583         0              731            
1.8821         0              632            
1.35032        0              733            
1.32111        0              604            
1.96966        0              611            
1.59678        0              697            
2.12474        0              582            
1.60475        0              695            
1.922          0              625            
1.57698        0              703            
2.18507        0              567            
1.87013        0              636            
1.94973        0              616            
2.17634        0              572            
1.58879        0              700            
1.86609        0              638            
2.13657        0              580            
1.58881        0              699            
1.60874        0              694            
2.19302        0              564            
1.97367        1e-06          610            
1.81086        0              653            
1.99361        0              605            
1.35431        0              732            
2.12076        0              583            
1.28255        0              466            
1.90605        0              629            
1.44988        0              724            
1.63266        0              688            
1.96568        0              612            
1.62469        0              690            
2.02136        0              597            
1.73594        0              669            
1.61273        0              693            
2.14441        0              578            
1.83858        0              645            
1.62071        0              691            
0.611917       0              276            
1.92997        0              623            
1.71607        0              673            
2.00954        0              600            
0.465333       0              292            
0.032736       6.59864        3              
0.485111       0              288            
1.91402        0              627            
0.59223        0              281            
0.604067       0              278            
0.59622        0              280            
0.012797       1e-06          2              
0.461513       0              293            
0.033606       6.59775        4              
0.034531       15.913         5              
0.016531       27.356         28             
0.269003       26.8154        74             
0.49614        26.2963        98             
0.471069       26.2934        115            
0.438152       26.0865        160            
0.456123       26.0165        177            
0.426244       26.0864        165            
0.392073       25.9607        208            
1.38877        24.7161        373            
1.29354        24.7153        325            
1.33268        24.6209        340            
1.26759        24.7131        337            
1.40054        24.7162        365            
0.036715       27.4956        8              
0.448416       26.0162        179            
3.21661        22.5444        555            
3.2242         22.5327        564            
0.428939       25.9677        196            
3.24363        22.5453        536            
0.485446       26.2951        106            
0.449928       26.0867        153            
2.87844        22.4906        644            
0.098766       27.1896        13             
2.54717        22.4899        577            
0.112074       27.2004        5              
1.33995        24.6208        341            
2.41607        22.3531        590            
2.29232        22.3529        510            
1.93752        22.3519        523            
1.93334        22.3518        523            
1.93753        22.3518        524            
2.23255        22.3527        499            
1.82172        22.3517        418            
2.6108         22.4901        573            
0.409827       25.9668        203            
1.99325        22.3521        509            
1.37024        24.7159        308            
1.79395        22.3515        431            
1.60204        22.3514        439            
3.21616        22.5248        581            
1.80584        22.3515        427            
1.29751        24.7153        323            
1.5223         22.3511        458            
0.517158       25.7236        163            
0.048096       27.4683        19             
1.38482        24.716         375            
0.652104       25.5766        192            
1.35318        24.7157        319            
2.58304        22.49          570            
1.39264        24.7161        372            
2.79254        22.4905        587            
2.10893        21.2085        586            
0.004425       27.3559        25             
2.30813        22.353         504            
1.77547        21.2059        663            
2.40459        22.4445        576            
1.52156        21.204         714            
1.72374        24.1926        383            
0.426264       26.0864        164            
2.41624        22.4448        573            
1.18686        21.2027        443            
1.85432        21.2071        641            
0.032861       27.4955        9              
0.430232       26.0864        163            
1.8138         22.3516        425            
1.42692        20.9146        209            
2.25246        22.3528        495            
1.40813        20.9135        219            
0.048314       27.3562        17             
2.40069        22.4444        577            
1.29033        21.2032        570            
2.43601        22.3532        586            
1.68844        21.205         680            
0.032955       27.4804        10             
2.05711        22.3522        500            
1.36563        20.9119        232            
1.39295        20.9126        226            
2.98168        22.491         626            
0.094896       27.1996        11             
2.38402        22.3532        585            
2.41618        22.4449        572            
1.40071        20.9129        224            
2.492          22.4532        590            
0.406387       26.0863        169            
0.429396       26.0087        186            
2.06505        22.3522        498            
3.26245        22.5465        517            
1.36178        20.9118        233            
0.689388       20.9083        256            
3.25117        22.5458        529            
0.669982       20.9077        261            
2.41995        22.3531        589            
1.52614        22.3511        455            
0.028441       27.356         26             
3.28177        22.5471        503            
0.394594       26.0861        174            
0.627326       20.9064        272            
2.58688        22.49          569            
0.556196       20.9054        282            
0.642839       20.9069        268            
2.88241        22.4906        643            
3.06984        22.4911        623            
0.932319       25.2925        202            
0.432073       26.0086        187            
0.43281        25.9678        195            
1.41186        20.9137        217            
2.54319        22.4898        578            
1.83061        21.2068        647            
2.01303        22.3521        504            
0.452493       25.9681        193            
1.41609        20.9494        451            
1.32681        20.9108        242            
2.04915        22.3522        502            
2.04516        22.3522        503            
0.460182       25.9684        191            
1.40415        24.7163        363            
0.502171       26.2971        94             
2.3003         22.3529        506            
2.20061        22.3526        504            
2.48769        22.4894        585            
2.077          22.3523        494            
2.51145        22.4897        578            
1.52941        21.2041        712            
0.280486       26.8           78             
2.15272        22.3525        498            
1.35397        20.9116        235            
1.80986        22.3516        426            
0.39853        26.0861        173            
0.46027        26.2922        120            
2.52335        22.4897        575            
0.442101       26.0865        158            
1.59011        22.3513        442            
0.497574       26.087         138            
2.08891        22.3523        491            
1.34529        24.7156        323            
1.37023        24.7159        309            
1.34236        20.9113        238            
1.5144         22.351         462            
0.060213       27.3563        12             
2.00122        22.3521        507            
2.73884        22.4902        598            
1.97731        22.352         512            
0.477739       26.0869        144            
0.012193       27.4483        4              
2.69885        22.4901        602            
1.43057        20.915         206            
0.635082       20.9066        270            
0.001574       27.4668        30             
2.26027        22.3528        493            
2.39197        22.353         594            
1.83758        22.3518        410            
1.16767        21.2018        450            
1.23139        22.3501        533            
2.60679        22.4901        574            
2.05312        22.3522        501            
0.505481       26.0871        134            
0.662217       20.9075        263            
0.460022       26.6125        80             
2.41211        22.3531        591            
1.38521        20.9124        228            
2.08099        22.3523        493            
0.461841       26.0868        148            
2.39682        22.4443        578            
2.48373        22.4894        586            
0.444556       26.016         180            
1.97333        22.352         513            
0.592872       25.6399        181            
0.398151       25.9664        206            
2.36796        22.437         582            
0.440707       26.0159        181            
0.409672       25.967         201            
1.16756        21.202         449            
1.59411        22.3513        441            
2.15662        22.3526        497            
1.35389        20.9117        234            
2.45249        22.4524        567            
0.481712       26.0869        143            
0.469787       26.0868        146            
1.9614         22.352         516            
3.16152        22.4914        632            
0.509453       26.0872        133            
0.040435       27.3561        23             
0.51341        26.0872        132            
0.398479       26.0862        171            
1.30305        22.3504        512            
2.06506        22.3522        497            
1.81775        22.3516        422            
0.499604       26.2969        96             
0.520323       25.7164        173            
0.040527       27.4679        26             
3.25869        22.5462        521            
0.111797       27.2005        4              
3.23203        22.5449        545            
1.43066        20.9149        207            
1.51838        22.3511        459            
1.96537        22.352         515            
0.104391       27.2           8              
0.388115       25.9606        209            
2.46422        22.4529        561            
0.465817       26.0868        147            
1.38132        20.9123        229            
1.3307         20.9109        241            
3.22043        22.5325        567            
0.040201       27.3561        24             
2.37217        22.353         596            
1.7677         21.2058        665            
1.82566        22.3517        415            
1.8336         22.3518        411            
1.61789        22.3514        437            
1.34622        20.9114        237            
2.24848        22.3528        496            
0.492727       26.2958        100            
1.11977        22.3497        545            
1.36897        24.7159        310            
2.42075        22.4522        569            
3.17313        22.4918        627            
0.446034       26.0866        156            
0.100949       27.1915        12             
0.759956       20.9097        245            
1.26326        22.3502        523            
0.446035       26.0866        157            
1.3927         24.7161        371            
2.52733        22.4898        573            
0.044343       27.3561        21             
1.45449        22.3509        470            
1.41949        20.9141        214            
3.1577         22.4913        634            
2.12889        22.3524        507            
0.478559       26.2939        111            
2.3929         22.4442        579            
3.21668        22.5323        571            
1.98929        22.3521        510            
1.36502        24.7158        312            
0.04812        27.4683        21             
3.17691        22.4919        625            
1.70828        21.2052        675            
1.47851        22.3509        469            
0.452272       26.0163        178            
0.457864       26.0868        149            
0.376101       25.9606        210            
0.485686       26.0869        142            
1.79101        21.2064        658            
0.732884       20.9088        252            
0.394581       26.0861        175            
0.044372       27.3561        20             
1.79394        22.3515        432            
2.14476        22.3525        500            
0.489655       26.087         141            
2.85832        22.4906        645            
2.39611        22.3531        593            
0.452196       26.6123        84             
1.81776        22.3516        421            
0.456332       25.9683        192            
0.654459       20.9073        265            
1.36217        21.2033        730            
1.28319        22.3503        517            
0.631193       20.9065        271            
1.56202        22.3513        445            
1.93381        21.2076        621            
0.448276       26.6122        86             
1.38671        22.3506        495            
0.501509       26.0871        135            
2.13681        22.3524        505            
0.449912       26.0867        154            
2.11292        22.3524        508            
0.048232       27.3561        19             
0.360266       25.9605        215            
0.42661        26.2899        134            
3.0778         22.4912        621            
2.19266        22.3526        507            
1.74783        21.2057        667            
0.425213       25.9674        198            
0.76383        20.9098        244            
0.0602         27.3563        11             
1.40824        20.9133        220            
0.368228       25.9605        213            
2.71887        22.4902        600            
2.14075        22.3525        502            
0.517179       26.0874        129            
0.615755       20.9059        275            
1.80585        22.3515        428            
0.395928       25.9607        207            
1.44902        20.9164        452            
0.372164       25.9606        211            
0.046619       27.4803        9              
1.43782        20.9157        391            
1.43401        20.9155        201            
0.446028       26.0866        155            
2.77852        22.4904        590            
1.39666        24.7161        369            
2.45635        22.4528        563            
2.7149         22.4902        601            
0.044617       27.4684        18             
3.21681        22.5441        559            
0.413518       25.9671        200            
0.453884       26.0867        151            
1.78326        21.2062        660            
1.63377        22.3514        433            
1.29347        24.7153        323            
1.20749        22.35          540            
2.00521        22.3521        506            
0.420896       26.6117        76             
0.444647       25.968         194            
2.13259        21.2088        581            
2.47588        22.4892        588            
1.31904        22.3504        508            
0.02775        27.2084        3              
1.26724        22.3503        522            
0.548581       20.9051        284            
1.17145        21.2021        448            
2.18419        21.2093        569            
1.27085        24.714         333            
2.47191        22.4652        589            
0.453898       26.0868        150            
0.390632       26.0166        176            
1.55405        22.3512        447            
0.463749       26.2928        118            
1.29994        24.7154        322            
2.96595        22.4909        628            
1.95342        22.3519        518            
2.60283        22.4901        575            
2.92615        22.4909        632            
1.45052        22.3509        473            
0.580212       26.0884        156            
0.352215       25.9605        216            
0.015962       27.4483        2              
0.700996       20.9087        253            
0.756077       20.9096        246            
2.50747        22.4896        579            
0.094967       27.1995        12             
1.35085        22.3506        498            
2.36803        22.4092        584            
1.27096        24.7139        334            
3.23578        22.5451        541            
0.418296       26.0864        166            
1.8188         21.2067        650            
0.016319       27.3559        29             
0.414341       26.0863        167            
3.2205         22.5444        554            
1.36957        20.9121        231            
1.34922        24.7156        320            
1.96935        22.352         514            
1.41574        20.9139        216            
1.72394        21.2055        670            
2.11677        21.2086        584            
0.432923       26.0156        183            
1.44554        20.916         455            
2.54718        22.4899        576            
2.50349        22.4896        582            
1.37343        20.9122        230            
1.29288        21.5135        563            
0.028372       27.356         27             
2.38912        22.4371        581            
0.473764       26.0869        145            
1.8138         22.3516        423            
2.44876        22.4523        568            
1.34923        24.7156        322            
0.004373       27.3559        26             
2.42805        22.3531        588            
1.3252         24.7155        327            
0.048313       27.3562        18             
0.044301       27.3561        22             
0.398123       25.9666        205            
1.94944        22.3519        519            
1.28964        24.7152        324            
0.276929       26.7994        77             
2.5035         22.4896        581            
1.42318        20.9144        211            
3.2701         22.5468        510            
1.82168        22.3516        420            
0.513421       26.0872        131            
0.424604       26.6118        87             
2.09278        22.3524        489            
2.81437        22.4905        647            
0.485547       26.295         107            
0.37216        25.9606        212            
0.929212       25.2916        217            
2.49956        22.4895        583            
1.53015        22.3512        454            
1.82169        22.3517        419            
1.38288        22.3506        496            
2.93013        22.4909        631            
1.42326        20.9143        212            
1.09587        22.3496        552            
0.052275       27.3562        15             
0.008024       27.3325        2              
3.25492        22.546         526            
2.26836        22.3528        496            
0.417393       25.9673        199            
2.41694        22.4451        570            
2.4085         22.4446        575            
1.41562        20.914         215            
1.94147        22.3519        521            
2.36419        22.4292        583            
2.08497        22.3523        492            
2.07299        22.3523        495            
2.22855        22.3527        500            
0.68162        20.9081        258            
1.42683        20.9148        208            
2.23653        22.3527        499            
0.489081       26.2954        103            
2.20456        22.3527        503            
3.25494        22.546         525            
0.493634       26.087         140            
1.82564        22.3517        417            
2.01738        21.2081        598            
0.402424       26.0863        170            
0.646699       20.907         267            
2.29233        22.3529        509            
1.84647        21.207         643            
1.32915        24.7155        326            
2.13682        22.3525        504            
2.19265        22.3526        506            
2.55103        22.4899        575            
0.433035       26.0155        184            
2.89038        22.4906        642            
2.20842        22.3527        501            
1.35714        24.7157        317            
1.61404        22.3514        438            
0.619624       20.9061        274            
0.03247        27.356         26             
1.26398        24.6849        339            
2.57513        22.49          573            
2.46409        22.4529        560            
1.11185        22.3497        547            
0.410373       26.0863        168            
0.095605       27.1887        14             
2.8103         22.4905        645            
0.415717       26.2846        140            
1.54209        22.3512        450            
0.071918       27.3605        3              
2.74681        22.4903        597            
0.456521       26.292         122            
0.052254       27.3562        16             
0.10419        27.2002        6              
2.91024        22.4908        636            
2.06109        22.3522        499            
1.4194         20.9142        213            
3.27405        22.5469        508            
1.9853         22.352         511            
1.49372        21.2038        719            
1.55804        22.3513        446            
1.18319        21.2023        446            
0.101802       27.1906        12             
1.62582        22.3514        435            
0.488806       20.9047        287            
2.1407         22.3525        503            
2.49967        22.4894        584            
2.93409        22.4909        630            
0.413186       26.2685        147            
3.27783        22.5471        505            
1.40061        20.913         223            
3.26621        22.5467        513            
2.40813        22.3531        592            
1.59807        22.3513        440            
0.024523       27.356         28             
2.78659        22.4905        588            
1.36107        24.7158        314            
1.2743         24.7145        329            
1.71216        21.2053        674            
2.93805        22.4909        629            
1.1397         22.3498        539            
0.501431       26.0871        137            
2.43203        22.3532        587            
1.30927        24.7154        330            
2.45254        22.4525        566            
1.3968         20.9128        225            
1.3413         24.7156        324            
1.31324        24.7154        329            
1.40414        24.7163        364            
1.43046        20.9151        205            
0.071954       27.3604        6              
1.6298         22.3514        434            
1.41195        20.9136        218            
1.43038        20.9152        204            
0.481131       20.9046        289            
3.23969        22.5452        538            
1.9574         22.3519        517            
2.75079        22.4903        596            
2.47976        22.4893        587            
1.34923        24.7156        321            
0.677742       20.908         259            
1.39667        24.7161        370            
1.33839        20.9112        239            
0.048082       27.4721        15             
0.324205       25.9603        128            
2.29233        22.3529        508            
2.37613        22.353         595            
1.44542        20.9161        454            
1.82963        22.3517        413            
2.19664        22.3526        505            
0.78312        20.9105        238            
0.099928       27.1998        9              
0.056055       27.3562        14             
2.73487        22.4902        599            
1.47656        24.4601        347            
2.57907        22.49          571            
1.92152        22.3518        524            
1.42702        20.9145        210            
3.20508        22.5239        598            
3.22824        22.5447        548            
2.57908        22.49          572            
1.38907        20.9125        227            
2.45639        22.4526        565            
2.31623        22.353         502            
2.51542        22.4897        577            
2.20534        22.3527        502            
1.33605        24.6368        343            
0.552437       20.9053        283            
1.29354        24.7153        324            
2.91422        22.4908        635            
1.44521        20.9162        453            
1.31108        22.3504        510            
0.402019       25.9667        204            
1.3769         24.7159        378            
2.25641        22.3528        494            
3.16539        22.4916        631            
0.000528       27.3559        27             
0.482059       26.2945        109            
2.14874        22.3525        499            
0.044071       27.4763        12             
0.693274       20.9084        255            
1.82963        22.3517        414            
1.48226        22.351         468            
0.520074       25.7166        171            
2.31224        22.353         503            
1.38087        24.716         377            
1.38462        24.716         376            
0.428107       26.0086        188            
1.83357        22.3518        412            
3.29338        22.5475        502            
0.685507       20.9082        257            
0.501493       26.0871        136            
0.40978        25.9669        202            
1.62185        22.3514        436            
2.29631        22.3529        507            
0.429285       26.0153        185            
1.38857        24.716         374            
2.13285        22.3524        506            
1.11979        22.3497        544            
1.79791        22.3515        430            
1.56599        22.3513        444            
0.457541       20.9042        294            
2.46032        22.4528        562            
1.57011        22.3513        443            
0.45605        26.6124        82             
2.28839        22.3529        511            
3.09369        22.4912        623            
0.433977       26.2906        131            
1.28645        21.2031        465            
3.14573        22.4912        625            
0.436844       26.0158        182            
3.29703        22.5479        496            
1.15165        22.3498        536            
1.53332        21.2042        711            
1.28568        24.7152        325            
1.94545        22.3519        520            
2.00918        22.3521        505            
1.35896        24.7157        316            
0.000619       27.3559        27             
1.36108        24.7158        315            
1.33493        22.3505        503            
0.04415        27.4724        13             
2.77466        22.4904        591            
2.98972        22.4911        624            
0.015961       27.3325        1              
0.786839       20.9107        236            
0.496677       20.905         285            
1.43405        21.2035        728            
1.8138         22.3516        424            
2.50745        22.4896        580            
0.040512       27.4679        25             
2.91819        22.4908        634            
0.442065       26.0865        159            
0.673857       20.9078        260            
3.21292        22.532         575            
3.21229        22.5247        585            
0.771474       20.9102        241            
1.42255        22.3507        485            
2.85448        22.4905        646            
0.477271       20.9045        290            
0.429049       25.9676        197            
0.584154       26.0884        154            
0.044325       27.4681        23             
0.497574       26.087         139            
1.54997        22.3512        448            
1.40439        20.9132        221            
0.364257       25.9605        214            
2.18107        21.2094        568            
2.14077        22.3525        501            
0.036613       15.907         7              
2.52335        22.4898        574            
0.600084       20.9056        279            
1.40054        24.7162        366            
1.33333        24.7155        325            
0.502091       26.2972        93             
0.7483         20.9094        248            
0.48917        26.2953        104            
0.775368       20.9103        240            
0.658347       20.9074        264            
2.78658        22.4904        589            
0.469307       20.9044        291            
1.54609        22.3512        449            
1.29511        22.3504        513            
1.29346        24.7153        323            
2.55501        22.4899        574            
0.650575       20.9071        266            
0.666095       20.9076        262            
1.31506        22.3504        509            
0.376125       25.9606        209            
0.771542       20.91          242            
1.30529        24.7154        331            
1.32123        24.7155        328            
1.27788        24.7146        328            
2.5312         22.4898        572            
0.056238       27.3563        13             
2.32396        22.353         501            
2.77069        22.4904        592            
1.33458        20.9111        240            
2.53121        22.4898        571            
1.35715        24.7157        318            
1.49846        22.351         465            
0.73675        20.9089        251            
2.45633        22.4527        564            
0.76771        20.9099        243            
1.32298        22.3505        507            
1.25928        22.3502        524            
0.697147       20.9085        254            
0.104281       27.2001        7              
2.4124         22.4447        574            
0.03662        27.4678        29             
1.36503        24.7158        313            
2.30422        22.3529        505            
2.89435        22.4907        640            
1.43414        20.9154        202            
2.06114        21.2083        590            
2.75477        22.4903        595            
0.372154       25.9606        210            
3.07381        22.4912        622            
1.2786         21.2029        467            
2.08893        22.3524        490            
0.048004       27.472         16             
0.47481        26.2937        113            
3.23578        22.5451        543            
0.031866       27.2925        2              
1.82565        22.3517        416            
0.740527       20.9092        250            
2.76672        22.4903        593            
0.040539       27.4679        27             
1.99725        22.3521        508            
1.78716        21.2063        659            
1.52232        22.3511        456            
1.18694        21.2025        444            
0.520645       25.7241        156            
1.18327        21.2022        447            
1.43459        22.3508        480            
2.42006        22.445         571            
1.36898        24.7158        311            
1.22342        22.3501        535            
2.98587        22.4911        625            
0.036441       27.356         25             
0.744414       20.9093        249            
3.1692         22.4918        629            
1.35013        20.9115        236            
2.75874        22.4903        594            
1.44169        20.9158        456            
0.449936       26.0867        152            
0.779248       20.9104        239            
0.424134       26.0086        189            
2.50009        22.453         591            
3.23578        22.5451        542            
1.94139        22.3519        522            
1.40051        24.7162        367            
2.5194         22.4897        576            
0.047966       27.4723        14             
2.97784        22.491         627            
0.638969       20.9068        269            
0.048108       27.4683        20             
2.92217        22.4908        633            
0.434226       26.0865        162            
3.22419        22.5328        563            
1.13175        22.3498        541            
2.39297        22.4441        580            
0.437734       26.2908        129            
1.7754         21.2061        662            
1.80189        22.3515        429            
0.020891       27.4674        29             
1.49846        22.351         466            
0.096736       27.1997        10             
1.4459         21.2036        725            
1.40447        20.9131        222            
3.15349        22.4913        635            
2.14043        21.209         579            
0.607903       20.9058        277            
0.623458       20.9062        273            
0.422857       26.2897        136            
1.11584        22.3497        546            
0.75219        20.9095        247            
0.492668       20.9049        286            
2.90229        22.4907        638            
2.89832        22.4907        639            
2.89412        22.4907        641            
0.786782       20.9106        237            
2.90626        22.4907        637            
1.5691         21.2044        705            
1.57299        21.2045        704            
1.58481        21.2047        701            
2.24051        22.3527        498            
2.24449        22.3528        497            
0.438166       26.0865        161            
0.329088       25.9605        127            
1.19064        21.2028        442            
1.22338        22.3501        536            
2.18865        22.3526        507            
2.069          22.3523        496            
1.85818        21.2073        640            
1.43425        20.9153        203            
1.40275        22.3507        491            
1.39883        22.3506        492            
1.18308        21.2024        445            
1.4346         22.3508        481            
6.1e-05        1e-06          1              
2e-06          1e-06          1              
1e-06          0              1              
3.1e-05        0              1              
1e-06          0              1              
5e-06          0              1              
3e-06          0              1              
2e-06          0              1              
4e-06          0              1              
2e-06          0              1              
2e-06          0              1              
1.3e-05        0              1              
1.2e-05        0              1              
0.00562        0              1              
0.005613       0              2              
0.005512       0              3              
0.005495       0              4              
0.005449       0              5              
0.005458       0              6              
0.005435       0              7              
0.002222       0              8              
0.000134       0              9              
4e-06          0              1              
8e-06          0              1              
9e-06          0              1              
2e-06          0              1              
0.001056       1e-06          9              
0.018374       0              1              
0.018398       0              2              
0.016699       0              4              
0.01046        0              6              
0.009533       1e-06          7              
0.005238       0              10             
0.000241       1e-06          11             
0.00024        0              12             
0.00822        1e-06          9              
0.018396       0              3              
0.0095         0              8              
0.016158       0              5              
