TaskQLat.      PRRQLat.       TaskQLen       
0.000295       1.4073e+14     1              
5e-06          -1.54089e+09   1              
3e-06          -1.54089e+09   1              
1e-06          -1.54089e+09   1              
3e-06          -1.54089e+09   1              
0.241367       -1.54089e+09   84             
0.348232       -1.54089e+09   138            
0.304425       -1.54089e+09   111            
0.308345       -1.54089e+09   114            
0.308236       -1.54089e+09   113            
0.00818        -1.54089e+09   3              
0.096287       -1.54089e+09   39             
0.220889       -1.54089e+09   85             
0.048953       -1.54089e+09   27             
0.156817       -1.54089e+09   55             
0.176406       -1.54089e+09   69             
0.232494       -1.54089e+09   82             
0.344332       -1.54089e+09   136            
0.360339       -1.54089e+09   141            
0.352058       -1.54089e+09   140            
0.352806       -1.54089e+09   144            
0.264779       -1.54089e+09   97             
0.008145       -1.54089e+09   2              
0.364172       -1.54089e+09   144            
0.352448       -1.54089e+09   141            
0.096672       -1.54089e+09   32             
0.360709       -1.54089e+09   142            
0.232837       -1.54089e+09   81             
0.218052       -1.54089e+09   82             
0.408097       -1.54089e+09   152            
0.154497       -1.54089e+09   59             
0.033608       -1.54089e+09   18             
0.320442       -1.54089e+09   118            
0.096544       -1.54089e+09   40             
0.17414        -1.54089e+09   73             
0.174501       -1.54089e+09   75             
0.132736       -1.54089e+09   51             
0.328118       -1.54089e+09   126            
0.241116       -1.54089e+09   82             
0.168135       -1.54089e+09   66             
0.252176       -1.54089e+09   87             
0.057087       -1.54089e+09   31             
0.252725       -1.54089e+09   91             
0.036239       -1.54089e+09   20             
0.264632       -1.54089e+09   96             
0.280311       -1.54089e+09   107            
0.008217       -1.54089e+09   4              
0.044093       -1.54089e+09   20             
0.320236       -1.54089e+09   116            
0.114048       -1.54089e+09   41             
0.324089       -1.54089e+09   123            
0.269255       -1.54089e+09   101            
0.133174       -1.54089e+09   44             
0.016265       -1.54089e+09   14             
0.332348       -1.54089e+09   131            
0.221105       -1.54089e+09   87             
0.007997       -1.54089e+09   1              
0.033343       -1.54089e+09   16             
0.348094       -1.54089e+09   137            
0.012035       -1.54089e+09   12             
0.11379        -1.54089e+09   40             
0.174698       -1.54089e+09   76             
0.161321       -1.54089e+09   65             
0.204112       -1.54089e+09   82             
0.095636       -1.54089e+09   37             
0.000323       -1.54089e+09   3              
0.133023       -1.54089e+09   52             
0.000181       -1.54089e+09   3              
0.198748       -1.54089e+09   81             
0.360449       -1.54089e+09   142            
0.008299       -1.54089e+09   6              
0.404201       -1.54089e+09   151            
0.037057       -1.54089e+09   21             
0.093147       -1.54089e+09   33             
0.332357       -1.54089e+09   134            
0.2375         -1.54089e+09   85             
0.376121       -1.54089e+09   146            
0.048691       -1.54089e+09   25             
0.156415       -1.54089e+09   53             
0.221012       -1.54089e+09   86             
0.240995       -1.54089e+09   81             
0.02107        -1.54089e+09   17             
0.176603       -1.54089e+09   70             
0.156615       -1.54089e+09   54             
0.168336       -1.54089e+09   67             
0.014858       -1.54089e+09   15             
0.232958       -1.54089e+09   82             
0.238524       -1.54089e+09   79             
0.220253       -1.54089e+09   81             
0.040957       -1.54089e+09   18             
0.320401       -1.54089e+09   122            
0.27209        -1.54089e+09   104            
0.408382       -1.54089e+09   154            
0.236229       -1.54089e+09   84             
0.160964       -1.54089e+09   63             
0.020095       -1.54089e+09   15             
0.352948       -1.54089e+09   145            
3e-06          -1.54089e+09   1              
0.348377       -1.54089e+09   139            
0.324344       -1.54089e+09   125            
0.008253       -1.54089e+09   5              
0.368099       -1.54089e+09   145            
0.240094       -1.54089e+09   80             
3e-06          -1.54089e+09   1              
0.056082       -1.54089e+09   29             
0.036085       -1.54089e+09   19             
0.158297       -1.54089e+09   58             
0.040858       -1.54089e+09   19             
0.220762       -1.54089e+09   84             
0.176069       -1.54089e+09   72             
0.008105       -1.54089e+09   11             
0.324237       -1.54089e+09   127            
0.292873       -1.54089e+09   109            
0.316749       -1.54089e+09   120            
0.236084       -1.54089e+09   83             
0.312085       -1.54089e+09   115            
0.054461       -1.54089e+09   30             
0.056898       -1.54089e+09   30             
0.157188       -1.54089e+09   57             
0.256182       -1.54089e+09   93             
0.016116       -1.54089e+09   13             
0.020938       -1.54089e+09   16             
0.252165       -1.54089e+09   88             
0.269172       -1.54089e+09   102            
0.284086       -1.54089e+09   108            
0.036703       -1.54089e+09   15             
0.116254       -1.54089e+09   39             
0.221382       -1.54089e+09   81             
0.280164       -1.54089e+09   106            
0.352554       -1.54089e+09   142            
0.130112       -1.54089e+09   47             
0.096805       -1.54089e+09   41             
0.154677       -1.54089e+09   60             
0.198369       -1.54089e+09   79             
3e-06          -1.54089e+09   1              
0.26839        -1.54089e+09   100            
4e-06          -1.54089e+09   1              
0.176809       -1.54089e+09   71             
0.229105       -1.54089e+09   83             
0.044977       -1.54089e+09   21             
0.174319       -1.54089e+09   74             
0.093411       -1.54089e+09   34             
0.408493       -1.54089e+09   155            
0.364357       -1.54089e+09   144            
0.161144       -1.54089e+09   64             
0.198558       -1.54089e+09   80             
0.228096       -1.54089e+09   83             
0.420023       -1.54089e+09   156            
0.11723        -1.54089e+09   42             
0.408239       -1.54089e+09   153            
0.228239       -1.54089e+09   84             
3e-06          -1.54089e+09   1              
0.008075       -1.54089e+09   10             
0.133752       -1.54089e+09   46             
0.095923       -1.54089e+09   38             
0.22409        -1.54089e+09   83             
0.04524        -1.54089e+09   23             
0.021202       -1.54089e+09   18             
0.15701        -1.54089e+09   56             
0.132911       -1.54089e+09   43             
0.155037       -1.54089e+09   62             
0.033476       -1.54089e+09   17             
0.320295       -1.54089e+09   121            
2e-06          -1.54089e+09   1              
0.364079       -1.54089e+09   146            
0.216381       -1.54089e+09   81             
0.324234       -1.54089e+09   124            
0.176207       -1.54089e+09   68             
0.124282       -1.54089e+09   42             
0.05696        -1.54089e+09   30             
0.045321       -1.54089e+09   23             
0.224524       -1.54089e+09   80             
0.229244       -1.54089e+09   84             
0.000109       -1.54089e+09   1              
0.012005       -1.54089e+09   9              
0.39209        -1.54089e+09   149            
0.04511        -1.54089e+09   22             
0.040911       -1.54089e+09   18             
0.00847        -1.54089e+09   8              
0.196023       -1.54089e+09   78             
0.038114       -1.54089e+09   19             
0.336096       -1.54089e+09   132            
0.093758       -1.54089e+09   35             
0.048824       -1.54089e+09   26             
0.049085       -1.54089e+09   28             
0.364499       -1.54089e+09   145            
0.337298       -1.54089e+09   135            
0.392235       -1.54089e+09   150            
0.364246       -1.54089e+09   143            
0.296091       -1.54089e+09   110            
0.154857       -1.54089e+09   61             
0.248472       -1.54089e+09   89             
0.324205       -1.54089e+09   129            
0.332215       -1.54089e+09   133            
0.265529       -1.54089e+09   103            
0.224385       -1.54089e+09   79             
0.13212        -1.54089e+09   49             
0.352695       -1.54089e+09   143            
0.132381       -1.54089e+09   50             
0.041525       -1.54089e+09   24             
0.384988       -1.54089e+09   148            
0.008432       -1.54089e+09   7              
0.248617       -1.54089e+09   90             
0.308094       -1.54089e+09   112            
0.252031       -1.54089e+09   86             
0.260091       -1.54089e+09   95             
0.276092       -1.54089e+09   105            
0.188091       -1.54089e+09   77             
0.268102       -1.54089e+09   98             
0.328026       -1.54089e+09   128            
0.328092       -1.54089e+09   130            
0.360592       -1.54089e+09   143            
0.131842       -1.54089e+09   48             
0.316604       -1.54089e+09   119            
0.268245       -1.54089e+09   99             
0.256084       -1.54089e+09   92             
0.22013        -1.54089e+09   84             
0.053319       -1.54089e+09   31             
0.256094       -1.54089e+09   94             
0.380092       -1.54089e+09   147            
0.094026       -1.54089e+09   36             
0.228639       -1.54089e+09   82             
0.320341       -1.54089e+09   117            
0.220617       -1.54089e+09   83             
0.133485       -1.54089e+09   45             
0.241241       -1.54089e+09   83             
0.424091       -1.54089e+09   164            
0.596217       -1.54089e+09   207            
0.711999       -1.54089e+09   231            
0.700091       -1.54089e+09   229            
0.748083       -1.54089e+09   243            
0.684182       -1.54089e+09   227            
0.716093       -1.54089e+09   230            
1.24408        -1.54089e+09   323            
1.09624        -1.54089e+09   307            
0.724197       -1.54089e+09   236            
1.41205        -1.54089e+09   346            
1.40009        -1.54089e+09   345            
1.46846        -1.54089e+09   364            
0.83736        -1.54089e+09   256            
0.456052       -1.54089e+09   185            
1.61212        -1.54089e+09   355            
1.60005        -1.54089e+09   343            
0.672242       -1.54089e+09   225            
0.449134       -1.54089e+09   181            
1.70007        -1.54089e+09   354            
2.15638        -1.54089e+09   430            
2.15673        -1.54089e+09   431            
2.27205        -1.54089e+09   445            
2.54442        -1.54089e+09   494            
1.60805        -1.54089e+09   344            
2.62809        -1.54089e+09   520            
2.6726         -1.54089e+09   521            
1.95208        -1.54089e+09   401            
0.484093       -1.54089e+09   191            
2.11573        -1.54089e+09   421            
1.26044        -1.54089e+09   329            
2.54424        -1.54089e+09   499            
2.4962         -1.54089e+09   486            
1.82409        -1.54089e+09   374            
1.5481         -1.54089e+09   376            
2.42835        -1.54089e+09   481            
1.52804        -1.54089e+09   371            
2.78804        -1.54089e+09   536            
2.36434        -1.54089e+09   468            
2.74899        -1.54089e+09   539            
1.6521         -1.54089e+09   343            
2.71634        -1.54089e+09   538            
2.50044        -1.54089e+09   488            
1.12804        -1.54089e+09   308            
2.72474        -1.54089e+09   527            
0.824091       -1.54089e+09   248            
2.44404        -1.54089e+09   485            
0.552385       -1.54089e+09   199            
1.74005        -1.54089e+09   365            
1.60074        -1.54089e+09   365            
1.91204        -1.54089e+09   389            
1.4762         -1.54089e+09   366            
2.72485        -1.54089e+09   528            
0.420239       -1.54089e+09   160            
1.85189        -1.54089e+09   379            
1.70027        -1.54089e+09   356            
1.45609        -1.54089e+09   357            
0.716204       -1.54089e+09   231            
0.83627        -1.54089e+09   254            
0.944087       -1.54089e+09   279            
1.10824        -1.54089e+09   310            
0.780374       -1.54089e+09   248            
0.596721       -1.54089e+09   211            
2.72114        -1.54089e+09   530            
0.552535       -1.54089e+09   200            
0.648078       -1.54089e+09   220            
2.3202         -1.54089e+09   458            
1.12405        -1.54089e+09   313            
1.59704        -1.54089e+09   380            
2.70006        -1.54089e+09   534            
1.88698        -1.54089e+09   384            
0.532529       -1.54089e+09   195            
1.21622        -1.54089e+09   317            
1.60421        -1.54089e+09   361            
2.20813        -1.54089e+09   434            
2.73205        -1.54089e+09   531            
0.9922         -1.54089e+09   285            
1.61203        -1.54089e+09   366            
1.90545        -1.54089e+09   392            
1.09636        -1.54089e+09   308            
1.6761         -1.54089e+09   350            
0.440239       -1.54089e+09   175            
2.04476        -1.54089e+09   412            
2.10009        -1.54089e+09   420            
2.11219        -1.54089e+09   422            
0.656833       -1.54089e+09   226            
2.57609        -1.54089e+09   511            
2.70035        -1.54089e+09   534            
1.92809        -1.54089e+09   398            
1.92409        -1.54089e+09   396            
1.17204        -1.54089e+09   314            
2.08809        -1.54089e+09   427            
1.06409        -1.54089e+09   297            
1.16431        -1.54089e+09   310            
2.10808        -1.54089e+09   421            
0.940089       -1.54089e+09   275            
1.91209        -1.54089e+09   394            
2.11593        -1.54089e+09   421            
1.70803        -1.54089e+09   361            
0.440692       -1.54089e+09   177            
1.84405        -1.54089e+09   377            
1.24011        -1.54089e+09   321            
1.81653        -1.54089e+09   373            
1.74426        -1.54089e+09   364            
2.57389        -1.54089e+09   511            
1.91264        -1.54089e+09   390            
2.59606        -1.54089e+09   512            
1.67268        -1.54089e+09   348            
1.65609        -1.54089e+09   383            
1.63609        -1.54089e+09   383            
1.10777        -1.54089e+09   307            
1.83603        -1.54089e+09   376            
0.656199       -1.54089e+09   223            
1.6041         -1.54089e+09   343            
1.87171        -1.54089e+09   383            
1.70038        -1.54089e+09   357            
0.444317       -1.54089e+09   178            
2.73623        -1.54089e+09   536            
1.2641         -1.54089e+09   329            
2.36803        -1.54089e+09   467            
1.7201         -1.54089e+09   363            
2.72009        -1.54089e+09   524            
0.448993       -1.54089e+09   180            
2.69249        -1.54089e+09   533            
0.856145       -1.54089e+09   258            
1.6281         -1.54089e+09   370            
1.7475         -1.54089e+09   363            
1.87304        -1.54089e+09   384            
2.72409        -1.54089e+09   530            
1.81627        -1.54089e+09   371            
1.28087        -1.54089e+09   332            
0.480119       -1.54089e+09   190            
1.62831        -1.54089e+09   382            
1.7961         -1.54089e+09   370            
0.636111       -1.54089e+09   216            
1.46009        -1.54089e+09   358            
1.6681         -1.54089e+09   345            
2.75673        -1.54089e+09   535            
2.07702        -1.54089e+09   425            
1.26069        -1.54089e+09   328            
2.72829        -1.54089e+09   531            
1.26055        -1.54089e+09   327            
2.69316        -1.54089e+09   531            
1.16432        -1.54089e+09   310            
0.720164       -1.54089e+09   235            
1.60443        -1.54089e+09   363            
1.65609        -1.54089e+09   344            
2.29605        -1.54089e+09   449            
1.29213        -1.54089e+09   335            
2.21605        -1.54089e+09   439            
0.656484       -1.54089e+09   225            
2.74524        -1.54089e+09   529            
2.76024        -1.54089e+09   529            
1.8241         -1.54089e+09   375            
1.6482         -1.54089e+09   383            
2.74134        -1.54089e+09   530            
1.61209        -1.54089e+09   358            
2.26021        -1.54089e+09   443            
1.12904        -1.54089e+09   315            
0.476078       -1.54089e+09   193            
2.7081         -1.54089e+09   523            
2.6202         -1.54089e+09   520            
0.728094       -1.54089e+09   237            
1.64493        -1.54089e+09   385            
2.59623        -1.54089e+09   513            
2.18006        -1.54089e+09   431            
1.39619        -1.54089e+09   344            
2.20402        -1.54089e+09   431            
1.14804        -1.54089e+09   318            
1.42008        -1.54089e+09   347            
1.36406        -1.54089e+09   340            
2.67619        -1.54089e+09   522            
1.13205        -1.54089e+09   316            
1.6445         -1.54089e+09   384            
1.76816        -1.54089e+09   368            
1.28845        -1.54089e+09   334            
1.28401        -1.54089e+09   333            
0.780232       -1.54089e+09   247            
1.2724         -1.54089e+09   331            
2.1531         -1.54089e+09   431            
2.73635        -1.54089e+09   536            
2.16006        -1.54089e+09   428            
0.864201       -1.54089e+09   261            
1.92005        -1.54089e+09   390            
0.732128       -1.54089e+09   238            
2.15623        -1.54089e+09   429            
0.657077       -1.54089e+09   228            
0.660166       -1.54089e+09   231            
0.744205       -1.54089e+09   244            
1.42809        -1.54089e+09   349            
1.32806        -1.54089e+09   340            
2.74409        -1.54089e+09   534            
1.06408        -1.54089e+09   303            
2.32406        -1.54089e+09   457            
0.556092       -1.54089e+09   197            
0.636218       -1.54089e+09   217            
1.61239        -1.54089e+09   381            
1.61614        -1.54089e+09   381            
2.75075        -1.54089e+09   527            
0.956054       -1.54089e+09   280            
1.94837        -1.54089e+09   403            
1.4681         -1.54089e+09   361            
2.70824        -1.54089e+09   531            
2.76405        -1.54089e+09   534            
2.71645        -1.54089e+09   539            
2.48419        -1.54089e+09   486            
2.15605        -1.54089e+09   427            
1.58822        -1.54089e+09   382            
0.428041       -1.54089e+09   166            
0.536226       -1.54089e+09   193            
1.81638        -1.54089e+09   372            
0.536086       -1.54089e+09   192            
1.34929        -1.54089e+09   341            
0.784068       -1.54089e+09   243            
2.03205        -1.54089e+09   410            
1.21636        -1.54089e+09   318            
0.996299       -1.54089e+09   287            
2.20806        -1.54089e+09   432            
2.36481        -1.54089e+09   470            
1.55207        -1.54089e+09   379            
1.13658        -1.54089e+09   307            
1.31609        -1.54089e+09   339            
0.896132       -1.54089e+09   267            
2.1361         -1.54089e+09   421            
1.2603         -1.54089e+09   328            
1.5025         -1.54089e+09   368            
0.696043       -1.54089e+09   228            
1.11988        -1.54089e+09   311            
0.432741       -1.54089e+09   171            
2.54428        -1.54089e+09   493            
1.78809        -1.54089e+09   369            
1.6282         -1.54089e+09   381            
2.3162         -1.54089e+09   454            
2.72859        -1.54089e+09   526            
2.10805        -1.54089e+09   422            
1.6081         -1.54089e+09   360            
0.576039       -1.54089e+09   205            
2.3921         -1.54089e+09   476            
1.24405        -1.54089e+09   325            
2.35605        -1.54089e+09   464            
2.36449        -1.54089e+09   469            
1.32101        -1.54089e+09   340            
2.50034        -1.54089e+09   487            
2.36858        -1.54089e+09   472            
1.58811        -1.54089e+09   381            
2.17964        -1.54089e+09   429            
2.22009        -1.54089e+09   440            
0.572089       -1.54089e+09   204            
1.38005        -1.54089e+09   342            
2.42449        -1.54089e+09   482            
2.14409        -1.54089e+09   424            
1.07208        -1.54089e+09   299            
2.35205        -1.54089e+09   462            
2.44409        -1.54089e+09   485            
0.420882       -1.54089e+09   163            
1.95609        -1.54089e+09   405            
0.656092       -1.54089e+09   222            
1.90412        -1.54089e+09   386            
2.3001         -1.54089e+09   450            
1.08913        -1.54089e+09   302            
0.86409        -1.54089e+09   259            
2.08806        -1.54089e+09   426            
0.996195       -1.54089e+09   286            
2.03213        -1.54089e+09   411            
2.67231        -1.54089e+09   519            
0.440833       -1.54089e+09   178            
1.30805        -1.54089e+09   338            
2.74875        -1.54089e+09   530            
0.892603       -1.54089e+09   269            
2.7403         -1.54089e+09   530            
1.03231        -1.54089e+09   292            
1.21611        -1.54089e+09   316            
1.0402         -1.54089e+09   300            
1.08419        -1.54089e+09   301            
2.04054        -1.54089e+09   415            
0.596322       -1.54089e+09   208            
1.29235        -1.54089e+09   337            
2.70406        -1.54089e+09   528            
1.28099        -1.54089e+09   332            
1.92405        -1.54089e+09   397            
2.75219        -1.54089e+09   531            
2.68407        -1.54089e+09   522            
0.936091       -1.54089e+09   274            
2.74009        -1.54089e+09   533            
1.1081         -1.54089e+09   309            
1.04009        -1.54089e+09   299            
2.70436        -1.54089e+09   528            
1.10809        -1.54089e+09   309            
0.440095       -1.54089e+09   174            
0.896238       -1.54089e+09   267            
2.71205        -1.54089e+09   532            
2.75636        -1.54089e+09   530            
1.20813        -1.54089e+09   312            
0.657326       -1.54089e+09   230            
2.70805        -1.54089e+09   535            
2.67245        -1.54089e+09   520            
1.16809        -1.54089e+09   313            
1.64404        -1.54089e+09   342            
2.75607        -1.54089e+09   538            
0.420635       -1.54089e+09   161            
1.6402         -1.54089e+09   343            
0.992564       -1.54089e+09   289            
1.63635        -1.54089e+09   342            
2.60404        -1.54089e+09   514            
1.26019        -1.54089e+09   327            
1.65207        -1.54089e+09   344            
2.13605        -1.54089e+09   426            
0.988405       -1.54089e+09   283            
1.66821        -1.54089e+09   346            
2.10829        -1.54089e+09   421            
1.90805        -1.54089e+09   393            
1.76804        -1.54089e+09   367            
0.912058       -1.54089e+09   273            
2.74864        -1.54089e+09   529            
0.940305       -1.54089e+09   278            
2.76399        -1.54089e+09   536            
2.08059        -1.54089e+09   423            
2.76427        -1.54089e+09   536            
2.6161         -1.54089e+09   519            
1.18408        -1.54089e+09   316            
1.6521         -1.54089e+09   344            
2.61607        -1.54089e+09   518            
0.964029       -1.54089e+09   281            
2.57729        -1.54089e+09   508            
2.09606        -1.54089e+09   423            
0.616092       -1.54089e+09   213            
1.9199         -1.54089e+09   391            
2.76404        -1.54089e+09   534            
1.62005        -1.54089e+09   357            
2.08409        -1.54089e+09   420            
0.836058       -1.54089e+09   252            
2.04403        -1.54089e+09   417            
1.04024        -1.54089e+09   295            
0.428149       -1.54089e+09   167            
0.832456       -1.54089e+09   255            
1.64005        -1.54089e+09   343            
2.12405        -1.54089e+09   424            
1.8442         -1.54089e+09   378            
2.16818        -1.54089e+09   426            
1.61621        -1.54089e+09   358            
1.09248        -1.54089e+09   304            
0.420124       -1.54089e+09   157            
2.72496        -1.54089e+09   529            
1.27229        -1.54089e+09   330            
2.7525         -1.54089e+09   530            
2.70002        -1.54089e+09   534            
0.468299       -1.54089e+09   192            
2.75204        -1.54089e+09   531            
2.17207        -1.54089e+09   425            
1.86826        -1.54089e+09   381            
1.67209        -1.54089e+09   348            
2.68401        -1.54089e+09   522            
2.72809        -1.54089e+09   532            
2.14445        -1.54089e+09   427            
1.87321        -1.54089e+09   385            
1.04069        -1.54089e+09   297            
1.04084        -1.54089e+09   298            
0.568152       -1.54089e+09   202            
0.936202       -1.54089e+09   276            
0.556236       -1.54089e+09   198            
2.16447        -1.54089e+09   425            
1.04009        -1.54089e+09   294            
2.36809        -1.54089e+09   467            
0.649268       -1.54089e+09   221            
2.6934         -1.54089e+09   533            
1.26044        -1.54089e+09   326            
1.24021        -1.54089e+09   322            
0.443918       -1.54089e+09   179            
1.26008        -1.54089e+09   326            
2.05209        -1.54089e+09   420            
2.14402        -1.54089e+09   422            
0.744587       -1.54089e+09   241            
0.568046       -1.54089e+09   201            
2.3161         -1.54089e+09   451            
2.17205        -1.54089e+09   430            
1.88123        -1.54089e+09   386            
0.656341       -1.54089e+09   224            
2.7362         -1.54089e+09   533            
0.416492       -1.54089e+09   158            
0.532384       -1.54089e+09   194            
2.54444        -1.54089e+09   497            
0.456709       -1.54089e+09   188            
0.484233       -1.54089e+09   192            
0.908066       -1.54089e+09   271            
0.432345       -1.54089e+09   170            
1.65198        -1.54089e+09   383            
1.69998        -1.54089e+09   353            
1.50804        -1.54089e+09   369            
1.88813        -1.54089e+09   385            
1.63185        -1.54089e+09   339            
2.07688        -1.54089e+09   424            
0.596606       -1.54089e+09   210            
2.76419        -1.54089e+09   535            
2.72013        -1.54089e+09   533            
2.56824        -1.54089e+09   501            
1.8521         -1.54089e+09   380            
2.00802        -1.54089e+09   408            
1.16061        -1.54089e+09   311            
1.4681         -1.54089e+09   364            
1.55603        -1.54089e+09   378            
1.60802        -1.54089e+09   365            
2.16445        -1.54089e+09   426            
0.604045       -1.54089e+09   212            
1.62821        -1.54089e+09   340            
2.73205        -1.54089e+09   532            
0.440206       -1.54089e+09   176            
1.94009        -1.54089e+09   400            
0.432091       -1.54089e+09   168            
1.61254        -1.54089e+09   382            
0.897498       -1.54089e+09   270            
0.488094       -1.54089e+09   190            
1.69188        -1.54089e+09   351            
0.476207       -1.54089e+09   189            
1.60406        -1.54089e+09   364            
2.0002         -1.54089e+09   406            
1.17609        -1.54089e+09   315            
1.59243        -1.54089e+09   379            
1.63206        -1.54089e+09   382            
0.628054       -1.54089e+09   215            
1.90409        -1.54089e+09   388            
1.56003        -1.54089e+09   380            
0.445639       -1.54089e+09   183            
1.45215        -1.54089e+09   355            
2.09605        -1.54089e+09   428            
1.70053        -1.54089e+09   358            
2.75609        -1.54089e+09   537            
2.73244        -1.54089e+09   531            
2.08008        -1.54089e+09   419            
2.73209        -1.54089e+09   531            
0.424227       -1.54089e+09   165            
2.73303        -1.54089e+09   532            
0.67209        -1.54089e+09   224            
2.03224        -1.54089e+09   412            
2.0368         -1.54089e+09   416            
2.0403         -1.54089e+09   413            
1.63238        -1.54089e+09   341            
0.440085       -1.54089e+09   172            
0.657221       -1.54089e+09   229            
2.54809        -1.54089e+09   498            
1.29224        -1.54089e+09   336            
2.50009        -1.54089e+09   489            
2.74809        -1.54089e+09   537            
0.780126       -1.54089e+09   246            
2.09624        -1.54089e+09   422            
1.36051        -1.54089e+09   339            
0.660266       -1.54089e+09   232            
1.66805        -1.54089e+09   347            
2.56834        -1.54089e+09   502            
1.20813        -1.54089e+09   314            
1.69609        -1.54089e+09   352            
2.04809        -1.54089e+09   418            
1.4283         -1.54089e+09   349            
1.44809        -1.54089e+09   353            
2.04805        -1.54089e+09   419            
2.44418        -1.54089e+09   486            
0.452128       -1.54089e+09   184            
1.7161         -1.54089e+09   363            
0.788349       -1.54089e+09   246            
1.44009        -1.54089e+09   351            
1.75637        -1.54089e+09   366            
2.39232        -1.54089e+09   475            
2.20834        -1.54089e+09   437            
2.49204        -1.54089e+09   487            
2.72012        -1.54089e+09   530            
2.31224        -1.54089e+09   452            
2.32903        -1.54089e+09   460            
2.36402        -1.54089e+09   466            
2.06819        -1.54089e+09   422            
2.1004         -1.54089e+09   422            
2.08073        -1.54089e+09   424            
2.5722         -1.54089e+09   506            
2.14924        -1.54089e+09   429            
2.62415        -1.54089e+09   515            
1.6483         -1.54089e+09   384            
0.820183       -1.54089e+09   247            
1.70069        -1.54089e+09   360            
1.71285        -1.54089e+09   362            
1.16101        -1.54089e+09   312            
2.12809        -1.54089e+09   425            
1.00009        -1.54089e+09   290            
2.62054        -1.54089e+09   518            
1.60409        -1.54089e+09   363            
2.08448        -1.54089e+09   422            
1.4761         -1.54089e+09   365            
2.08404        -1.54089e+09   426            
0.920918       -1.54089e+09   275            
2.18009        -1.54089e+09   430            
1.60403        -1.54089e+09   363            
2.69327        -1.54089e+09   532            
1.59205        -1.54089e+09   383            
1.94824        -1.54089e+09   402            
0.44019        -1.54089e+09   173            
2.08813        -1.54089e+09   421            
2.57374        -1.54089e+09   510            
2.71205        -1.54089e+09   537            
2.70038        -1.54089e+09   529            
2.5721         -1.54089e+09   505            
0.488043       -1.54089e+09   193            
1.4483         -1.54089e+09   355            
2.74809        -1.54089e+09   538            
2.76044        -1.54089e+09   535            
0.988158       -1.54089e+09   281            
2.36488        -1.54089e+09   470            
1.4081         -1.54089e+09   344            
1.6521         -1.54089e+09   343            
2.1568         -1.54089e+09   432            
0.704089       -1.54089e+09   230            
0.460088       -1.54089e+09   186            
0.456096       -1.54089e+09   190            
1.54814        -1.54089e+09   377            
1.43609        -1.54089e+09   350            
2.36499        -1.54089e+09   471            
1.60059        -1.54089e+09   364            
0.444098       -1.54089e+09   179            
2.54403        -1.54089e+09   491            
1.65205        -1.54089e+09   386            
0.744692       -1.54089e+09   242            
0.445535       -1.54089e+09   182            
2.72805        -1.54089e+09   534            
2.73604        -1.54089e+09   538            
1.4802         -1.54089e+09   369            
0.784197       -1.54089e+09   250            
0.528352       -1.54089e+09   191            
2.1361         -1.54089e+09   422            
1.3601         -1.54089e+09   344            
2.00401        -1.54089e+09   406            
1.46832        -1.54089e+09   363            
1.61609        -1.54089e+09   361            
2.10006        -1.54089e+09   423            
1.11615        -1.54089e+09   312            
2.76809        -1.54089e+09   535            
1.06013        -1.54089e+09   301            
0.420098       -1.54089e+09   159            
0.716736       -1.54089e+09   233            
2.26003        -1.54089e+09   441            
2.75223        -1.54089e+09   536            
0.911999       -1.54089e+09   272            
2.67609        -1.54089e+09   521            
2.2122         -1.54089e+09   436            
0.992453       -1.54089e+09   288            
0.444242       -1.54089e+09   177            
0.656935       -1.54089e+09   227            
1.90895        -1.54089e+09   391            
1.60405        -1.54089e+09   362            
2.49609        -1.54089e+09   488            
0.636359       -1.54089e+09   218            
2.16432        -1.54089e+09   424            
1.66813        -1.54089e+09   345            
1.99605        -1.54089e+09   402            
2.7443         -1.54089e+09   536            
2.26124        -1.54089e+09   442            
1.88404        -1.54089e+09   387            
1.61606        -1.54089e+09   356            
2.58005        -1.54089e+09   512            
2.34805        -1.54089e+09   461            
1.67225        -1.54089e+09   347            
1.34954        -1.54089e+09   343            
2.72409        -1.54089e+09   525            
0.720094       -1.54089e+09   235            
1.51604        -1.54089e+09   370            
2.71224        -1.54089e+09   528            
1.6121         -1.54089e+09   380            
0.432202       -1.54089e+09   169            
2.55605        -1.54089e+09   500            
0.66405        -1.54089e+09   223            
1.70069        -1.54089e+09   359            
1.3963         -1.54089e+09   344            
1.90535        -1.54089e+09   391            
2.70813        -1.54089e+09   536            
1.46821        -1.54089e+09   362            
2.76059        -1.54089e+09   535            
2.04014        -1.54089e+09   417            
1.61214        -1.54089e+09   367            
1.4082         -1.54089e+09   345            
2.73225        -1.54089e+09   536            
1.44411        -1.54089e+09   352            
1.0961         -1.54089e+09   306            
1.16411        -1.54089e+09   308            
1.87734        -1.54089e+09   386            
0.868242       -1.54089e+09   262            
2.69653        -1.54089e+09   530            
2.79209        -1.54089e+09   539            
2.2681         -1.54089e+09   444            
0.820206       -1.54089e+09   249            
1.62821        -1.54089e+09   374            
0.720057       -1.54089e+09   234            
0.624097       -1.54089e+09   214            
2.42824        -1.54089e+09   480            
2.7242         -1.54089e+09   535            
1.49604        -1.54089e+09   367            
2.0404         -1.54089e+09   414            
1.73209        -1.54089e+09   364            
0.59611        -1.54089e+09   206            
1.42819        -1.54089e+09   348            
1.48009        -1.54089e+09   368            
2.79612        -1.54089e+09   541            
1.29238        -1.54089e+09   337            
2.35219        -1.54089e+09   463            
0.744049       -1.54089e+09   239            
2.2762         -1.54089e+09   448            
1.0322         -1.54089e+09   291            
1.52843        -1.54089e+09   372            
2.76009        -1.54089e+09   540            
2.76809        -1.54089e+09   537            
1.3494         -1.54089e+09   342            
0.716345       -1.54089e+09   232            
1.47631        -1.54089e+09   367            
2.76013        -1.54089e+09   536            
1.90423        -1.54089e+09   387            
0.836162       -1.54089e+09   253            
2.14459        -1.54089e+09   428            
2.73235        -1.54089e+09   537            
2.16409        -1.54089e+09   425            
1.10436        -1.54089e+09   308            
2.4281         -1.54089e+09   479            
2.7442         -1.54089e+09   537            
0.688031       -1.54089e+09   226            
2.14017        -1.54089e+09   421            
2.32409        -1.54089e+09   459            
2.62026        -1.54089e+09   516            
1.67209        -1.54089e+09   346            
2.36844        -1.54089e+09   471            
2.5962         -1.54089e+09   513            
2.42489        -1.54089e+09   483            
2.78438        -1.54089e+09   539            
1.4602         -1.54089e+09   359            
2.00034        -1.54089e+09   407            
2.74909        -1.54089e+09   528            
1.06423        -1.54089e+09   298            
2.56434        -1.54089e+09   505            
2.14809        -1.54089e+09   425            
0.752088       -1.54089e+09   245            
1.86838        -1.54089e+09   382            
2.13609        -1.54089e+09   423            
1.53209        -1.54089e+09   374            
0.888205       -1.54089e+09   266            
2.71221        -1.54089e+09   532            
2.72009        -1.54089e+09   536            
1.45203        -1.54089e+09   356            
2.52804        -1.54089e+09   490            
2.78006        -1.54089e+09   537            
0.63647        -1.54089e+09   219            
0.932186       -1.54089e+09   276            
0.456602       -1.54089e+09   187            
2.54413        -1.54089e+09   492            
1.52853        -1.54089e+09   373            
2.15234        -1.54089e+09   426            
2.72088        -1.54089e+09   537            
2.56809        -1.54089e+09   503            
2.78824        -1.54089e+09   538            
2.20817        -1.54089e+09   433            
0.832095       -1.54089e+09   250            
1.09258        -1.54089e+09   305            
1.67609        -1.54089e+09   349            
0.440589       -1.54089e+09   176            
0.788207       -1.54089e+09   245            
1.22042        -1.54089e+09   320            
1.2641         -1.54089e+09   329            
2.76847        -1.54089e+09   536            
1.60432        -1.54089e+09   362            
0.596464       -1.54089e+09   209            
1.13215        -1.54089e+09   317            
2.74009        -1.54089e+09   533            
0.456496       -1.54089e+09   186            
2.7561         -1.54089e+09   538            
1.1642         -1.54089e+09   309            
0.552171       -1.54089e+09   196            
2.42409        -1.54089e+09   478            
1.7481         -1.54089e+09   365            
1.09209        -1.54089e+09   303            
2.7482         -1.54089e+09   535            
0.784589       -1.54089e+09   251            
0.988263       -1.54089e+09   282            
2.39217        -1.54089e+09   474            
1.61625        -1.54089e+09   382            
2.03669        -1.54089e+09   415            
1.3962         -1.54089e+09   343            
2.31634        -1.54089e+09   455            
2.35619        -1.54089e+09   465            
2.39606        -1.54089e+09   477            
0.892493       -1.54089e+09   268            
2.13609        -1.54089e+09   426            
1.95205        -1.54089e+09   404            
0.884191       -1.54089e+09   264            
1.20824        -1.54089e+09   315            
2.15209        -1.54089e+09   428            
2.57364        -1.54089e+09   509            
0.468193       -1.54089e+09   191            
1.53609        -1.54089e+09   375            
1.28835        -1.54089e+09   333            
1.5281         -1.54089e+09   373            
1.22035        -1.54089e+09   319            
1.99602        -1.54089e+09   404            
2.5642         -1.54089e+09   504            
0.884049       -1.54089e+09   263            
0.712097       -1.54089e+09   229            
1.45204        -1.54089e+09   354            
1.20428        -1.54089e+09   313            
2.54059        -1.54089e+09   495            
1.91613        -1.54089e+09   395            
0.788097       -1.54089e+09   244            
1.98007        -1.54089e+09   406            
1.20803        -1.54089e+09   311            
0.992089       -1.54089e+09   284            
0.420741       -1.54089e+09   162            
0.720305       -1.54089e+09   236            
0.784088       -1.54089e+09   249            
1.74016        -1.54089e+09   366            
1.64805        -1.54089e+09   382            
2.72016        -1.54089e+09   537            
1.61993        -1.54089e+09   343            
2.172          -1.54089e+09   430            
1.63208        -1.54089e+09   383            
2.15298        -1.54089e+09   430            
2.60409        -1.54089e+09   514            
1.99206        -1.54089e+09   407            
1.39995        -1.54089e+09   343            
1.46028        -1.54089e+09   360            
1.91269        -1.54089e+09   390            
0.83224        -1.54089e+09   251            
0.867081       -1.54089e+09   260            
2.15259        -1.54089e+09   424            
1.06023        -1.54089e+09   302            
2.14073        -1.54089e+09   421            
1.99619        -1.54089e+09   403            
2.70023        -1.54089e+09   528            
1.36809        -1.54089e+09   341            
1.34824        -1.54089e+09   341            
2.71618        -1.54089e+09   531            
1.26009        -1.54089e+09   325            
0.568294       -1.54089e+09   203            
2.27605        -1.54089e+09   447            
1.91655        -1.54089e+09   392            
2.42979        -1.54089e+09   484            
2.61669        -1.54089e+09   519            
2.14009        -1.54089e+09   426            
2.02403        -1.54089e+09   409            
2.6204         -1.54089e+09   517            
1.03605        -1.54089e+09   293            
2.53608        -1.54089e+09   491            
1.34834        -1.54089e+09   342            
0.93229        -1.54089e+09   277            
0.912199       -1.54089e+09   274            
1.24419        -1.54089e+09   324            
1.93609        -1.54089e+09   399            
2.57714        -1.54089e+09   507            
2.31609        -1.54089e+09   453            
2.20824        -1.54089e+09   435            
2.6922         -1.54089e+09   535            
0.856038       -1.54089e+09   257            
2.71219        -1.54089e+09   533            
0.9402         -1.54089e+09   277            
2.14835        -1.54089e+09   427            
2.00014        -1.54089e+09   405            
1.12899        -1.54089e+09   314            
1.04059        -1.54089e+09   296            
0.456851       -1.54089e+09   189            
2.14806        -1.54089e+09   429            
1.7001         -1.54089e+09   355            
0.476975       -1.54089e+09   189            
2.06808        -1.54089e+09   421            
1.08409        -1.54089e+09   300            
2.32037        -1.54089e+09   456            
0.744191       -1.54089e+09   240            
2.52408        -1.54089e+09   489            
2.69609        -1.54089e+09   534            
1.40435        -1.54089e+09   345            
2.54433        -1.54089e+09   496            
2.39207        -1.54089e+09   473            
2.61603        -1.54089e+09   519            
2.77231        -1.54089e+09   535            
0.888061       -1.54089e+09   265            
2.20848        -1.54089e+09   438            
2.27631        -1.54089e+09   446            
2.57211        -1.54089e+09   506            
