TaskQLat.      PRRQLat.       TaksQlen       
4e-06          1e-06          1              
1.5e-05        0              1              
0.000178       0              1              
0.000222       0              2              
0.000204       0              1              
7.6e-05        0              2              
0.20785        0              8              
0.188201       0              15             
0.004358       1e-06          62             
0.175423       0              29             
0.159796       0              37             
1e-06          0              1              
0.167526       0              34             
0.175679       0              28             
0.175679       0              27             
0.119809       0              54             
0.115738       0              56             
0.107874       0              59             
0.17813        0              24             
0.09992        0              63             
0.155605       0              39             
0.101302       0              61             
0.143682       0              45             
0.084013       0              66             
0.079875       0              67             
0.09222        0              65             
0.15163        0              41             
0.075994       0              68             
0.147653       0              43             
0.068271       0              69             
0.052036       0              71             
0.139708       0              47             
0.171729       1e-06          32             
0.040195       0              73             
0.024322       0              76             
0.060538       0              70             
0.131754       0              50             
0.028129       0              75             
0.032242       0              74             
0.04513        0              72             
0.179466       0              23             
0.184198       0              16             
0.215888       0              3              
0.171747       0              31             
0.147915       1e-06          42             
0.179622       0              22             
0.012239       0              61             
0.135991       0              48             
0.143939       0              44             
0.108128       0              58             
0.112115       0              57             
0.096202       0              64             
0.183627       0              20             
0.187615       0              19             
0.203945       0              10             
0.179634       0              21             
0.159829       0              36             
0.128039       0              51             
0.104151       0              60             
0.200146       0              11             
0.155865       0              38             
0.613704       0              18             
0.593777       0              23             
0.597762       0              22             
0.541963       0              37             
0.621681       0              16             
0.573847       0              28             
0.605736       0              20             
0.018534       0              77             
0.03847        0              72             
0.002617       0              83             
0.06239        0              66             
0.026507       0              75             
2e-06          0              1              
2e-06          0              1              
2e-06          0              1              
1e-06          0              1              
3e-06          0              1              
2e-06          0              1              
1e-06          0              1              
2e-06          0              1              
1e-06          0              1              
2e-06          0              1              
2e-06          0              1              
2e-06          0              1              
1e-06          0              1              
2e-06          0              1              
1.2e-05        0              1              
2e-06          0              1              
2e-06          0              1              
2e-06          0              1              
2e-06          0              1              
2e-06          0              1              
0.010577       0              80             
0.116087       0              55             
0.589791       0              24             
0.462239       0              56             
0.553903       0              34             
0.625661       0              15             
0.569859       0              29             
0.471058       0              54             
0.454245       0              57             
0.450299       0              58             
0.637554       0              10             
0.139965       0              46             
0.44628        0              59             
0.671848       0              1              
0.567793       0              30             
0.601746       0              21             
0.006604       0              82             
0.5579         0              33             
0.629655       0              14             
0.565744       0              31             
0.617692       0              17             
0.549868       0              35             
0.58182        0              26             
0.633583       0              12             
0.609723       0              19             
0.561874       0              32             
0.577835       0              27             
0.585779       0              25             
0.545947       0              36             
0.633608       0              11             
0.53798        0              38             
0.467402       0              55             
0.486155       0              50             
0.471425       0              53             
0.517996       0              44             
0.482163       0              51             
0.208094       0              7              
0.100176       1e-06          62             
0.665505       0              2              
0.498064       0              47             
0.171761       0              30             
0.196172       0              13             
0.493966       0              48             
0.167222       0              22             
0.226965       0              2              
0.533994       0              39             
0.490124       0              49             
0.478167       0              52             
0.19556        0              17             
0.058405       0              67             
0.530009       0              40             
0.518054       0              43             
0.231938       1e-06          1              
0.52204        0              42             
0.526028       0              41             
0.179182       0              19             
0.203095       0              13             
0.191141       0              16             
0.199117       0              14             
0.195129       0              15             
0.20708        0              11             
0.034476       0              73             
0.223027       0              7              
0.231003       0              5              
0.215049       0              9              
0.234989       0              4              
0.211065       0              10             
0.238976       0              3              
0.203092       0              12             
2e-06          1e-06          1              
0.183169       0              18             
0.187155       0              17             
0.504024       0              46             
2e-06          0              1              
0.657318       0              5              
0.204119       0              9              
0.010587       0              81             
0.131234       0              23             
0.430306       0              61             
0.191599       0              18             
0.653361       0              6              
0.12405        0              52             
0.16778        0              33             
0.120065       0              53             
0.199963       0              12             
0.046443       0              70             
0.219037       0              8              
0.509634       0              45             
0.227015       0              6              
0.649376       0              7              
0.054416       0              68             
0.01205        0              79             
0.042456       0              71             
0.247807       0              1              
0.192186       0              14             
0.629665       0              13             
0.661294       0              3              
0.13201        0              49             
0.030493       0              74             
0.175688       0              26             
0.212065       0              5              
0.151886       0              40             
0.175691       0              25             
0.066205       0              65             
0.171209       0              21             
2e-06          0              1              
0.050429       0              69             
0.645391       0              8              
0.661266       0              4              
0.211863       0              6              
0.641396       0              9              
0.215633       0              4              
0.578368       1e-06          35             
0.590328       0              32             
0.43429        0              60             
0.022519       0              76             
0.418338       0              62             
0.175194       0              20             
0.410344       0              64             
0.414342       0              63             
0.594309       0              31             
0.018538       0              78             
0.610262       0              27             
0.163825       0              35             
0.586341       0              33             
0.582355       0              34             
0.242962       0              2              
0.613054       0              24             
0.618233       0              25             
0.614248       0              26             
0.606276       0              28             
0.5983         0              30             
0.602289       0              29             
0.001947       0              2              
0.001943       0              3              
0.001932       0              4              
0.001551       0              6              
0.001351       0              8              
0.001364       0              9              
0.001353       0              10             
0.0013         1e-06          11             
0.000129       1e-06          6              
0.000117       0              7              
8e-05          0              5              
0.002029       0              1              
0.000124       0              5              
0.001527       0              7              
0.00157        0              5              
0.025694       0              1              
0.093856       0              2              
0.352251       0              22             
0.312831       0              56             
0.347221       0              31             
0.316744       0              50             
0.32068        0              45             
0.2456         0              115            
0.277222       0              88             
0.253511       0              107            
0.241732       0              123            
0.225919       0              136            
0.210119       0              154            
0.357288       0              10             
0.277224       0              89             
0.352271       0              18             
0.273308       1e-06          93             
0.308872       0              59             
0.202247       0              161            
0.214045       0              151            
0.210127       0              153            
0.324629       0              41             
0.320692       0              46             
0.348069       0              29             
0.19038        0              171            
0.210129       0              152            
0.174523       0              190            
0.170697       0              199            
0.155086       0              226            
0.174528       0              191            
0.158994       0              219            
0.205969       1e-06          159            
0.182504       0              181            
0.198306       0              165            
0.22183        0              142            
0.249572       0              111            
0.245576       0              117            
0.261462       0              103            
0.277136       0              91             
0.344488       0              34             
0.348179       0              28             
0.351833       0              23             
0.182492       0              179            
0.352269       0              17             
0.296967       0              70             
0.357449       0              6              
0.300929       0              65             
0.352268       0              20             
0.312823       0              57             
0.221884       0              141            
0.23384        0              130            
0.281176       0              85             
0.194347       0              167            
0.24171        0              124            
0.249563       0              110            
0.206185       0              156            
0.233828       0              129            
0.237776       0              125            
0.202244       0              160            
0.221926       0              140            
0.351506       0              25             
0.170694       0              198            
0.348379       0              27             
0.355284       0              13             
0.225907       0              137            
0.229874       0              135            
0.174591       0              186            
0.162872       0              212            
0.206173       1e-06          158            
0.186452       0              177            
0.214043       0              150            
0.194352       0              169            
0.198304       0              164            
0.190372       0              173            
0.229869       0              134            
0.214067       0              149            
0.186449       0              175            
0.289074       0              76             
0.316743       0              52             
0.237741       0              127            
0.316717       0              54             
0.249395       0              114            
0.218018       0              145            
0.214057       0              147            
0.170707       0              195            
0.304889       0              63             
0.214063       0              148            
0.158987       0              217            
0.32923        0              40             
0.304896       0              62             
0.162883       0              210            
0.245547       0              119            
0.289069       0              78             
0.245583       0              116            
0.324608       0              42             
0.178549       0              182            
0.27722        0              90             
0.324597       0              44             
0.277219       0              87             
0.245551       0              118            
0.155084       0              224            
0.166798       0              200            
0.166796       1e-06          201            
0.206172       0              155            
0.316756       0              51             
0.34806        0              30             
0.296972       0              71             
0.16673        0              205            
0.296979       0              69             
0.166486       0              206            
0.320684       0              47             
0.218014       0              143            
0.3573         0              9              
0.28114        0              86             
0.30885        0              60             
0.32067        0              48             
0.357086       0              11             
0.277109       0              92             
0.162889       0              211            
0.190389       0              170            
0.174595       0              185            
0.162886       0              207            
0.158989       0              214            
0.182503       0              178            
0.2259         0              138            
0.312817       0              58             
0.155077       0              222            
0.293064       0              74             
0.28513        0              81             
0.162892       0              208            
0.158989       0              215            
0.237782       0              126            
0.221962       0              139            
0.093853       0              3              
0.158988       0              218            
0.229869       0              133            
0.155086       0              225            
0.329262       0              37             
0.348451       0              26             
0.206176       0              157            
0.293073       0              75             
0.249559       0              109            
0.269373       0              97             
0.186448       0              176            
0.27329        0              96             
0.285143       0              80             
0.320672       0              49             
0.249446       0              113            
0.265416       0              102            
0.202248       0              162            
0.178557       0              183            
0.308857       0              61             
0.269313       0              100            
0.296973       0              72             
0.316717       0              53             
0.316711       0              55             
0.329246       0              39             
0.273295       0              94             
0.293056       0              73             
0.155072       0              221            
0.300825       0              67             
0.356111       0              12             
0.300928       0              64             
0.174508       0              192            
0.182498       0              180            
0.253503       0              108            
0.218018       0              146            
0.344462       0              36             
0.296977       0              68             
0.162875       0              213            
0.35741        0              7              
0.300848       0              66             
0.170703       1e-06          197            
0.285136       0              79             
0.24554        0              122            
0.357394       0              8              
0.166795       0              203            
0.26931        0              99             
0.170697       0              193            
0.281201       0              84             
0.155066       0              220            
0.257444       0              106            
0.357523       0              5              
0.353352       0              15             
0.344456       0              35             
0.170713       0              196            
0.265136       0              103            
0.329273       0              38             
0.245541       0              121            
0.352263       0              21             
0.166798       0              202            
0.194348       0              168            
0.155079       0              223            
0.285117       0              82             
0.202254       0              163            
0.34503        0              33             
0.265046       1e-06          102            
0.289068       1e-06          77             
0.249569       0              112            
0.273283       0              95             
0.257474       0              105            
0.345391       0              229            
0.324599       0              43             
0.198287       0              166            
0.345385       1e-06          228            
0.26542        0              101            
0.261414       0              104            
0.344458       0              37             
0.351556       0              24             
0.170708       0              194            
0.178549       0              184            
0.174528       0              187            
0.237731       0              128            
0.190379       0              172            
0.357585       0              4              
0.229868       0              132            
0.158981       0              216            
0.352276       0              19             
0.353331       0              16             
0.218016       0              144            
0.18644        0              174            
0.269367       0              98             
0.166796       0              204            
0.376941       0              230            
0.345855       0              32             
0.553383       0              231            
0.545619       0              249            
0.522061       0              280            
0.174525       0              188            
0.525978       0              272            
0.537774       0              260            
0.549521       0              243            
0.533824       1e-06          263            
0.537757       0              262            
0.537751       0              261            
0.174524       0              189            
0.529914       0              268            
0.529907       0              270            
0.514136       0              287            
0.537765       0              259            
0.533815       0              264            
0.349264       0              227            
0.5523         0              235            
0.549492       0              237            
0.545617       0              248            
0.518106       0              282            
0.541696       0              255            
0.522056       0              279            
0.553307       0              233            
0.522052       0              278            
0.545595       0              244            
0.545609       0              247            
0.549505       0              240            
0.537771       0              257            
0.35529        0              14             
0.54167        0              251            
0.52597        0              271            
0.510207       1e-06          289            
0.522034       0              276            
0.525981       0              275            
0.514133       0              286            
0.52204        0              277            
0.541682       0              252            
0.552298       0              234            
0.529912       0              267            
0.52598        0              273            
0.525989       0              274            
0.529903       0              266            
0.514138       0              288            
0.545607       0              245            
0.549487       0              236            
0.541693       0              256            
0.553379       0              232            
0.162889       0              209            
0.514126       0              284            
0.285116       0              83             
0.518102       0              281            
0.549494       0              238            
0.549509       0              241            
0.537775       0              258            
0.510213       0              290            
0.529904       0              269            
0.541691       1e-06          253            
0.545629       0              250            
0.533839       1e-06          265            
0.549501       0              239            
0.545607       0              246            
0.518104       0              283            
0.549511       0              242            
0.514129       0              285            
0.233803       0              131            
0.245542       0              120            
0.575074       0              327            
0.559257       0              346            
0.554572       0              349            
0.594797       0              309            
0.606642       0              296            
0.575054       0              329            
0.563206       0              339            
0.58298        0              320            
0.610584       0              292            
0.614539       0              291            
0.555348       0              348            
0.567192       0              336            
0.582973       0              322            
0.571099       0              331            
0.559306       0              344            
0.59084        0              311            
0.563212       0              338            
0.602696       0              301            
0.579017       0              325            
0.610584       0              293            
0.594789       0              307            
0.55136        0              350            
0.586934       0              319            
0.598724       0              302            
0.598736       1e-06          305            
0.575081       0              328            
0.586881       0              314            
0.579012       0              324            
0.571095       0              330            
0.582966       0              323            
0.590855       0              313            
0.563058       0              340            
0.562408       0              343            
0.773491       0              356            
0.567186       0              335            
0.571098       0              334            
0.571108       0              332            
0.769573       0              357            
0.717932       0              150            
0.594792       1e-06          308            
0.559262       0              345            
0.547417       0              352            
0.571105       0              333            
0.586931       0              318            
0.586903       1e-06          316            
0.606629       0              295            
0.602691       0              300            
0.59085        0              312            
0.606642       0              297            
0.586891       0              315            
0.729744       0              144            
0.590829       0              310            
0.54169        0              254            
0.543155       0              353            
0.60267        0              298            
0.598732       0              303            
0.674332       0              174            
0.582993       0              321            
0.749634       0              136            
0.713992       0              152            
0.69419        0              165            
0.650452       0              183            
0.698168       0              162            
0.638521       0              188            
0.678318       0              173            
0.642481       0              185            
0.717966       0              149            
0.634548       0              190            
0.710069       0              155            
0.725761       0              145            
0.680306       0              172            
0.721959       0              148            
0.736966       0              140            
0.690239       0              167            
0.682272       0              170            
0.702101       0              161            
0.63456        1e-06          191            
0.698159       0              163            
0.562421       0              342            
0.634553       0              192            
0.69417        0              166            
0.666209       0              178            
0.642444       0              186            
0.736962       0              139            
0.64238        0              187            
0.602678       0              299            
0.733635       0              142            
0.721946       0              147            
0.729734       0              143            
0.757586       0              360            
0.725751       0              146            
0.733707       0              141            
0.765573       0              358            
0.594777       0              306            
0.706106       0              158            
0.70611        0              159            
0.713987       0              151            
0.646466       0              184            
0.713881       0              153            
0.778497       0              355            
0.753612       0              135            
0.586908       0              317            
0.694195       0              164            
0.713874       0              154            
0.7616         0              359            
0.55925        0              347            
0.551286       0              351            
0.654437       1e-06          182            
0.686251       0              168            
0.562425       0              341            
0.70214        0              160            
0.666371       0              177            
0.638527       0              189            
0.670358       0              176            
0.682281       0              171            
0.610595       0              294            
0.567183       0              337            
0.658424       0              181            
0.598741       0              304            
0.539445       0              354            
0.686251       0              169            
0.7061         0              157            
0.666185       0              179            
0.71007        0              156            
0.662411       0              180            
0.416373       0              145            
0.388497       0              90             
0.248929       0              121            
0.256901       0              119            
0.420359       0              144            
0.440294       0              139            
0.436307       0              140            
0.428333       0              142            
0.745632       0              137            
0.464159       0              130            
0.471105       0              129            
0.43232        0              141            
0.460166       0              133            
0.29678        0              111            
0.395457       0              88             
0.424346       0              143            
0.452215       0              135            
0.221014       0              128            
0.312756       0              109            
0.444261       0              138            
0.408401       0              147            
0.579024       0              326            
0.741666       0              138            
0.240955       0              123            
0.39644        0              86             
0.395461       0              89             
0.340648       0              101            
0.352606       0              98             
0.364565       0              95             
0.360579       0              96             
0.356591       0              97             
0.348619       0              99             
0.252915       0              120            
0.244941       0              122            
0.236969       0              124            
0.328687       0              104            
0.395453       0              87             
0.412384       0              146            
0.400428       0              149            
0.336662       0              102            
0.460174       0              131            
0.456216       1e-06          134            
0.368551       0              94             
0.372538       0              93             
0.264875       0              117            
0.260888       0              118            
0.296785       0              112            
0.27285        0              115            
0.332675       0              103            
0.380511       0              91             
0.376526       0              92             
0.312749       0              108            
0.320719       0              106            
0.324702       0              105            
0.460182       0              132            
0.448253       0              136            
0.344632       0              100            
0.236975       0              125            
0.67433        0              175            
0.265712       0              67             
0.249787       0              72             
0.228987       0              126            
0.138242       0              41             
0.130269       0              43             
0.118314       0              46             
0.110342       0              48             
0.280836       0              114            
0.086454       0              55             
0.210018       0              25             
0.268861       0              116            
0.225017       0              127            
0.300772       0              110            
0.404416       0              148            
0.261731       0              68             
0.122302       0              45             
0.126286       0              44             
0.225878       0              80             
0.269703       0              66             
0.253775       0              71             
0.237827       0              75             
0.245799       0              73             
0.225873       0              79             
0.225868       0              78             
0.10636        0              49             
0.221167       0              38             
0.114329       0              47             
0.078472       0              57             
0.213978       0              24             
0.257761       0              70             
0.065795       0              60             
0.22191        0              81             
0.070513       0              59             
0.316734       0              107            
0.154188       1e-06          37             
0.44426        0              137            
0.276537       0              65             
0.054562       0              63             
0.086446       0              54             
0.102374       0              50             
0.134254       0              42             
0.094417       0              52             
0.219912       0              22             
0.190094       0              30             
0.229854       0              77             
0.150199       0              38             
0.221154       0              37             
0.182109       0              31             
0.202043       0              28             
0.202047       0              29             
0.162161       0              35             
0.170128       0              33             
0.261736       0              69             
0.221162       0              38             
4.8e-05        0              3              
2.7e-05        0              2              
0.288824       0              113            
0.062535       0              61             
0.221159       0              37             
0.241815       0              74             
0.20204        0              27             
0.050489       0              64             
0.098392       0              51             
0.082434       0              56             
0.058371       0              62             
0.142229       0              40             
5.8e-05        1e-06          4              
0.004323       0              5              
0.013786       0              18             
0.013756       0              18             
2.2e-05        0              2              
7e-06          0              1              
3.9e-05        0              3              
3.4e-05        0              3              
6.4e-05        0              4              
0.004334       0              6              
3.7e-05        0              3              
3.7e-05        0              2              
8.1e-05        0              5              
0.004307       0              3              
4.6e-05        0              3              
3.6e-05        0              3              
5.5e-05        0              4              
0.175606       0              3              
4.5e-05        0              3              
6.5e-05        0              4              
4.7e-05        1e-06          3              
2.7e-05        0              2              
2.7e-05        0              2              
4.6e-05        0              3              
7.4e-05        0              5              
0.158174       0              36             
0.065204       0              26             
0.085138       0              21             
0.073179       0              24             
0.081152       0              22             
0.213989       0              23             
7.2e-05        0              5              
6.5e-05        0              4              
3.8e-05        0              3              
5.6e-05        0              4              
1.7e-05        0              2              
0.023286       0              36             
0.017376       0              37             
3.2e-05        0              3              
7.8e-05        0              5              
0.090432       0              53             
9e-06          0              1              
3.2e-05        0              2              
8e-06          0              1              
8e-06          0              1              
0.033333       0              34             
0.129025       0              13             
1.7e-05        0              1              
0.233841       0              76             
2.8e-05        0              2              
1.2e-05        0              1              
0.061217       0              27             
6.9e-05        0              5              
7.3e-05        0              5              
0.15695        0              8              
0.136988       0              11             
0.116829       0              17             
0.097105       0              19             
8.3e-05        0              5              
1e-06          0              1              
0.117063       0              16             
0.045268       0              31             
7e-06          0              1              
0.032796       0              35             
0.175626       0              3              
0.037318       0              33             
0.1649         0              5              
1.6e-05        0              2              
7.4e-05        0              4              
0.057231       0              28             
6.1e-05        0              4              
9e-06          0              1              
0.069189       0              25             
3.7e-05        0              3              
2.5e-05        0              2              
0.121053       0              15             
3.7e-05        0              3              
0.175573       0              32             
3.9e-05        0              1              
2.4e-05        0              2              
3.3e-05        0              2              
0.146215       0              39             
2.1e-05        0              2              
3.6e-05        0              3              
4.2e-05        0              3              
0.164915       0              7              
1.5e-05        0              2              
2.4e-05        0              2              
5.6e-05        0              4              
0.175645       0              4              
0.001301       0              40             
2e-05          0              2              
7e-06          0              1              
1.5e-05        0              2              
1.3e-05        0              1              
0.049259       0              30             
6e-05          0              4              
4.7e-05        0              4              
3.1e-05        0              2              
4.6e-05        0              3              
0.074492       0              58             
0.091713       0              20             
0.053244       0              29             
2.4e-05        0              2              
7e-06          0              1              
7e-05          0              5              
4.9e-05        0              2              
3.7e-05        0              3              
4e-05          0              2              
0.133001       0              12             
4.3e-05        0              4              
9e-06          0              1              
1.7e-05        0              2              
2.1e-05        0              2              
3e-06          0              1              
4.8e-05        1e-06          3              
8e-06          0              1              
2.1e-05        0              2              
7e-06          0              1              
8e-06          0              1              
9e-06          1e-06          1              
7e-06          0              1              
5e-06          0              1              
5.9e-05        0              4              
4e-06          0              1              
2.5e-05        0              2              
1e-05          0              1              
4.2e-05        1e-06          3              
0.009377       0              38             
0.004315       0              4              
0.000277       0              1              
1.3e-05        1e-06          1              
9e-06          0              1              
8e-06          0              1              
0.109093       0              18             
8.2e-05        0              5              
5.1e-05        0              4              
0.005399       0              39             
2.5e-05        0              2              
5.7e-05        0              4              
2e-06          0              1              
2.7e-05        0              2              
3.6e-05        1e-06          3              
5.5e-05        0              4              
0.202035       0              26             
6e-06          0              1              
3e-06          0              1              
6e-06          0              1              
0.16491        0              6              
5.2e-05        0              3              
4e-06          0              1              
1.6e-05        0              2              
2.5e-05        0              2              
9e-06          1e-06          1              
1.6e-05        0              2              
5.7e-05        0              3              
1.3e-05        0              1              
0.166135       0              34             
9e-06          0              1              
2.2e-05        0              2              
5.4e-05        1e-06          5              
0.175631       0              4              
5e-06          1e-06          1              
4.5e-05        0              2              
1.4e-05        0              2              
2.7e-05        0              2              
1.6e-05        0              1              
1.1e-05        0              1              
1.7e-05        0              2              
2.9e-05        0              3              
0.000286       0              2              
0.176277       0              5              
0.176279       0              6              
2.4e-05        0              2              
0.170172       0              9              
0.158206       0              10             
0.138284       0              14             
0.122313       0              17             
0.150256       0              13             
0.118338       0              18             
0.10635        0              19             
0.122306       0              16             
0.158179       0              11             
1.5e-05        0              2              
0.077165       0              23             
1.9e-05        0              2              
9e-06          0              1              
2e-06          0              1              
9e-06          0              1              
2.9e-05        0              3              
8e-06          0              1              
3e-05          0              3              
0.125034       0              14             
0.176221       0              1              
8e-06          0              1              
1.5e-05        0              2              
0.170168       0              8              
0.150251       0              12             
1.5e-05        0              1              
0.170164       0              7              
1e-05          0              1              
0.176276       0              4              
0.148966       0              9              
0.14098        0              10             
0.130298       0              15             
6.9e-05        0              4              
0.041297       0              32             
1.9e-05        0              2              
0.176257       0              3              
1.4e-05        0              1              
3.7e-05        0              3              
0.176253       0              2              
7e-06          0              1              
3.2e-05        0              3              
4e-06          0              1              
2.8e-05        0              2              
3.4e-05        0              3              
1.6e-05        0              2              
