JobID          Runtime        getDevice      getProgram     runProgram     startTime_s    startTime_us   endTime_s      endTime_us     violation      0
-1             0.849906       6e-05          0.849553       0.000285       1543977269     630137         1543977270     480043         0              
-1             0.000396       3.2e-05        8.2e-05        0.000276       1543977271     927776         1543977271     928172         0              
-1             0.000337       3e-05          2.8e-05        0.000274       1543977272     43703          1543977272     44040          0              
-1             0.000383       8e-05          2.6e-05        0.000274       1543977272     159596         1543977272     159979         0              
-1             0.000337       2.9e-05        2.8e-05        0.000273       1543977272     275458         1543977272     275795         0              
0              0.000613       0.000228       3e-05          0.000341       1543977282     381745         1543977282     382358         0              
1              0.00081        0.00047        2.9e-05        0.000301       1543977282     381985         1543977282     382795         0              
2              0.000443       8.2e-05        2.5e-05        0.000329       1543977282     383097         1543977282     383540         0              
3              0.000449       7.7e-05        2.5e-05        0.000338       1543977282     384231         1543977282     384680         0              
4              0.000496       8.2e-05        7.5e-05        0.00033        1543977282     392162         1543977282     392658         0              
5              0.000453       0.000124       2.4e-05        0.000296       1543977282     393245         1543977282     393698         0              
6              0.000448       7.8e-05        2.6e-05        0.000336       1543977282     393898         1543977282     394346         0              
7              0.00044        7.9e-05        2.5e-05        0.000325       1543977282     397097         1543977282     397537         0              
8              0.009096       7.6e-05        7.4e-05        0.008926       1543977282     399174         1543977282     408270         0              
9              0.012254       0.008742       7.3e-05        0.003424       1543977282     399739         1543977282     411993         0              
10             0.00951        0.009139       2.9e-05        0.000327       1543977282     402929         1543977282     412439         0              
11             0.016642       0.014747       3.2e-05        0.001847       1543977282     407099         1543977282     423741         0              
13             0.045442       0.015453       0.014077       0.015906       1543977282     408353         1543977282     453795         0              
12             0.05681        0.050138       0.006397       0.00027        1543977282     411690         1543977282     468500         0              
15             0.169513       0.088682       0.060573       0.020252       1543977282     412549         1543977282     582062         0              
14             0.313614       0.208073       0.039942       0.065591       1543977282     413789         1543977282     727403         0              
19             0.33224        0.331932       2.1e-05        0.00028        1543977282     421889         1543977282     754129         0              
17             0.558146       0.350087       0.027971       0.180082       1543977282     423740         1543977282     981886         0              
18             0.622686       0.584036       0.027975       0.010669       1543977282     425788         1543977283     48474          0              
16             0.692305       0.636042       0.055971       0.00028        1543977282     425789         1543977283     118094         0              
20             0.744278       0.704043       0.027971       0.012259       1543977282     429788         1543977283     174066         0              
21             0.76444        0.764045       0.000108       0.000281       1543977282     429789         1543977283     194229         0              
22             0.864263       0.800022       0.063987       0.000248       1543977282     441788         1543977283     306051         0              
23             0.948257       0.916035       0.031972       0.000245       1543977282     445789         1543977283     394046         0              
24             1.00948        0.981217       0.02798        0.000278       1543977282     448602         1543977283     458083         1              
29             1.19491        1.03694        0.031974       0.125989       1543977282     448884         1543977283     643792         1              
27             1.23229        1.20004        0.031973       0.00028        1543977282     449788         1543977283     682081         1              
25             1.2723         1.24005        0.031959       0.000279       1543977282     449789         1543977283     722086         1              
26             1.3243         1.28804        0.035967       0.000281       1543977282     449789         1543977283     774085         1              
30             1.51102        1.37202        0.039983       0.099009       1543977282     461792         1543977283     972811         1              
31             1.53635        1.53602        7.3e-05        0.000245       1543977282     461790         1543977283     998136         1              
34             1.6393         1.56004        0.039964       0.039279       1543977282     465790         1543977284     105087         1              
33             1.6603         1.66003        1.8e-05        0.000245       1543977282     469788         1543977284     130084         1              
28             1.76828        1.70004        0.03598        0.032256       1543977282     473785         1543977284     242063         1              
32             1.9426         1.82803        0.039982       0.074582       1543977282     473786         1543977284     416387         1              
37             2.05231        2.01203        0.039996       0.000283       1543977282     473787         1543977284     526101         1              
39             2.16431        2.08004        0.044028       0.000281       1543977282     473787         1543977284     638101         1              
38             2.32351        2.22326        0.039983       0.060264       1543977282     474558         1543977284     798066         1              
41             2.38828        2.34003        0.043982       0.004264       1543977282     477789         1543977284     866068         1              
40             2.49623        2.42002        0.039991       0.036218       1543977282     477790         1543977284     974020         1              
44             2.5883         2.54803        0.039979       0.00028        1543977282     481787         1543977285     70084          1              
47             2.6603         2.62004        0.039973       0.00028        1543977282     485786         1543977285     146085         1              
35             2.82024        2.71203        0.043983       0.064225       1543977282     485788         1543977285     306027         1              
43             2.9873         2.856          0.04398        0.087314       1543977282     485818         1543977285     473119         1              
45             3.0523         3.01203        0.039986       0.000275       1543977282     489785         1543977285     542086         1              
42             3.13227        3.08802        0.008008       0.000247       1543977282     489788         1543977285     622053         1              
36             3.22426        3.18002        0.043986       0.000246       1543977282     489788         1543977285     714046         1              
46             3.2683         3.26715        0.000907       0.000244       1543977282     489793         1543977285     758096         1              
49             3.37624        3.32403        0.043985       0.008226       1543977282     497787         1543977285     874030         1              
50             3.43688        3.40064        0.035989       0.000245       1543977282     501173         1543977285     938051         1              
53             3.52824        3.48803        0.035987       0.004225       1543977282     501787         1543977286     30030          1              
48             3.57632        3.54004        0.035974       0.000289       1543977282     509786         1543977286     86102          1              
51             3.6283         3.59204        0.035974       0.000281       1543977282     509786         1543977286     138087         1              
58             3.74593        3.67202        0.035986       0.03792        1543977282     509788         1543977286     255722         1              
56             3.79781        3.79356        2.1e-05        0.004223       1543977282     512253         1543977286     310065         1              
55             3.89677        3.8245         0.044008       0.000276       1543977282     513306         1543977286     410077         1              
59             3.98032        3.94004        0.039986       0.000281       1543977282     513787         1543977286     494106         1              
57             4.10156        4.01602        0.031991       0.053552       1543977282     513789         1543977286     615354         1              
52             4.19627        4.13603        0.035984       0.024247       1543977282     517786         1543977286     714056         1              
65             4.22025        4.21603        1.9e-05        0.004197       1543977282     517788         1543977286     738040         1              
64             4.27226        4.23602        0.035985       0.000244       1543977282     517788         1543977286     790047         1              
54             4.36826        4.34024        0.027774       0.000242       1543977282     517787         1543977286     886048         1              
60             4.47762        4.37604        0.031986       0.069587       1543977282     521785         1543977286     999402         1              
66             4.5203         4.49202        0.02799        0.00028        1543977282     525786         1543977287     46081          1              
62             4.56428        4.56004        2.2e-05        0.004213       1543977282     525786         1543977287     90066          1              
61             4.65226        4.61603        0.035979       0.000245       1543977282     525787         1543977287     178047         1              
63             4.7043         4.67203        0.031988       0.000276       1543977282     533785         1543977287     238083         1              
67             4.7523         4.72403        0.027989       0.000278       1543977282     533785         1543977287     286084         1              
72             4.8203         4.78804        0.031974       0.000278       1543977282     533785         1543977287     354084         1              
77             4.96668        4.87603        0.03198        0.058668       1543977282     533788         1543977287     500470         1              
69             5.03231        5.01203        0.020002       0.000274       1543977282     533786         1543977287     566094         1              
68             5.10751        5.0793         0.027964       0.000247       1543977282     534536         1543977287     642051         1              
71             5.16547        5.12004        0.031976       0.013452       1543977282     533788         1543977287     699257         1              
75             5.22826        5.19603        0.031977       0.000246       1543977282     537787         1543977287     766050         1              
70             5.24433        5.24403        1.9e-05        0.000271       1543977282     541785         1543977287     786113         1              
78             5.27229        5.27202        1.8e-05        0.000245       1543977282     541787         1543977287     814077         1              
80             5.29636        5.29605        2.2e-05        0.000278       1543977282     545786         1543977287     842145         1              
76             5.32826        5.30003        0.027981       0.000245       1543977282     545788         1543977287     874051         1              
81             5.34833        5.34803        1.9e-05        0.000275       1543977282     549786         1543977287     898119         1              
73             5.43632        5.36802        0.02799        0.040298       1543977282     549787         1543977287     986104         1              
86             5.4803         5.45202        0.027989       0.00028        1543977282     553785         1543977288     34081          1              
82             5.55229        5.52403        0.027985       0.000276       1543977282     553786         1543977288     106080         1              
83             5.57628        5.57203        0.003998       0.000244       1543977282     553788         1543977288     130065         1              
89             5.70432        5.63444        0.069587       0.000281       1543977282     553786         1543977288     258102         1              
74             5.87651        5.70803        0.047977       0.120498       1543977282     557786         1543977288     434300         1              
79             5.92031        5.92004        2.1e-05        0.000247       1543977282     557787         1543977288     478095         1              
87             6.0203         5.98802        0.031987       0.000281       1543977282     561785         1543977288     582082         1              
88             6.07629        6.04802        0.027993       0.000278       1543977282     565786         1543977288     642081         1              
90             6.16335        6.13605        2.6e-05        0.00331        1543977282     569786         1543977288     733136         1              
93             6.23929        6.18403        0.031981       0.023271       1543977282     569786         1543977288     809078         1              
85             6.25139        6.25108        2.1e-05        0.000279       1543977282     570759         1543977288     822148         1              
95             6.3643         6.31604        0.04797        0.000281       1543977282     573787         1543977288     938084         1              
91             6.47621        6.42003        0.027975       0.028194       1543977282     573787         1543977289     49994          1              
84             6.5116         6.51124        7.4e-05        0.000278       1543977282     574569         1543977289     86171          1              
92             6.58754        6.54004        0.047212       0.000282       1543977282     577786         1543977289     165331         1              
94             6.68862        6.61203        8.2e-05        0.076502       1543977282     585786         1543977289     274406         1              
96             6.73631        6.72404        0.011972       0.000281       1543977282     585787         1543977289     322092         1              
99             6.79234        6.75604        0.036004       0.00028        1543977282     589786         1543977289     382121         1              
97             6.87231        6.82126        0.024024       0.000279       1543977282     589786         1543977289     462096         1              
98             6.91629        6.89204        0.023978       0.000277       1543977282     593786         1543977289     510079         1              
