JobID          Runtime        getDevice      getProgram     runProgram     startTime_s    startTime_us   endTime_s      endTime_us     violation      0
-1             1.33783        0.000493       1.32517        0.012162       1543977268     292241         1543977269     630071         0              
-1             0.012139       5.2e-05        1.9e-05        0.012061       1543977271     915616         1543977271     927755         0              
-1             0.012122       3.6e-05        2.9e-05        0.012051       1543977272     31564          1543977272     43686          0              
-1             0.012179       3.5e-05        7.3e-05        0.012067       1543977272     147396         1543977272     159575         0              
-1             0.012115       3.4e-05        2.5e-05        0.012051       1543977272     263326         1543977272     275441         0              
0              0.012673       8.9e-05        2.6e-05        0.01254        1543977282     399019         1543977282     411692         0              
1              0.019426       0.008494       2.3e-05        0.010902       1543977282     403998         1543977282     423424         0              
2              0.022616       0.011773       6.9e-05        0.010767       1543977282     411765         1543977282     434381         0              
3              0.025154       0.014157       0.000269       0.010722       1543977282     423666         1543977282     448820         0              
4              0.220961       0.084024       0.047976       0.088955       1543977282     509794         1543977282     730755         0              
6              0.323063       0.221579       0.030436       0.071042       1543977282     525787         1543977282     848850         0              
5              0.465486       0.344033       0.027983       0.093464       1543977282     533789         1543977282     999275         0              
7              0.523072       0.456045       0.031968       0.035053       1543977282     569787         1543977283     92859          0              
8              0.607054       0.544026       0.031985       0.031037       1543977282     585787         1543977283     192841         0              
9              0.715997       0.628032       0.031977       0.039053       1543977282     589787         1543977283     305784         0              
10             0.739071       0.667101       0.036912       0.035053       1543977282     621786         1543977283     360857         0              
11             0.824879       0.748016       0.03601        0.036863       1543977282     625786         1543977283     450665         0              
12             0.981287       0.812017       0.031987       0.137278       1543977282     665794         1543977283     647081         0              
13             1.11601        1.00403        0.035981       0.075993       1543977282     685785         1543977283     801798         0              
14             1.28643        1.14402        0.03999        0.102415       1543977282     689786         1543977283     976220         0              
15             1.39107        1.30402        0.043986       0.043059       1543977282     713791         1543977284     104857         0              
17             1.48307        1.38802        0.043986       0.051056       1543977282     757789         1543977284     240859         0              
18             1.67201        1.48003        0.043983       0.14799        1543977282     765786         1543977284     437796         0              
16             1.88802        1.73202        0.04399        0.111998       1543977282     765787         1543977284     653803         0              
19             2.03793        1.88403        0.043973       0.109919       1543977282     797791         1543977284     835721         1              
21             2.22802        2.04803        0.043978       0.136002       1543977282     817786         1543977285     45802          1              
20             2.48433        2.29204        0.043973       0.148304       1543977282     821785         1543977285     306111         1              
22             2.54307        2.40803        0.04398        0.09105        1543977282     929786         1543977285     472852         1              
23             2.65534        2.54803        0.047984       0.059322       1543977282     961788         1543977285     617131         1              
24             2.73907        2.66404        0.039976       0.035052       1543977283     17786          1543977285     756858         1              
26             2.90402        2.76403        0.039984       0.099997       1543977283     17786          1543977285     921802         1              
25             3.06402        2.92003        0.039983       0.104          1543977283     21787          1543977286     85804          1              
27             3.20975        3.06003        1.8e-05        0.149703       1543977283     45786          1543977286     255541         1              
28             3.31107        3.23204        0.035976       0.043052       1543977283     53785          1543977286     364854         1              
29             3.35506        3.28403        0.035982       0.035042       1543977283     93787          1543977286     448850         1              
30             3.54401        3.39203        0.04398        0.10799        1543977283     121789         1543977286     665797         1              
31             3.58707        3.54404        2.1e-05        0.043003       1543977283     125787         1543977286     712857         1              
32             3.71188        3.62403        0.035982       0.051865       1543977283     137787         1543977286     849671         1              
33             3.85302        3.74002        0.03199        0.081007       1543977283     149787         1543977287     2808           1              
34             4.00801        3.86403        0.035981       0.10799        1543977283     181788         1543977287     189801         1              
36             4.12005        4.02007        1.9e-05        0.099956       1543977283     193739         1543977287     313793         1              
35             4.19507        4.13202        0.031988       0.031054       1543977283     197786         1543977287     392858         1              
38             4.30733        4.21602        0.031982       0.059318       1543977283     209787         1543977287     517122         1              
37             4.39535        4.32402        0.03199        0.03933        1543977283     221786         1543977287     617132         1              
39             4.50289        4.41602        0.031984       0.054879       1543977283     237789         1543977287     740680         1              
40             4.5677         4.48803        0.027991       0.051668       1543977283     281786         1543977287     849481         1              
41             4.70039        4.57603        0.027978       0.096374       1543977283     285790         1543977287     986183         1              
42             4.77385        4.66987        0.027984       0.075993       1543977283     323943         1543977288     97797          1              
43             4.87134        4.79202        0.027989       0.051317       1543977283     333786         1543977288     205123         1              
44             5.0961         4.91641        0.043614       0.136073       1543977283     341789         1543977288     437890         1              
45             5.1749         5.11204        0.023974       0.038883       1543977283     349793         1543977288     524695         1              
46             5.23835        5.17205        0.027959       0.038328       1543977283     369787         1543977288     608136         1              
47             5.33107        5.24002        0.055995       0.035047       1543977283     401786         1543977288     732860         1              
48             5.40228        5.30427        0.043747       0.054251       1543977283     449786         1543977288     852061         1              
49             5.52633        5.42804        0.055983       0.042303       1543977283     457787         1543977288     984119         1              
50             5.56355        5.51601        0.000125       0.047405       1543977283     489788         1543977289     53338          1              
52             5.65108        5.58405        0.031976       0.035039       1543977283     513787         1543977289     164863         1              
51             5.76039        5.65603        9e-05          0.104261       1543977283     517787         1543977289     278178         1              
53             5.90471        5.80404        0.039987       0.060676       1543977283     553787         1543977289     458496         1              
55             6.03601        5.93604        0.031976       0.067992       1543977283     561787         1543977289     597801         1              
54             6.09933        6.04004        0.027972       0.031315       1543977283     565787         1543977289     665121         1              
56             6.20779        6.10803        0.047981       0.051765       1543977283     585787         1543977289     793573         1              
57             6.28962        6.20808        0.039927       0.041608       1543977283     593788         1543977289     883410         1              
58             6.40875        6.30404        0.043969       0.060726       1543977283     609786         1543977290     18535          1              
59             6.50892        6.42804        0.02797        0.052906       1543977283     617786         1543977290     126709         1              
60             6.61522        6.51604        0.039971       0.059201       1543977283     621786         1543977290     237007         1              
61             6.68333        6.59934        2e-05          0.083965       1543977283     637790         1543977290     321123         1              
62             6.72404        6.67204        2.4e-05        0.024006       1543977283     665788         1543977290     389828         1              
63             6.83552        6.73603        0.031981       0.067508       1543977283     673787         1543977290     509308         1              
64             7.00802        6.87204        0.04797        0.087996       1543977283     685787         1543977290     693805         1              
65             7.10308        7.03204        0.004036       0.067001       1543977283     697787         1543977290     800870         1              
66             7.32621        7.12803        0.032032       0.166145       1543977283     701788         1543977291     28002          1              
67             7.40733        7.34003        0.031976       0.035322       1543977283     717789         1543977291     125122         1              
69             7.47134        7.40004        0.027971       0.043322       1543977283     733787         1543977291     205124         1              
68             7.53201        7.48005        2.3e-05        0.051937       1543977283     733787         1543977291     265800         1              
70             7.64706        7.57603        0.031982       0.039043       1543977283     745788         1543977291     392848         1              
71             7.75135        7.67605        0.039977       0.035314       1543977283     749786         1543977291     501137         1              
72             7.79886        7.76402        1.8e-05        0.034818       1543977283     765787         1543977291     564652         1              
73             7.89186        7.83202        1.7e-05        0.059812       1543977283     781789         1543977291     673654         1              
74             7.98631        7.92003        0.035981       0.030297       1543977283     785786         1543977291     772100         1              
75             8.07907        8.02003        0.031977       0.027051       1543977283     801788         1543977291     880853         1              
76             8.13888        8.08002        0.004007       0.046858       1543977283     817787         1543977291     956663         1              
77             8.19533        8.12802        0.031988       0.035318       1543977283     853787         1543977292     49120          1              
78             8.26307        8.20803        0.004032       0.050999       1543977283     877789         1543977292     140855         1              
79             8.33088        8.29204        2.2e-05        0.038806       1543977283     889788         1543977292     220664         1              
80             8.40001        8.34403        2.1e-05        0.055954       1543977283     901786         1543977292     301801         1              
81             8.51134        8.41203        0.035976       0.06332        1543977283     913788         1543977292     425126         1              
82             8.61906        8.55203        0.031985       0.035039       1543977283     917786         1543977292     536846         1              
83             8.69151        8.62804        0.003977       0.059491       1543977283     917787         1543977292     609296         1              
84             8.84351        8.70404        0.000109       0.127387       1543977283     917790         1543977292     761299         1              
85             8.85506        8.82004        8e-05          0.034938       1543977283     969785         1543977292     824846         1              
86             8.97116        8.87602        7e-05          0.095068       1543977283     981792         1543977292     952953         1              
87             9.02632        8.96003        0.032008       0.0303         1543977284     5786           1543977293     32107          1              
88             9.08306        9.04803        2e-05          0.035007       1543977284     5789           1543977293     88850          1              
89             9.3048         9.09206        0.031954       0.180777       1543977284     17788          1543977293     322584         1              
92             9.36865        9.27203        0.031978       0.064634       1543977284     81787          1543977293     450438         1              
90             9.41432        9.38803        2.1e-05        0.026261       1543977284     85786          1543977293     500107         1              
91             9.50694        9.43603        0.035977       0.034927       1543977284     89787          1543977293     596730         1              
93             9.50802        9.47603        7.1e-05        0.031906       1543977284     145787         1543977293     653803         1              
94             9.54442        9.49203        0.031986       0.020397       1543977284     177786         1543977293     722201         1              
96             9.57258        9.51203        0.007982       0.052561       1543977284     229786         1543977293     802370         1              
95             9.59856        9.58803        2.2e-05        0.010503       1543977284     229786         1543977293     828349         1              
97             9.75536        9.61602        4.3e-05        0.139289       1543977284     253791         1543977294     9153           1              
98             9.7961         9.72749        2.3e-05        0.068584       1543977284     281787         1543977294     77891          1              
99             9.82648        9.79203        2e-05          0.034417       1543977284     297785         1543977294     124261         1              
