JobID          Runtime        getDevice      getProgram     runProgram     startTime_s    startTime_us   endTime_s      endTime_us     violation      1
-1             1.43541        5.7e-05        1.3303         0.105043       1543977270     480118         1543977271     915529         1              
-1             0.103355       8.4e-05        1.9e-05        0.103247       1543977271     928188         1543977272     31543          0              
-1             0.103321       3.6e-05        1.8e-05        0.10326        1543977272     44055          1543977272     147376         0              
-1             0.103313       3.5e-05        2e-05          0.103252       1543977272     159993         1543977272     263306         0              
-1             0.10335        3.4e-05        6.8e-05        0.103242       1543977272     275809         1543977272     379159         0              
0              0.523464       0.032032       0.00025        0.491175       1543977282     581787         1543977283     105251         0              
1              1.12874        0.512046       0.031972       0.584717       1543977282     605786         1543977283     734527         1              
2              1.92841        1.06661        0.049389       0.812401       1543977282     697796         1543977284     626208         1              
3              2.98107        1.86004        0.04397        1.07705        1543977282     805788         1543977285     786862         1              
4              2.87155        2.23603        0.039984       0.595537       1543977283     593787         1543977286     465341         1              
5              3.35955        2.82403        0.031985       0.503528       1543977283     665787         1543977287     25334          1              
6              4.10428        3.31203        0.035975       0.756267       1543977283     729788         1543977287     834071         1              
7              4.49708        3.82003        0.023984       0.653064       1543977284     45787          1543977288     542870         1              
8              4.7963         4.34005        0.02797        0.428276       1543977284     253786         1543977289     50083          1              
9              5.31629        4.80404        0.039979       0.472273       1543977284     285786         1543977289     602080         1              
10             5.64402        5.05604        0.031978       0.555999       1543977284     589786         1543977290     233809         1              
11             6.16336        5.64002        0.011422       0.479938       1543977284     637794         1543977290     801155         1              
12             6.13628        5.82802        0.039986       0.268257       1543977284     989787         1543977291     126063         1              
13             6.66853        6.15602        0.031982       0.480518       1543977285     1787           1543977291     670321         1              
14             6.97554        6.66404        0.039971       0.271523       1543977285     29787          1543977292     5328           1              
15             7.20186        6.76404        0.031976       0.405832       1543977285     253787         1543977292     455642         1              
16             7.17142        6.83202        5.7e-05        0.339336       1543977285     653786         1543977292     825204         1              
17             7.31418        7.12803        8.3e-05        0.186059       1543977285     725788         1543977293     39966          1              
18             7.56315        7.31203        2.3e-05        0.243113       1543977285     765787         1543977293     328936         1              
19             7.4676         7.22403        0.035978       0.207584       1543977286     125790         1543977293     593392         1              
20             7.59301        7.40403        0.031975       0.156994       1543977286     205789         1543977293     798797         1              
21             7.73692        7.49066        0.021364       0.224889       1543977286     337785         1543977294     74701          1              
22             6.95815        6.73204        0.035976       0.190124       1543977287     389787         1543977294     347932         1              
23             6.85553        6.71203        2.3e-05        0.143465       1543977287     665786         1543977294     521316         1              
25             6.55155        6.35603        2.3e-05        0.195495       1543977288     193787         1543977294     745339         1              
24             6.73575        6.56402        0.007991       0.163736       1543977288     193789         1543977294     929544         1              
26             6.90221        6.70805        0.027984       0.166174       1543977288     225785         1543977295     127995         1              
27             7.03222        6.67202        0.035986       0.324208       1543977288     489786         1543977295     522010         1              
28             7.17414        6.92802        2.2e-05        0.246088       1543977288     625789         1543977295     799931         1              
29             7.16355        6.87603        0.03198        0.255535       1543977288     961787         1543977296     125340         1              
30             7.26851        6.92432        3.8e-05        0.34414        1543977289     229509         1543977296     498014         1              
31             7.44239        7.18403        0.035977       0.222371       1543977289     329790         1543977296     772178         1              
32             7.59414        7.32802        0.027986       0.23812        1543977289     457788         1543977297     51927          1              
33             7.94107        7.50003        0.023973       0.417058       1543977289     561789         1543977297     502863         1              
34             8.16907        7.74004        0.02797        0.401058       1543977289     785789         1543977297     954861         1              
35             8.46907        8.02402        0.031997       0.413045       1543977289     973788         1543977298     442859         1              
36             8.78908        8.42004        0.03197        0.337061       1543977290     61788          1543977298     850869         1              
38             9.05265        8.70043        0.02798        0.324225       1543977290     169382         1543977299     222029         1              
37             9.49308        9.07603        2.3e-05        0.417007       1543977290     177789         1543977299     670864         1              
39             9.55155        9.27604        0.031976       0.24353        1543977290     405788         1543977299     957335         1              
40             9.37156        9.13604        0.000111       0.235397       1543977290     845786         1543977300     217346         1              
41             9.60498        9.17604        0.051978       0.376953       1543977291     93787          1543977300     698764         1              
42             10.2571        9.58804        0.051986       0.617044       1543977291     133788         1543977301     390872         1              
43             10.5691        10.06          0.039972       0.469059       1543977291     369788         1543977301     938863         1              
44             10.8436        10.524         0.031965       0.287535       1543977291     457790         1543977302     301343         1              
45             11.1118        10.844         0.047987       0.219719       1543977291     481786         1543977302     593540         1              
46             11.3338        10.888         0.027988       0.417813       1543977291     733788         1543977303     67623          1              
47             11.3221        11.048         0.00407        0.270041       1543977292     61787          1543977303     383934         1              
48             11.3731        10.928         0.031963       0.413059       1543977292     465788         1543977303     838864         1              
49             11.7021        11.2579        0.031971       0.412202       1543977292     603897         1543977304     306021         1              
50             11.6556        11.376         0.03197        0.247532       1543977292     965786         1543977304     621342         1              
51             11.7101        11.488         0.031975       0.190112       1543977293     157787         1543977304     867919         1              
52             11.9475        11.712         0.00011        0.235395       1543977293     173790         1543977305     121337         1              
53             11.8247        11.6           0.02796        0.196726       1543977293     541787         1543977305     366532         1              
54             12.0476        11.772         0.027973       0.247532       1543977293     617787         1543977305     665337         1              
55             12.1957        12             0.031973       0.163727       1543977293     693787         1543977305     889532         1              
56             12.5011        12.084         8.6e-05        0.416937       1543977293     805792         1543977306     306862         1              
57             12.6782        12.452         0.035963       0.190131       1543977293     869787         1543977306     547941         1              
58             12.7022        12.488         0.008052       0.206072       1543977294     73796          1543977306     775952         1              
59             12.8595        12.656         0.015979       0.187525       1543977294     145785         1543977307     5331           1              
60             12.9967        12.852         0.019974       0.124725       1543977294     161788         1543977307     158529         1              
61             13.0341        12.816         0.039974       0.178125       1543977294     349787         1543977307     383927         1              
62             12.9675        12.82          0.004054       0.14346        1543977294     585790         1543977307     553336         1              
63             13.1115        12.896         0.027957       0.187536       1543977294     665792         1543977307     777339         1              
64             13.1673        12.9556        0.027962       0.183695       1543977294     822212         1543977307     989499         1              
65             13.0956        12.952         0.031966       0.111536       1543977295     49785          1543977308     145344         1              
66             13.2516        13.048         0.027965       0.175533       1543977295     97786          1543977308     349338         1              
67             13.6217        13.2527        8.5e-05        0.368935       1543977295     117124         1543977308     738861         1              
68             13.6864        13.508         9.8e-05        0.178235       1543977295     261788         1543977308     948169         1              
70             13.9122        13.5801        0.027946       0.304214       1543977295     377789         1543977309     290025         1              
69             14.045         13.92          9.6e-05        0.124814       1543977295     377790         1543977309     422745         1              
71             14.1295        14.008         7.6e-05        0.121342       1543977295     445787         1543977309     575252         1              
72             14.2651        13.996         0.035973       0.233071       1543977295     613789         1543977309     878875         1              
73             14.4441        14.096         0.035973       0.312101       1543977295     813789         1543977310     257914         1              
74             14.516         14.428         7.7e-05        0.08788        1543977295     833800         1543977310     349804         1              
75             14.5799        14.504         0.012021       0.063834       1543977295     865787         1543977310     445694         1              
76             14.6163        14.316         7.3e-05        0.300161       1543977296     129789         1543977310     746074         1              
77             14.4878        14.3275        0.023554       0.136666       1543977296     434282         1543977310     922062         1              
78             14.4811        14.22          8.2e-05        0.260949       1543977296     721789         1543977311     202867         1              
79             14.5067        14.3641        0.019923       0.122719       1543977296     841788         1543977311     348537         1              
80             14.5761        14.42          0.019962       0.136087       1543977296     929787         1543977311     505894         1              
81             14.6221        14.5004        0.015738       0.105974       1543977297     5789           1543977311     627867         1              
82             14.7887        14.576         0.008044       0.204655       1543977297     69787          1543977311     858536         1              
83             14.921         14.7769        0.015163       0.12887        1543977297     81786          1543977312     2747           1              
84             15.0625        14.8416        0.027954       0.19297        1543977297     176287         1543977312     238778         1              
85             14.7638        14.6441        0.016034       0.10368        1543977297     601788         1543977312     365576         1              
86             14.8003        14.636         0.028038       0.136224       1543977297     729786         1543977312     530041         1              
87             14.7763        14.5612        0.019694       0.195444       1543977297     968936         1543977312     745253         1              
89             14.8915        14.6995        0.000109       0.191815       1543977298     45790          1543977312     937246         1              
88             15.0288        14.912         8.8e-05        0.116604       1543977298     49786          1543977313     78536          1              
90             14.4317        14.368         8e-05          0.063579       1543977298     725787         1543977313     157491         1              
91             14.5842        14.3904        7.7e-05        0.193707       1543977298     783423         1543977313     367630         1              
92             14.6485        14.5753        8.1e-05        0.073163       1543977298     822561         1543977313     471086         1              
93             14.1335        14.0294        7.4e-05        0.103915       1543977299     441794         1543977313     575247         1              
94             14.0355        13.932         7.9e-05        0.103403       1543977299     657789         1543977313     693323         1              
95             13.552         13.4881        7.9e-05        0.063784       1543977300     209788         1543977313     761767         1              
96             13.6037        13.5           8e-05          0.103554       1543977300     261788         1543977313     865482         1              
97             13.3875        13.2838        8.1e-05        0.103661       1543977300     581792         1543977313     969297         1              
98             13.404         13.3396        0.000416       0.063994       1543977300     629787         1543977314     33768          1              
99             13.1242        13.06          7.5e-05        0.064037       1543977300     973788         1543977314     97944          1              
