JobID          Runtime        getDevice      getProgram     runProgram     startTime_s    startTime_us   endTime_s      endTime_us     violation      0
-1             1.29284        0.014245       1.26803        0.010554       1544121966     663649         1544121967     956485         0              
-1             0.0106         5.9e-05        4.5e-05        0.010491       1544121970     203245         1544121970     213845         0              
-1             0.01056        3.8e-05        2.7e-05        0.01049        1544121970     278173         1544121970     288733         0              
-1             0.01062        3.6e-05        8.5e-05        0.010494       1544121970     352842         1544121970     363462         0              
-1             0.010552       3.6e-05        2.7e-05        0.010485       1544121970     427610         1544121970     438162         0              
0              0.013814       9.2e-05        2.6e-05        0.013685       1544121980     525793         1544121980     539607         0              
1              0.023825       7.1e-05        2e-05          0.023722       1544121980     545805         1544121980     569630         0              
2              0.025196       0.014479       0.000109       0.010599       1544121980     555422         1544121980     580618         0              
3              0.123337       0.044046       0.031967       0.047318       1544121980     577788         1544121980     701125         0              
4              0.271342       0.160071       0.047941       0.063323       1544121980     581789         1544121980     853131         0              
5              0.327389       0.266069       0.035989       0.025326       1544121980     611748         1544121980     939137         0              
6              0.487961       0.328043       0.031971       0.127941       1544121980     625787         1544121981     113748         0              
7              0.700848       0.524869       0.063981       0.111993       1544121980     632956         1544121981     333804         0              
8              0.835341       0.748055       0.035957       0.051323       1544121980     633786         1544121981     469127         0              
9              0.976329       0.832039       0.035978       0.108306       1544121980     649787         1544121981     626116         0              
10             1.13134        1.02403        0.043986       0.063314       1544121980     653786         1544121981     785121         0              
11             1.25534        1.16802        0.035996       0.051317       1544121980     657786         1544121981     913125         0              
12             1.36291        1.28003        0.035983       0.046889       1544121980     673787         1544121982     36697          0              
13             1.54448        1.38051        0.039971       0.123989       1544121980     677315         1544121982     221795         0              
14             1.66733        1.57203        0.035975       0.059311       1544121980     681786         1544121982     349114         0              
15             1.88669        1.70801        0.035988       0.142685       1544121980     681798         1544121982     568490         0              
17             1.94334        1.88004        2.1e-05        0.063272       1544121980     717786         1544121982     661124         0              
18             2.08288        2.00003        0.035982       0.046857       1544121980     717786         1544121982     800663         1              
16             2.14688        2.08804        1.9e-05        0.058811       1544121980     721785         1544121982     868663         1              
19             2.25889        2.16404        0.035975       0.058875       1544121980     725787         1544121982     984681         1              
20             2.44401        2.30803        0.039981       0.095988       1544121980     729788         1544121983     173797         1              
23             2.54688        2.48404        0.027989       0.034841       1544121980     741786         1544121983     288663         1              
21             2.73601        2.59605        0.039967       0.099992       1544121980     745788         1544121983     481801         1              
22             2.94801        2.76004        0.05197        0.135988       1544121980     753787         1544121983     701794         1              
24             3.13601        2.96405        0.035965       0.135988       1544121980     765787         1544121983     901794         1              
25             3.32368        3.17172        0.047984       0.103974       1544121980     778116         1544121984     101797         1              
26             3.38001        3.30003        5.7e-05        0.07991        1544121980     817787         1544121984     197795         1              
28             3.50001        3.36804        0.031974       0.099987       1544121980     857786         1544121984     357794         1              
27             3.61846        3.54404        0.031986       0.042426       1544121980     857788         1544121984     476244         1              
29             3.77142        3.64404        0.043969       0.083395       1544121980     857787         1544121984     629203         1              
30             3.87106        3.79204        0.035974       0.043045       1544121980     873787         1544121984     744851         1              
31             4.03201        3.88403        0.031979       0.11599        1544121980     889789         1544121984     921796         1              
32             4.56335        4.05202        0.035992       0.475328       1544121980     897786         1544121985     461133         1              
34             4.71201        4.58002        0.031988       0.099989       1544121980     913787         1544121985     625794         1              
35             4.82229        4.72402        0.027989       0.070271       1544121980     917788         1544121985     740080         1              
33             4.92306        4.85203        0.031981       0.039046       1544121980     917791         1544121985     840852         1              
36             5.05082        4.93604        0.047973       0.066797       1544121980     937787         1544121985     988605         1              
37             5.13552        5.04803        0.003998       0.083486       1544121980     957787         1544121986     93309          1              
38             5.23835        5.16802        0.027989       0.042335       1544121980     961788         1544121986     200137         1              
39             5.3435         5.25203        0.027979       0.063487       1544121980     973789         1544121986     317290         1              
41             5.41107        5.33203        0.027982       0.05105        1544121981     49787          1544121986     460853         1              
40             5.53133        5.42404        0.039972       0.067319       1544121981     49786          1544121986     581121         1              
42             5.62401        5.50803        0.027979       0.087999       1544121981     85787          1544121986     709801         1              
43             5.73202        5.63204        0.027972       0.071998       1544121981     89788          1544121986     821803         1              
44             5.81106        5.74003        0.031983       0.039046       1544121981     113787         1544121986     924851         1              
46             5.88707        5.82404        0.027969       0.035052       1544121981     121789         1544121987     8858           1              
45             5.97533        5.90403        0.015984       0.055315       1544121981     125789         1544121987     101122         1              
47             6.08334        5.99605        0.039966       0.047324       1544121981     133787         1544121987     217127         1              
49             6.17432        6.10003        0.05198        0.022304       1544121981     153787         1544121987     328108         1              
48             6.29662        6.20003        0.031989       0.064597       1544121981     165786         1544121987     462405         1              
51             6.36892        6.31204        2.6e-05        0.056843       1544121981     173785         1544121987     542704         1              
50             6.47134        6.38003        0.02798        0.063329       1544121981     177786         1544121987     649131         1              
52             6.53489        6.49204        3.2e-05        0.042818       1544121981     189787         1544121987     724681         1              
54             6.68002        6.56403        0.047985       0.067998       1544121981     193786         1544121987     873801         1              
53             6.77134        6.71202        1.9e-05        0.059295       1544121981     193786         1544121987     965128         1              
55             6.85699        6.76169        0.047974       0.047323       1544121981     216134         1544121988     73123          1              
56             7.00924        6.88403        0.055982       0.069222       1544121981     217788         1544121988     227025         1              
58             7.12333        7.01205        0.055967       0.055315       1544121981     233786         1544121988     357121         1              
59             7.23934        7.1803         0.027985       0.031045       1544121981     237510         1544121988     476847         1              
57             7.37506        7.24804        0.05597        0.071048       1544121981     241788         1544121988     616849         1              
61             7.49106        7.40427        0.051744       0.035047       1544121981     269789         1544121988     760853         1              
62             7.60307        7.52003        0.031985       0.051043       1544121981     273787         1544121988     876854         1              
60             7.67133        7.63203        2e-05          0.039276       1544121981     277786         1544121988     949119         1              
63             7.87118        7.68003        0.028031       0.163112       1544121981     293787         1544121989     164966         1              
64             7.91134        7.84404        0.027975       0.03932        1544121981     325786         1544121989     237123         1              
68             8.06351        7.96003        0.031981       0.071495       1544121981     329792         1544121989     393300         1              
66             8.16733        8.10003        0.027977       0.039313       1544121981     329792         1544121989     497118         1              
65             8.33114        8.17203        0.04798        0.111123       1544121981     333788         1544121989     664928         1              
67             8.43134        8.35605        0.027966       0.047317       1544121981     337786         1544121989     769122         1              
69             8.55934        8.46479        0.055219       0.03932        1544121981     341787         1544121989     901125         1              
70             8.67534        8.60403        0.031979       0.039319       1544121981     357788         1544121990     33125          1              
71             8.72706        8.66404        0.027973       0.035049       1544121981     373787         1544121990     100851         1              
74             8.83534        8.76004        0.027966       0.047321       1544121981     381787         1544121990     217124         1              
73             8.95907        8.89202        0.031986       0.035052       1544121981     381790         1544121990     340857         1              
72             9.13535        9.01603        0.047984       0.071333       1544121981     385786         1544121990     521137         1              
75             9.29484        9.16803        0.04798        0.07882        1544121981     405786         1544121990     700622         1              
76             9.40801        9.31603        3.8e-05        0.091936       1544121981     409789         1544121990     817800         1              
77             9.51241        9.41711        0.027969       0.06732        1544121981     440714         1544121990     953124         1              
78             9.6025         9.55605        2.3e-05        0.04642        1544121981     449788         1544121991     52288          1              
79             9.73506        9.64403        0.023983       0.067046       1544121981     453787         1544121991     188851         1              
80             9.83106        9.76803        0.027977       0.035047       1544121981     453788         1544121991     284852         1              
81             9.89133        9.85203        1.9e-05        0.039279       1544121981     461787         1544121991     353120         1              
82             9.97134        9.90402        0.027985       0.039329       1544121981     469786         1544121991     441129         1              
83             10.08          9.99604        2.3e-05        0.083945       1544121981     481788         1544121991     561803         1              
84             10.1543        10.084         0.031981       0.03833        1544121981     489787         1544121991     644133         1              
86             10.2389        10.148         0.047985       0.042864       1544121981     505786         1544121991     744665         1              
85             10.3833        10.276         0.027989       0.079317       1544121981     505786         1544121991     889126         1              
89             10.7711        10.396         0.027974       0.347063       1544121981     513789         1544121992     284872         1              
87             11.0951        10.816         0.047967       0.231127       1544121981     517785         1544121992     612932         1              
88             11.2406        11.108         2e-05          0.132512       1544121981     525786         1544121992     766357         1              
90             11.3225        11.2449        0.027083       0.050504       1544121981     557787         1544121992     880313         1              
91             11.4631        11.372         0.047977       0.043045       1544121981     557788         1544121993     20848          1              
94             11.6073        11.4969        3.5e-05        0.110328       1544121981     561787         1544121993     169039         1              
93             11.6991        11.616         0.027968       0.055047       1544121981     561791         1544121993     260850         1              
92             11.7853        11.7           0.047971       0.037303       1544121981     577787         1544121993     363106         1              
95             11.8713        11.808         2e-05          0.063279       1544121981     585786         1544121993     457126         1              
96             11.9833        11.888         0.047986       0.047329       1544121981     609787         1544121993     593128         1              
98             12.0993        11.996         0.04798        0.055317       1544121981     621786         1544121993     721122         1              
97             12.2053        12.112         0.039982       0.05325        1544121981     625786         1544121993     831052         1              
99             12.32          12.2           0.040095       0.079871       1544121981     641788         1544121993     961801         1              
