JobID          Runtime        getDevice      getProgram     runProgram     startTime_s    startTime_us   endTime_s      endTime_us     violation      0
-1             0.851388       7.1e-05        0.851066       0.000246       1544121967     956531         1544121968     807919         0              
-1             0.000323       3.7e-05        3.9e-05        0.000243       1544121970     213864         1544121970     214187         0              
-1             0.000309       3.4e-05        2.9e-05        0.000242       1544121970     288751         1544121970     289060         0              
-1             0.00036        8.3e-05        2.8e-05        0.000243       1544121970     363480         1544121970     363840         0              
-1             0.000308       3.1e-05        3e-05          0.000242       1544121970     438180         1544121970     438488         0              
0              0.000475       0.000126       2.8e-05        0.00031        1544121980     505149         1544121980     505624         0              
1              0.000414       8.3e-05        2.7e-05        0.000295       1544121980     507261         1544121980     507675         0              
2              0.000381       5.8e-05        2.3e-05        0.000293       1544121980     507806         1544121980     508187         0              
3              0.000425       7.6e-05        2.6e-05        0.000309       1544121980     509553         1544121980     509978         0              
4              0.000649       0.000213       9.5e-05        0.000332       1544121980     509912         1544121980     510561         0              
5              0.000461       0.000126       2.7e-05        0.0003         1544121980     512409         1544121980     512870         0              
6              0.000413       8.2e-05        2.6e-05        0.000296       1544121980     514133         1544121980     514546         0              
7              0.000395       5.9e-05        2.3e-05        0.000304       1544121980     514668         1544121980     515063         0              
8              0.000417       8.1e-05        2.6e-05        0.000296       1544121980     515658         1544121980     516075         0              
9              0.000591       0.000227       2.7e-05        0.000328       1544121980     515922         1544121980     516513         0              
10             0.000381       5.7e-05        2.3e-05        0.000293       1544121980     516610         1544121980     516991         0              
11             0.000388       5.7e-05        2.4e-05        0.0003         1544121980     517501         1544121980     517889         0              
12             0.00038        5.9e-05        2.4e-05        0.000291       1544121980     518102         1544121980     518482         0              
13             0.000428       8.3e-05        3.3e-05        0.0003         1544121980     520178         1544121980     520606         0              
14             0.000702       0.000305       8e-05          0.000302       1544121980     520371         1544121980     521073         0              
15             0.000763       0.000429       2.9e-05        0.000295       1544121980     520710         1544121980     521473         0              
16             0.000428       8.6e-05        3e-05          0.000297       1544121980     523280         1544121980     523708         0              
17             0.000553       0.000215       2.8e-05        0.000296       1544121980     523564         1544121980     524117         0              
18             0.000526       0.000193       2.8e-05        0.000295       1544121980     523991         1544121980     524517         0              
19             0.000411       7.9e-05        2.6e-05        0.000297       1544121980     525174         1544121980     525585         0              
20             0.010123       8.3e-05        2.6e-05        0.010001       1544121980     525839         1544121980     535962         0              
21             0.012937       0.00922        2.5e-05        0.003679       1544121980     526921         1544121980     539858         0              
22             0.012447       0.012106       3e-05          0.000295       1544121980     527822         1544121980     540269         0              
23             0.01264        0.012248       0.000108       0.000273       1544121980     528090         1544121980     540730         0              
24             0.009419       0.00908        3e-05          0.000297       1544121980     531707         1544121980     541126         0              
26             0.00361        0.003338       2.4e-05        0.000237       1544121980     537827         1544121980     541437         0              
28             0.001985       0.001263       5.5e-05        0.000248       1544121980     539856         1544121980     541841         0              
25             0.001901       0.001598       2.1e-05        0.000272       1544121980     540289         1544121980     542190         0              
27             0.002228       0.001887       3.6e-05        0.000293       1544121980     540358         1544121980     542586         0              
30             0.002117       0.001817       1.9e-05        0.00027        1544121980     540814         1544121980     542931         0              
29             0.001744       0.001478       2e-05          0.000237       1544121980     541497         1544121980     543241         0              
31             0.001195       0.000924       2e-05          0.000245       1544121980     542361         1544121980     543556         0              
32             0.000331       6.6e-05        2e-05          0.000238       1544121980     544921         1544121980     545252         0              
33             0.000378       5e-05          7.5e-05        0.000242       1544121980     545370         1544121980     545748         0              
34             0.009793       0.000299       6.8e-05        0.009416       1544121980     545511         1544121980     555304         0              
35             0.023905       0.009451       3e-05          0.014413       1544121980     545905         1544121980     569810         0              
36             0.050172       0.041507       0.00838        0.00028        1544121980     548331         1544121980     598503         0              
37             0.163656       0.099447       0.048028       0.016175       1544121980     550380         1544121980     714036         0              
38             0.226611       0.186379       0.039979       0.000243       1544121980     551445         1544121980     778056         0              
39             0.295589       0.240023       0.016027       0.027565       1544121980     557797         1544121980     853386         0              
40             0.316319       0.312039       0.004033       0.000241       1544121980     569788         1544121980     886107         0              
41             0.396267       0.356031       0.039987       0.000245       1544121980     569794         1544121980     966061         0              
43             0.543858       0.408008       0.039984       0.095861       1544121980     569808         1544121981     113666         0              
42             0.588294       0.556024       0.031985       0.000278       1544121980     573788         1544121981     162082         0              
45             0.636247       0.604051       0.028011       0.00418        1544121980     577787         1544121981     214034         0              
47             0.74871        0.68002        0.03598        0.032703       1544121980     577795         1544121981     326505         0              
46             0.80943        0.753193       0.055993       0.000239       1544121980     580617         1544121981     390047         0              
48             0.829584       0.829132       0.000205       0.00024        1544121980     580691         1544121981     410275         0              
50             1.03252        0.904335       0.031978       0.096197       1544121980     581493         1544121981     614009         1              
51             1.08824        1.08404        2.4e-05        0.00417        1544121980     581790         1544121981     670034         1              
54             1.13629        1.09603        0.039976       0.000279       1544121980     581791         1544121981     718083         1              
53             1.25229        1.21204        0.039965       0.00028        1544121980     581789         1544121981     834082         1              
44             1.34429        1.30002        0.012008       0.000281       1544121980     581791         1544121981     926081         1              
56             1.39251        1.35405        0.038214       0.000248       1544121980     587768         1544121981     980281         1              
59             1.48427        1.44403        0.039984       0.000246       1544121980     589786         1544121982     74056          1              
60             1.48833        1.48803        1.9e-05        0.000271       1544121980     589792         1544121982     78122          1              
49             1.55629        1.51202        0.043981       0.000281       1544121980     589793         1544121982     146086         1              
52             1.73868        1.58003        0.039983       0.118661       1544121980     593785         1544121982     332466         1              
57             1.81626        1.77603        0.03998        0.000246       1544121980     593787         1544121982     410049         1              
65             1.96713        1.86402        3e-05          0.103068       1544121980     597788         1544121982     564919         1              
58             2.08026        2.00003        0.079984       0.000245       1544121980     601785         1544121982     682049         1              
67             2.13631        2.13604        2.1e-05        0.000247       1544121980     601786         1544121982     738098         1              
61             2.20029        2.16402        0.035988       0.000277       1544121980     601787         1544121982     802080         1              
63             2.2843         2.24802        0.035996       0.000278       1544121980     601788         1544121982     886085         1              
62             2.40427        2.31602        0.087999       0.000248       1544121980     601794         1544121983     6069           1              
69             2.43642        2.43604        0.000115       0.000246       1544121980     605786         1544121983     42204          1              
66             2.46841        2.46803        0.000106       0.000272       1544121980     605788         1544121983     74202          1              
55             2.5283         2.49204        0.035971       0.000279       1544121980     605788         1544121983     134083         1              
64             2.60828        2.56804        0.035982       0.004246       1544121980     605790         1544121983     214071         1              
77             2.63641        2.63602        0.000114       0.000274       1544121980     605790         1544121983     242200         1              
75             2.71801        2.67375        0.043964       0.000282       1544121980     608087         1544121983     326094         1              
71             2.87859        2.77697        0.047969       0.053647       1544121980     608862         1544121983     487452         1              
76             2.9283         2.89204        0.035966       0.00028        1544121980     609787         1544121983     538086         1              
68             2.98827        2.94803        0.039985       0.000247       1544121980     609788         1544121983     598053         1              
72             3.05626        3.00804        0.047973       0.000245       1544121980     609788         1544121983     666052         1              
79             3.20739        3.10004        0.03597        0.071379       1544121980     609791         1544121983     817185         1              
90             3.28245        3.2382         0.039986       0.004263       1544121980     611611         1544121983     894065         1              
70             3.31234        3.30005        0.012042       0.000243       1544121980     613785         1544121983     926122         1              
78             3.3923         3.36403        0.027981       0.000279       1544121980     613788         1544121984     6087           1              
85             3.53226        3.47603        0.05598        0.000244       1544121980     613791         1544121984     146053         1              
73             3.62027        3.58003        0.039988       0.000244       1544121980     617786         1544121984     238058         1              
80             3.6763         3.64004        0.035974       0.000282       1544121980     617788         1544121984     294087         1              
83             3.73226        3.69604        0.035968       0.000248       1544121980     617788         1544121984     350053         1              
87             3.80832        3.77603        0.032037       0.000246       1544121980     621785         1544121984     430104         1              
94             3.8444         3.84404        0.000113       0.000245       1544121980     621785         1544121984     466189         1              
81             3.99706        3.89202        0.039991       0.065048       1544121980     621787         1544121984     618850         1              
84             4.04428        4.00804        0.035988       0.00025        1544121980     625786         1544121984     670067         1              
74             4.15627        4.08404        0.04001        0.000245       1544121980     625787         1544121984     782054         1              
95             4.27241        4.17204        0.035977       0.064386       1544121980     625786         1544121984     898195         1              
93             4.34429        4.31203        0.031973       0.000277       1544121980     625793         1544121984     970080         1              
96             4.8121         4.36403        2.6e-05        0.432068       1544121980     629785         1544121985     441883         1              
82             4.86429        4.84002        0.023985       0.000278       1544121980     629787         1544121985     494079         1              
92             4.89231        4.88802        0.004006       0.000271       1544121980     629787         1544121985     522095         1              
86             4.94826        4.91603        0.031982       0.000246       1544121980     633787         1544121985     582050         1              
89             5.09978        4.98803        0.031982       0.07976        1544121980     633787         1544121985     733565         1              
91             5.14429        5.11603        0.027973       0.000279       1544121980     633794         1544121985     778083         1              
97             5.34021        5.18003        0.012015       0.120194       1544121980     637788         1544121985     977999         1              
98             5.41746        5.36003        0.031981       0.025443       1544121980     641786         1544121986     59248          1              
88             5.46826        5.43603        0.031974       0.000248       1544121980     641792         1544121986     110055         1              
99             5.53154        5.49931        0.027986       0.004233       1544121980     646497         1544121986     178034         1              
