JobID          Runtime        getDevice      getProgram     runProgram     startTime_s    startTime_us   endTime_s      endTime_us     violation      1
-1             1.39523        7.4e-05        1.32946        0.065691       1544121968     807963         1544121970     203191         1              
-1             0.063945       4.5e-05        1.8e-05        0.063876       1544121970     214203         1544121970     278148         0              
-1             0.063745       3.9e-05        2e-05          0.06368        1544121970     289075         1544121970     352820         0              
-1             0.063733       3.8e-05        2.2e-05        0.063668       1544121970     363855         1544121970     427588         0              
-1             0.063744       3.8e-05        2e-05          0.063679       1544121970     438502         1544121970     502246         0              
0              0.572554       0.04807        0.017499       0.475041       1544121980     753786         1544121981     326340         0              
1              1.04074        0.400036       0.031976       0.608725       1544121980     957787         1544121981     998530         1              
2              2.03228        1.04403        0.040003       0.94824        1544121981     5787           1544121983     38069          1              
3              2.78746        1.89604        0.04797        0.843444       1544121981     153786         1544121983     941250         1              
4              3.46426        2.79204        0.039976       0.632242       1544121981     161787         1544121984     626049         1              
5              4.04358        3.22803        0.03198        0.783561       1544121981     417786         1544121985     461369         1              
6              4.50386        3.88403        0.032156       0.587664       1544121981     589786         1544121986     93644          1              
7              4.93202        4.49203        0.027976       0.412009       1544121981     621786         1544121986     553810         1              
8              5.31156        4.88002        2.2e-05        0.431508       1544121981     717788         1544121987     29348          1              
9              5.92747        5.32004        0.02797        0.579452       1544121981     733788         1544121987     661255         1              
10             6.50747        5.88803        2.2e-05        0.619409       1544121981     793787         1544121988     301255         1              
11             6.98827        6.47204        0.055978       0.460252       1544121981     869786         1544121988     858059         1              
12             7.4756         6.98003        0.027984       0.46758        1544121981     917785         1544121989     393383         1              
13             7.92428        7.28003        0.027986       0.616266       1544121982     121785         1544121990     46070          1              
14             8.58239        8.00003        0.03198        0.550369       1544121982     121787         1544121990     704173         1              
15             9.08004        8.60851        0.027975       0.443539       1544121982     141311         1544121991     221346         1              
16             9.36323        8.84804        2.3e-05        0.515153       1544121982     381788         1544121991     745014         1              
17             9.87982        9.34803        0.055987       0.475796       1544121982     405787         1544121992     285608         1              
18             10.3246        9.87603        0.04798        0.400622       1544121982     441789         1544121992     766426         1              
19             10.6391        10.252         0.035999       0.351093       1544121982     537791         1544121993     176909         1              
20             11.2328        10.624         0.020003       0.58481        1544121982     601785         1544121993     834617         1              
21             11.5595        11.169         0.002992       0.387507       1544121982     693786         1544121994     253333         1              
22             11.9356        11.536         0.047977       0.351555       1544121982     765788         1544121994     701364         1              
23             12.1156        11.9648        0.031249       0.119544       1544121982     773792         1544121994     889363         1              
24             12.6364        11.9714        0.047971       0.617057       1544121982     950470         1544121995     586862         1              
25             12.7343        12.404         0.039976       0.290296       1544121983     213791         1544121995     948112         1              
26             13.2571        12.716         2.4e-05        0.541005       1544121983     281788         1544121996     538862         1              
27             13.0875        12.784         2.7e-05        0.303468       1544121983     769790         1544121996     857328         1              
28             13.3223        12.9707        0.03726        0.314307       1544121983     893787         1544121997     216113         1              
29             13.8218        13.332         2.2e-05        0.489782       1544121983     913788         1544121997     735632         1              
30             14.3691        13.824         0.003968       0.541055       1544121983     941787         1544121998     310865         1              
31             14.5819        14.225         0.047972       0.308945       1544121984     104828         1544121998     686753         1              
32             14.8651        14.364         0.039982       0.461061       1544121984     361792         1544121999     226863         1              
33             15.4275        14.8545        0.039974       0.533051       1544121984     403352         1544121999     830859         1              
34             16.0411        15.484         0.039981       0.517057       1544121984     405792         1544122000     446862         1              
35             16.5371        16.036         0.031978       0.469056       1544121984     441789         1544122000     978861         1              
36             16.6264        16.336         2.6e-05        0.290287       1544121984     661791         1544122001     288148         1              
37             16.7701        16.424         0.039975       0.306124       1544121984     869787         1544122001     639937         1              
38             17.0996        16.804         0.039971       0.25555        1544121984     877787         1544122001     977357         1              
39             17.2315        16.964         2.4e-05        0.267469       1544121985     29787          1544122002     261330         1              
40             17.1411        16.68          0.027976       0.433057       1544121985     589792         1544122002     730860         1              
41             17.2955        16.976         0.039983       0.279521       1544121985     793786         1544122003     89328          1              
42             17.3238        17.052         2.4e-05        0.271711       1544121986     73788          1544122003     397560         1              
43             17.5661        17.268         0.031976       0.266113       1544121986     133785         1544122003     699919         1              
44             17.7851        17.316         0.039969       0.429056       1544121986     409791         1544122004     194862         1              
45             18.2131        17.74          0.039977       0.433052       1544121986     457787         1544122004     670857         1              
46             18.4476        18.176         0.02797        0.243532       1544121986     505787         1544122004     953338         1              
47             18.6635        18.372         2.4e-05        0.291459       1544121986     625792         1544122005     289314         1              
48             18.7343        18.524         0.035986       0.174317       1544121986     797788         1544122005     532120         1              
49             19.2691        18.728         0.039963       0.501061       1544121986     829790         1544122006     98871          1              
50             19.4915        19.2103        0.0257         0.255526       1544121986     909788         1544122006     401334         1              
51             19.7125        19.444         0.03037        0.238095       1544121986     961787         1544122006     674298         1              
52             20.1491        19.708         2.6e-05        0.441016       1544121987     9789           1544122007     158884         1              
53             20.2477        20.052         0.027964       0.167692       1544121987     129790         1544122007     377503         1              
54             20.4675        20.236         0.031974       0.199525       1544121987     177791         1544122007     645332         1              
55             20.4682        20.32          0.007982       0.140137       1544121987     333787         1544122007     801947         1              
56             20.6636        20.4361        0.007957       0.219541       1544121987     377788         1544122008     41357          1              
57             20.7555        20.532         0.035972       0.187525       1544121987     537787         1544122008     293331         1              
58             20.9596        20.736         0.035972       0.187533       1544121987     581787         1544122008     541340         1              
59             21.1691        20.768         0.02397        0.377056       1544121987     789791         1544122008     958859         1              
61             21.4322        21.14          2.2e-05        0.292143       1544121987     845790         1544122009     277997         1              
60             21.7322        21.44          2e-05          0.292153       1544121987     849788         1544122009     582006         1              
62             22.1002        21.748         0.003978       0.348201       1544121987     873787         1544122009     974007         1              
63             22.1722        21.876         0.003975       0.292208       1544121988     129792         1544122010     302017         1              
64             22.2851        21.944         0.027966       0.313055       1544121988     373792         1544122010     658859         1              
65             22.5458        22.304         0.00799        0.233824       1544121988     397801         1544122010     943637         1              
66             22.7611        22.44          0.031982       0.289057       1544121988     525788         1544122011     286859         1              
67             23.0113        22.728         0.027969       0.255304       1544121988     565789         1544122011     577110         1              
68             23.2047        23.012         2.4e-05        0.192664       1544121988     573791         1544122011     778531         1              
69             23.3195        23.144         2.4e-05        0.17548        1544121988     661787         1544122011     981334         1              
70             23.3516        23.1441        0.024081       0.183415       1544121988     853786         1544122012     205345         1              
71             23.5181        23.304         0.007982       0.206123       1544121988     921786         1544122012     439931         1              
72             23.6268        23.492         0.003993       0.130725       1544121988     961786         1544122012     588541         1              
73             23.8499        23.596         2.1e-05        0.253784       1544121989     5794           1544122012     855645         1              
74             23.9755        23.828         2.3e-05        0.147468       1544121989     37786          1544122013     13336          1              
75             23.9908        23.864         0.007969       0.118791       1544121989     169786         1544122013     160601         1              
76             24.2331        23.98          0.023972       0.229054       1544121989     189787         1544122013     422863         1              
77             24.3771        24.08          0.035985       0.261059       1544121989     365793         1544122013     742860         1              
78             24.3101        24.1572        0.014821       0.138116       1544121989     585791         1544122013     895930         1              
79             24.4475        24.2241        0.031957       0.191434       1544121989     673787         1544122014     121238         1              
80             24.5967        24.444         0.02797        0.12473        1544121989     677786         1544122014     274533         1              
81             24.6437        24.564         0.015987       0.063639       1544121989     717786         1544122014     361462         1              
82             24.7122        24.572         0.003989       0.136138       1544121989     813787         1544122014     525947         1              
83             24.9115        24.688         0.031967       0.19144        1544121989     845787         1544122014     757247         1              
84             24.76          24.696         2.3e-05        0.063956       1544121990     77788          1544122014     837808         1              
85             24.7878        24.72          0.003974       0.063751       1544121990     133787         1544122014     921567         1              
86             24.9658        24.7478        2.2e-05        0.217991       1544121990     173789         1544122015     139629         1              
87             25.0915        24.888         2e-05          0.203392       1544121990     257790         1544122015     349242         1              
88             25.1959        25.0561        0.019961       0.119873       1544121990     305786         1544122015     501690         1              
89             25.2945        25.204         2.2e-05        0.090454       1544121990     321787         1544122015     616306         1              
90             25.1397        25.076         2e-05          0.063612       1544121990     553787         1544122015     693466         1              
91             25.0715        24.9677        2.4e-05        0.103776       1544121990     725790         1544122015     797327         1              
92             25.1396        25.0681        0.007927       0.063545       1544121990     733787         1544122015     873363         1              
93             25.2318        25.1281        2.1e-05        0.10367        1544121990     749789         1544122015     981545         1              
94             25.3034        25.1999        2.1e-05        0.103459       1544121990     781794         1544122016     85206          1              
95             25.2119        25.1481        2.3e-05        0.063805       1544121990     937787         1544122016     149707         1              
96             25.1595        25.056         2.3e-05        0.103479       1544121991     93787          1544122016     253263         1              
97             25.0791        25.0155        2.6e-05        0.063489       1544121991     237787         1544122016     316844         1              
98             25.155         25.0511        0.000486       0.103411       1544121991     265786         1544122016     420811         1              
99             25.0066        24.9031        2.4e-05        0.103555       1544121991     517789         1544122016     524435         1              
