TaskQLat.      PRRQLat.       TaksQlen       
0.015889       2e-06          1              
TaskQLat.      PRRQLat.       TaksQlen       
4.6e-05        1e-06          1              
TaskQLat.      PRRQLat.       TaksQlen       
1.9e-05        1e-06          1              
2.5e-05        0              1              
2.3e-05        0              1              
2e-06          0              1              
9e-06          0              1              
1.3e-05        0              1              
4e-06          0              1              
6.7e-05        0              1              
1.1e-05        0              1              
4e-06          0              1              
9e-06          0              1              
1.3e-05        0              1              
5e-06          0              1              
3e-06          0              1              
2e-06          0              1              
2e-06          0              1              
2e-06          0              1              
7.1e-05        0              1              
2e-06          0              1              
3e-06          0              1              
2e-06          0              1              
2e-06          0              1              
2e-06          0              1              
2e-06          0              1              
5e-06          0              1              
2e-06          0              1              
2e-06          1e-06          1              
5.5e-05        0              1              
2e-06          1e-06          1              
3e-06          0              1              
2e-06          0              1              
3e-06          0              1              
2e-06          0              1              
2e-06          0              1              
2e-06          0              1              
3e-06          0              1              
2e-06          0              1              
8.8e-05        0              2              
3e-06          0              1              
3e-06          0              1              
3.7e-05        0              1              
4e-06          0              1              
3e-06          0              1              
2e-06          0              1              
2e-06          0              1              
3e-06          0              1              
2e-06          1e-06          1              
5.8e-05        0              1              
4.6e-05        0              1              
2e-06          0              1              
4e-06          0              1              
8.9e-05        0              2              
0.008358       0              10             
0.02061        0              16             
0.048004       0              2              
0.039957       0              1              
0.03598        0              3              
0.015995       0              1              
0.017474       0              1              
0.004013       0              3              
0.00801        0              2              
0.004182       0              5              
0.027954       0              1              
0.004168       0              6              
0.016054       0              3              
0.027988       0              2              
0.016041       0              3              
0.020026       0              1              
0.016055       0              2              
0.008138       0              5              
0.000186       0              6              
0.028029       0              3              
0.024          1e-06          2              
0.020011       0              3              
2e-06          0              1              
0.02798        0              2              
0.027968       0              1              
0.028001       0              2              
0.031978       0              1              
0.004038       0              1              
0.027971       0              1              
0.015987       0              2              
0.003968       1e-06          1              
2e-06          0              1              
0.027964       0              1              
0.019975       0              2              
0.015964       0              1              
0.023972       0              1              
0.015961       0              1              
0.011965       0              1              
0.023972       0              1              
1.2e-05        0              1              
3e-06          0              1              
0.060014       0              2              
2e-06          0              1              
0.019964       0              1              
0.008023       0              2              
3e-06          0              1              
0.031978       0              1              
0.023962       0              1              
0.028103       0              1              
9.5e-05        0              2              
8.8e-05        0              2              
0.004038       0              1              
0.024015       0              1              
0.008009       0              1              
0.032026       0              1              
9.8e-05        0              3              
0.01606        0              2              
0.035992       0              2              
0.015946       0              1              
0.01195        0              1              
0.007952       0              1              
0.027953       0              1              
0.015966       0              1              
0.019954       0              1              
0.023951       0              1              
0.003966       0              2              
0.011974       0              1              
0.012019       0              2              
0.004028       0              3              
0.008004       0              2              
0.011971       0              1              
3.7e-05        0              1              
0.02796        0              1              
0.015977       1e-06          1              
0.019958       0              1              
0.019955       0              1              
0.027952       0              1              
0.007964       0              1              
0.003973       0              2              
9e-05          0              2              
0.027954       0              1              
0.016001       0              2              
0.023958       0              1              
0.011979       0              2              
0.024005       0              2              
0.011988       0              1              
0.011962       0              1              
0.019957       0              1              
0.007956       0              1              
0.027975       0              1              
2e-06          0              1              
0.019972       0              1              
0.015989       0              2              
0.003989       0              2              
0.027973       0              1              
0.007965       0              1              
0.023966       0              1              
0.003992       0              2              
0.007957       0              1              
0.015963       0              1              
0.007995       0              1              
0.023957       0              1              
0.003982       0              2              
0.007963       0              1              
0.016003       0              2              
0.007964       0              1              
0.019976       0              1              
0.004032       0              3              
0.007967       0              1              
0.019966       0              1              
0.011959       0              1              
2e-06          0              1              
0.003965       0              1              
0.015955       0              1              
0.023967       0              1              
0.015951       0              1              
0.007967       0              1              
0.011956       0              1              
0.019999       0              2              
0.00803        0              1              
0.007972       0              1              
3e-06          0              1              
0.011966       0              1              
3e-06          0              1              
1.3e-05        0              1              
0.00797        0              1              
2e-06          0              1              
0.01196        0              1              
0.035966       1e-06          1              
0.035949       0              1              
0.035957       0              1              
0.008073       0              2              
0.031957       0              1              
0.039726       0              1              
0.015963       0              1              
2e-06          0              1              
0.00797        0              1              
0.02801        0              2              
0.024062       0              2              
0.007963       0              1              
0.007971       0              1              
0.007959       1e-06          1              
0.015965       0              1              
0.023948       0              1              
0.023204       0              1              
0.00796        0              1              
0.015959       0              1              
0.016024       0              1              
0.023949       0              1              
0.004016       0              2              
0.015971       0              1              
0.011966       0              1              
1.9e-05        0              1              
0.004039       0              3              
0.008019       0              1              
4e-06          0              1              
0.020014       0              2              
3e-06          0              1              
0.007959       0              1              
3e-06          0              1              
0.023973       0              1              
3e-06          0              1              
0.019967       0              1              
0.039971       0              1              
0.031968       0              1              
0.003991       0              2              
0.023955       0              1              
0.023966       0              1              
0.007981       0              2              
4e-06          0              1              
0.023975       0              1              
0.011102       0              2              
0.015966       0              1              
4e-06          0              1              
0.023952       0              1              
0.019982       1e-06          1              
0.019955       0              1              
2e-06          0              1              
0.039974       0              1              
0.007963       0              1              
0.007968       0              1              
0.002972       0              2              
0.023951       0              1              
0.015963       0              1              
0.023217       0              1              
0.007954       0              1              
0.03995        0              1              
4e-06          0              1              
3e-06          0              1              
0.013245       0              1              
3e-06          0              1              
0.003947       0              1              
0.019955       1e-06          1              
0.023969       0              1              
0.019957       0              1              
0.023968       0              1              
0.023961       0              1              
4e-06          0              1              
0.019955       0              1              
0.023951       0              1              
3e-06          0              1              
0.011962       0              1              
0.007966       0              1              
3e-06          0              1              
0.011958       0              1              
0.011954       0              1              
0.023961       0              1              
0.015023       0              1              
3e-06          0              1              
0.011975       0              1              
0.00794        0              1              
0.009682       0              1              
0.019957       0              1              
5e-06          0              1              
0.003948       0              1              
0.023959       0              1              
0.007964       0              1              
0.007934       0              1              
0.015954       0              1              
0.023954       0              1              
0.007953       0              1              
4e-06          0              1              
3e-06          0              1              
0.00396        0              1              
0.003955       1e-06          1              
0.015951       0              1              
0.007972       0              1              
0.019969       0              1              
0.023953       0              1              
4e-06          0              1              
4e-06          0              1              
0.011943       0              1              
0.007962       0              1              
0.003975       0              1              
3e-06          0              1              
3e-06          0              1              
0.00795        0              1              
0.007953       0              1              
0.023971       0              1              
0.014798       0              1              
0.01594        0              1              
0.015959       0              1              
0.015966       1e-06          1              
0.00397        0              1              
0.015952       0              1              
4e-06          0              1              
0.003951       0              1              
3e-06          0              1              
3e-06          0              1              
0.003939       0              1              
4e-06          0              1              
3e-06          0              1              
3e-06          0              1              
0.007905       0              1              
3e-06          0              1              
3e-06          0              1              
3e-06          0              1              
3e-06          0              1              
2e-06          0              1              
3e-06          0              1              
5e-06          0              1              
