JobID          Runtime        getDevice      getProgram     runProgram     startTime_s    startTime_us   endTime_s      endTime_us     violation      0
-1             0.798296       0.000461       0.785709       0.01212        1543977114     993184         1543977115     791480         0              
-1             0.012143       5.2e-05        2e-05          0.012066       1543977117     201246         1543977117     213389         0              
-1             0.01211        3.5e-05        2.3e-05        0.012047       1543977117     317274         1543977117     329384         0              
-1             0.012158       3.5e-05        6.9e-05        0.012048       1543977117     433162         1543977117     445320         0              
-1             0.012116       3.5e-05        2.4e-05        0.012054       1543977117     549139         1543977117     561255         0              
0              0.01106        0.000101       2.8e-05        0.01092        1543977127     678674         1543977127     689734         0              
1              0.067047       0.036034       0.000242       0.030763       1543977127     897796         1543977127     964843         0              
2              0.092135       0.036051       0.008386       0.047691       1543977127     945787         1543977128     37922          0              
4              0.162331       0.100038       0.019973       0.042314       1543977127     945788         1543977128     108119         0              
3              0.259932       0.17605        0.039964       0.043908       1543977127     949786         1543977128     209718         0              
5              0.279068       0.196041       0.039976       0.043046       1543977128     53786          1543977128     332854         0              
6              0.227061       0.184024       2e-05          0.043011       1543977128     165786         1543977128     392847         0              
7              0.343929       0.248016       0.04           0.055908       1543977128     209787         1543977128     553716         0              
8              0.392307       0.344032       5.2e-05        0.048217       1543977128     241788         1543977128     634095         0              
9              0.435063       0.360025       0.039988       0.035045       1543977128     333787         1543977128     768850         0              
10             0.531498       0.436026       0.039987       0.055478       1543977128     357788         1543977128     889286         0              
11             0.415338       0.344463       2.2e-05        0.070847       1543977128     561787         1543977128     977125         0              
12             0.500015       0.408025       0.039986       0.051998       1543977128     589786         1543977129     89801          0              
13             0.539069       0.492026       0.00019        0.046848       1543977128     637787         1543977129     176856         0              
14             0.551079       0.512037       2.5e-05        0.039006       1543977128     665788         1543977129     216867         0              
15             0.588017       0.532027       1.9e-05        0.055963       1543977128     721787         1543977129     309804         0              
16             0.651062       0.564033       0.043982       0.043037       1543977128     757788         1543977129     408850         0              
17             0.743338       0.676027       0.031981       0.035323       1543977128     773788         1543977129     517126         0              
19             0.748015       0.652032       0.039982       0.055995       1543977128     917787         1543977129     665802         0              
18             0.875084       0.792025       0.039997       0.043057       1543977128     921786         1543977129     796870         0              
20             0.99507        0.916026       0.039992       0.039042       1543977128     933787         1543977129     928857         0              
21             1.02432        0.968025       4.7e-05        0.056244       1543977128     989787         1543977130     14109          0              
22             1.22159        1.00551        0.047983       0.168094       1543977129     48303          1543977130     269897         0              
23             1.32706        1.24803        0.047988       0.03104        1543977129     93786          1543977130     420847         0              
25             1.51157        1.37604        0.043983       0.091542       1543977129     113789         1543977130     625361         0              
24             1.66802        1.54003        0.047984       0.080004       1543977129     117787         1543977130     785809         0              
26             1.75107        1.65603        0.047983       0.047048       1543977129     165785         1543977130     916854         0              
27             1.79601        1.66004        0.051977       0.083996       1543977129     285786         1543977131     81799          0              
28             1.91134        1.82803        0.04398        0.039324       1543977129     293787         1543977131     205131         0              
29             1.95602        1.88804        2e-05          0.067945       1543977129     333786         1543977131     289802         0              
30             2.1107         1.96403        0.040762       0.105905       1543977129     369788         1543977131     480490         1              
31             2.16818        2.03204        0.027971       0.108166       1543977129     493789         1543977131     661971         1              
32             2.23135        2.13602        0.047988       0.047331       1543977129     593788         1543977131     825139         1              
33             2.36429        2.22002        0.027983       0.116272       1543977129     621788         1543977131     986080         1              
34             2.49134        2.39602        0.043995       0.051319       1543977129     629788         1543977132     121125         1              
35             2.73617        2.53603        0.047987       0.152155       1543977129     661786         1543977132     397959         1              
36             2.86032        2.70803        0.047984       0.104303       1543977129     701787         1543977132     562106         1              
37             3.01951        2.92007        0.04799        0.051444       1543977129     709743         1543977132     729251         1              
38             3.06335        3.00803        2.2e-05        0.055291       1543977129     749787         1543977132     813138         1              
39             3.18802        3.09203        0.039989       0.055995       1543977129     753789         1543977132     941805         1              
40             3.2912         3.24018        2.3e-05        0.050989       1543977129     773650         1543977133     64851          1              
41             3.35547        3.29615        0.003945       0.05537        1543977129     805789         1543977133     161263         1              
42             3.41631        3.34002        0.004033       0.072246       1543977129     857791         1543977133     274102         1              
43             3.47135        3.41603        0.015986       0.039322       1543977129     869788         1543977133     341135         1              
44             3.5678         3.48404        0.015975       0.067774       1543977129     901789         1543977133     469586         1              
45             3.63507        3.54803        0.047979       0.039051       1543977129     969786         1543977133     604859         1              
46             3.76045        3.66003        0.039985       0.060433       1543977129     977785         1543977133     738238         1              
47             3.84708        3.74803        0.047986       0.051054       1543977130     29785          1543977133     876864         1              
48             3.98362        3.84803        0.047985       0.087599       1543977130     61787          1543977134     45403          1              
49             4.17202        3.98374        0.000279       0.187999       1543977130     61790          1543977134     233814         1              
50             4.25642        4.18403        7.5e-05        0.072315       1543977130     85787          1543977134     342212         1              
51             4.14334        4.09204        7.3e-05        0.051224       1543977130     289788         1543977134     433130         1              
52             4.21736        4.13603        0.039983       0.041345       1543977130     317785         1543977134     535146         1              
53             4.25533        4.20804        0.003982       0.043304       1543977130     373787         1543977134     629117         1              
54             4.36402        4.27603        0.031986       0.055992       1543977130     393787         1543977134     757804         1              
55             4.42749        4.37729        1.9e-05        0.050173       1543977130     397786         1543977134     825277         1              
56             4.50109        4.40803        0.031983       0.061076       1543977130     425786         1543977134     926881         1              
57             4.53055        4.47242        0.00399        0.054134       1543977130     477393         1543977135     7945           1              
59             4.51936        4.46004        0.02797        0.031347       1543977130     549788         1543977135     69149          1              
58             4.59152        4.52005        2.5e-05        0.071434       1543977130     557789         1543977135     149309         1              
60             4.62231        4.58804        2.2e-05        0.034247       1543977130     573786         1543977135     196101         1              
61             4.67054        4.60403        0.027997       0.038508       1543977130     605786         1543977135     276330         1              
62             4.69906        4.63203        0.031975       0.035041       1543977130     669790         1543977135     368852         1              
63             4.73906        4.70403        2.2e-05        0.034999       1543977130     677788         1543977135     416848         1              
64             4.78306        4.75603        2.1e-05        0.027004       1543977130     701788         1543977135     484846         1              
65             4.83506        4.76403        0.039984       0.031042       1543977130     737787         1543977135     572850         1              
66             4.87886        4.83603        0.00798        0.034842       1543977130     781788         1543977135     660651         1              
67             4.90706        4.87605        2.6e-05        0.030978       1543977130     789786         1543977135     696847         1              
68             4.90589        4.88404        2.2e-05        0.021816       1543977130     845786         1543977135     751673         1              
69             4.96778        4.92803        0.003997       0.035746       1543977130     869788         1543977135     837568         1              
70             4.81457        4.80402        2.2e-05        0.010514       1543977131     41788          1543977135     856353         1              
71             4.87201        4.80405        0.031962       0.035996       1543977131     61787          1543977135     933801         1              
73             4.88262        4.87205        2.7e-05        0.010535       1543977131     73785          1543977135     956402         1              
72             4.93931        4.91201        1.9e-05        0.027284       1543977131     73803          1543977136     13118          1              
74             4.94656        4.91944        0.01657        0.01053        1543977131     93787          1543977136     40342          1              
75             4.95506        4.93202        1.9e-05        0.023007       1543977131     121788         1543977136     76846          1              
76             4.90659        4.89604        2.1e-05        0.010528       1543977131     189786         1543977136     96380          1              
77             4.97447        4.93603        0.011982       0.02645        1543977131     193787         1543977136     168259         1              
78             4.98802        4.90403        0.035975       0.048003       1543977131     289792         1543977136     277808         1              
79             4.89084        4.85604        0.011979       0.02281        1543977131     429787         1543977136     320625         1              
80             4.92288        4.87603        2e-05          0.046819       1543977131     453794         1543977136     376671         1              
81             4.88259        4.87203        2.1e-05        0.010528       1543977131     537789         1543977136     420378         1              
83             4.86257        4.8427         0.009315       0.010534       1543977131     577787         1543977136     440353         1              
82             4.90648        4.87204        0.00798        0.026456       1543977131     581785         1543977136     488268         1              
84             4.84005        4.80652        0.005493       0.028021       1543977131     681788         1543977136     521841         1              
85             4.83865        4.82405        0.00403        0.010567       1543977131     721786         1543977136     560435         1              
86             4.85613        4.83204        0.011961       0.012121       1543977131     737796         1543977136     593930         1              
87             4.88144        4.84803        0.02131        0.012086       1543977131     753787         1543977136     635227         1              
88             5.03452        4.88403        2.6e-05        0.150456       1543977131     765793         1543977136     800314         1              
89             5.12763        5.02404        2.2e-05        0.103561       1543977131     785788         1543977136     913417         1              
90             5.09231        5.04828        2.3e-05        0.043992       1543977131     869556         1543977136     961863         1              
91             4.98815        4.97603        2e-05          0.012093       1543977132     1788           1543977136     989939         1              
92             4.94418        4.93203        1.8e-05        0.012118       1543977132     73788          1543977137     17965          1              
94             4.97049        4.9441         2.5e-05        0.02635        1543977132     77787          1543977137     48277          1              
93             4.97709        4.96654        2e-05          0.010525       1543977132     81787          1543977137     58877          1              
95             4.94422        4.93208        2e-05          0.012104       1543977132     129788         1543977137     74008          1              
96             4.92036        4.90826        2.1e-05        0.012069       1543977132     165794         1543977137     86150          1              
99             4.92699        4.91642        2.4e-05        0.010542       1543977132     169787         1543977137     96779          1              
97             4.93358        4.92303        2.3e-05        0.010517       1543977132     173788         1543977137     107368         1              
98             4.92574        4.91363        2.2e-05        0.012081       1543977132     193787         1543977137     119529         1              
