JobID          Runtime        getDevice      getProgram     runProgram     startTime_s    startTime_us   endTime_s      endTime_us     violation      0
-1             0.899122       4.9e-05        0.794056       0.10501        1543977116     302075         1543977117     201197         0              
-1             0.103429       8.4e-05        1.9e-05        0.103321       1543977117     213822         1543977117     317251         0              
-1             0.103388       4.4e-05        1.6e-05        0.103322       1543977117     329751         1543977117     433139         0              
-1             0.103387       3.4e-05        2.9e-05        0.103319       1543977117     445730         1543977117     549117         0              
-1             0.103425       3.4e-05        6.5e-05        0.103321       1543977117     561621         1543977117     665046         0              
0              0.117739       0.0001         2.7e-05        0.117603       1543977127     795849         1543977127     913588         0              
1              0.687611       0.072349       0.039657       0.575598       1543977129     937791         1543977130     625402         0              
2              0.952019       0.432021       0.004059       0.515933       1543977130     237790         1543977131     189809         0              
3              1.52365        0.940034       0.047979       0.535624       1543977130     301787         1543977131     825432         1              
4              2.04288        1.48403        0.00401        0.554836       1543977130     365787         1543977132     408671         1              
5              1.61146        1.09605        0.047967       0.46744        1543977131     341786         1543977132     953244         1              
6              1.07708        0.552031       0.048022       0.477021       1543977132     445786         1543977133     522866         1              
7              0.900366       0.556021       0.027989       0.316348       1543977133     1786           1543977133     902152         0              
8              1.05596        0.62004        0.032005       0.403906       1543977133     289789         1543977134     345746         1              
9              0.560225       0.15205        0.008027       0.400134       1543977134     213788         1543977134     774013         0              
10             0.73586        0.388035       0.007974       0.339845       1543977134     413792         1543977135     149652         0              
11             0.258736       0.032034       0.007998       0.218697       1543977136     541787         1543977136     800523         0              
12             0.332697       0.174854       0.00516        0.152674       1543977136     625788         1543977136     958485         0              
13             0.10892        9.5e-05        2.5e-05        0.108791       1543977137     219740         1543977137     328660         0              
14             0.10659        8.5e-05        8e-05          0.106417       1543977137     556543         1543977137     663133         0              
15             0.106313       0.000146       2.5e-05        0.106133       1543977137     922179         1543977138     28492          0              
16             0.072313       9e-05          2.7e-05        0.072186       1543977138     277792         1543977138     350105         0              
17             0.106604       9.3e-05        2.6e-05        0.106476       1543977138     570830         1543977138     677434         0              
18             0.106231       9.1e-05        2.6e-05        0.106107       1543977139     914710         1543977140     20941          0              
19             0.105013       6.8e-05        6.9e-05        0.104863       1543977140     32032          1543977140     137045         0              
20             0.187268       0.083485       2.1e-05        0.103752       1543977140     53618          1543977140     240886         0              
21             0.106376       9.5e-05        2.5e-05        0.106248       1543977140     667837         1543977140     774213         0              
22             0.10636        9.3e-05        2.6e-05        0.106234       1543977141     319941         1543977141     426301         0              
23             0.106273       8.9e-05        2.6e-05        0.10615        1543977141     796376         1543977141     902649         0              
24             0.106545       9e-05          7.2e-05        0.106371       1543977141     965839         1543977142     72384          0              
25             0.205393       0.102169       2.2e-05        0.103193       1543977141     970272         1543977142     175665         0              
26             0.106476       9.1e-05        2.6e-05        0.106351       1543977142     301548         1543977142     408024         0              
27             0.106618       9.4e-05        2.6e-05        0.106489       1543977143     579205         1543977143     685823         0              
28             0.106609       9.2e-05        2.5e-05        0.106484       1543977143     791751         1543977143     898360         0              
29             0.10623        8.9e-05        7.3e-05        0.106058       1543977144     86830          1543977144     193060         0              
30             0.073238       0.000197       2.9e-05        0.072997       1543977144     467385         1543977144     540623         0              
31             0.107002       9.9e-05        2.7e-05        0.106867       1543977145     693504         1543977145     800506         0              
32             0.106633       9.4e-05        2.5e-05        0.106506       1543977146     774404         1543977146     881037         0              
33             0.106549       9.4e-05        2.6e-05        0.106419       1543977146     998779         1543977147     105328         0              
34             0.097905       9e-05          7.8e-05        0.097724       1543977147     153109         1543977147     251014         0              
35             0.169304       0.065778       2.6e-05        0.103491       1543977147     185297         1543977147     354601         0              
36             0.106608       9.2e-05        2.5e-05        0.106482       1543977147     745992         1543977147     852600         0              
37             0.106611       9.1e-05        2.6e-05        0.106486       1543977148     49817          1543977148     156428         0              
38             0.106509       9.6e-05        2.8e-05        0.106376       1543977148     215420         1543977148     321929         0              
39             0.106417       9.4e-05        7.9e-05        0.106235       1543977148     393989         1543977148     500406         0              
40             0.106199       0.000145       2.9e-05        0.106012       1543977148     687107         1543977148     793306         0              
41             0.208416       0.105015       2.4e-05        0.103368       1543977148     688354         1543977148     896770         0              
42             0.106357       9.1e-05        2.5e-05        0.106231       1543977149     256609         1543977149     362966         0              
43             0.10644        0.000104       2.7e-05        0.106302       1543977149     401748         1543977149     508188         0              
44             0.106625       9.7e-05        7.5e-05        0.106445       1543977149     822877         1543977149     929502         0              
45             0.106495       0.000151       2.7e-05        0.106306       1543977150     449928         1543977150     556423         0              
46             0.127179       0.023738       2.3e-05        0.10341        1543977150     532741         1543977150     659920         0              
47             0.106438       9.5e-05        2.7e-05        0.106306       1543977151     93001          1543977151     199439         0              
48             0.106457       9.5e-05        2.7e-05        0.106324       1543977151     384187         1543977151     490644         0              
49             0.141517       0.038257       8.2e-05        0.103171       1543977151     452455         1543977151     593972         0              
50             0.106585       0.000147       2.7e-05        0.106402       1543977151     623351         1543977151     729936         0              
51             0.106657       9.8e-05        2.7e-05        0.106523       1543977153     597253         1543977153     703910         0              
52             0.106316       8.9e-05        2.6e-05        0.106191       1543977153     915652         1543977154     21968          0              
53             0.107441       0.000121       2.9e-05        0.107275       1543977154     555941         1543977154     663382         0              
54             0.176617       0.072639       0.000101       0.103866       1543977154     590801         1543977154     767418         0              
55             0.067563       0.000146       2.9e-05        0.067377       1543977154     774692         1543977154     842255         0              
56             0.106304       9.5e-05        2.7e-05        0.106173       1543977155     20555          1543977155     126859         0              
57             0.106476       9.5e-05        2.5e-05        0.106349       1543977155     712904         1543977155     819380         0              
58             0.106401       9.3e-05        2.6e-05        0.10627        1543977156     241273         1543977156     347674         0              
59             0.172204       0.06862        7.3e-05        0.103501       1543977156     279113         1543977156     451317         0              
60             0.106625       0.000146       2.7e-05        0.106442       1543977156     630851         1543977156     737476         0              
61             0.106546       9.1e-05        2.6e-05        0.10642        1543977156     891528         1543977156     998074         0              
62             0.106502       9.2e-05        2.6e-05        0.106373       1543977157     463911         1543977157     570413         0              
63             0.158288       0.054923       2.4e-05        0.103332       1543977157     515551         1543977157     673839         0              
64             0.10638        9e-05          7.2e-05        0.106209       1543977157     722781         1543977157     829161         0              
65             0.106535       0.000148       2.6e-05        0.106354       1543977158     175918         1543977158     282453         0              
66             0.106472       9.4e-05        2.7e-05        0.106341       1543977158     656080         1543977158     762552         0              
67             0.169819       0.066395       2.2e-05        0.103392       1543977158     696215         1543977158     866034         0              
68             0.106554       9.2e-05        3e-05          0.106421       1543977159     139152         1543977159     245706         0              
69             0.106606       9.4e-05        7.4e-05        0.106429       1543977159     362626         1543977159     469232         0              
70             0.106545       0.000154       2.6e-05        0.106356       1543977161     152549         1543977161     259094         0              
71             0.106182       8.6e-05        2.6e-05        0.10606        1543977161     325890         1543977161     432072         0              
72             0.106627       9.2e-05        3e-05          0.106492       1543977161     461927         1543977161     568554         0              
73             0.177745       0.07434        2.3e-05        0.103373       1543977161     494271         1543977161     672016         0              
74             0.105682       8.3e-05        7.1e-05        0.105509       1543977161     722781         1543977161     828463         0              
75             0.105113       0.000129       2.3e-05        0.104954       1543977161     840234         1543977161     945347         0              
76             0.106317       9e-05          2.5e-05        0.106192       1543977162     571362         1543977162     677679         0              
77             0.106097       8.5e-05        2.4e-05        0.10598        1543977162     720829         1543977162     826926         0              
78             0.106255       9.2e-05        2.5e-05        0.10613        1543977163     544913         1543977163     651168         0              
79             0.107078       0.00013        8.3e-05        0.106847       1543977165     46710          1543977165     153788         0              
80             0.106642       0.000145       2.7e-05        0.106461       1543977165     406486         1543977165     513128         0              
81             0.106607       9.5e-05        2.7e-05        0.106475       1543977166     266076         1543977166     372683         0              
82             0.105583       8.6e-05        2.3e-05        0.10546        1543977166     567277         1543977166     672860         0              
83             0.133583       0.029736       2.3e-05        0.103815       1543977166     643183         1543977166     776766         0              
84             0.106573       9.6e-05        7.4e-05        0.106394       1543977167     455765         1543977167     562338         0              
85             0.10663        0.000146       2.7e-05        0.106448       1543977167     906543         1543977168     13173          0              
86             0.106398       9.2e-05        2.5e-05        0.106267       1543977168     106761         1543977168     213159         0              
87             0.158594       0.055189       2.2e-05        0.103375       1543977168     158027         1543977168     316621         0              
88             0.105668       7.7e-05        2.3e-05        0.105559       1543977168     345477         1543977168     451145         0              
89             0.106285       9.1e-05        7.2e-05        0.106113       1543977168     628682         1543977168     734967         0              
90             0.106678       0.000151       2.6e-05        0.106491       1543977169     613465         1543977169     720143         0              
91             0.106469       9.5e-05        2.6e-05        0.106339       1543977170     736776         1543977170     843245         0              
92             0.105524       8.5e-05        2.3e-05        0.105403       1543977171     425098         1543977171     530622         0              
93             0.170506       0.067088       2.3e-05        0.103383       1543977171     463591         1543977171     634097         0              
94             0.152567       0.049127       7.6e-05        0.103356       1543977171     585028         1543977171     737595         0              
95             0.106379       0.000143       2.6e-05        0.106202       1543977171     943259         1543977172     49638          0              
96             0.106585       9.2e-05        2.5e-05        0.106455       1543977172     346532         1543977172     453117         0              
97             0.132993       0.029669       2.2e-05        0.103291       1543977172     423509         1543977172     556502         0              
98             0.17559        0.072114       8.1e-05        0.103383       1543977172     484446         1543977172     660036         0              
99             0.237323       0.173212       8.1e-05        0.064021       1543977172     486894         1543977172     724217         0              
