JobID          Runtime        getDevice      getProgram     runProgram     startTime_s    startTime_us   endTime_s      endTime_us     violation      0
-1             0.510502       4.9e-05        0.510164       0.000284       1543977115     791527         1543977116     302029         0              
-1             0.000397       3.3e-05        8.1e-05        0.000278       1543977117     213410         1543977117     213807         0              
-1             0.000336       3.1e-05        2.7e-05        0.000274       1543977117     329401         1543977117     329737         0              
-1             0.000378       7.5e-05        2.5e-05        0.000273       1543977117     445337         1543977117     445715         0              
-1             0.000334       3e-05          2.9e-05        0.000272       1543977117     561273         1543977117     561607         0              
0              0.000749       0.000307       5e-05          0.000369       1543977127     666979         1543977127     667728         0              
1              0.001874       0.000101       2.5e-05        0.001737       1543977127     688240         1543977127     690114         0              
2              0.000437       7.6e-05        2.5e-05        0.000326       1543977127     691238         1543977127     691675         0              
3              0.000458       5.8e-05        7e-05          0.000323       1543977127     692305         1543977127     692763         0              
4              0.000463       0.000113       2e-05          0.000323       1543977127     692944         1543977127     693407         0              
5              0.000444       8e-05          2.5e-05        0.000331       1543977127     703024         1543977127     703468         0              
6              0.000444       7.9e-05        2.5e-05        0.000331       1543977127     714006         1543977127     714450         0              
7              0.000436       7.5e-05        2.5e-05        0.000327       1543977127     719814         1543977127     720250         0              
8              0.000492       7.6e-05        7.8e-05        0.000329       1543977127     722766         1543977127     723258         0              
9              0.000491       0.000128       2.6e-05        0.00033        1543977127     732292         1543977127     732783         0              
10             0.000441       8e-05          2.6e-05        0.000326       1543977127     734459         1543977127     734900         0              
11             0.000453       8.1e-05        2.5e-05        0.00034        1543977127     755893         1543977127     756346         0              
12             0.000436       7.8e-05        2.5e-05        0.000324       1543977127     756864         1543977127     757300         0              
13             0.000489       7.9e-05        7.2e-05        0.000329       1543977127     763054         1543977127     763543         0              
14             0.00049        0.000123       2.5e-05        0.000333       1543977127     766554         1543977127     767044         0              
15             0.000443       7.7e-05        2.8e-05        0.000329       1543977127     770344         1543977127     770787         0              
16             0.000442       8e-05          2.4e-05        0.000327       1543977127     774015         1543977127     774457         0              
17             0.000439       7.7e-05        2.3e-05        0.00033        1543977127     777123         1543977127     777562         0              
18             0.00049        8e-05          7.2e-05        0.00033        1543977127     790716         1543977127     791206         0              
19             0.000499       0.000125       2.4e-05        0.000334       1543977127     792021         1543977127     792520         0              
20             0.000572       0.000208       2.6e-05        0.000328       1543977127     792379         1543977127     792951         0              
21             0.000442       8e-05          2.5e-05        0.000329       1543977127     798701         1543977127     799143         0              
22             0.000504       7.6e-05        7.7e-05        0.000343       1543977127     805342         1543977127     805846         0              
23             0.023983       0.000126       2.6e-05        0.023816       1543977127     810237         1543977127     834220         0              
24             0.097849       0.025375       7.7e-05        0.072386       1543977127     812098         1543977127     909947         0              
25             0.121878       0.106508       0.015113       0.000248       1543977127     812241         1543977127     934119         0              
26             0.219088       0.158186       0.027972       0.03292        1543977127     815641         1543977128     34729          0              
27             0.279851       0.222676       0.030019       0.02715        1543977127     828513         1543977128     108364         0              
29             0.368454       0.288248       0.047985       0.032215       1543977127     837568         1543977128     206022         0              
30             0.420221       0.379981       0.039989       0.000241       1543977127     837831         1543977128     258052         0              
28             0.436404       0.432031       0.004096       0.000272       1543977127     849787         1543977128     286191         0              
31             0.544309       0.496044       0.036024       0.00028        1543977127     857786         1543977128     402095         0              
32             0.596252       0.548031       0.047978       0.000239       1543977127     869788         1543977128     466040         0              
33             0.680455       0.612048       0.039962       0.028439       1543977127     869789         1543977128     550244         0              
34             0.757123       0.688046       0.035964       0.033108       1543977127     873790         1543977128     630913         0              
36             0.792324       0.792044       2.5e-05        0.000248       1543977127     877791         1543977128     670115         0              
37             0.82833        0.828031       2.1e-05        0.000273       1543977127     881787         1543977128     710117         0              
35             0.908298       0.864031       0.024016       0.000282       1543977127     885790         1543977128     794088         0              
39             1.00035        0.916046       0.047966       0.036326       1543977127     885789         1543977128     886136         1              
38             1.07227        1.00803        0.035975       0.028254       1543977127     885792         1543977128     958057         1              
40             1.09635        1.09605        2.4e-05        0.00028        1543977127     889788         1543977128     986143         1              
41             1.18426        1.14403        0.039982       0.000248       1543977127     889790         1543977129     74053          1              
42             1.28444        1.23318        0.004171       0.047087       1543977127     892643         1543977129     177086         1              
43             1.34824        1.31604        2.3e-05        0.032177       1543977127     897790         1543977129     246030         1              
50             1.43641        1.39615        0.03999        0.00026        1543977127     913663         1543977129     350073         1              
47             1.4963         1.45603        0.039982       0.000278       1543977127     913786         1543977129     410084         1              
44             1.56029        1.52405        0.035965       0.000273       1543977127     913786         1543977129     474079         1              
46             1.59561        1.55604        0.035977       0.003591       1543977127     921787         1543977129     517393         1              
45             1.6163         1.61603        2.3e-05        0.000242       1543977127     921787         1543977129     538089         1              
49             1.65629        1.65603        2e-05          0.000238       1543977127     921789         1543977129     578078         1              
48             1.71229        1.67202        0.039985       0.000281       1543977127     929787         1543977129     642081         1              
51             1.74567        1.74537        2.6e-05        0.000273       1543977127     940465         1543977129     686136         1              
53             1.84134        1.76936        0.043977       0.028004       1543977127     940467         1543977129     781810         1              
52             1.8883         1.84803        0.039985       0.000279       1543977127     957786         1543977129     846087         1              
55             1.97626        1.93603        0.039983       0.000245       1543977127     957788         1543977129     934051         1              
54             2.05226        1.98804        0.035973       0.028246       1543977127     957788         1543977130     10049          1              
60             2.29648        2.08803        0.039986       0.168459       1543977127     969788         1543977130     266265         1              
59             2.36426        2.31603        0.047982       0.000246       1543977127     969792         1543977130     334050         1              
57             2.49865        2.42403        0.039985       0.034631       1543977127     973786         1543977130     472435         1              
58             2.64494        2.51603        0.047982       0.080922       1543977127     973788         1543977130     618730         1              
56             2.80424        2.68404        0.047981       0.07221        1543977127     977786         1543977130     782023         1              
61             2.87955        2.83128        0.047984       0.000278       1543977127     982532         1543977130     862083         1              
65             2.94839        2.94804        7.7e-05        0.000277       1543977127     985787         1543977130     934181         1              
64             2.99783        2.95603        0.040036       0.00176        1543977127     985787         1543977130     983618         1              
62             3.06825        3.00802        0.059987       0.000241       1543977127     985789         1543977131     54044          1              
63             3.11227        3.08406        0.027954       0.000247       1543977127     993787         1543977131     106052         1              
66             3.16026        3.13202        0.027986       0.000247       1543977127     997791         1543977131     158051         1              
69             3.28426        3.23603        0.047985       0.000245       1543977128     1787           1543977131     286049         1              
67             3.47859        3.34002        0.047972       0.090589       1543977128     1809           1543977131     480398         1              
68             3.64454        3.48002        0.039989       0.124521       1543977128     13786          1543977131     658322         1              
71             3.65641        3.65604        8.3e-05        0.000279       1543977128     17788          1543977131     674194         1              
73             3.68836        3.68403        0.004081       0.000245       1543977128     25787          1543977131     714146         1              
72             3.7244         3.72003        0.00407        0.000278       1543977128     29786          1543977131     754186         1              
77             3.79597        3.78802        0.000139       0.003805       1543977128     29788          1543977131     825754         1              
70             3.84824        3.81603        0.027971       0.004231       1543977128     29795          1543977131     878034         1              
75             3.94869        3.87203        3.9e-05        0.076619       1543977128     33789          1543977131     982483         1              
74             3.99629        3.95204        0.043971       0.000277       1543977128     41788          1543977132     38081          1              
76             4.04847        4.02403        0.000187       0.000276       1543977128     49789          1543977132     98255          1              
78             4.1283         4.08003        0.047981       0.000277       1543977128     57787          1543977132     186086         1              
80             4.33263        4.14804        0.047974       0.136613       1543977128     61789          1543977132     394416         1              
79             4.49622        4.37203        0.039982       0.0842         1543977128     65785          1543977132     562007         1              
81             4.54031        4.54003        2.2e-05        0.000246       1543977128     77787          1543977132     618092         1              
83             4.65182        4.55203        0.055982       0.043804       1543977128     77789          1543977132     729610         1              
85             4.73226        4.68403        0.039982       0.008243       1543977128     81793          1543977132     814054         1              
82             4.76829        4.72803        0.039977       0.000276       1543977128     89787          1543977132     858077         1              
84             4.84428        4.80401        0.039989       0.000279       1543977128     89798          1543977132     934082         1              
86             4.91627        4.87604        0.039978       0.000247       1543977128     93788          1543977133     10059          1              
88             4.98099        4.94004        0.013588       0.000249       1543977128     97786          1543977133     78778          1              
87             5.05936        5.01605        0.028154       0.015151       1543977128     97787          1543977133     157150         1              
89             5.16913        5.08803        0.047982       0.033117       1543977128     101788         1543977133     270920         1              
91             5.26964        5.2174         0.020578       0.016257       1543977128     108433         1543977133     378070         1              
95             5.3683         5.32007        0.047979       0.000246       1543977128     117750         1543977133     486054         1              
90             5.42031        5.42004        2.4e-05        0.000247       1543977128     117790         1543977133     538103         1              
92             5.48338        5.42403        0.039988       0.019363       1543977128     121787         1543977133     605170         1              
93             5.60875        5.54404        0.003977       0.060724       1543977128     129786         1543977133     738535         1              
96             5.68429        5.64005        0.043961       0.000279       1543977128     133788         1543977133     818081         1              
98             5.75628        5.72404        0.004022       0.024239       1543977128     145785         1543977133     902060         1              
94             5.89619        5.78804        0.043974       0.064169       1543977128     145786         1543977134     41973          1              
97             6.0844         5.91697        2.4e-05        0.167405       1543977128     145785         1543977134     230188         1              
99             6.18131        6.09678        0.039229       0.045289       1543977128     157787         1543977134     339094         1              
