JobID          Runtime        getDevice      getProgram     runProgram     startTime_s    startTime_us   endTime_s      endTime_us     violation      1
-1             1.36264        6.1e-05        1.25683        0.10573        1543977465     156294         1543977466     518930         1              
-1             0.103423       9.4e-05        1.8e-05        0.103303       1543977466     531621         1543977466     635044         0              
-1             0.103389       4e-05          1.9e-05        0.103323       1543977466     647601         1543977466     750990         0              
-1             0.103356       3.9e-05        2.1e-05        0.103291       1543977466     763623         1543977466     866979         0              
-1             0.103431       3.9e-05        7e-05          0.103316       1543977466     879518         1543977466     982949         0              
0              0.435461       0.000116       2.2e-05        0.435315       1543977477     17788          1543977477     453249         0              
1              1.45228        0.472033       0.039978       0.940264       1543977477     21790          1543977478     474071         1              
2              2.34828        1.24003        0.047991       1.06025        1543977477     249786         1543977479     598063         1              
3              3.07553        2.38404        0.047973       0.643506       1543977477     261786         1543977480     337316         1              
4              3.86828        3.10404        0.04397        0.720256       1543977477     289789         1543977481     158069         1              
5              5.09945        3.88441        0.039613       1.17542        1543977477     317788         1543977482     417239         1              
6              5.51816        4.76404        0.047979       0.706137       1543977477     685786         1543977483     203943         1              
7              6.3361         5.46002        0.043989       0.832082       1543977477     773787         1543977484     109890         1              
8              7.45562        6.39333        0.024009       1.0196         1543977477     781786         1543977485     237402         1              
10             8.60908        7.45603        0.03998        1.11306        1543977477     809786         1543977486     418864         1              
9              9.10074        8.64403        0.043982       0.412723       1543977477     813786         1543977486     914526         1              
11             9.6512         8.97603        0.043978       0.631185       1543977477     949791         1543977487     600993         1              
12             10.4795        9.67204        3.1e-05        0.78742        1543977477     953786         1543977488     433243         1              
13             11.0155        10.236         0.031972       0.747433       1543977478     241785         1543977489     257239         1              
14             11.7715        11.032         0.028013       0.703438       1543977478     253786         1543977490     25245          1              
16             12.3234        11.692         0.023967       0.607386       1543977478     349787         1543977490     673188         1              
15             13.0675        12.344         0.032042       0.691373       1543977478     361785         1543977491     429238         1              
17             13.1475        12.46          8.1e-05        0.687345       1543977479     1787           1543977492     149245         1              
18             13.5291        12.892         0.004053       0.632985       1543977479     285786         1543977492     814865         1              
19             14.0355        13.424         0.000103       0.611317       1543977479     421787         1543977493     457243         1              
20             14.2971        13.7001        0.03996        0.557056       1543977479     757786         1543977494     54861          1              
21             14.7914        14.196         0.047976       0.547431       1543977479     877786         1543977494     669236         1              
22             15.4371        14.844         0.039987       0.553054       1543977479     889790         1543977495     326859         1              
23             15.9411        15.428         8.9e-05        0.512942       1543977479     925787         1543977495     866859         1              
24             16.4131        15.868         0.039977       0.505055       1543977480     37789          1543977496     450861         1              
25             16.8051        16.272         0.000101       0.532921       1543977480     181790         1543977496     986861         1              
27             17.4874        16.756         0.023988       0.707414       1543977480     245787         1543977497     733236         1              
26             18.1755        17.496         0.067982       0.611432       1543977480     249786         1543977498     425239         1              
28             18.5927        18.0961        0.055937       0.440717       1543977480     361788         1543977498     954525         1              
29             19.0491        18.528         0.031972       0.489052       1543977480     469786         1543977499     518860         1              
30             19.3223        18.988         0.039972       0.294325       1543977480     553789         1543977499     876132         1              
31             19.6155        19.324         8.3e-05        0.291423       1543977480     585789         1543977500     201329         1              
34             20.0131        19.62          9.3e-05        0.392928       1543977480     617789         1543977500     630863         1              
32             20.5203        20.044         8.7e-05        0.476111       1543977480     629786         1543977501     150036         1              
33             20.8955        20.552         0.039979       0.303508       1543977480     637787         1543977501     533316         1              
35             21.2716        20.928         0.043976       0.299531       1543977480     645787         1543977501     917344         1              
36             21.5156        21.224         0.047986       0.243523       1543977480     741787         1543977502     257341         1              
37             21.9018        21.452         0.039972       0.409827       1543977480     837786         1543977502     739633         1              
38             22.2098        21.776         0.035982       0.397807       1543977481     5786           1543977503     215625         1              
39             22.5476        22.248         0.039968       0.259529       1543977481     9788           1543977503     557339         1              
40             22.8904        22.556         0.032043       0.30227        1543977481     41787          1543977503     932147         1              
41             23.2021        22.892         9e-05          0.310009       1543977481     73788          1543977504     275935         1              
42             23.4927        23.1601        0.004015       0.328655       1543977481     125787         1543977504     618528         1              
43             23.7355        23.452         0.035979       0.247521       1543977481     185788         1543977504     921327         1              
44             24.0651        23.644         8.5e-05        0.420948       1543977481     297789         1543977505     362859         1              
45             24.4251        23.984         0.031972       0.409048       1543977481     421786         1543977505     846858         1              
46             24.6862        24.416         0.031969       0.238133       1543977481     453788         1543977506     139939         1              
47             24.7276        24.4402        0.03181        0.255533       1543977481     721786         1543977506     449353         1              
48             25.1051        24.7001        9.2e-05        0.404923       1543977481     757787         1543977506     862862         1              
49             25.5211        25.0961        0.004023       0.420983       1543977481     773787         1543977507     294864         1              
50             25.7196        25.468         0.031982       0.219539       1543977481     861788         1543977507     581351         1              
51             25.9504        25.7229        0.031983       0.195539       1543977481     882956         1543977507     833341         1              
52             25.769         25.54          9.5e-05        0.228833       1543977482     317788         1543977508     86753          1              
54             26.2732        25.78          9.5e-05        0.493052       1543977482     345787         1543977508     618984         1              
53             26.8371        26.308         0.039971       0.489058       1543977482     349796         1543977509     186866         1              
55             27.0304        26.788         0.02796        0.214363       1543977482     413790         1543977509     444171         1              
56             27.4442        27.028         0.000113       0.416062       1543977482     449787         1543977509     894013         1              
57             27.5236        27.352         0.004039       0.167464       1543977482     565788         1543977510     89352          1              
58             27.376         27.288         0.024048       0.063958       1543977482     833786         1543977510     209835         1              
59             27.7482        27.2921        0.031962       0.424204       1543977482     937785         1543977510     686010         1              
60             28.0562        27.764         0.000112       0.292083       1543977482     957788         1543977511     14031          1              
61             27.8611        27.504         0.035973       0.321057       1543977483     533785         1543977511     394868         1              
62             28.0198        27.808         0.03598        0.17575        1543977483     601789         1543977511     621554         1              
63             28.1678        27.836         9.5e-05        0.331618       1543977483     789786         1543977511     957555         1              
64             28.4715        28.176         0.004052       0.291357       1543977483     821787         1543977512     293246         1              
65             28.7362        28.4601        9.4e-05        0.276055       1543977483     845787         1543977512     582005         1              
66             28.9578        28.72          0.008045       0.229753       1543977483     881786         1543977512     839635         1              
67             29.1327        28.9241        0.004031       0.204644       1543977483     937788         1543977513     70528          1              
68             29.4811        29.152         0.00806        0.321006       1543977483     949786         1543977513     430900         1              
69             29.6398        29.432         0.027989       0.179748       1543977484     25790          1543977513     665564         1              
70             29.8675        29.612         9.9e-05        0.2553         1543977484     85788          1543977513     953242         1              
71             29.4402        29.18          0.02797        0.232205       1543977484     773787         1543977514     214009         1              
72             29.4498        29.236         9.4e-05        0.213698       1543977485     9786           1543977514     459624         1              
73             29.6081        29.444         0.025994       0.138106       1543977485     33789          1543977514     641937         1              
74             29.5436        29.4161        0.012026       0.115465       1543977485     253788         1543977514     797338         1              
75             29.6818        29.448         0.031981       0.201827       1543977485     373788         1543977515     55637          1              
76             29.7767        29.652         8.9e-05        0.124613       1543977485     433793         1543977515     210526         1              
77             29.6397        29.552         0.024044       0.063656       1543977485     665788         1543977515     305527         1              
78             29.7847        29.66          8.1e-05        0.124622       1543977485     669788         1543977515     454524         1              
79             29.8441        29.756         0.024027       0.064067       1543977485     701789         1543977515     545938         1              
80             29.7394        29.668         0.008043       0.063331       1543977485     881789         1543977515     621206         1              
81             29.7168        29.592         8.3e-05        0.124627       1543977486     33788          1543977515     750548         1              
82             29.9115        29.704         9.6e-05        0.207305       1543977486     57787          1543977515     969242         1              
83             29.9421        29.804         9.6e-05        0.137995       1543977486     177788         1543977516     119932         1              
84             30.0158        29.952         8.4e-05        0.063645       1543977486     181790         1543977516     197552         1              
85             30.0835        29.884         9e-05          0.199304       1543977486     313786         1543977516     397237         1              
86             29.8923        29.8           0.011993       0.080225       1543977486     609789         1543977516     502047         1              
87             29.8597        29.796         8.6e-05        0.063559       1543977486     721787         1543977516     581480         1              
88             29.8599        29.796         9.5e-05        0.063722       1543977486     785788         1543977516     645647         1              
89             29.913         29.796         9.1e-05        0.11684        1543977486     849787         1543977516     762773         1              
90             29.8837        29.8195        8.6e-05        0.064131       1543977486     958366         1543977516     842064         1              
91             30.0881        29.892         8.9e-05        0.196011       1543977486     973829         1543977517     61937          1              
92             30.0755        29.872         8.6e-05        0.203313       1543977487     201787         1543977517     277246         1              
93             30.1514        30.048         8.4e-05        0.103313       1543977487     245788         1543977517     397228         1              
94             30.1673        30.052         0.012061       0.103142       1543977487     353791         1543977517     521048         1              
95             30.2122        30.1481        9.7e-05        0.064061       1543977487     373785         1543977517     586035         1              
96             30.076         29.9723        9.1e-05        0.103579       1543977487     613787         1543977517     689774         1              
97             30.1116        30.008         8.9e-05        0.103456       1543977487     681787         1543977517     793376         1              
98             29.8652        29.7996        8.7e-05        0.065475       1543977487     993790         1543977517     859006         1              
99             29.7728        29.6693        8.3e-05        0.103396       1543977488     189786         1543977517     962542         1              
