JobID          Runtime        getDevice      getProgram     runProgram     startTime_s    startTime_us   endTime_s      endTime_us     violation      0
-1             1.23824        0.000833       1.22528        0.012122       1543977463     86107          1543977464     324346         0              
-1             0.012154       5.9e-05        2.1e-05        0.012067       1543977466     519015         1543977466     531169         0              
-1             0.012149       3.8e-05        2.7e-05        0.012079       1543977466     635068         1543977466     647217         0              
-1             0.012177       4e-05          7.4e-05        0.012057       1543977466     751014         1543977466     763191         0              
-1             0.012135       3.8e-05        2.9e-05        0.012064       1543977466     867002         1543977466     879137         0              
0              0.012467       8.7e-05        2.5e-05        0.012334       1543977476     985206         1543977476     997673         0              
1              0.081097       0.011831       8.5e-05        0.069174       1543977476     985897         1543977477     66994          0              
2              0.163069       0.084042       0.005146       0.073873       1543977477     13788          1543977477     176857         0              
4              0.271538       0.172021       0.031987       0.067524       1543977477     21790          1543977477     293328         0              
5              0.398898       0.296023       0.035988       0.066882       1543977477     33786          1543977477     432684         0              
3              0.543069       0.452041       0.043972       0.04705        1543977477     37786          1543977477     580855         0              
6              0.727778       0.596017       0.043976       0.087769       1543977477     61800          1543977477     789578         0              
8              0.882354       0.764026       0.051987       0.066334       1543977477     85786          1543977477     968140         0              
10             1.03907        0.936021       0.047987       0.055056       1543977477     85787          1543977478     124858         0              
9              1.2478         1.06803        0.051988       0.127777       1543977477     89787          1543977478     337583         0              
11             1.38306        1.27603        0.051991       0.055035       1543977477     89794          1543977478     472857         0              
12             1.50306        1.40803        0.043983       0.051039       1543977477     93786          1543977478     596844         0              
7              1.72801        1.54005        0.051969       0.135993       1543977477     93787          1543977478     821802         0              
14             1.93441        1.75603        0.051985       0.126395       1543977477     125786         1543977479     60199          0              
16             2.05587        1.96083        0.04799        0.047044       1543977477     132985         1543977479     188852         1              
13             2.23506        2.08427        0.047744       0.10304        1543977477     137786         1543977479     372846         1              
15             2.41908        2.28002        0.087992       0.051052       1543977477     141785         1543977479     560861         1              
17             2.54402        2.42804        0.04798        0.067996       1543977477     209786         1543977479     753802         1              
18             2.76131        2.57204        0.047988       0.141273       1543977477     217787         1543977479     979092         1              
19             2.92401        2.76003        0.047982       0.115992       1543977477     253785         1543977480     177795         1              
20             3.03907        2.94803        0.043981       0.047057       1543977477     281787         1543977480     320859         1              
21             3.14707        3.06003        0.043976       0.043047       1543977477     285788         1543977480     432854         1              
22             3.30347        3.21242        0.043983       0.047051       1543977477     293393         1543977480     596859         1              
23             3.41507        3.32803        0.043981       0.043052       1543977477     305785         1543977480     720856         1              
24             3.58           3.46403        0.043991       0.043037       1543977477     309786         1543977480     889785         1              
25             3.67435        3.57603        0.043985       0.054324       1543977477     317788         1543977480     992134         1              
26             3.82334        3.71604        0.047973       0.059326       1543977477     329787         1543977481     153131         1              
28             3.96708        3.84003        0.043985       0.08305        1543977477     333785         1543977481     300861         1              
27             4.10307        4.01604        0.043977       0.043049       1543977477     337787         1543977481     440855         1              
29             4.36401        4.14803        0.047979       0.167991       1543977477     349789         1543977481     713798         1              
30             4.44307        4.40003        9.7e-05        0.042937       1543977477     357787         1543977481     800858         1              
31             4.60334        4.49603        0.051986       0.055313       1543977477     365786         1543977481     969122         1              
34             4.72707        4.64403        0.035235       0.047797       1543977477     373786         1543977482     100854         1              
32             4.84306        4.76004        2.2e-05        0.082995       1543977477     377786         1543977482     220849         1              
33             4.99934        4.87604        0.047971       0.075325       1543977477     377787         1543977482     377129         1              
35             5.1478         5.03204        0.046405       0.069342       1543977477     385793         1543977482     533588         1              
36             5.34504        5.18403        0.039985       0.121025       1543977477     389785         1543977482     734828         1              
37             5.49069        5.37602        0.035993       0.078665       1543977477     393786         1543977482     884473         1              
39             5.58349        5.48805        2.8e-05        0.095411       1543977477     409787         1543977482     993278         1              
40             5.832          5.63604        0.047972       0.147987       1543977477     409788         1543977483     241792         1              
38             5.98865        5.86403        0.039988       0.084626       1543977477     409788         1543977483     398434         1              
41             6.13547        5.98803        0.035979       0.111455       1543977477     421787         1543977483     557257         1              
43             6.3429         6.18403        0.039988       0.118878       1543977477     429787         1543977483     772687         1              
42             6.46307        6.38404        0.039976       0.039051       1543977477     429787         1543977483     892856         1              
44             6.67107        6.48803        0.043972       0.139055       1543977477     437791         1543977484     108859         1              
46             6.85744        6.71603        2e-05          0.141391       1543977477     453787         1543977484     311232         1              
45             7.07678        6.90804        0.043986       0.124745       1543977477     457786         1543977484     534565         1              
47             7.22002        7.09604        2.2e-05        0.123955       1543977477     473787         1543977484     693804         1              
48             7.35133        7.24802        0.047986       0.055315       1543977477     485793         1543977484     837122         1              
49             7.47035        7.37604        0.039977       0.054326       1543977477     497787         1543977484     968136         1              
51             7.58334        7.49602        0.035992       0.051316       1543977477     501787         1543977485     85125          1              
50             7.73118        7.61202        0.031992       0.087161       1543977477     509786         1543977485     240965         1              
53             7.88001        7.71604        0.039977       0.123991       1543977477     537789         1543977485     417803         1              
52             7.95905        7.88802        0.03598        0.035042       1543977477     553796         1543977485     512846         1              
54             8.07107        7.99203        0.035984       0.043055       1543977477     557786         1543977485     628857         1              
57             8.20706        8.09604        0.075992       0.035029       1543977477     557787         1543977485     764850         1              
55             8.42001        8.24005        0.03997        0.139989       1543977477     561787         1543977485     981799         1              
56             8.58401        8.44804        0.031971       0.103988       1543977477     561790         1543977486     145795         1              
58             8.71602        8.55603        0.043979       0.115998       1543977477     597786         1543977486     313802         1              
59             8.74002        8.65606        0.031985       0.051968       1543977477     685786         1543977486     425804         1              
60             8.91526        8.78381        0.063978       0.067469       1543977477     698019         1543977486     613279         1              
62             9.08537        8.89602        0.071985       0.117354       1543977477     749790         1543977486     835161         1              
61             9.22001        9.10803        0.000114       0.111854       1543977477     769786         1543977486     989799         1              
63             9.33507        9.23604        0.047975       0.051044       1543977477     773786         1543977487     108855         1              
64             9.4392         9.33603        0.031975       0.071186       1543977477     777788         1543977487     216988         1              
65             9.60401        9.47204        0.039977       0.091987       1543977477     781787         1543977487     385801         1              
67             9.80714        9.64404        0.031974       0.131119       1543977477     793787         1543977487     600924         1              
66             9.84706        9.81604        4.2e-05        0.030981       1543977477     797786         1543977487     644851         1              
69             9.95934        9.87204        0.035973       0.051326       1543977477     801787         1543977487     761131         1              
68             10.1979        9.98004        0.031972       0.185851       1543977477     801787         1543977487     999657         1              
70             10.3113        10.228         0.035976       0.047314       1543977477     805787         1543977488     117118         1              
71             10.3551        10.244         0.051972       0.059047       1543977477     881785         1543977488     236854         1              
73             10.4383        10.368         0.031978       0.038325       1543977477     897785         1543977488     336131         1              
72             10.5231        10.46          0.028047       0.034981       1543977477     897786         1543977488     420855         1              
74             10.68          10.532         0.03597        0.111995       1543977477     917788         1543977488     597800         1              
75             10.7709        10.684         0.031984       0.05491        1543977477     925791         1543977488     696713         1              
76             10.8793        10.804         0.031981       0.04332        1543977477     937787         1543977488     817126         1              
78             10.9111        10.876         8.5e-05        0.034952       1543977477     969787         1543977488     880853         1              
77             10.9831        10.92          0.027989       0.035059       1543977477     973786         1543977488     956859         1              
79             11.0911        11.012         0.027978       0.051043       1543977477     973786         1543977489     64848          1              
80             11.24          11.112         0.031982       0.095995       1543977477     981789         1543977489     221799         1              
82             11.2991        11.264         9.4e-05        0.034928       1543977477     993785         1543977489     292857         1              
81             11.4           11.292         0.000353       0.107622       1543977478     9788           1543977489     409801         1              
83             11.4671        11.396         0.027974       0.043048       1543977478     17786          1543977489     484854         1              
84             11.584         11.508         8.6e-05        0.075881       1543977478     25786          1543977489     609805         1              
85             11.696         11.58          0.027974       0.087996       1543977478     33788          1543977489     729799         1              
86             11.84          11.716         0.031981       0.091996       1543977478     61792          1543977489     901800         1              
88             11.9233        11.856         0.027979       0.039325       1543977478     77790          1543977490     1127           1              
89             12.0391        11.94          0.047977       0.051044       1543977478     85788          1543977490     124848         1              
87             12.1374        12.0784        0.027973       0.031048       1543977478     91445          1543977490     228854         1              
91             12.228         12.172         8.5e-05        0.05589        1543977478     101786         1543977490     329799         1              
90             12.3471        12.256         0.04798        0.043046       1543977478     105786         1543977490     452848         1              
93             12.4355        12.3287        0.047301       0.059496       1543977478     125786         1543977490     561309         1              
95             12.5399        12.4449        0.048219       0.046811       1543977478     132950         1543977490     672851         1              
92             12.66          12.56          8.2e-05        0.099882       1543977478     133788         1543977490     793799         1              
94             12.784         12.672         0.027976       0.083997       1543977478     145786         1543977490     929801         1              
96             12.876         12.772         0.03998        0.063993       1543977478     169786         1543977491     45799          1              
97             13.0111        12.912         0.047978       0.05105        1543977478     177788         1543977491     188854         1              
98             13.0633        13.024         9.2e-05        0.039213       1543977478     201788         1543977491     265126         1              
99             13.1511        13.068         0.047973       0.035049       1543977478     221786         1543977491     372854         1              
