JobID          Runtime        getDevice      getProgram     runProgram     startTime_s    startTime_us   endTime_s      endTime_us     violation      0
-1             0.831816       5.8e-05        0.831467       0.000285       1543977464     324399         1543977465     156215         0              
-1             0.00041        3.8e-05        8.8e-05        0.000278       1543977466     531192         1543977466     531602         0              
-1             0.000344       3.3e-05        2.8e-05        0.000276       1543977466     647239         1543977466     647583         0              
-1             0.000394       8.4e-05        2.8e-05        0.000278       1543977466     763212         1543977466     763606         0              
-1             0.000344       3.3e-05        3e-05          0.000277       1543977466     879157         1543977466     879501         0              
0              0.000602       0.000211       3.1e-05        0.000341       1543977476     983754         1543977476     984356         0              
1              0.000889       0.000552       2.7e-05        0.000301       1543977476     983906         1543977476     984795         0              
2              0.00823        8.2e-05        7.8e-05        0.008053       1543977476     986159         1543977476     994389         0              
3              0.011641       0.008144       3e-05          0.003449       1543977476     986339         1543977476     997980         0              
4              0.077322       0.02278        2.1e-05        0.054514       1543977476     989835         1543977477     67157          0              
6              0.095167       0.083202       0.001324       0.010633       1543977476     990635         1543977477     85802          0              
8              0.291171       0.172065       0.015876       0.058098       1543977476     992961         1543977477     284132         0              
7              0.422109       0.331287       0.031988       0.058828       1543977476     994529         1543977477     416638         0              
12             0.58811        0.503927       0.051961       0.032216       1543977476     997917         1543977477     586027         0              
10             0.791824       0.65589        0.059937       0.075989       1543977476     997974         1543977477     789798         0              
9              0.872299       0.832042       0.039969       0.000281       1543977477     1789           1543977477     874088         0              
5              0.924302       0.888047       0.035967       0.000281       1543977477     1789           1543977477     926091         0              
15             1.00031        0.956042       0.043978       0.000281       1543977477     5788           1543977478     6096           1              
13             1.1184         1.05017        0.043976       0.024251       1543977477     7652           1543977478     126057         1              
16             1.27466        1.16803        0.047987       0.058638       1543977477     9789           1543977478     284445         1              
11             1.36028        1.30805        0.047971       0.004258       1543977477     9787           1543977478     370068         1              
14             1.4615         1.4049         0.047986       0.008601       1543977477     12905          1543977478     474402         1              
20             1.53223        1.47605        0.047965       0.008208       1543977477     21788          1543977478     554018         1              
23             1.6323         1.58404        0.047972       0.00028        1543977477     21788          1543977478     654088         1              
18             1.72828        1.67604        0.04798        0.004259       1543977477     25787          1543977478     754066         1              
17             1.80831        1.76003        0.047997       0.000279       1543977477     29786          1543977478     838098         1              
35             2.02663        1.86404        0.051987       0.110596       1543977477     29786          1543977479     56416          1              
26             2.10826        2.06004        0.047967       0.000246       1543977477     29790          1543977479     138052         1              
28             2.34328        2.20003        0.047981       0.095268       1543977477     29791          1543977479     373071         1              
34             2.44799        2.39573        0.051984       0.000278       1543977477     30086          1543977479     478078         1              
24             2.5923         2.49603        0.056014       0.00028        1543977477     25787          1543977479     618087         1              
21             2.6993         2.64803        0.047983       0.003279       1543977477     33786          1543977479     733084         1              
19             2.7563         2.70803        0.047984       0.00028        1543977477     33786          1543977479     790089         1              
31             2.94203        2.81203        0.039983       0.090014       1543977477     33789          1543977479     975818         1              
33             3.05394        3.00567        0.047986       0.000279       1543977477     36138          1543977480     90081          1              
36             3.16432        3.11604        0.04799        0.000282       1543977477     37786          1543977480     202102         1              
22             3.28427        3.19603        0.047981       0.040249       1543977477     37786          1543977480     322054         1              
27             3.46027        3.36802        0.064021       0.000245       1543977477     37788          1543977480     498057         1              
38             3.56826        3.51625        0.051745       0.000245       1543977477     37795          1543977480     606051         1              
44             3.68279        3.61858        0.043985       0.020221       1543977477     39236          1543977480     722024         1              
41             3.74794        3.69568        0.051971       0.000278       1543977477     42142          1543977480     790082         1              
29             3.8603         3.86003        2.1e-05        0.000243       1543977477     37787          1543977480     898084         1              
37             3.94666        3.88804        0.047974       0.010638       1543977477     45786          1543977480     992443         1              
25             4.10827        4.01603        0.047985       0.044248       1543977477     45786          1543977481     154052         1              
39             4.21623        4.16401        0.047989       0.00422        1543977477     45793          1543977481     262022         1              
45             4.31008        4.25781        0.051986       0.000276       1543977477     47999          1543977481     358081         1              
30             4.39631        4.34803        0.047985       0.00028        1543977477     49785          1543977481     446090         1              
32             4.46027        4.41603        0.043983       0.000246       1543977477     49788          1543977481     510054         1              
47             4.65062        4.53604        0.047977       0.066606       1543977477     49786          1543977481     700410         1              
50             4.75223        4.68802        0.043985       0.020219       1543977477     49790          1543977481     802023         1              
52             4.83617        4.79204        0.043844       0.000273       1543977477     49792          1543977481     885959         1              
46             4.93224        4.84801        0.079989       0.004228       1543977477     49798          1543977481     982034         1              
42             5.00427        4.96004        0.043973       0.000245       1543977477     53787          1543977482     58055          1              
56             5.09507        5.04403        0.047985       0.003052       1543977477     53788          1543977482     148860         1              
40             5.18266        5.12004        0.03602        0.018635       1543977477     53788          1543977482     236444         1              
57             5.32425        5.23602        0.043988       0.04423        1543977477     57785          1543977482     382031         1              
48             5.40032        5.35204        0.04798        0.000301       1543977477     57786          1543977482     458107         1              
51             5.48027        5.44404        0.035977       0.000248       1543977477     57788          1543977482     538057         1              
53             5.67363        5.51203        0.047976       0.113609       1543977477     57791          1543977482     731417         1              
59             5.74025        5.70002        0.039981       0.000244       1543977477     57793          1543977482     798045         1              
55             5.81874        5.77447        0.043991       0.000277       1543977477     59344          1543977482     878087         1              
58             5.88883        5.83603        2.2e-05        0.052773       1543977477     61786          1543977482     950612         1              
43             5.95226        5.90803        0.043985       0.000244       1543977477     61787          1543977483     14050          1              
60             6.0483         6.00402        0.043988       0.000278       1543977477     65786          1543977483     114081         1              
49             6.1643         6.12003        0.043984       0.000277       1543977477     65786          1543977483     230087         1              
64             6.32559        6.20403        0.043984       0.07757        1543977477     65787          1543977483     391378         1              
54             6.46024        6.34005        0.035965       0.084221       1543977477     65786          1543977483     526027         1              
65             6.56029        6.51602        0.043988       0.000278       1543977477     69787          1543977483     630081         1              
66             6.69882        6.59602        0.039991       0.062796       1543977477     73786          1543977483     772603         1              
61             6.82024        6.75204        0.039969       0.028222       1543977477     73787          1543977483     894025         1              
69             7.03575        6.85604        0.04398        0.135732       1543977477     73786          1543977484     109540         1              
67             7.20023        7.05203        0.043988       0.104212       1543977477     77785          1543977484     278016         1              
70             7.2723         7.23203        0.039985       0.000277       1543977477     77786          1543977484     350082         1              
71             7.42761        7.31604        0.035977       0.075592       1543977477     81786          1543977484     509396         1              
78             7.4803         7.44003        0.039979       0.000279       1543977477     81786          1543977484     562083         1              
62             7.60826        7.57203        0.035983       0.000244       1543977477     81788          1543977484     690047         1              
68             7.68025        7.63603        0.039985       0.004226       1543977477     85787          1543977484     766033         1              
79             7.78829        7.70803        0.040009       0.000277       1543977477     85789          1543977484     874082         1              
74             7.85247        7.79204        0.035971       0.024458       1543977477     85792          1543977484     938262         1              
73             7.92429        7.88403        0.039983       0.000277       1543977477     89787          1543977485     14079          1              
63             8.03228        7.95604        0.03601        0.004263       1543977477     89788          1543977485     122069         1              
92             8.14344        8.05266        0.035985       0.054785       1543977477     93150          1543977485     236589         1              
81             8.1883         8.15204        0.035976       0.000282       1543977477     93786          1543977485     282086         1              
75             8.26826        8.23203        0.035984       0.000245       1543977477     93788          1543977485     362048         1              
72             8.34026        8.30402        0.035986       0.000247       1543977477     93788          1543977485     434052         1              
82             8.4163         8.37603        0.039983       0.000277       1543977477     97785          1543977485     514082         1              
80             8.53227        8.46003        0.039984       0.032248       1543977477     97785          1543977485     630051         1              
76             8.61229        8.57603        0.036002       0.000249       1543977477     97787          1543977485     710074         1              
98             8.70055        8.63632        0.040021       0.000245       1543977477     101513         1543977485     802061         1              
83             8.77632        8.74005        0.035981       0.000281       1543977477     101785         1543977485     878102         1              
86             8.82429        8.78404        0.039989       0.000249       1543977477     101787         1543977485     926074         1              
77             8.89103        8.8588         0.03198        0.000248       1543977477     103026         1543977485     994057         1              
91             8.94827        8.90405        0.043965       0.000247       1543977477     105787         1543977486     54054          1              
94             8.99633        8.96002        0.036027       0.000277       1543977477     105788         1543977486     102121         1              
95             9.04433        9.00807        0.035974       0.000282       1543977477     109786         1543977486     154120         1              
87             9.15225        9.08403        0.063983       0.00423        1543977477     109786         1543977486     262033         1              
85             9.2443         9.19604        0.047973       0.000279       1543977477     109789         1543977486     354091         1              
84             9.3076         9.26005        0.027963       0.019574       1543977477     109789         1543977486     417384         1              
93             9.40027        9.36003        0.039989       0.000245       1543977477     109792         1543977486     510062         1              
96             9.46552        9.42405        0.01998        0.021485       1543977477     113787         1543977486     579308         1              
97             9.56904        9.51203        0.043985       0.013023       1543977477     117787         1543977486     686830         1              
88             9.7133         9.59604        0.039977       0.077277       1543977477     121786         1543977486     835082         1              
89             9.7963         9.75604        0.039975       0.000279       1543977477     125786         1543977486     922086         1              
90             9.82843        9.82804        0.000111       0.000279       1543977477     129785         1543977486     958219         1              
99             9.88026        9.84404        0.035975       0.000241       1543977477     133788         1543977487     14051          1              
