JobID          Runtime        getDevice      getProgram     runProgram     startTime_s    startTime_us   endTime_s      endTime_us     violation      0
-1             0.897266       0.000863       0.885838       0.010559       1543976999     481808         1543977000     379074         0              
-1             0.010595       5.7e-05        2.1e-05        0.010512       1543977001     860680         1543977001     871275         0              
-1             0.010577       3.8e-05        2.8e-05        0.010505       1543977001     935790         1543977001     946367         0              
-1             0.010616       3.5e-05        7.6e-05        0.0105         1543977002     10729          1543977002     21345          0              
-1             0.010585       4.2e-05        2.4e-05        0.010514       1543977002     85755          1543977002     96340          0              
0              0.013776       9.2e-05        7.4e-05        0.013602       1543977012     172147         1543977012     185923         0              
1              0.013766       8.1e-05        2.3e-05        0.013653       1543977012     199811         1543977012     213577         0              
2              0.013939       8.2e-05        2.4e-05        0.013819       1543977012     229646         1543977012     243585         0              
3              0.014056       0.003047       7.8e-05        0.010923       1543977012     240616         1543977012     254672         0              
4              0.019498       7.5e-05        2.1e-05        0.019391       1543977012     335483         1543977012     354981         0              
5              0.015671       0.001223       7.6e-05        0.012031       1543977012     351465         1543977012     367136         0              
6              0.074535       8e-05          2.5e-05        0.074422       1543977012     591367         1543977012     665902         0              
7              0.056089       0.020451       2.1e-05        0.03561        1543977012     741788         1543977012     797877         0              
8              0.010875       6.6e-05        6.5e-05        0.010738       1543977012     818187         1543977012     829062         0              
9              0.113377       0.032045       0.031974       0.049351       1543977012     841788         1543977012     955165         0              
10             0.212051       0.080059       2.3e-05        0.131963       1543977012     881788         1543977013     93839          0              
11             0.121041       0.036013       0.035994       0.049024       1543977013     309788         1543977013     430829         0              
12             0.078895       0.037096       2.9e-05        0.041761       1543977013     393785         1543977013     472680         0              
13             0.108489       0.036022       0.00799        0.06447        1543977013     453786         1543977013     562275         0              
14             0.026516       4.9e-05        1.5e-05        0.026446       1543977013     658134         1543977013     684650         0              
15             0.051335       0.012051       0.000136       0.039142       1543977013     861786         1543977013     913121         0              
16             0.12578        0.068031       0.031982       0.025762       1543977013     865788         1543977013     991568         0              
17             0.142509       0.036025       1.8e-05        0.106458       1543977013     989785         1543977014     132294         0              
18             0.072875       0.032029       0.008114       0.032724       1543977014     261788         1543977014     334663         0              
19             0.122878       0.07203        0.023981       0.026858       1543977014     285788         1543977014     408666         0              
20             0.158571       0.119277       0.028733       0.010551       1543977014     289789         1543977014     448360         0              
21             0.187553       0.164026       1.9e-05        0.023499       1543977014     313786         1543977014     501339         0              
22             0.195363       0.16002        0.008007       0.027329       1543977014     345788         1543977014     541151         0              
23             0.026314       0.000494       7.1e-05        0.025742       1543977014     553788         1543977014     580102         0              
24             0.039801       0.028436       2e-05          0.011326       1543977014     569790         1543977014     609591         0              
25             0.053073       0.039875       1.6e-05        0.013177       1543977014     569807         1543977014     622880         0              
26             0.012631       9.3e-05        2.5e-05        0.012504       1543977014     765087         1543977014     777718         0              
27             0.012562       8.3e-05        2.4e-05        0.012443       1543977014     913932         1543977014     926494         0              
28             0.012761       0.000233       8.8e-05        0.012433       1543977014     926327         1543977014     939088         0              
29             0.012594       0.000128       2.5e-05        0.012434       1543977014     991977         1543977015     4571           0              
30             0.012559       8.7e-05        2.3e-05        0.01244        1543977015     64001          1543977015     76560          0              
31             0.012604       8.4e-05        2.5e-05        0.012483       1543977015     89632          1543977015     102236         0              
32             0.016923       0.004452       2.8e-05        0.012437       1543977015     97859          1543977015     114782         0              
33             0.012614       9.1e-05        7.3e-05        0.012443       1543977015     359894         1543977015     372508         0              
34             0.01261        0.000131       2.5e-05        0.012444       1543977015     513357         1543977015     525967         0              
35             0.012571       8.6e-05        2.5e-05        0.012454       1543977015     730455         1543977015     743026         0              
36             0.012585       8.6e-05        2.4e-05        0.01246        1543977015     818585         1543977015     831170         0              
37             0.02047        0.008018       2.7e-05        0.012418       1543977015     823232         1543977015     843702         0              
38             0.012623       9e-05          7.5e-05        0.012449       1543977015     897208         1543977015     909831         0              
39             0.012618       0.000138       2.6e-05        0.012441       1543977016     27036          1543977016     39654          0              
40             0.022168       0.009885       2.4e-05        0.012252       1543977016     29840          1543977016     52008          0              
41             0.012566       9.2e-05        2.6e-05        0.01244        1543977016     207077         1543977016     219643         0              
42             0.012555       8.2e-05        2.5e-05        0.01244        1543977016     240264         1543977016     252819         0              
43             0.012609       8.5e-05        7.2e-05        0.012443       1543977016     417215         1543977016     429824         0              
44             0.110933       9e-05          2.5e-05        0.110805       1543977016     465708         1543977016     576641         0              
45             0.056069       0.043949       2.6e-05        0.012084       1543977016     532747         1543977016     588816         0              
46             0.053065       0.042511       2.4e-05        0.010519       1543977016     546366         1543977016     599431         0              
47             0.016666       0.00424        7.5e-05        0.012344       1543977016     595263         1543977016     611929         0              
48             0.012665       0.000142       2.6e-05        0.012488       1543977016     705547         1543977016     718212         0              
49             0.012555       8.9e-05        2.5e-05        0.012433       1543977016     749853         1543977016     762408         0              
50             0.012543       8.9e-05        2.5e-05        0.012422       1543977016     815193         1543977016     827736         0              
51             0.012543       8.5e-05        2.5e-05        0.012427       1543977016     879383         1543977016     891926         0              
52             0.012639       9e-05          7.3e-05        0.012468       1543977017     10699          1543977017     23338          0              
53             0.012633       0.00015        3.3e-05        0.012442       1543977017     264498         1543977017     277131         0              
54             0.012564       8.9e-05        2.5e-05        0.012441       1543977017     400062         1543977017     412626         0              
55             0.012365       7e-05          1.9e-05        0.012268       1543977017     429502         1543977017     441867         0              
56             0.012564       8.9e-05        2.4e-05        0.012443       1543977017     736283         1543977017     748847         0              
57             0.022138       0.000136       2.6e-05        0.021965       1543977017     982911         1543977018     5049           0              
58             0.012349       8.3e-05        2.2e-05        0.012234       1543977018     5011           1543977018     17360          0              
59             0.017143       0.004645       2.8e-05        0.012461       1543977018     12794          1543977018     29937          0              
60             0.012565       9e-05          2.6e-05        0.012439       1543977018     275160         1543977018     287725         0              
61             0.012378       7.1e-05        6.5e-05        0.012229       1543977018     419018         1543977018     431396         0              
62             0.019264       0.006936       2.8e-05        0.012293       1543977018     424533         1543977018     443797         0              
63             0.012528       8.2e-05        2.4e-05        0.012414       1543977018     495627         1543977018     508155         0              
64             0.012582       8.6e-05        2.4e-05        0.012463       1543977018     668426         1543977018     681008         0              
65             0.012639       8.4e-05        7.2e-05        0.012475       1543977018     762486         1543977018     775125         0              
66             0.012614       0.000135       2.6e-05        0.012443       1543977018     793060         1543977018     805674         0              
67             0.106132       8.5e-05        2.4e-05        0.10601        1543977018     860243         1543977018     966375         0              
68             0.021308       0.009007       3.2e-05        0.012257       1543977018     957439         1543977018     978747         0              
69             0.019399       0.008544       8.1e-05        0.010762       1543977018     970279         1543977018     989678         0              
70             0.021089       0.008794       3.4e-05        0.012255       1543977018     980958         1543977019     2047           0              
71             0.012372       7e-05          2.1e-05        0.012274       1543977019     10574          1543977019     22946          0              
72             0.012573       9.3e-05        2.5e-05        0.012444       1543977019     36845          1543977019     49418          0              
73             0.014454       0.002083       2.7e-05        0.012337       1543977019     47410          1543977019     61864          0              
74             0.012408       6.6e-05        7.4e-05        0.01226        1543977019     68298          1543977019     80706          0              
75             0.012625       0.000144       2.6e-05        0.012446       1543977019     183418         1543977019     196043         0              
76             0.058703       8.6e-05        2.4e-05        0.058584       1543977019     342599         1543977019     401302         0              
77             0.01259        9e-05          2.4e-05        0.012467       1543977019     565506         1543977019     578096         0              
78             0.012629       9e-05          7.2e-05        0.012459       1543977019     810260         1543977019     822889         0              
79             0.012615       0.000136       2.7e-05        0.012445       1543977019     901268         1543977019     913883         0              
80             0.012569       9e-05          3e-05          0.012441       1543977020     29902          1543977020     42471          0              
81             0.012564       8.7e-05        2.5e-05        0.012444       1543977020     89284          1543977020     101848         0              
82             0.012624       9.7e-05        2.7e-05        0.012492       1543977020     232080         1543977020     244704         0              
83             0.012687       0.000108       8.4e-05        0.012484       1543977020     397391         1543977020     410078         0              
84             0.012647       0.000143       2.5e-05        0.012472       1543977020     493544         1543977020     506191         0              
85             0.012565       8.8e-05        2.4e-05        0.012444       1543977020     630104         1543977020     642669         0              
86             0.012583       8.6e-05        2.4e-05        0.012459       1543977020     743263         1543977020     755846         0              
87             0.016315       0.003844       2.8e-05        0.012434       1543977020     752081         1543977020     768396         0              
88             0.012622       8.6e-05        7.3e-05        0.01245        1543977020     901338         1543977020     913960         0              
89             0.017555       0.005085       2.7e-05        0.012436       1543977020     908950         1543977020     926505         0              
90             0.012572       9.1e-05        2.6e-05        0.012446       1543977021     96149          1543977021     108721         0              
91             0.012568       8.6e-05        2.4e-05        0.012448       1543977021     235596         1543977021     248164         0              
92             0.012586       9.4e-05        2.6e-05        0.012457       1543977021     746272         1543977021     758858         0              
93             0.012633       0.000106       7.2e-05        0.012448       1543977021     825773         1543977021     838406         0              
94             0.012493       0.000111       1.9e-05        0.012356       1543977021     850288         1543977021     862781         0              
95             0.012473       7.5e-05        2.2e-05        0.012369       1543977021     889878         1543977021     902351         0              
96             0.012566       8.6e-05        2.5e-05        0.012447       1543977021     966372         1543977021     978938         0              
97             0.012575       8.9e-05        2.8e-05        0.012449       1543977022     381643         1543977022     394218         0              
98             0.012607       8.5e-05        7.1e-05        0.012441       1543977022     424762         1543977022     437369         0              
99             0.012472       0.000151       3.2e-05        0.012279       1543977022     442872         1543977022     455344         0              
