JobID          Runtime        getDevice      getProgram     runProgram     startTime_s    startTime_us   endTime_s      endTime_us     violation      0
-1             0.954185       5.8e-05        0.8886         0.065518       1543977000     906426         1543977001     860611         0              
-1             0.064079       8.6e-05        1.7e-05        0.063969       1543977001     871688         1543977001     935767         0              
-1             0.063997       3.9e-05        1.9e-05        0.063933       1543977001     946711         1543977002     10708          0              
-1             0.064004       3.8e-05        2.7e-05        0.063933       1543977002     21731          1543977002     85735          0              
-1             0.064048       3.8e-05        6.7e-05        0.063939       1543977002     96682          1543977002     160730         0              
0              0.081384       0.000145       2.6e-05        0.081204       1543977012     269305         1543977012     350689         0              
1              0.12159        8.8e-05        2.7e-05        0.121468       1543977012     544618         1543977012     666208         0              
2              0.27269        0.032047       0.004123       0.236512       1543977012     853788         1543977013     126478         0              
3              0.461538       0.176036       0.035971       0.249523       1543977012     965789         1543977013     427327         0              
4              0.244525       0.052042       0.008006       0.172499       1543977013     917786         1543977014     162311         0              
5              0.285356       0.128027       2e-05          0.157303       1543977014     45789          1543977014     331145         0              
6              0.124461       0.000141       2.4e-05        0.124287       1543977016     452342         1543977016     576803         0              
7              0.115847       9.4e-05        7.8e-05        0.115666       1543977017     885656         1543977018     1503           0              
8              0.067399       9.1e-05        2.7e-05        0.067272       1543977018     671307         1543977018     738706         0              
9              0.121526       9.4e-05        2.9e-05        0.121393       1543977018     844980         1543977018     966506         0              
10             0.120025       9.4e-05        2.4e-05        0.119898       1543977019     281313         1543977019     401338         0              
11             0.108895       8.8e-05        2.4e-05        0.108774       1543977023     523132         1543977023     632027         0              
12             0.106612       8.6e-05        2.4e-05        0.106493       1543977024     331380         1543977024     437992         0              
13             0.106478       8.5e-05        2.4e-05        0.10636        1543977025     25313          1543977025     131791         0              
14             0.106643       8.5e-05        7.4e-05        0.106474       1543977026     943351         1543977027     49994          0              
15             0.104888       0.000131       1.9e-05        0.104726       1543977028     952117         1543977029     57005          0              
16             0.116687       0.053127       2.7e-05        0.063524       1543977029     3942           1543977029     120629         0              
17             0.106618       9.7e-05        2.5e-05        0.106488       1543977030     196222         1543977030     302840         0              
18             0.107088       0.000133       2.7e-05        0.106916       1543977033     92140          1543977033     199228         0              
19             0.106439       9e-05          8.1e-05        0.106255       1543977033     309196         1543977033     415635         0              
20             0.120475       0.056509       2.4e-05        0.063929       1543977033     359194         1543977033     479669         0              
21             0.149801       0.046486       2.2e-05        0.103285       1543977033     433248         1543977033     583049         0              
22             0.106496       9.6e-05        2.5e-05        0.106367       1543977033     894879         1543977034     1375           0              
23             0.106682       9.6e-05        2.6e-05        0.106547       1543977035     958183         1543977036     64865          0              
24             0.068235       0.001374       8e-05          0.066772       1543977036     63573          1543977036     131808         0              
25             0.106691       0.000144       2.6e-05        0.106511       1543977036     135665         1543977036     242356         0              
26             0.103671       9.6e-05        0.000167       0.103398       1543977038     176120         1543977038     279791         0              
27             0.106639       9.6e-05        2.5e-05        0.106509       1543977039     663410         1543977039     770049         0              
28             0.106491       9.3e-05        2.5e-05        0.106364       1543977039     786420         1543977039     892911         0              
29             0.106743       9.6e-05        7.5e-05        0.106564       1543977040     441889         1543977040     548632         0              
30             0.106949       0.000214       2.8e-05        0.106695       1543977041     160605         1543977041     267554         0              
31             0.106511       9.8e-05        2.6e-05        0.106374       1543977041     415747         1543977041     522258         0              
32             0.089674       0.025728       2.5e-05        0.063913       1543977041     496595         1543977041     586269         0              
33             0.106654       9.8e-05        2.5e-05        0.106522       1543977044     115388         1543977044     222042         0              
34             0.106616       9.8e-05        8.2e-05        0.106428       1543977045     648958         1543977045     755574         0              
35             0.106706       0.000149       2.5e-05        0.106524       1543977047     818626         1543977047     925332         0              
36             0.106503       9.6e-05        2.4e-05        0.106369       1543977048     698395         1543977048     804898         0              
37             0.136667       0.061488       2.8e-05        0.075144       1543977048     743477         1543977048     880144         0              
38             0.106848       9.9e-05        2.8e-05        0.106711       1543977049     481887         1543977049     588735         0              
39             0.106506       9.6e-05        7.5e-05        0.106323       1543977050     778807         1543977050     885313         0              
40             0.143677       0.079647       2.9e-05        0.063991       1543977050     805730         1543977050     949407         0              
41             0.067066       0.000108       2.7e-05        0.066922       1543977052     576539         1543977052     643605         0              
42             0.067338       9.3e-05        2.5e-05        0.067211       1543977052     907259         1543977052     974597         0              
43             0.067036       9.9e-05        2.9e-05        0.066899       1543977054     675455         1543977054     742491         0              
44             0.066886       8.8e-05        8.1e-05        0.066708       1543977055     159022         1543977055     225908         0              
45             0.067057       0.000153       2.5e-05        0.066869       1543977055     827791         1543977055     894848         0              
46             0.066777       8.8e-05        2.6e-05        0.066656       1543977055     962473         1543977056     29250          0              
47             0.067101       9.4e-05        2.5e-05        0.066974       1543977056     450215         1543977056     517316         0              
48             0.066622       9e-05          2.5e-05        0.066498       1543977057     551563         1543977057     618185         0              
49             0.066909       9.9e-05        8.5e-05        0.066716       1543977057     993284         1543977058     60193          0              
50             0.066779       0.00014        2.4e-05        0.066605       1543977058     645067         1543977058     711846         0              
51             0.066801       9.2e-05        2.5e-05        0.066675       1543977059     285770         1543977059     352571         0              
52             0.067083       9.3e-05        2.5e-05        0.066956       1543977060     597412         1543977060     664495         0              
53             0.067411       0.000117       2.6e-05        0.067257       1543977063     134007         1543977063     201418         0              
54             0.066976       9.6e-05        8.2e-05        0.066788       1543977064     488205         1543977064     555181         0              
55             0.067058       0.00014        2.4e-05        0.066883       1543977064     781301         1543977064     848359         0              
56             0.066919       9.7e-05        2.5e-05        0.066789       1543977067     847614         1543977067     914533         0              
57             0.066773       9.4e-05        2.5e-05        0.066645       1543977070     312644         1543977070     379417         0              
58             0.067213       9.1e-05        2.6e-05        0.067088       1543977070     518441         1543977070     585654         0              
59             0.067079       9e-05          7.7e-05        0.066904       1543977070     594851         1543977070     661930         0              
60             0.067018       0.000187       2.7e-05        0.066793       1543977073     217075         1543977073     284093         0              
61             0.067047       9.5e-05        2.5e-05        0.066915       1543977074     654258         1543977074     721305         0              
62             0.077288       0.013205       2.7e-05        0.064046       1543977074     708179         1543977074     785467         0              
63             0.067155       9.5e-05        2.5e-05        0.067025       1543977075     417842         1543977075     484997         0              
64             0.067284       9.4e-05        7.7e-05        0.067104       1543977077     144247         1543977077     211531         0              
65             0.067028       0.000153       2.5e-05        0.066841       1543977078     83689          1543977078     150717         0              
66             0.066837       8.9e-05        2.6e-05        0.066712       1543977078     388060         1543977078     454897         0              
67             0.066984       9.4e-05        2.5e-05        0.066857       1543977079     58490          1543977079     125474         0              
68             0.067174       9.4e-05        2.5e-05        0.067046       1543977080     29455          1543977080     96629          0              
69             0.066823       8.5e-05        7.3e-05        0.066657       1543977080     156336         1543977080     223159         0              
70             0.067116       0.000138       2.5e-05        0.066946       1543977080     261934         1543977080     329050         0              
71             0.06672        9.7e-05        2.6e-05        0.066589       1543977080     556934         1543977080     623654         0              
72             0.067009       9e-05          2.9e-05        0.066881       1543977080     818065         1543977080     885074         0              
73             0.067073       9e-05          2.6e-05        0.066948       1543977080     922525         1543977080     989598         0              
74             0.067049       9.1e-05        7.5e-05        0.066874       1543977081     130295         1543977081     197344         0              
75             0.064337       0.000276       4.8e-05        0.064002       1543977082     279905         1543977082     344242         0              
76             0.06704        9.6e-05        2.6e-05        0.066909       1543977083     870333         1543977083     937373         0              
77             0.067025       9.5e-05        2.6e-05        0.066897       1543977086     98041          1543977086     165066         0              
78             0.066894       9.6e-05        2.5e-05        0.066765       1543977088     544185         1543977088     611079         0              
79             0.066782       9.5e-05        7.8e-05        0.0666         1543977089     453104         1543977089     519886         0              
80             0.067142       0.00017        2.6e-05        0.066939       1543977090     737846         1543977090     804988         0              
81             0.066991       9.4e-05        2.6e-05        0.066862       1543977091     330271         1543977091     397262         0              
82             0.067439       0.000122       2.9e-05        0.067278       1543977092     757052         1543977092     824491         0              
83             0.066811       9.9e-05        2.6e-05        0.066677       1543977094     408611         1543977094     475422         0              
84             0.066856       9.4e-05        7.9e-05        0.066673       1543977095     368618         1543977095     435474         0              
85             0.066844       0.000157       2.5e-05        0.066653       1543977096     732827         1543977096     799671         0              
86             0.06705        9.5e-05        2.6e-05        0.066921       1543977097     862999         1543977097     930049         0              
87             0.067021       9e-05          2.6e-05        0.066896       1543977097     949952         1543977098     16973          0              
88             0.066724       9.5e-05        2.5e-05        0.066596       1543977099     441256         1543977099     507980         0              
89             0.06503        7e-05          7.2e-05        0.06488        1543977099     516029         1543977099     581059         0              
90             0.067142       0.000156       2.6e-05        0.066952       1543977101     386444         1543977101     453586         0              
91             0.067159       0.000121       2.7e-05        0.067001       1543977102     779574         1543977102     846733         0              
92             0.066764       9.9e-05        2.5e-05        0.066632       1543977107     884999         1543977107     951763         0              
93             0.066525       9.4e-05        2.6e-05        0.066396       1543977108     678847         1543977108     745372         0              
94             0.066957       9.1e-05        8.1e-05        0.066775       1543977108     922991         1543977108     989948         0              
95             0.067065       0.000157       2.5e-05        0.066873       1543977109     318301         1543977109     385366         0              
96             0.067058       9.7e-05        2.7e-05        0.066925       1543977110     81794          1543977110     148852         0              
97             0.107065       0.000157       3e-05          0.106866       1543977114     233211         1543977114     340276         0              
98             0.105674       8.8e-05        2.5e-05        0.105553       1543977114     663421         1543977114     769095         0              
99             0.107012       0.000139       0.000103       0.106762       1543977114     843144         1543977114     950156         0              
