JobID          Runtime        getDevice      getProgram     runProgram     startTime_s    startTime_us   endTime_s      endTime_us     violation      0
-1             0.527241       8.9e-05        0.526896       0.00025        1543977000     379121         1543977000     906362         0              
-1             0.000377       3.5e-05        9.1e-05        0.000246       1543977001     871295         1543977001     871672         0              
-1             0.000311       3.4e-05        2.8e-05        0.000246       1543977001     946385         1543977001     946696         0              
-1             0.000354       8e-05          2.5e-05        0.000243       1543977002     21362          1543977002     21716          0              
-1             0.000308       3.2e-05        2.7e-05        0.000243       1543977002     96359          1543977002     96667          0              
0              0.000545       0.000197       2.8e-05        0.00031        1543977012     162393         1543977012     162938         0              
1              0.000412       7.9e-05        2.6e-05        0.000297       1543977012     165265         1543977012     165677         0              
2              0.00041        7.8e-05        2.6e-05        0.000296       1543977012     168374         1543977012     168784         0              
3              0.000404       5.6e-05        2.2e-05        0.000318       1543977012     169577         1543977012     169981         0              
4              0.006812       0.000145       2.6e-05        0.006627       1543977012     179221         1543977012     186033         0              
5              0.005705       0.005367       3.2e-05        0.000296       1543977012     180736         1543977012     186441         0              
6              0.004999       8.1e-05        2.6e-05        0.004883       1543977012     205063         1543977012     210062         0              
7              0.000467       7.8e-05        7.4e-05        0.000306       1543977012     219522         1543977012     219989         0              
8              0.000463       0.000128       2.6e-05        0.0003         1543977012     227540         1543977012     228003         0              
9              0.000426       7.5e-05        2.6e-05        0.000306       1543977012     229399         1543977012     229825         0              
10             0.006192       8.1e-05        2.6e-05        0.006076       1543977012     233886         1543977012     240078         0              
11             0.000419       7.6e-05        2.9e-05        0.000305       1543977012     276461         1543977012     276880         0              
12             0.047843       7.3e-05        2.3e-05        0.047731       1543977012     284705         1543977012     332548         0              
13             0.058324       0.040877       2.1e-05        0.017412       1543977012     291800         1543977012     350124         0              
14             0.040391       0.039123       2.4e-05        0.001234       1543977012     311075         1543977012     351466         0              
15             0.023989       0.020243       2.3e-05        0.003709       1543977012     331275         1543977012     355264         0              
16             0.032003       0.023403       7e-05          0.008519       1543977012     331916         1543977012     363919         0              
17             0.023501       0.020051       7.4e-05        0.003369       1543977012     343905         1543977012     367406         0              
18             0.000441       0.000124       2.4e-05        0.000284       1543977012     373020         1543977012     373461         0              
19             0.000376       6.9e-05        2.2e-05        0.000276       1543977012     375300         1543977012     375676         0              
20             0.000388       7.5e-05        2.4e-05        0.000281       1543977012     375889         1543977012     376277         0              
21             0.000344       5.2e-05        1.9e-05        0.000266       1543977012     376734         1543977012     377078         0              
22             0.000445       6.9e-05        7e-05          0.000298       1543977012     381485         1543977012     381930         0              
23             0.000473       0.000137       2.7e-05        0.0003         1543977012     402252         1543977012     402725         0              
24             0.000408       7.8e-05        2.5e-05        0.000295       1543977012     403446         1543977012     403854         0              
25             0.000388       7.4e-05        2.3e-05        0.000282       1543977012     404319         1543977012     404707         0              
26             0.000416       8.1e-05        2.6e-05        0.0003         1543977012     424873         1543977012     425289         0              
27             0.000467       8.2e-05        7.9e-05        0.000298       1543977012     439893         1543977012     440360         0              
28             0.000453       0.000121       2.5e-05        0.000297       1543977012     441247         1543977012     441700         0              
29             0.000413       8e-05          2.6e-05        0.000299       1543977012     447966         1543977012     448379         0              
30             0.00043        9.2e-05        2.9e-05        0.0003         1543977012     455276         1543977012     455706         0              
31             0.000416       8.5e-05        2.6e-05        0.000296       1543977012     457949         1543977012     458365         0              
32             0.000426       5.7e-05        6.9e-05        0.000292       1543977012     458874         1543977012     459300         0              
33             0.000462       0.000129       2.6e-05        0.000298       1543977012     485226         1543977012     485688         0              
34             0.000417       8.6e-05        2.6e-05        0.000298       1543977012     500710         1543977012     501127         0              
35             0.000413       8.1e-05        2.5e-05        0.000299       1543977012     522521         1543977012     522934         0              
36             0.000415       8.1e-05        2.6e-05        0.000299       1543977012     531471         1543977012     531886         0              
37             0.000485       7.9e-05        7e-05          0.000327       1543977012     532036         1543977012     532521         0              
38             0.000466       0.00013        2.6e-05        0.000301       1543977012     539550         1543977012     540016         0              
39             0.00042        8e-05          2.6e-05        0.000301       1543977012     552684         1543977012     553104         0              
40             0.00047        0.000106       2.8e-05        0.000328       1543977012     553073         1543977012     553543         0              
41             0.036776       8.2e-05        7.4e-05        0.036606       1543977012     570929         1543977012     607705         0              
42             0.04562        0.035482       7e-05          0.010055       1543977012     574376         1543977012     619996         0              
43             0.073961       0.027851       2.7e-05        0.046062       1543977012     592192         1543977012     666153         0              
44             0.092909       0.072697       0.019958       0.000247       1543977012     597141         1543977012     690050         0              
45             0.109263       0.108896       0.000116       0.00024        1543977012     604918         1543977012     714181         0              
46             0.136213       0.11987        0.016059       0.000275       1543977012     609948         1543977012     746161         0              
47             0.130064       0.129761       2e-05          0.000271       1543977012     620119         1543977012     750183         0              
48             0.130803       0.130533       2e-05          0.000239       1543977012     621463         1543977012     752266         0              
49             0.124365       0.124046       1.9e-05        0.000291       1543977012     637786         1543977012     762151         0              
50             0.152396       0.120404       2e-05          0.031965       1543977012     641787         1543977012     794183         0              
51             0.148471       0.148171       1.7e-05        0.000275       1543977012     649788         1543977012     798259         0              
52             0.132843       0.132551       1.6e-05        0.000268       1543977012     665792         1543977012     798635         0              
53             0.111882       0.111615       1.8e-05        0.00024        1543977012     689787         1543977012     801669         0              
54             0.104194       0.103923       2e-05          0.000242       1543977012     697785         1543977012     801979         0              
55             0.112339       0.096227       0.015867       0.00024        1543977012     705788         1543977012     818127         0              
56             0.100334       0.10005        2.5e-05        0.000247       1543977012     733787         1543977012     834121         0              
57             0.117764       0.097558       0.00814        0.012056       1543977012     752263         1543977012     870027         0              
58             0.190069       0.116049       0.023966       0.050048       1543977012     761788         1543977012     951857         0              
59             0.31611        0.200043       7.3e-05        0.115987       1543977012     765786         1543977013     81896          0              
60             0.340829       0.308034       2.1e-05        0.032764       1543977012     785788         1543977013     126617         0              
62             0.368262       0.332041       0.035971       0.000241       1543977012     801787         1543977013     170049         0              
61             0.452297       0.392033       0.036012       0.000281       1543977012     801789         1543977013     254086         0              
63             0.508573       0.468379       8.6e-05        0.032123       1543977012     813431         1543977013     322004         0              
64             0.598919       0.52962        0.023994       0.045299       1543977012     828203         1543977013     427122         0              
65             0.648243       0.636028       0.003529       0.008676       1543977012     829797         1543977013     478040         0              
66             0.712898       0.644027       0.015988       0.052876       1543977012     845786         1543977013     558684         0              
67             0.764269       0.73604        0.027971       0.000246       1543977012     845787         1543977013     610056         0              
69             0.768264       0.764043       0.003973       0.000239       1543977012     857788         1543977013     626052         0              
68             0.780304       0.780034       2.1e-05        0.000239       1543977012     857788         1543977013     638092         0              
70             0.800281       0.792016       0.007988       0.000272       1543977012     857798         1543977013     658079         0              
71             0.828303       0.828031       2e-05          0.000244       1543977012     861786         1543977013     690089         0              
74             0.876295       0.868043       0.007971       0.000275       1543977012     865789         1543977013     742084         0              
73             0.932285       0.896039       0.035968       0.000272       1543977012     865791         1543977013     798076         0              
72             0.980254       0.976026       0.003983       0.00024        1543977012     869791         1543977013     850045         0              
75             1.04029        0.996025       0.036005       0.000276       1543977012     885788         1543977013     926081         1              
76             1.04828        1.03604        0.011994       0.000239       1543977012     905786         1543977013     954067         1              
77             1.07404        1.06404        0.007987       0.002009       1543977012     917793         1543977013     991838         1              
78             1.18667        1.06003        0.027974       0.098654       1543977012     945790         1543977014     132456         1              
79             1.20851        1.18802        1.8e-05        0.020464       1543977012     953792         1543977014     162298         1              
81             1.2003         1.19205        0.007966       0.000281       1543977012     973789         1543977014     174094         1              
82             1.20174        1.20148        2.1e-05        0.000237       1543977012     976346         1543977014     178090         1              
80             1.33324        1.22004        0.007978       0.105214       1543977012     977786         1543977014     311022         1              
83             1.33225        1.31605        2.6e-05        0.016169       1543977013     17786          1543977014     350035         1              
84             1.34031        1.34004        2.3e-05        0.000239       1543977013     29787          1543977014     370095         1              
86             1.37118        1.34403        0.026862       0.000281       1543977013     37788          1543977014     408964         1              
85             1.38031        1.37603        0.003996       0.000272       1543977013     41787          1543977014     422099         1              
87             1.38829        1.38803        2e-05          0.000239       1543977013     41786          1543977014     430080         1              
88             1.39488        1.38403        0.010558       0.000284       1543977013     53791          1543977014     448666         1              
89             1.42385        1.40003        0.003985       0.019821       1543977013     73786          1543977014     497632         1              
90             1.4606         1.42038        0.028118       0.012086       1543977013     77296          1543977014     537895         1              
91             1.45237        1.45203        9.3e-05        0.000245       1543977013     101788         1543977014     554161         1              
93             1.43643        1.42003        0.000149       0.000276       1543977013     149787         1543977014     586221         1              
92             1.43685        1.43654        2.1e-05        0.000271       1543977013     149788         1543977014     586635         1              
94             1.44834        1.44804        2e-05          0.000271       1543977013     149792         1543977014     598130         1              
95             1.45264        1.44438        2.4e-05        0.00822        1543977013     153789         1543977014     606432         1              
96             1.44132        1.43184        2.1e-05        0.009449       1543977013     177788         1543977014     619111         1              
97             1.42529        1.42136        2.5e-05        0.003891       1543977013     197789         1543977014     623077         1              
99             1.41364        1.41333        2.5e-05        0.000269       1543977013     209789         1543977014     623424         1              
98             1.40195        1.40168        2.2e-05        0.000239       1543977013     221786         1543977014     623734         1              
