JobID          Runtime        getDevice      getProgram     runProgram     startTime_s    startTime_us   endTime_s      endTime_us     violation      0
-1             0.786128       5e-05          0.785828       0.000244       1544121919     931316         1544121920     717444         0              
-1             0.000312       3.5e-05        3.2e-05        0.000241       1544121922     18906          1544121922     19218          0              
-1             0.000303       3.2e-05        2.7e-05        0.00024        1544121922     93294          1544121922     93597          0              
-1             0.000349       8e-05          2.6e-05        0.00024        1544121922     167722         1544121922     168071         0              
-1             0.000302       3.1e-05        2.7e-05        0.00024        1544121922     242136         1544121922     242438         0              
0              0.000473       0.000128       2.8e-05        0.000307       1544121932     307546         1544121932     308019         0              
1              0.00041        8e-05          2.5e-05        0.000295       1544121932     309816         1544121932     310226         0              
2              0.00041        7.5e-05        2.4e-05        0.000301       1544121932     312116         1544121932     312526         0              
3              0.000469       0.0001         2.7e-05        0.000332       1544121932     312536         1544121932     313005         0              
4              0.000474       7.9e-05        9e-05          0.000295       1544121932     313134         1544121932     313608         0              
5              0.010231       9.8e-05        2.7e-05        0.010091       1544121932     317042         1544121932     327273         0              
6              0.013958       0.010175       2.3e-05        0.003742       1544121932     317236         1544121932     331194         0              
7              0.011048       0.010767       2.3e-05        0.000248       1544121932     320467         1544121932     331515         0              
8              0.007596       0.007214       7.3e-05        0.000295       1544121932     324369         1544121932     331965         0              
9              0.008128       0.007655       9.3e-05        0.000366       1544121932     324382         1544121932     332510         0              
10             0.006806       0.006492       2.3e-05        0.000273       1544121932     326045         1544121932     332851         0              
12             0.005353       0.005089       1.9e-05        0.000236       1544121932     327803         1544121932     333156         0              
11             0.001886       0.001617       1.7e-05        0.000243       1544121932     331577         1544121932     333463         0              
14             0.002656       0.002016       5.4e-05        0.000254       1544121932     331192         1544121932     333848         0              
13             0.002168       0.001838       5.4e-05        0.000263       1544121932     332053         1544121932     334221         0              
15             0.002496       0.002134       2.7e-05        0.000324       1544121932     332167         1544121932     334663         0              
16             0.001455       0.001186       1.8e-05        0.000244       1544121932     333520         1544121932     334975         0              
17             0.001052       0.000796       1.6e-05        0.000235       1544121932     334217         1544121932     335269         0              
18             0.000333       5.9e-05        2e-05          0.000242       1544121932     336496         1544121932     336829         0              
19             0.00045        0.000166       2.2e-05        0.000256       1544121932     336717         1544121932     337167         0              
20             0.000324       6.2e-05        1.9e-05        0.000238       1544121932     337200         1544121932     337524         0              
21             0.000334       5e-05          1.8e-05        0.000257       1544121932     337907         1544121932     338241         0              
22             0.0102         0.000299       9.4e-05        0.009796       1544121932     337999         1544121932     348199         0              
23             0.012768       0.008869       3e-05          0.003856       1544121932     339391         1544121932     352159         0              
24             0.010755       0.01041        3.1e-05        0.0003         1544121932     341809         1544121932     352564         0              
25             0.007103       0.006805       2.3e-05        0.000266       1544121932     345807         1544121932     352910         0              
26             0.006787       0.006472       2.6e-05        0.000281       1544121932     346502         1544121932     353289         0              
27             0.00037        7.2e-05        2.2e-05        0.000269       1544121932     354074         1544121932     354444         0              
28             0.000391       7e-05          2.3e-05        0.000289       1544121932     354994         1544121932     355385         0              
29             0.000384       7.3e-05        2.3e-05        0.000279       1544121932     355909         1544121932     356293         0              
30             0.009269       7.8e-05        2.3e-05        0.009154       1544121932     360471         1544121932     369740         0              
31             0.011986       0.0084         3.2e-05        0.003543       1544121932     361410         1544121932     373396         0              
32             0.040657       0.032023       2.4e-05        0.005053       1544121932     361805         1544121932     402462         0              
33             0.056834       0.045136       0.011438       0.00025        1544121932     365431         1544121932     422265         0              
34             0.10418        0.071929       0.031983       0.000245       1544121932     369873         1544121932     474053         0              
35             0.1842         0.135933       0.047988       0.000245       1544121932     369855         1544121932     554055         0              
36             0.263618       0.204109       0.047953       0.011551       1544121932     369738         1544121932     633356         0              
38             0.312296       0.272041       0.039969       0.000279       1544121932     381789         1544121932     694085         0              
39             0.376692       0.352041       2.5e-05        0.024619       1544121932     381791         1544121932     758483         0              
37             0.388361       0.38805        2.2e-05        0.000278       1544121932     385786         1544121932     774147         0              
40             0.436245       0.392039       0.04009        0.00411        1544121932     389788         1544121932     826033         0              
44             0.556257       0.436024       0.027983       0.092243       1544121932     405789         1544121932     962046         0              
41             0.60825        0.576041       0.027971       0.004231       1544121932     405788         1544121933     14038          0              
42             0.676234       0.632022       0.027979       0.016228       1544121932     405796         1544121933     82030          0              
47             0.741378       0.709172       0.027973       0.004228       1544121932     408657         1544121933     150035         0              
49             0.784263       0.75204        0.031973       0.000245       1544121932     409788         1544121933     194051         0              
45             0.864294       0.832055       0.020011       0.000279       1544121932     413788         1544121933     278082         0              
51             0.912292       0.884032       0.027974       0.000279       1544121932     413789         1544121933     326081         0              
43             0.991864       0.948023       0.031978       0.011856       1544121932     413794         1544121933     405658         0              
57             1.03225        1.00404        0.023977       0.004228       1544121932     417787         1544121933     450035         1              
50             1.15909        1.05603        0.031976       0.071077       1544121932     417790         1544121933     576881         1              
48             1.23229        1.19604        0.035968       0.000282       1544121932     417791         1544121933     650085         1              
54             1.30378        1.30348        5e-05          0.000244       1544121932     422326         1544121933     726104         1              
64             1.40026        1.31205        0.035961       0.052246       1544121932     425785         1544121933     826050         1              
58             1.46826        1.43203        0.035981       0.000245       1544121932     425786         1544121933     894047         1              
62             1.56026        1.52403        0.035982       0.000243       1544121932     425787         1544121933     986048         1              
59             1.63629        1.59603        0.039977       0.00028        1544121932     425788         1544121934     62083          1              
56             1.72           1.65972        0.059997       0.000277       1544121932     426088         1544121934     146089         1              
46             1.78427        1.74803        0.035979       0.000251       1544121932     421787         1544121934     206053         1              
53             1.84829        1.80803        0.039984       0.000278       1544121932     429788         1544121934     278083         1              
60             1.91226        1.86404        0.03597        0.012251       1544121932     429788         1544121934     342051         1              
52             2.03467        1.96002        0.039986       0.03465        1544121932     429788         1544121934     464453         1              
63             2.14072        2.05203        0.039987       0.048706       1544121932     433788         1544121934     574513         1              
61             2.21224        2.16802        0.039981       0.004233       1544121932     433789         1544121934     646034         1              
65             2.39254        2.23602        0.028012       0.120527       1544121932     433792         1544121934     826330         1              
55             2.44425        2.40802        0.03598        0.000246       1544121932     433797         1544121934     878049         1              
67             2.50427        2.48803        2.4e-05        0.000243       1544121932     437789         1544121934     942061         1              
66             2.53231        2.53204        2.2e-05        0.000246       1544121932     441789         1544121934     974100         1              
71             2.5938         2.55822        2e-05          0.003585       1544121932     447599         1544121935     41402          1              
69             2.6603         2.62131        0.024012       0.000282       1544121932     453786         1544121935     114089         1              
72             2.73824        2.67561        0.027985       0.034645       1544121932     454203         1544121935     192445         1              
68             2.78029        2.74403        0.03598        0.000278       1544121932     457791         1544121935     238081         1              
70             2.87308        2.80805        0.027967       0.037061       1544121932     461786         1544121935     334866         1              
74             3.10297        2.90004        0.031975       0.170959       1544121932     461787         1544121935     564762         1              
73             3.14442        3.14403        0.000108       0.000277       1544121932     469785         1544121935     614205         1              
78             3.26024        3.16402        0.031988       0.064225       1544121932     469786         1544121935     730025         1              
76             3.37346        3.29787        0.047987       0.027597       1544121932     475944         1544121935     849404         1              
77             3.47628        3.41602        0.056048       0.0042         1544121932     477785         1544121935     954064         1              
75             3.55627        3.52403        0.020008       0.004259       1544121932     481788         1544121936     38063          1              
85             3.63845        3.60222        0.035976       0.000246       1544121932     487598         1544121936     126048         1              
83             3.69238        3.65615        0.035979       0.000246       1544121932     497667         1544121936     190050         1              
79             3.73226        3.70003        0.031987       0.000246       1544121932     497786         1544121936     230049         1              
80             3.79625        3.76002        0.035981       0.000243       1544121932     497800         1544121936     294047         1              
82             3.84826        3.81604        0.031971       0.000246       1544121932     501785         1544121936     350050         1              
81             3.88027        3.87909        0.000925       0.000244       1544121932     501788         1544121936     382054         1              
94             3.90106        3.89709        0.003713       0.000247       1544121932     505786         1544121936     406845         1              
87             3.98026        3.91603        0.063982       0.000242       1544121932     505786         1544121936     486043         1              
89             4.0682         4.00003        0.031987       0.036185       1544121932     509786         1544121936     577988         1              
84             4.31658        4.11603        0.027987       0.172563       1544121932     509786         1544121936     826368         1              
98             4.3563         4.32403        0.031988       0.000279       1544121932     509788         1544121936     866086         1              
86             4.41227        4.38803        0.023989       0.000248       1544121932     509788         1544121936     922056         1              
91             4.61766        4.42915        0.027971       0.160536       1544121932     512677         1544121937     130341         1              
99             4.82897        4.64403        0.027981       0.15695        1544121932     517786         1544121937     346751         1              
88             4.93202        4.86804        0.047977       0.015995       1544121932     521785         1544121937     453804         1              
97             5.00431        5.00404        2.3e-05        0.000243       1544121932     521787         1544121937     526095         1              
95             5.07169        5.03203        0.027981       0.011671       1544121932     521785         1544121937     593474         1              
96             5.28419        5.12002        0.051989       0.112171       1544121932     529786         1544121937     813972         1              
90             5.3003         5.30003        2.3e-05        0.000245       1544121932     529787         1544121937     830091         1              
92             5.40429        5.35603        0.047985       0.000277       1544121932     529787         1544121937     934082         1              
93             5.54376        5.48003        7.8e-05        0.063642       1544121932     537785         1544121938     81540          1              
