JobID          Runtime        getDevice      getProgram     runProgram     startTime_s    startTime_us   endTime_s      endTime_us     violation      0
-1             1.24694        0.000431       1.23594        0.01056        1544121918     684335         1544121919     931271         0              
-1             0.010563       5.6e-05        1.6e-05        0.010486       1544121922     8324           1544121922     18887          0              
-1             0.010542       3.7e-05        2.3e-05        0.010477       1544121922     82735          1544121922     93277          0              
-1             0.010597       3.6e-05        7.6e-05        0.010481       1544121922     157107         1544121922     167704         0              
-1             0.010543       3.6e-05        2.2e-05        0.010481       1544121922     231575         1544121922     242118         0              
0              0.014133       0.000143       2.7e-05        0.013954       1544121932     316747         1544121932     330880         0              
1              0.013698       6.8e-05        0.000122       0.0135         1544121932     338140         1544121932     351838         0              
2              0.013336       7e-05          2.3e-05        0.013225       1544121932     359864         1544121932     373200         0              
3              0.036944       0.007742       0.000236       0.028956       1544121932     365509         1544121932     402453         0              
4              0.076206       0.047818       0.000228       0.028151       1544121932     377999         1544121932     454205         0              
6              0.111338       0.040053       0.027963       0.043316       1544121932     417789         1544121932     529127         0              
5              0.215335       0.120032       0.043976       0.051321       1544121932     417792         1544121932     633127         0              
7              0.311685       0.219094       0.043984       0.048597       1544121932     446723         1544121932     758408         0              
8              0.496367       0.336049       0.047969       0.112342       1544121932     465785         1544121932     962152         0              
9              0.591071       0.53203        0.027982       0.031053       1544121932     489786         1544121933     80857          0              
10             0.632165       0.568036       6.7e-05        0.064058       1544121932     513786         1544121933     145951         0              
12             0.719069       0.648024       0.031989       0.039052       1544121932     537786         1544121933     256855         0              
11             0.888016       0.756029       0.031985       0.099991       1544121932     541786         1544121933     429802         0              
13             1.03632        0.908022       0.031987       0.096302       1544121932     549787         1544121933     586105         0              
15             1.15133        1.06802        0.035988       0.047317       1544121932     549789         1544121933     701119         0              
14             1.27134        1.17604        0.039981       0.055314       1544121932     553787         1544121933     825125         0              
17             1.4115         1.27604        0.039973       0.095481       1544121932     569787         1544121933     981284         0              
16             1.63601        1.46803        0.039975       0.127996       1544121932     569791         1544121934     205803         0              
19             1.72734        1.64403        0.035984       0.047325       1544121932     609787         1544121934     337128         0              
20             1.85107        1.77203        0.035979       0.043055       1544121932     609787         1544121934     460860         0              
23             1.96801        1.87602        0.00012        0.091864       1544121932     625786         1544121934     593797         0              
22             2.08289        1.99602        0.035989       0.050865       1544121932     625787         1544121934     708672         1              
18             2.22349        2.12003        0.035988       0.067464       1544121932     625787         1544121934     849275         1              
21             2.30707        2.24004        0.031977       0.035052       1544121932     633787         1544121934     940857         1              
24             2.37534        2.29603        0.031984       0.047327       1544121932     665789         1544121935     41131          1              
25             2.48334        2.38003        1.8e-05        0.103285       1544121932     689788         1544121935     173127         1              
26             2.61201        2.47604        0.035972       0.09999        1544121932     705786         1544121935     317795         1              
27             2.78659        2.56003        0.027979       0.198578       1544121932     781789         1544121935     568380         1              
28             2.93602        2.80404        0.035972       0.096005       1544121932     797786         1544121935     733810         1              
29             3.04734        2.97602        0.027985       0.043327       1544121932     801787         1544121935     849126         1              
30             3.11134        3.04002        0.027985       0.043331       1544121932     841789         1544121935     953132         1              
32             3.16335        3.12004        7.7e-05        0.043225       1544121932     853787         1544121936     17133          1              
31             3.29202        3.20003        3.2e-05        0.091945       1544121932     853786         1544121936     145803         1              
33             3.368          3.28403        0.027989       0.035032       1544121932     881786         1544121936     249785         1              
34             3.39534        3.3311         0.024908       0.039323       1544121932     897788         1544121936     293128         1              
36             3.47507        3.41603        0.031978       0.027049       1544121932     905786         1544121936     380857         1              
35             3.67601        3.50403        0.071979       0.099993       1544121932     917787         1544121936     593802         1              
37             3.91197        3.67979        0.051971       0.180194       1544121932     918029         1544121936     829997         1              
38             3.97907        3.90803        0.039984       0.031052       1544121932     937785         1544121936     916856         1              
39             4.18411        3.99603        0.027978       0.160099       1544121932     949789         1544121937     133902         1              
40             4.34858        4.15603        0.027973       0.164571       1544121933     1790           1544121937     350374         1              
41             4.46334        4.36803        0.055985       0.03932        1544121933     13787          1544121937     477126         1              
42             4.55934        4.47603        0.039979       0.043329       1544121933     33789          1544121937     593133         1              
44             4.7721         4.56803        0.047977       0.156088       1544121933     41787          1544121937     813891         1              
43             4.88288        4.82003        0.004034       0.058817       1544121933     49786          1544121937     932669         1              
45             5.03162        4.90403        0.043981       0.083599       1544121933     57786          1544121938     89406          1              
46             5.15534        5.04805        0.03996        0.067327       1544121933     77787          1544121938     233128         1              
47             5.29906        5.20403        0.047983       0.047044       1544121933     85788          1544121938     384846         1              
48             5.40334        5.30404        0.043976       0.055316       1544121933     89786          1544121938     493123         1              
50             5.56307        5.42803        0.09198        0.04305        1544121933     101785         1544121938     664853         1              
49             5.8351         5.59604        2.8e-05        0.239024       1544121933     101787         1544121938     936885         1              
51             5.94282        5.84803        0.047986       0.046795       1544121933     113788         1544121939     56609          1              
53             6.08002        5.95604        0.059977       0.063994       1544121933     145788         1544121939     225806         1              
52             6.14769        6.08406        2.6e-05        0.063592       1544121933     153786         1544121939     301475         1              
54             6.20307        6.17604        2.1e-05        0.027009       1544121933     153786         1544121939     356860         1              
56             6.33934        6.24004        0.043971       0.055319       1544121933     177789         1544121939     517125         1              
55             6.46802        6.34404        0.05197        0.071996       1544121933     181787         1544121939     649803         1              
57             6.59134        6.4828         0.04666        0.061876       1544121933     185789         1544121939     777133         1              
58             6.69035        6.59605        0.055966       0.038325       1544121933     201786         1544121939     892134         1              
61             6.81137        6.71206        0.035967       0.063337       1544121933     213786         1544121940     25158          1              
59             6.98485        6.83622        0.05179        0.096833       1544121933     213788         1544121940     198636         1              
62             7.07934        6.98804        0.027968       0.06332        1544121933     221787         1544121940     301123         1              
60             7.19106        7.11604        0.051971       0.023041       1544121933     221787         1544121940     412852         1              
63             7.29107        7.22404        0.031969       0.03505        1544121933     229788         1544121940     520854         1              
64             7.38707        7.30004        0.047977       0.039052       1544121933     245787         1544121940     632858         1              
65             7.54374        7.36804        0.039973       0.135716       1544121933     281787         1544121940     825525         1              
66             7.74319        7.56404        0.012024       0.167113       1544121933     317786         1544121941     60973          1              
68             7.85934        7.75203        0.047982       0.059324       1544121933     325788         1544121941     185126         1              
67             7.98707        7.90403        0.039983       0.043049       1544121933     337785         1544121941     324852         1              
69             8.13022        8.02803        0.039974       0.062207       1544121933     357791         1544121941     488012         1              
70             8.14788        8.10403        0.000109       0.043733       1544121933     397792         1544121941     545668         1              
71             8.20707        8.14003        0.000108       0.066919       1544121933     409786         1544121941     616852         1              
72             8.3518         8.23603        0.055978       0.059781       1544121933     425786         1544121941     777585         1              
73             8.40334        8.36004        2.2e-05        0.043272       1544121933     433786         1544121941     837126         1              
74             8.5315         8.39895        0.001061       0.131485       1544121933     441786         1544121941     973290         1              
76             8.61934        8.52804        0.039975       0.051322       1544121933     461786         1544121942     81130          1              
75             8.74061        8.65202        2e-05          0.088562       1544121933     465785         1544121942     206397         1              
77             8.86735        8.77202        0.047985       0.047332       1544121933     485786         1544121942     353133         1              
78             9.02803        8.91603        0.039986       0.072007       1544121933     489785         1544121942     517813         1              
79             9.12734        9.03603        0.039982       0.051326       1544121933     529787         1544121942     657127         1              
80             9.22044        9.13604        0.003986       0.080406       1544121933     533786         1544121942     754227         1              
82             9.40047        9.24805        2.3e-05        0.152394       1544121933     537785         1544121942     938254         1              
81             9.44334        9.40003        4.8e-05        0.043251       1544121933     545786         1544121942     989123         1              
84             9.58288        9.49602        0.039985       0.046867       1544121933     545788         1544121943     128667         1              
83             9.64779        9.58004        2.1e-05        0.067721       1544121933     549785         1544121943     197573         1              
85             9.8875         9.62805        0.035962       0.223482       1544121933     581786         1544121943     469286         1              
87             10.0423        9.93603        0.039978       0.066312       1544121933     581787         1544121943     624117         1              
86             10.1489        10.072         0.031987       0.044828       1544121933     593786         1544121943     742638         1              
88             10.2822        10.18          0.03998        0.062205       1544121933     605787         1544121943     888006         1              
89             10.4182        10.3           0.039985       0.078177       1544121933     617785         1544121944     35977          1              
91             10.5284        10.44          0.04153        0.046862       1544121933     621787         1544121944     150216         1              
90             10.5899        10.5576        1.7e-05        0.032308       1544121933     625786         1544121944     215695         1              
92             10.8195        10.592         0.039979       0.187502       1544121933     641788         1544121944     461304         1              
94             10.9193        10.844         0.031981       0.043323       1544121933     649786         1544121944     569124         1              
93             11.0474        10.9597        0.043978       0.043785       1544121933     650153         1544121944     697586         1              
95             11.2351        11.06          2.7e-05        0.159036       1544121933     657787         1544121944     892860         1              
96             11.3431        11.244         0.039973       0.059051       1544121933     669786         1544121945     12852          1              
97             11.4658        11.364         0.039977       0.06178        1544121933     685785         1544121945     151583         1              
98             11.6796        11.484         0.039979       0.155545       1544121933     701786         1544121945     381355         1              
99             11.7871        11.688         0.047974       0.051048       1544121933     705787         1544121945     492849         1              
