JobID          Runtime        getDevice      getProgram     runProgram     startTime_s    startTime_us   endTime_s      endTime_us     violation      1
-1             1.29079        5.9e-05        1.22532        0.065405       1544121920     717483         1544121922     8274           1              
-1             0.06348        4.1e-05        1.4e-05        0.063419       1544121922     19234          1544121922     82714          0              
-1             0.063474       3.9e-05        1.6e-05        0.063415       1544121922     93612          1544121922     157086         0              
-1             0.063468       3.8e-05        1.6e-05        0.063409       1544121922     168086         1544121922     231554         0              
-1             0.063481       3.7e-05        1.8e-05        0.063421       1544121922     242452         1544121922     305933         0              
0              0.720528       0.036051       0.004314       0.680157       1544121932     421785         1544121933     142313         0              
1              1.06029        0.524031       0.000121       0.536128       1544121932     641785         1544121933     702072         1              
2              1.40615        0.876045       0.031968       0.498126       1544121932     845787         1544121934     251933         1              
3              2.07014        1.41203        0.03206        0.622077       1544121932     889787         1544121934     959931         1              
4              2.82118        2.04804        0.03197        0.741157       1544121932     913789         1544121935     734968         1              
5              3.19707        2.44803        0.027981       0.72106        1544121933     305787         1544121936     502860         1              
6              4.03263        3.21604        0.055969       0.760607       1544121933     317787         1544121937     350413         1              
7              4.24747        3.76005        2.6e-05        0.487381       1544121933     617787         1544121937     865257         1              
8              4.77708        4.26004        0.027987       0.489045       1544121933     657789         1544121938     434866         1              
9              4.94536        4.50803        0.047977       0.389349       1544121933     993788         1544121938     939153         1              
10             5.25298        4.92405        0.019972       0.308945       1544121934     65787          1544121939     318763         1              
11             5.51675        5.06804        0.027971       0.420732       1544121934     301785         1544121939     818535         1              
12             5.99367        5.52004        0.027972       0.445647       1544121934     313785         1544121940     307451         1              
13             6.44788        5.96003        0.055997       0.431845       1544121934     377788         1544121940     825668         1              
14             6.75174        6.40803        2.3e-05        0.343681       1544121934     441786         1544121941     193528         1              
15             7.19546        6.65204        0.047976       0.495442       1544121934     557786         1544121941     753248         1              
16             7.69228        7.09202        0.039986       0.560265       1544121934     685787         1544121942     378066         1              
17             8.18456        7.68003        0.047978       0.456536       1544121934     753786         1544121942     938343         1              
18             8.35565        7.87203        2.6e-05        0.48359        1544121935     113787         1544121943     469438         1              
19             8.75617        8.34404        0.035969       0.376145       1544121935     137787         1544121943     893953         1              
20             9.28765        8.76404        0.003986       0.519619       1544121935     173787         1544121944     461439         1              
21             9.67123        9.28404        0.047977       0.339209       1544121935     221787         1544121944     893015         1              
22             10.1517        9.67203        0.023982       0.455673       1544121935     229786         1544121945     381476         1              
23             10.4475        10.064         0.035985       0.347515       1544121935     365787         1544121945     813329         1              
24             10.8099        10.2361        0.03595        0.537834       1544121935     577787         1544121946     387640         1              
25             10.8715        10.448         0.031987       0.391439       1544121935     977789         1544121946     849250         1              
26             11.3131        10.82          2.2e-05        0.492998       1544121936     33809          1544121947     346860         1              
27             10.9967        10.616         2.3e-05        0.380686       1544121936     769787         1544121947     766532         1              
28             11.4011        10.936         0.031972       0.433056       1544121936     845788         1544121948     246859         1              
29             11.7567        11.368         0.051977       0.33672        1544121936     921788         1544121948     678525         1              
30             11.6515        11.316         0.039967       0.295523       1544121937     373790         1544121949     25325          1              
31             11.9636        11.62          0.039977       0.303532       1544121937     449787         1544121949     413344         1              
32             12.3741        11.992         0.051982       0.330129       1544121937     473787         1544121949     847936         1              
33             12.3715        12.048         0.003989       0.31952        1544121937     837787         1544121950     209329         1              
34             12.6476        12.328         2.5e-05        0.319482       1544121937     905786         1544121950     553343         1              
36             12.8425        12.479         0.043983       0.319535       1544121938     110818         1544121950     953350         1              
35             13.3207        12.852         0.027966       0.440724       1544121938     113787         1544121951     434531         1              
37             13.7287        13.28          0.027983       0.420729       1544121938     181788         1544121951     910537         1              
38             13.8195        13.5761        2.7e-05        0.243442       1544121938     341786         1544121952     161327         1              
39             14.1051        13.64          2.3e-05        0.465004       1544121938     525793         1544121952     630861         1              
40             13.9276        13.668         0.03197        0.227532       1544121939     1790           1544121952     929340         1              
41             14.0621        13.784         2.5e-05        0.27807        1544121939     165794         1544121953     227940         1              
42             14.1541        13.908         2.6e-05        0.246069       1544121939     353794         1544121953     507926         1              
43             14.5571        14.0743        0.033736       0.449058       1544121939     433789         1544121953     990864         1              
44             14.9731        14.548         0.003976       0.42105        1544121939     473787         1544121954     446865         1              
45             15.1515        14.872         0.015982       0.263517       1544121939     585791         1544121954     737331         1              
47             15.4011        14.964         0.027963       0.409057       1544121939     777788         1544121955     178867         1              
46             15.7115        15.42          0.04398        0.247525       1544121939     781792         1544121955     493329         1              
48             15.9301        15.664         0.011981       0.254117       1544121939     845786         1544121955     775930         1              
49             16.3571        15.908         0.027994       0.421036       1544121939     897788         1544121956     254862         1              
50             16.8091        16.372         0.031978       0.405051       1544121939     905793         1544121956     714859         1              
51             17.0282        16.68          0.031977       0.316217       1544121940     53788          1544121957     82021          1              
52             16.8755        16.676         2.3e-05        0.199461       1544121940     417791         1544121957     293323         1              
53             17.151         16.9195        0.03198        0.19954        1544121940     418364         1544121957     569344         1              
54             17.2915        17.0801        2.2e-05        0.211355       1544121940     513789         1544121957     805321         1              
55             17.2957        17.0721        0.031952       0.191703       1544121940     741787         1544121958     37506          1              
56             17.3289        17.18          0.020002       0.128886       1544121940     857787         1544121958     186714         1              
57             17.5247        17.284         2.1e-05        0.240675       1544121940     905786         1544121958     430527         1              
58             17.7047        17.508         2.6e-05        0.196658       1544121940     937787         1544121958     642529         1              
59             17.8395        17.632         0.035977       0.171523       1544121941     41786          1544121958     881326         1              
60             18.2411        17.828         0.03597        0.377054       1544121941     77785          1544121959     318858         1              
61             18.4435        18.236         0.011972       0.195512       1544121941     89787          1544121959     533324         1              
62             18.6315        18.452         2e-05          0.17948        1544121941     93785          1544121959     725326         1              
63             18.7687        18.5641        2.4e-05        0.204657       1544121941     165787         1544121959     934530         1              
64             19.0613        18.6682        0.027973       0.365057       1544121941     293580         1544121960     354859         1              
65             18.8558        18.68          2.3e-05        0.175739       1544121941     685790         1544121960     541597         1              
66             18.8283        18.484         0.027961       0.31623        1544121942     69789          1544121960     898041         1              
67             18.9842        18.7           2.1e-05        0.284158       1544121942     201788         1544121961     186018         1              
68             19.1037        18.976         2.1e-05        0.127676       1544121942     221789         1544121961     325529         1              
69             19.0211        18.744         0.007976       0.269053       1544121942     581791         1544121961     602863         1              
70             19.0531        18.704         0.035984       0.313069       1544121942     929787         1544121961     982871         1              
71             19.137         19.0041        0.004484       0.128419       1544121943     1789           1544121962     138751         1              
72             19.1881        19.0114        2.5e-05        0.176659       1544121943     150423         1544121962     338528         1              
73             19.3638        19.188         2.7e-05        0.175703       1544121943     193787         1544121962     557561         1              
74             19.5498        19.216         0.035968       0.297822       1544121943     341789         1544121962     891628         1              
75             19.6795        19.46          0.003978       0.21544        1544121943     457789         1544121963     137255         1              
76             19.8754        19.592         2.1e-05        0.283379       1544121943     557793         1544121963     433242         1              
77             20.0002        19.76          2.2e-05        0.240172       1544121943     681788         1544121963     682032         1              
78             20.0441        19.912         2.6e-05        0.132068       1544121943     785788         1544121963     829938         1              
79             19.9451        19.692         2.1e-05        0.253018       1544121944     145788         1544121964     90867          1              
80             20.1435        19.936         0.003983       0.203441       1544121944     177787         1544121964     321251         1              
81             20.2341        20.104         0.003977       0.126117       1544121944     237805         1544121964     471933         1              
82             20.3327        20.212         2.3e-05        0.120678       1544121944     289786         1544121964     622531         1              
83             20.4858        20.26          0.007985       0.217823       1544121944     393787         1544121964     879637         1              
84             20.7338        20.504         0.031983       0.197837       1544121944     397792         1544121965     131640         1              
85             20.6916        20.4778        2.4e-05        0.21377        1544121944     680049         1544121965     371629         1              
86             20.6978        20.5939        7.1e-05        0.103819       1544121944     777787         1544121965     475575         1              
87             20.8595        20.7           1.8e-05        0.159391       1544121944     789786         1544121965     649249         1              
88             20.6996        20.636         2.6e-05        0.063561       1544121945     25788          1544121965     725432         1              
89             20.8419        20.696         2e-05          0.145782       1544121945     29787          1544121965     871639         1              
91             20.8923        20.8281        2.6e-05        0.064222       1544121945     49791          1544121965     942103         1              
90             20.9437        20.8801        2.4e-05        0.063558       1544121945     65790          1544121966     9449           1              
92             20.8078        20.7441        2.5e-05        0.063695       1544121945     265786         1544121966     73573          1              
94             20.7956        20.7281        0.003922       0.06352        1544121945     353787         1544121966     149339         1              
93             20.8599        20.7961        2.5e-05        0.063714       1544121945     357786         1544121966     217647         1              
95             20.8596        20.7961        2.5e-05        0.063493       1544121945     421787         1544121966     281384         1              
96             20.8551        20.7517        2.6e-05        0.103452       1544121945     529788         1544121966     384929         1              
97             20.8309        20.7672        2.8e-05        0.063619       1544121945     617786         1544121966     448651         1              
98             20.651         20.5869        2.7e-05        0.064082       1544121945     861785         1544121966     512833         1              
99             20.7227        20.6191        2.2e-05        0.103548       1544121945     893788         1544121966     616468         1              
