JobID          Runtime        getDevice      getProgram     runProgram     startTime_s    startTime_us   endTime_s      endTime_us     violation      0
-1             0.785862       7.6e-05        0.78553        0.000245       1544121736     149846         1544121736     935708         0              
-1             0.000319       3.5e-05        3.7e-05        0.000241       1544121738     288955         1544121738     289274         0              
-1             0.000305       3.3e-05        2.8e-05        0.000241       1544121738     363412         1544121738     363717         0              
-1             0.000353       8.1e-05        2.7e-05        0.000241       1544121738     437900         1544121738     438253         0              
-1             0.000304       3e-05          2.8e-05        0.000241       1544121738     512384         1544121738     512688         0              
0              0.000487       0.00014        2.9e-05        0.000307       1544121748     577920         1544121748     578407         0              
1              0.000408       8.1e-05        2.5e-05        0.000294       1544121748     579445         1544121748     579853         0              
2              0.000417       7.6e-05        2.8e-05        0.000305       1544121748     581477         1544121748     581894         0              
3              0.000409       8e-05          2.6e-05        0.000293       1544121748     582394         1544121748     582803         0              
4              0.000471       7.5e-05        9.1e-05        0.000296       1544121748     583495         1544121748     583966         0              
5              0.000455       0.000124       2.5e-05        0.000297       1544121748     584820         1544121748     585275         0              
6              0.009817       9.8e-05        2.6e-05        0.009674       1544121748     588354         1544121748     598171         0              
7              0.012124       0.008395       2.9e-05        0.003686       1544121748     589942         1544121748     602066         0              
8              0.018217       0.008578       2.9e-05        0.009599       1544121748     593559         1544121748     611776         0              
9              0.051068       0.0336         0.000109       0.017353       1544121748     596225         1544121748     647293         0              
10             0.061809       0.061264       0.000254       0.000279       1544121748     596570         1544121748     658379         0              
11             0.059892       0.059582       2.2e-05        0.000276       1544121748     599264         1544121748     659156         0              
13             0.12036        0.071617       0.027993       0.020741       1544121748     602193         1544121748     722553         0              
14             0.176294       0.144017       0.031991       0.00028        1544121748     609789         1544121748     786083         0              
17             0.422573       0.219069       0.043954       0.159537       1544121748     610771         1544121749     33344          0              
12             0.466309       0.438048       0.027974       0.000279       1544121748     611774         1544121749     78083          0              
15             0.528308       0.500037       0.028014       0.00025        1544121748     613791         1544121749     142099         0              
16             0.624265       0.548022       0.055986       0.020251       1544121748     617789         1544121749     242054         0              
18             0.706868       0.647837       0.027973       0.031049       1544121748     621990         1544121749     328858         0              
19             0.964124       0.748039       0.031977       0.184103       1544121748     625787         1544121749     589911         0              
20             1.12963        1.01603        0.039984       0.073602       1544121748     625789         1544121749     755419         1              
21             1.16834        1.13603        0.032044       0.000246       1544121748     629790         1544121749     798128         1              
22             1.24757        1.16803        0.035978       0.043558       1544121748     633789         1544121749     881363         1              
24             1.33557        1.26404        0.031972       0.03955        1544121748     637788         1544121749     973359         1              
23             1.49036        1.35203        0.031976       0.106347       1544121748     637791         1544121750     128149         1              
26             1.55624        1.52004        0.031969       0.004227       1544121748     641792         1544121750     198035         1              
28             1.6043         1.56803        0.035985       0.000278       1544121748     645789         1544121750     250089         1              
29             1.66427        1.66003        9.2e-05        0.004138       1544121748     645798         1544121750     310070         1              
25             1.69235        1.69203        7.2e-05        0.000245       1544121748     649788         1544121750     342138         1              
32             1.73626        1.70403        0.031985       0.000244       1544121748     653788         1544121750     390048         1              
33             1.80026        1.76802        0.031988       0.000247       1544121748     657786         1544121750     458050         1              
30             1.86827        1.83204        0.035972       0.000247       1544121748     661786         1544121750     530054         1              
35             1.92026        1.88403        0.035985       0.000244       1544121748     661788         1544121750     582050         1              
31             2.00829        1.96802        0.039984       0.000277       1544121748     661792         1544121750     670081         1              
37             2.06892        2.0287         0.035981       0.004229       1544121748     665116         1544121750     734033         1              
27             2.22265        2.11603        0.03599        0.070618       1544121748     665787         1544121750     888435         1              
34             2.27226        2.23602        0.035987       0.000248       1544121748     669785         1544121750     942049         1              
38             2.34258        2.30003        0.039979       0.002566       1544121748     669789         1544121751     12368          1              
36             2.4123         2.37204        0.039979       0.00028        1544121748     673790         1544121751     86089          1              
41             2.46328        2.43505        0.027977       0.000243       1544121748     674770         1544121751     138046         1              
40             2.51004        2.4738         0.035991       0.000247       1544121748     680013         1544121751     190057         1              
43             2.64308        2.56803        0.035982       0.03906        1544121748     681785         1544121751     324864         1              
39             2.68434        2.68403        2.2e-05        0.000278       1544121748     681789         1544121751     366127         1              
45             2.73251        2.73204        0.000191       0.000278       1544121748     681790         1544121751     414299         1              
42             2.7648         2.76403        0.000482       0.000278       1544121748     685787         1544121751     450582         1              
44             2.82826        2.78002        0.047988       0.000246       1544121748     685787         1544121751     514049         1              
47             2.9261         2.86003        3.6e-05        0.066025       1544121748     685788         1544121751     611887         1              
46             2.98429        2.94403        0.039986       0.000278       1544121748     689787         1544121751     674082         1              
48             3.06026        3.02402        0.035991       0.000246       1544121748     693787         1544121751     754051         1              
49             3.1523         3.11203        0.039982       0.000279       1544121748     697789         1544121751     850084         1              
50             3.32023        3.19603        0.03598        0.088213       1544121748     709785         1544121752     30015          1              
51             3.47359        3.3563         0.039981       0.077297       1544121748     721511         1544121752     195098         1              
52             3.51317        3.47694        0.035979       0.000246       1544121748     740876         1544121752     254050         1              
55             3.52964        3.52934        1.9e-05        0.000271       1544121748     752472         1544121752     282109         1              
53             3.74355        3.62802        0.035987       0.079536       1544121748     757786         1544121752     501338         1              
54             3.81227        3.77604        0.035977       0.000248       1544121748     757786         1544121752     570057         1              
56             3.89227        3.85603        0.03598        0.000249       1544121748     761787         1544121752     654053         1              
60             4.01122        3.93895        0.056015       0.000278       1544121748     762865         1544121752     774081         1              
57             4.07304        4.04479        2.4e-05        0.024244       1544121748     769023         1544121752     842066         1              
59             4.1443         4.11203        0.031976       0.000278       1544121748     769789         1544121752     914084         1              
58             4.20826        4.17203        0.03598        0.000244       1544121748     785788         1544121752     994048         1              
61             4.26944        4.23203        0.035988       0.001416       1544121748     789786         1544121753     59225          1              
62             4.31119        4.28004        0.027975       0.00317        1544121748     789787         1544121753     100973         1              
65             4.35227        4.32003        0.031991       0.000245       1544121748     793787         1544121753     146054         1              
66             4.44026        4.41202        0.027985       0.000244       1544121748     801786         1544121753     242045         1              
67             4.51938        4.46004        0.035973       0.023361       1544121748     801786         1544121753     321167         1              
63             4.56826        4.53203        0.035977       0.000244       1544121748     805786         1544121753     374047         1              
64             4.6283         4.60003        0.027987       0.000277       1544121748     805788         1544121753     434084         1              
70             4.69627        4.66803        0.027987       0.000244       1544121748     809786         1544121753     506053         1              
71             4.7323         4.70004        0.031973       0.000279       1544121748     809787         1544121753     542088         1              
68             4.80429        4.77602        0.027986       0.000278       1544121748     809787         1544121753     614080         1              
72             4.88424        4.82403        0.031978       0.028223       1544121748     809788         1544121753     694029         1              
73             4.93225        4.90402        0.027986       0.000238       1544121748     817785         1544121753     750039         1              
69             4.99229        4.94028        0.051727       0.000278       1544121748     817789         1544121753     810080         1              
74             5.06023        5.02801        0.027984       0.004229       1544121748     817799         1544121753     878031         1              
76             5.08826        5.05603        0.031984       0.000246       1544121748     837786         1544121753     926048         1              
75             5.1643         5.12403        0.012015       0.000277       1544121748     837788         1544121754     2091           1              
82             5.18827        5.18402        0.004002       0.000242       1544121748     837788         1544121754     26062          1              
83             5.29491        5.19203        0.031986       0.070892       1544121748     841788         1544121754     136698         1              
78             5.35227        5.32002        0.027982       0.004262       1544121748     841792         1544121754     194064         1              
84             5.41241        5.36858        0.004014       0.004387       1544121748     845787         1544121754     258194         1              
80             5.48026        5.45203        0.027979       0.000246       1544121748     845789         1544121754     326049         1              
77             5.59731        5.50802        0.027993       0.061294       1544121748     849787         1544121754     447101         1              
79             5.64725        5.61901        0.027985       0.000246       1544121748     850803         1544121754     498051         1              
81             5.68824        5.65602        0.027986       0.00423        1544121748     853786         1544121754     542030         1              
86             5.75226        5.72403        0.027982       0.000242       1544121748     853787         1544121754     606044         1              
87             5.80426        5.76004        0.04398        0.000242       1544121748     857786         1544121754     662047         1              
91             5.92872        5.85146        0.076973       0.000278       1544121748     861379         1544121754     790094         1              
88             6.01969        5.96804        0.027975       0.023664       1544121748     865786         1544121754     885472         1              
85             6.13339        6.02806        0.047955       0.057374       1544121748     869789         1544121755     3180           1              
89             6.16833        6.16804        3.8e-05        0.000247       1544121748     877786         1544121755     46121          1              
92             6.2163         6.18805        0.027963       0.00028        1544121748     877787         1544121755     94087          1              
90             6.30021        6.23204        2.1e-05        0.068144       1544121748     877788         1544121755     177995         1              
98             6.37361        6.31603        0.04801        0.009568       1544121748     877794         1544121755     251404         1              
93             6.43228        6.40003        0.027985       0.004263       1544121748     881786         1544121755     314066         1              
96             6.49226        6.45603        0.035982       0.000246       1544121748     881786         1544121755     374047         1              
95             6.54429        6.49204        0.01999        0.032258       1544121748     885787         1544121755     430075         1              
97             6.60666        6.55203        0.02798        0.026645       1544121748     885788         1544121755     492449         1              
94             6.67159        6.61605        0.02796        0.027564       1544121748     885788         1544121755     557373         1              
99             6.70032        6.70002        2.3e-05        0.000272       1544121748     889799         1544121755     590118         1              
