JobID          Runtime        getDevice      getProgram     runProgram     startTime_s    startTime_us   endTime_s      endTime_us     violation      0
-1             1.27162        0.000509       1.26057        0.010542       1544121734     878177         1544121736     149801         0              
-1             0.010592       6.7e-05        3.1e-05        0.01049        1544121738     278345         1544121738     288937         0              
-1             0.010552       3.6e-05        2.8e-05        0.010484       1544121738     352843         1544121738     363395         0              
-1             0.010602       3.5e-05        8e-05          0.010483       1544121738     427281         1544121738     437883         0              
-1             0.010545       3.5e-05        2.6e-05        0.01048        1544121738     501822         1544121738     512367         0              
0              0.013874       9e-05          2.9e-05        0.013744       1544121748     587840         1544121748     601714         0              
1              0.013483       6.4e-05        2.2e-05        0.01339        1544121748     601859         1544121748     615342         0              
2              0.024669       4.8e-05        0.000199       0.024415       1544121748     629787         1544121748     654456         0              
3              0.087368       0.055123       0.000726       0.031513       1544121748     638697         1544121748     726065         0              
4              0.189198       0.112043       0.023973       0.053177       1544121748     657788         1544121748     846986         0              
5              0.367349       0.206428       0.049579       0.111336       1544121748     669787         1544121749     37136          0              
6              0.435343       0.368044       0.027974       0.03932        1544121748     705788         1544121749     141131         0              
7              0.518581       0.447262       0.027983       0.043332       1544121748     722552         1544121749     241133         0              
8              0.600824       0.509363       0.032019       0.059436       1544121748     752468         1544121749     353292         0              
9              0.807453       0.588032       0.031982       0.187433       1544121748     785787         1544121749     593240         0              
10             0.949538       0.804512       0.039974       0.105045       1544121748     809318         1544121749     758856         0              
13             1.05934        0.968029       0.035981       0.055323       1544121748     821793         1544121749     881131         0              
11             1.13134        1.04404        0.035972       0.051326       1544121748     841787         1544121749     973128         0              
12             1.28165        1.14403        0.035976       0.101629       1544121748     849787         1544121750     131432         0              
14             1.38635        1.30403        0.035981       0.046331       1544121748     849788         1544121750     236139         0              
15             1.52234        1.43203        0.027992       0.062307       1544121748     853786         1544121750     376121         0              
16             1.66001        1.50003        0.035987       0.123991       1544121748     901786         1544121750     561796         0              
17             1.74729        1.66402        0.039991       0.043271       1544121748     917786         1544121750     665077         0              
18             1.94674        1.76403        0.035987       0.146718       1544121748     941786         1544121750     888525         0              
19             2.04002        1.93603        0.039985       0.064001       1544121748     989786         1544121751     29806          1              
20             2.16694        2.05602        0.035986       0.074924       1544121749     9790           1544121751     176733         1              
21             2.28355        2.15604        0.043989       0.083517       1544121749     49786          1544121751     333340         1              
22             2.4029         2.28802        0.043981       0.070893       1544121749     65796          1544121751     468696         1              
23             2.50535        2.36802        0.03999        0.097331       1544121749     109786         1544121751     615137         1              
25             2.70401        2.54003        0.039983       0.123992       1544121749     141787         1544121751     845796         1              
24             2.87508        2.75202        0.039987       0.083067       1544121749     145787         1544121752     20869          1              
26             3.06001        2.90402        0.035986       0.119995       1544121749     169787         1544121752     229800         1              
27             3.17934        3.08003        0.03998        0.059324       1544121749     181786         1544121752     361128         1              
28             3.30334        3.18803        0.035985       0.079316       1544121749     197785         1544121752     501121         1              
29             3.41491        3.33204        0.035974       0.046891       1544121749     213790         1544121752     628700         1              
30             3.52288        3.43203        0.031985       0.058858       1544121749     221787         1544121752     744663         1              
33             3.6194         3.49203        0.051988       0.075373       1544121749     257786         1544121752     877185         1              
32             3.7269         3.64003        0.035979       0.050886       1544121749     261787         1544121752     988689         1              
31             3.8309         3.74804        0.031971       0.050888       1544121749     269787         1544121753     100692         1              
35             3.86333        3.78403        0.031984       0.047312       1544121749     333786         1544121753     197116         1              
34             3.9998         3.89603        0.031987       0.071778       1544121749     337787         1544121753     337583         1              
37             4.09239        3.9844         0.031986       0.076001       1544121749     365409         1544121753     457802         1              
36             4.22135        4.09338        0.03198        0.095986       1544121749     384446         1544121753     605797         1              
38             4.28726        4.21994        0.027982       0.039325       1544121749     405877         1544121753     693133         1              
39             4.428          4.31202        0.031985       0.08399        1544121749     409789         1544121753     837793         1              
40             4.52335        4.41603        0.047985       0.05933        1544121749     469786         1544121753     993133         1              
41             4.66667        4.54403        0.027987       0.094651       1544121749     473786         1544121754     140458         1              
42             4.75202        4.63203        0.047986       0.071998       1544121749     521786         1544121754     273802         1              
43             4.91675        4.79603        0.047981       0.07273        1544121749     533788         1544121754     450534         1              
44             5.076          4.96004        0.027971       0.087991       1544121749     545787         1544121754     621792         1              
45             5.19201        5.06805        0.059984       0.063969       1544121749     577787         1544121754     769797         1              
46             5.30335        5.20004        0.027973       0.075328       1544121749     581788         1544121754     885135         1              
47             5.41832        5.32004        0.023971       0.074299       1544121749     589785         1544121755     8103           1              
48             5.57562        5.44404        0.027975       0.103599       1544121749     605790         1544121755     181407         1              
49             5.63936        5.55604        0.027971       0.055336       1544121749     665787         1544121755     305147         1              
50             5.67154        5.58404        0.035972       0.051517       1544121749     765788         1544121755     437325         1              
51             5.73935        5.65204        0.035982       0.051318       1544121749     817789         1544121755     557135         1              
52             5.83535        5.74004        0.043969       0.051325       1544121749     861786         1544121755     697133         1              
53             5.87134        5.76803        0.047982       0.055324       1544121749     973787         1544121755     845126         1              
55             5.98334        5.87204        0.044207       0.05854        1544121750     1790           1544121755     985127         1              
54             6.11934        6.02004        0.03997        0.059324       1544121750     5786           1544121756     125130         1              
56             6.17934        6.09603        0.031982       0.05132        1544121750     49785          1544121756     229122         1              
57             6.33906        6.24004        0.047972       0.051041       1544121750     57788          1544121756     396848         1              
58             6.33969        6.28803        4.3e-05        0.051611       1544121750     165786         1544121756     505473         1              
59             6.42035        6.32404        0.039971       0.056334       1544121750     193788         1544121756     614138         1              
60             6.48002        6.42404        2.3e-05        0.055946       1544121750     221788         1544121756     701805         1              
61             6.49033        6.43603        0.004008       0.050295       1544121750     281788         1544121756     772122         1              
62             6.57952        6.49606        0.031962       0.051488       1544121750     297786         1544121756     877303         1              
64             6.64893        6.60003        2.5e-05        0.048862       1544121750     309786         1544121756     958712         1              
63             6.77135        6.69604        0.039972       0.035331       1544121750     309786         1544121757     81137          1              
65             6.7718         6.67205        0.039963       0.059782       1544121750     413787         1544121757     185585         1              
66             6.85135        6.76803        0.031982       0.05133        1544121750     433786         1544121757     285132         1              
67             6.98623        6.85083        0.003975       0.13141        1544121750     442996         1544121757     429222         1              
68             7.04308        6.96002        0.039982       0.04306        1544121750     505788         1544121757     548864         1              
69             7.15836        7.05603        0.031977       0.070336       1544121750     529786         1544121757     688142         1              
70             7.26531        7.16804        2.1e-05        0.097237       1544121750     529788         1544121757     795096         1              
71             7.33135        7.29203        2.2e-05        0.039295       1544121750     533786         1544121757     865135         1              
72             7.37031        7.32004        0.031977       0.018289       1544121750     553790         1544121757     924100         1              
73             7.45601        7.37203        0.039979       0.044001       1544121750     565788         1544121758     21801          1              
74             7.46688        7.42804        9.7e-05        0.038736       1544121750     609786         1544121758     76667          1              
75             7.55506        7.48111        0.038892       0.035045       1544121750     641789         1544121758     196850         1              
76             7.64803        7.54004        0.035988       0.07199        1544121750     693787         1544121758     341815         1              
77             7.70523        7.64003        0.003987       0.061207       1544121750     725787         1544121758     431018         1              
79             7.97228        7.68403        0.026913       0.261326       1544121750     769787         1544121758     742066         1              
78             8.0789         7.99603        0.031975       0.050879       1544121750     777787         1544121758     856685         1              
80             8.16402        8.08403        0.039982       0.039999       1544121750     793787         1544121758     957807         1              
81             8.24401        8.18804        2.3e-05        0.055946       1544121750     793788         1544121759     37801          1              
82             8.4928         8.26803        0.031982       0.192785       1544121750     797785         1544121759     290588         1              
83             8.57133        8.50004        0.039986       0.031307       1544121750     813786         1544121759     385121         1              
84             8.63619        8.58403        0.003983       0.048164       1544121750     845786         1544121759     481972         1              
85             8.74518        8.60003        0.003982       0.141163       1544121750     925786         1544121759     670970         1              
86             8.82402        8.74402        0.035995       0.043995       1544121750     941788         1544121759     765807         1              
87             8.84232        8.78413        0.027874       0.030303       1544121750     981787         1544121759     824104         1              
88             8.89617        8.76643        2.2e-05        0.129714       1544121751     57792          1544121759     953961         1              
89             8.9638         8.89603        0.031981       0.035782       1544121751     85787          1544121760     49584          1              
90             9.07145        8.91603        0.031977       0.123438       1544121751     161787         1544121760     233241         1              
91             9.09831        9.04404        0.031969       0.022294       1544121751     189788         1544121760     288101         1              
92             9.16287        9.11205        0.003965       0.046846       1544121751     197787         1544121760     360655         1              
93             9.26719        9.18403        2.2e-05        0.083125       1544121751     201787         1544121760     468972         1              
95             9.32707        9.27203        0.035985       0.01905        1544121751     229788         1544121760     556856         1              
94             9.50402        9.33204        0.035975       0.135998       1544121751     237786         1544121760     741802         1              
96             9.51894        9.50005        2.5e-05        0.018858       1544121751     245786         1544121760     764722         1              
97             9.54734        9.51604        0.003991       0.027301       1544121751     261788         1544121760     809125         1              
98             9.73936        9.55604        0.035974       0.147345       1544121751     277787         1544121761     17146          1              
99             9.77852        9.73332        0.034689       0.010508       1544121751     289787         1544121761     68311          1              
