JobID          Runtime        getDevice      getProgram     runProgram     startTime_s    startTime_us   endTime_s      endTime_us     violation      1
-1             1.34254        6.7e-05        1.27693        0.065545       1544121736     935749         1544121738     278293         1              
-1             0.063533       4e-05          1.9e-05        0.06347        1544121738     289289         1544121738     352822         0              
-1             0.063528       3.8e-05        2e-05          0.063465       1544121738     363732         1544121738     427260         0              
-1             0.063534       3.6e-05        2e-05          0.063472       1544121738     438268         1544121738     501802         0              
-1             0.063526       3.7e-05        2e-05          0.063464       1544121738     512703         1544121738     576229         0              
0              0.57307        0.000798       2.2e-05        0.572245       1544121748     693789         1544121749     266859         0              
1              1.03591        0.44005        0.031966       0.563889       1544121748     845785         1544121749     881697         1              
2              1.41414        0.892033       1.9e-05        0.522085       1544121749     21788          1544121750     435932         1              
3              1.94613        1.32404        0.079982       0.542111       1544121749     117787         1544121751     63920          1              
4              2.48474        1.87203        0.031974       0.580726       1544121749     213788         1544121751     698529         1              
5              3.16907        2.37603        0.039978       0.753056       1544121749     337787         1544121752     506859         1              
6              3.43675        2.86802        0.031998       0.536723       1544121749     673785         1544121753     110531         1              
7              3.87564        3.30403        0.031981       0.539623       1544121749     817786         1544121753     693428         1              
8              4.27711        3.55603        0.031986       0.689094       1544121750     169786         1544121754     446900         1              
9              4.58654        4.04803        0.027989       0.510521       1544121750     417787         1544121755     4328           1              
10             5.05707        4.58003        0.047977       0.429056       1544121750     445788         1544121755     502862         1              
11             5.42907        4.85605        0.035975       0.537043       1544121750     709788         1544121756     138861         1              
12             5.94563        5.47183        0.020017       0.437836       1544121750     730012         1544121756     675646         1              
13             6.39546        5.94402        0.039985       0.411445       1544121750     765787         1544121757     161251         1              
14             6.68427        6.30005        0.039959       0.344255       1544121750     885785         1544121757     570058         1              
15             6.88354        6.58804        0.031969       0.263527       1544121751     1788           1544121757     885333         1              
16             6.73953        6.42402        1.8e-05        0.31548        1544121751     505786         1544121758     245315         1              
17             7.22047        6.74403        0.039983       0.436449       1544121751     521788         1544121758     742257         1              
18             7.1144         6.86004        2e-05          0.254329       1544121751     889787         1544121759     4188           1              
19             6.94615        6.66802        0.031992       0.246122       1544121752     361786         1544121759     307934         1              
20             7.14933        6.80804        0.03198        0.309306       1544121752     521786         1544121759     671120         1              
21             7.05634        6.81602        0.035989       0.204327       1544121752     897786         1544121759     954127         1              
22             7.09717        6.83982        0.035977       0.221372       1544121753     142001         1544121760     239175         1              
23             6.88707        6.67204        0.027969       0.187052       1544121753     589787         1544121760     476856         1              
24             6.95623        6.72403        0.035981       0.196212       1544121753     785788         1544121760     742015         1              
25             7.22529        6.96358        0.02901        0.229265       1544121753     797787         1544121761     23076          1              
26             7.01146        6.86003        0.023987       0.127428       1544121754     185787         1544121761     197244         1              
27             7.11785        6.91602        2e-05          0.201797       1544121754     305788         1544121761     423633         1              
28             7.18474        7.02804        2.3e-05        0.156679       1544121754     401788         1544121761     586532         1              
29             7.31976        7.12003        0.031976       0.16774        1544121754     481787         1544121761     801547         1              
30             7.40397        7.28403        1.8e-05        0.119909       1544121754     529787         1544121761     933756         1              
31             7.18938        7.04402        0.027971       0.117377       1544121754     909799         1544121762     99179          1              
32             7.34039        7.14003        2.5e-05        0.20033        1544121754     985789         1544121762     326179         1              
33             7.40872        7.28402        1.9e-05        0.124677       1544121755     45805          1544121762     454527         1              
34             6.94185        6.72804        2.1e-05        0.21379        1544121755     729787         1544121762     671641         1              
35             7.11956        6.96002        0.031987       0.127542       1544121755     745788         1544121762     865347         1              
36             6.85005        6.653          2.3e-05        0.197011       1544121756     228823         1544121763     78870          1              
37             7.04345        6.82402        0.003984       0.215434       1544121756     269792         1544121763     313241         1              
38             7.09694        6.89204        1.8e-05        0.20488        1544121756     429788         1544121763     526730         1              
39             7.22815        7.08003        0.023977       0.124139       1544121756     453787         1544121763     681940         1              
40             6.78541        6.65603        0.007976       0.121384       1544121757     41788          1544121763     827193         1              
41             6.95146        6.76004        2.6e-05        0.191383       1544121757     77788          1544121764     29247          1              
42             6.66745        6.44803        0.031974       0.187437       1544121757     589794         1544121764     257243         1              
43             6.79634        6.66403        2.1e-05        0.132274       1544121757     605788         1544121764     402129         1              
44             6.55772        6.43641        0.015608       0.105696       1544121757     965787         1544121764     523505         1              
45             6.62142        6.48404        0.011967       0.125397       1544121758     49787          1544121764     671203         1              
46             6.70757        6.54803        0.031976       0.127549       1544121758     141786         1544121764     849355         1              
47             6.74028        6.58804        2e-05          0.152208       1544121758     273791         1544121765     14069          1              
48             6.6597         6.55603        2.4e-05        0.10364        1544121758     469789         1544121765     129488         1              
49             6.27146        6.06406        2.9e-05        0.207359       1544121759     77792          1544121765     349249         1              
50             5.56402        5.44403        2.1e-05        0.119955       1544121759     921787         1544121765     485805         1              
51             5.09674        4.97203        8.3e-05        0.12462        1544121760     541787         1544121765     638527         1              
52             4.86791        4.76403        8.1e-05        0.10379        1544121760     885790         1544121765     753702         1              
53             3.80805        3.74404        7e-05          0.063931       1544121762     13788          1544121765     821838         1              
54             3.51597        3.45209        7e-05          0.063794       1544121762     373787         1544121765     889755         1              
55             3.64875        3.48002        0.031994       0.136723       1544121762     425785         1544121766     74530          1              
56             3.44496        3.34006        9.4e-05        0.104798       1544121762     741788         1544121766     186751         1              
57             3.38865        3.32467        0.000103       0.063867       1544121762     865786         1544121766     254437         1              
58             2.32897        2.26481        8.2e-05        0.064066       1544121763     989785         1544121766     318751         1              
59             2.21246        2.10903        8e-05          0.103332       1544121764     209788         1544121766     422248         1              
60             1.96262        1.89656        2.2e-05        0.066027       1544121764     525787         1544121766     488406         1              
61             1.42294        1.35912        1.8e-05        0.06378        1544121765     129567         1544121766     552505         1              
62             1.31118        1.24678        2.5e-05        0.064355       1544121765     305789         1544121766     616973         1              
63             1.34693        1.24327        2.5e-05        0.10362        1544121765     373788         1544121766     720717         1              
64             1.38677        1.283          2.6e-05        0.103736       1544121765     437789         1544121766     824558         1              
65             0.535483       0.471227       2.4e-05        0.064222       1544121766     353396         1544121766     888879         0              
66             0.377816       0.313817       2.2e-05        0.063964       1544121766     575122         1544121766     952938         0              
67             0.351077       0.287553       2.2e-05        0.063494       1544121766     665444         1544121767     16521          0              
68             0.067388       9.2e-05        2.4e-05        0.067263       1544121767     458090         1544121767     525478         0              
69             0.066977       9e-05          2.4e-05        0.066851       1544121767     568898         1544121767     635875         0              
70             0.089217       0.025699       2.1e-05        0.063485       1544121767     610233         1544121767     699450         0              
71             0.120975       0.057207       2.1e-05        0.06374        1544121767     642305         1544121767     763280         0              
72             0.065293       7.1e-05        2.2e-05        0.065191       1544121767     808778         1544121767     874071         0              
73             0.067131       9.1e-05        2.5e-05        0.067006       1544121767     889157         1544121767     956288         0              
74             0.067538       9.1e-05        8e-05          0.067359       1544121768     331267         1544121768     398805         0              
75             0.06714        0.00014        2.5e-05        0.066967       1544121768     677471         1544121768     744611         0              
76             0.067136       9.3e-05        2.6e-05        0.067008       1544121769     158899         1544121769     226035         0              
77             0.064163       9.1e-05        0.000253       0.063809       1544121769     552612         1544121769     616775         0              
78             0.067074       9.2e-05        2.6e-05        0.066944       1544121769     925542         1544121769     992616         0              
79             0.083928       0.02037        2e-05          0.063528       1544121769     972304         1544121770     56232          0              
80             0.067027       9.1e-05        2.5e-05        0.0669         1544121770     175831         1544121770     242858         0              
81             0.107609       0.044073       2.1e-05        0.063506       1544121770     198845         1544121770     306454         0              
82             0.067341       9.2e-05        2.5e-05        0.067217       1544121770     316677         1544121770     384018         0              
83             0.066879       9.8e-05        2.5e-05        0.066747       1544121770     430068         1544121770     496947         0              
84             0.067251       9.1e-05        7.6e-05        0.067074       1544121770     718699         1544121770     785950         0              
85             0.067336       0.000145       2.5e-05        0.067158       1544121771     453323         1544121771     520659         0              
86             0.067269       9e-05          2.4e-05        0.067146       1544121771     713516         1544121771     780785         0              
87             0.067514       9.6e-05        2.5e-05        0.067384       1544121772     107256         1544121772     174770         0              
88             0.067259       9.4e-05        2.6e-05        0.067132       1544121772     941356         1544121773     8615           0              
89             0.066986       8.9e-05        2.5e-05        0.066862       1544121773     80716          1544121773     147702         0              
90             0.067176       9.2e-05        2.5e-05        0.067049       1544121773     906553         1544121773     973729         0              
91             0.067226       9.2e-05        2.5e-05        0.067097       1544121774     122192         1544121774     189418         0              
92             0.080295       0.016302       2.3e-05        0.063958       1544121774     173176         1544121774     253471         0              
93             0.069535       0.002954       2.7e-05        0.066546       1544121774     250596         1544121774     320131         0              
94             0.066713       8.6e-05        7.4e-05        0.066545       1544121774     496433         1544121774     563146         0              
95             0.065967       0.000131       2.4e-05        0.065799       1544121774     606584         1544121774     672551         0              
96             0.099748       0.036004       2.1e-05        0.063713       1544121774     636604         1544121774     736352         0              
97             0.067094       9.1e-05        2.5e-05        0.06697        1544121774     797189         1544121774     864283         0              
98             0.067144       9e-05          2.6e-05        0.067019       1544121774     932664         1544121774     999808         0              
99             0.066909       0.000134       3.3e-05        0.066732       1544121775     141122         1544121775     208031         0              
