JobID          Runtime        getDevice      getProgram     runProgram     startTime_s    startTime_us   endTime_s      endTime_us     violation      0
-1             0.906423       5.6e-05        0.800889       0.10547        1544121776     624643         1544121777     531066         0              
-1             0.10325        4.2e-05        1.9e-05        0.103184       1544121777     543680         1544121777     646930         0              
-1             0.103252       3.8e-05        1.9e-05        0.103189       1544121777     659441         1544121777     762693         0              
-1             0.103247       3.7e-05        1.9e-05        0.103185       1544121777     775305         1544121777     878552         0              
-1             0.103243       3.7e-05        1.9e-05        0.103181       1544121777     891057         1544121777     994300         0              
0              0.875454       0.048047       0.047969       0.779433       1544121788     133788         1544121789     9242           0              
1              1.54462        0.81203        0.035997       0.696587       1544121788     217786         1544121789     762406         1              
2              2.23933        1.56803        3.3e-05        0.671257       1544121788     237784         1544121790     477110         1              
3              2.62215        2.01203        0.043976       0.56614        1544121788     497793         1544121791     119947         1              
4              2.97261        2.32404        0.039968       0.608598       1544121788     813786         1544121791     786400         1              
5              3.49275        2.80403        0.04398        0.644729       1544121789     21786          1544121792     514536         1              
6              4.12329        3.50803        0.039974       0.575274       1544121789     41786          1544121793     165075         1              
7              4.73228        4.12803        0.035982       0.568258       1544121789     53786          1544121793     786064         1              
8              5.24718        4.75203        2.2e-05        0.495116       1544121789     65787          1544121794     312962         1              
9              5.91146        5.16802        0.031983       0.711447       1544121789     193787         1544121795     105249         1              
10             5.97157        5.55604        0.048011       0.351547       1544121789     597785         1544121795     569353         1              
11             5.83953        5.50002        1.8e-05        0.339488       1544121790     117791         1544121795     957325         1              
12             6.09532        5.69203        0.047983       0.355302       1544121790     329789         1544121796     425108         1              
13             6.32875        5.90405        0.04796        0.376725       1544121790     533787         1544121796     862533         1              
14             6.43835        6.09602        0.026752       0.302335       1544121790     789787         1544121797     228141         1              
15             6.79748        6.44405        0.043967       0.309459       1544121790     809787         1544121797     607266         1              
16             7.26746        6.56404        2.3e-05        0.70339        1544121791     73787          1544121798     341247         1              
17             7.73998        7.00004        0.043976       0.695964       1544121791     397785         1544121799     137769         1              
18             8.29134        7.70403        0.047975       0.539318       1544121791     453787         1544121799     745124         1              
19             8.72173        8.28404        9.1e-05        0.43759        1544121791     489786         1544121800     211513         1              
20             9.03654        8.47204        0.039975       0.524523       1544121791     765787         1544121800     802329         1              
21             9.38023        9.02804        0.039971       0.312215       1544121791     805788         1544121801     186018         1              
22             9.86769        9.29203        0.000164       0.575491       1544121791     933787         1544121801     801478         1              
23             10.1835        9.80805        0.03197        0.343515       1544121792     5788           1544121802     189326         1              
24             10.3275        10.036         2.1e-05        0.291477       1544121792     185787         1544121802     513323         1              
25             10.6611        10.112         0.039965       0.509059       1544121792     409786         1544121803     70865          1              
26             10.9023        10.564         0.039976       0.298298       1544121792     549788         1544121803     452104         1              
27             11.1171        10.54          0.047986       0.529054       1544121792     941786         1544121804     58864          1              
28             11.6531        11.056         0.035963       0.561064       1544121793     21786          1544121804     674867         1              
29             11.8035        11.46          0.03997        0.303528       1544121793     233789         1544121805     37332          1              
30             11.8075        11.484         0.031976       0.291519       1544121793     573791         1544121805     381328         1              
31             12.0676        11.8           2.1e-05        0.267504       1544121793     617789         1544121805     685349         1              
32             12.1352        11.8997        0.027987       0.207535       1544121793     786133         1544121805     921348         1              
33             12.0727        11.848         0.019978       0.204729       1544121794     77788          1544121806     150536         1              
35             12.0396        11.772         0.031976       0.23553        1544121794     421788         1544121806     461341         1              
34             12.3395        12.056         0.039986       0.243513       1544121794     433790         1544121806     773314         1              
36             12.5439        12.2404        0.031981       0.271541       1544121794     549393         1544121807     93342          1              
37             12.8061        12.504         0.031977       0.270132       1544121794     613789         1544121807     419935         1              
38             13.0236        12.736         2.1e-05        0.287487       1544121794     713786         1544121807     737337         1              
39             13.3275        13.032         0.027975       0.267533       1544121794     737791         1544121808     65339          1              
40             13.3235        13.032         0.039977       0.25151        1544121795     53788          1544121808     377313         1              
41             12.9916        12.74          2.1e-05        0.251504       1544121795     637788         1544121808     629351         1              
42             13.4211        12.872         0.039971       0.509052       1544121795     765787         1544121809     186861         1              
43             13.9571        13.364         0.039973       0.553054       1544121795     853788         1544121809     810860         1              
44             14.3091        13.86          0.031972       0.417061       1544121795     965787         1544121810     274867         1              
45             14.5581        14.2881        0.03196        0.238123       1544121795     997788         1544121810     555931         1              
46             14.6303        14.504         0.003987       0.122297       1544121796     77786          1544121810     708112         1              
47             14.7977        14.5401        0.027958       0.22966        1544121796     181786         1544121810     979466         1              
48             15.1459        14.728         2.4e-05        0.417782       1544121796     273785         1544121811     419637         1              
49             15.6091        15.144         0.039971       0.425047       1544121796     305786         1544121811     914859         1              
50             15.7716        15.572         0.027963       0.171538       1544121796     353792         1544121812     125350         1              
51             15.6715        15.412         0.031974       0.227519       1544121796     749796         1544121812     421325         1              
52             15.9235        15.676         0.031976       0.215538       1544121796     765792         1544121812     689340         1              
53             16.3171        15.884         0.031972       0.401062       1544121796     821788         1544121813     138866         1              
54             16.4247        16.272         0.027966       0.124729       1544121796     869791         1544121813     294533         1              
55             16.6075        16.368         2.2e-05        0.239472       1544121796     953789         1544121813     561337         1              
56             16.717         16.476         0.003971       0.236956       1544121797     85788          1544121813     802762         1              
57             17.1091        16.7           2.3e-05        0.40901        1544121797     121787         1544121814     230868         1              
58             17.2454        17.0751        2.4e-05        0.170292       1544121797     182738         1544121814     428158         1              
59             17.2036        17.008         2.2e-05        0.195479       1544121797     429788         1544121814     633342         1              
60             17.3626        17.1205        0.035974       0.206135       1544121797     541370         1544121814     903937         1              
61             17.5438        17.348         0.031974       0.163774       1544121797     565788         1544121815     109577         1              
62             17.8282        17.5081        2.3e-05        0.320135       1544121797     613788         1544121815     442006         1              
63             17.8502        17.68          0.035982       0.134156       1544121797     789788         1544121815     639960         1              
64             18.059         17.734         2.2e-05        0.325014       1544121797     947858         1544121816     6857           1              
65             18.1838        17.972         0.035982       0.175757       1544121798     61788          1544121816     245561         1              
66             18.2876        18.156         0.003963       0.12753        1544121798     109788         1544121816     397339         1              
67             18.4341        18.22          0.035973       0.178126       1544121798     221787         1544121816     655932         1              
68             18.5242        18.22          2.6e-05        0.304163       1544121798     473787         1544121816     998029         1              
69             18.7642        18.484         0.03598        0.244206       1544121798     525789         1544121817     290014         1              
70             18.8488        18.676         0.035982       0.136731       1544121798     637786         1544121817     486540         1              
71             18.7331        18.3888        0.027193       0.317052       1544121799     97788          1544121817     830860         1              
72             18.9683        18.6641        2.4e-05        0.304155       1544121799     185692         1544121818     154014         1              
73             19.0675        18.904         0.003978       0.159503       1544121799     265787         1544121818     333317         1              
74             18.9242        18.64          2.6e-05        0.284162       1544121799     701791         1544121818     626024         1              
75             18.9882        18.868         2.2e-05        0.120169       1544121799     761787         1544121818     750029         1              
76             19.1122        18.8168        2.3e-05        0.295383       1544121799     945041         1544121819     57249          1              
77             19.2674        19.024         2.6e-05        0.24337        1544121800     45790          1544121819     313235         1              
78             19.4482        19.248         2.3e-05        0.200186       1544121800     85786          1544121819     534032         1              
79             19.4649        19.344         2.2e-05        0.120877       1544121800     217787         1544121819     682734         1              
80             19.6546        19.44          0.011977       0.202562       1544121800     257785         1544121819     912371         1              
81             19.8795        19.66          0.020512       0.198916       1544121800     269785         1544121820     149253         1              
82             19.8449        19.74          2.3e-05        0.10479        1544121800     409785         1544121820     254651         1              
83             19.6323        19.416         2.4e-05        0.216235       1544121800     869789         1544121820     502093         1              
84             19.5794        19.404         2.6e-05        0.175301       1544121801     109786         1544121820     689174         1              
85             19.6124        19.4841        0.015979       0.1124         1544121801     225785         1544121820     838231         1              
86             19.0009        18.892         0.004861       0.103981       1544121801     953787         1544121820     954686         1              
87             19.1033        18.985         0.014984       0.1033         1544121801     969786         1544121821     73113          1              
88             19.1254        19.056         0.003963       0.065414       1544121802     17797          1544121821     143234         1              
89             19.2157        19.104         0.007966       0.103712       1544121802     53790          1544121821     269526         1              
90             19.1314        19.0281        2.4e-05        0.103288       1544121802     253786         1544121821     385161         1              
91             18.759         18.68          2.4e-05        0.07893        1544121802     717796         1544121821     476807         1              
92             18.6917        18.5881        2.8e-05        0.103558       1544121802     909786         1544121821     601444         1              
93             18.5768        18.4358        2.3e-05        0.140891       1544121803     165786         1544121821     742543         1              
94             18.6156        18.552         2.1e-05        0.06354        1544121803     201788         1544121821     817407         1              
95             18.6787        18.6148        2e-05          0.063847       1544121803     205787         1544121821     884472         1              
96             17.5187        17.4547        2.7e-05        0.063927       1544121804     429793         1544121821     948502         1              
97             17.4983        17.3948        2.7e-05        0.103544       1544121804     553789         1544121822     52134          1              
98             17.5222        17.4584        2.4e-05        0.063762       1544121804     593788         1544121822     115995         1              
99             17.3655        17.2623        2.7e-05        0.103214       1544121804     853790         1544121822     219307         1              
