JobID          Runtime        getDevice      getProgram     runProgram     startTime_s    startTime_us   endTime_s      endTime_us     violation      0
-1             0.802085       0.000437       0.789538       0.012103       1544121775     252760         1544121776     54845          0              
-1             0.012141       6.1e-05        2.2e-05        0.012053       1544121777     531148         1544121777     543289         0              
-1             0.012116       3.7e-05        2.5e-05        0.01205        1544121777     646952         1544121777     659068         0              
-1             0.012171       3.7e-05        8.1e-05        0.012048       1544121777     762716         1544121777     774887         0              
-1             0.012114       3.7e-05        2.5e-05        0.012047       1544121777     878573         1544121777     890687         0              
0              0.012386       8.7e-05        2.7e-05        0.012254       1544121788     8201           1544121788     20587          0              
1              0.018781       0.004776       2.8e-05        0.01396        1544121788     15889          1544121788     34670          0              
2              0.041544       0.015465       2.6e-05        0.026046       1544121788     19264          1544121788     60808          0              
3              0.067066       0.008051       0.023964       0.035045       1544121788     57789          1544121788     124855         0              
4              0.095963       0.02913        0.004053       0.062775       1544121788     96720          1544121788     192683         0              
5              0.235177       0.119195       0.071988       0.043989       1544121788     102627         1544121788     337804         0              
7              0.322063       0.232044       0.031972       0.058038       1544121788     113786         1544121788     435849         0              
8              0.476012       0.35203        0.031984       0.091993       1544121788     117786         1544121788     593798         0              
6              0.511074       0.476034       3.1e-05        0.034999       1544121788     129788         1544121788     640862         0              
9              0.614414       0.53205        0.000113       0.082244       1544121788     141786         1544121788     756200         0              
10             0.707683       0.592035       0.043979       0.071663       1544121788     165787         1544121788     873470         0              
11             0.761993       0.672028       0.03599        0.053967       1544121788     229786         1544121788     991779         0              
12             0.867072       0.784028       0.039985       0.043054       1544121788     233785         1544121789     100857         0              
13             1.02471        0.892095       0.03992        0.092687       1544121788     257787         1544121789     282496         0              
14             1.23337        1.04403        0.07198        0.117349       1544121788     281787         1544121789     515156         0              
15             1.35907        1.26803        0.043984       0.047044       1544121788     293786         1544121789     652854         0              
16             1.44307        1.35603        0.039986       0.04705        1544121788     317786         1544121789     760855         0              
18             1.47507        1.44402        2e-05          0.031021       1544121788     361786         1544121789     836856         0              
19             1.62498        1.49202        0.035985       0.09696        1544121788     365789         1544121789     990767         0              
17             1.83046        1.66005        0.039967       0.130437       1544121788     365789         1544121790     196248         0              
20             1.93907        1.86404        0.039979       0.035051       1544121788     389785         1544121790     328858         0              
21             2.11202        1.98404        0.035976       0.091996       1544121788     393786         1544121790     505802         1              
22             2.28394        2.14003        0.03598        0.107918       1544121788     413785         1544121790     697722         1              
23             2.46801        2.29203        0.039984       0.135993       1544121788     421789         1544121790     889798         1              
24             2.63594        2.48002        0.035993       0.119919       1544121788     437787         1544121791     73726          1              
25             3.13107        2.64403        0.035983       0.451045       1544121788     457786         1544121791     588855         1              
26             3.32033        3.16403        0.039985       0.116309       1544121788     465787         1544121791     786116         1              
28             3.39949        3.30403        0.031983       0.063472       1544121788     509785         1544121791     909279         1              
27             3.87917        3.41637        0.039655       0.423139       1544121788     521786         1544121792     400952         1              
29             3.94707        3.87203        0.035978       0.039054       1544121788     545786         1544121792     492856         1              
30             4.15601        3.98403        0.039982       0.131991       1544121788     561788         1544121792     717794         1              
31             4.3            4.17603        2.2e-05        0.123943       1544121788     577788         1544121792     877793         1              
32             4.40001        4.31603        0.027982       0.055999       1544121788     597787         1544121792     997801         1              
33             4.53705        4.41605        2.4e-05        0.120974       1544121788     625789         1544121793     162843         1              
35             4.64333        4.55203        0.03598        0.055321       1544121788     657789         1544121793     301124         1              
34             4.73906        4.67203        0.03199        0.035039       1544121788     661786         1544121793     400849         1              
37             4.83506        4.74403        0.027991       0.063043       1544121788     669785         1544121793     504849         1              
36             4.91107        4.84802        0.027983       0.035053       1544121788     681786         1544121793     592855         1              
38             4.99548        4.93602        0.03199        0.027469       1544121788     689788         1544121793     685273         1              
39             5.09134        5.01615        0.031862       0.043325       1544121788     693790         1544121793     785130         1              
40             5.21647        5.10403        0.027984       0.084451       1544121788     733786         1544121793     950255         1              
42             5.30257        5.21125        0.035991       0.055323       1544121788     782566         1544121794     85133          1              
41             5.37907        5.31604        0.027972       0.035052       1544121788     789787         1544121794     168856         1              
43             5.51483        5.41203        0.027986       0.074807       1544121788     797787         1544121794     312616         1              
44             5.58706        5.51204        0.043978       0.031042       1544121788     817785         1544121794     404846         1              
45             5.69201        5.59203        0.027981       0.071994       1544121788     825786         1544121794     517800         1              
46             5.76708        5.73204        6.2e-05        0.03497        1544121788     829786         1544121794     596862         1              
47             5.88973        5.78803        0.027982       0.073712       1544121788     837787         1544121794     727516         1              
49             6.04364        5.91966        0.031985       0.091988       1544121788     842151         1544121794     885794         1              
48             6.12028        6.05204        2e-05          0.06822        1544121788     853786         1544121794     974068         1              
50             6.22306        6.13604        0.027969       0.059042       1544121788     853787         1544121795     76845          1              
52             6.29106        6.20802        0.043984       0.039045       1544121788     897786         1544121795     188849         1              
53             6.41506        6.33202        0.027984       0.055046       1544121788     897792         1544121795     312851         1              
51             6.51033        6.43204        0.027974       0.050307       1544121788     901786         1544121795     412112         1              
54             6.5795         6.52403        0.000354       0.055107       1544121788     909788         1544121795     489285         1              
55             6.74465        6.60403        0.047985       0.092629       1544121788     921787         1544121795     666433         1              
57             6.87573        6.75204        2.4e-05        0.123658       1544121788     929786         1544121795     805517         1              
56             7.00903        6.91363        0.047982       0.047406       1544121788     932180         1544121795     941207         1              
58             7.17533        7.05203        0.047988       0.075311       1544121788     933787         1544121796     109119         1              
59             7.36366        7.17203        0.043985       0.14764        1544121788     965786         1544121796     329445         1              
60             7.44306        7.39603        3.3e-05        0.046993       1544121788     981786         1544121796     424850         1              
61             7.53106        7.47203        0.019988       0.039042       1544121788     985787         1544121796     516849         1              
62             7.6522         7.57204        0.039974       0.040184       1544121788     989786         1544121796     641990         1              
63             7.79133        7.70804        0.035974       0.047314       1544121788     989790         1544121796     781123         1              
64             7.89906        7.82404        0.039978       0.035042       1544121789     13786          1544121796     912848         1              
65             7.99934        7.944          2.8e-05        0.055304       1544121789     25789          1544121797     25130          1              
66             8.10706        8.01939        0.040626       0.047046       1544121789     37787          1544121797     144851         1              
67             8.23534        8.12803        0.056001       0.051299       1544121789     49787          1544121797     285124         1              
69             8.35908        8.24005        0.035959       0.083059       1544121789     69787          1544121797     428863         1              
68             8.52866        8.40004        0.039972       0.08864        1544121789     77786          1544121797     606445         1              
70             8.63507        8.54403        0.027989       0.063043       1544121789     85785          1544121797     720855         1              
71             8.68733        8.59204        0.055971       0.039317       1544121789     177788         1544121797     865122         1              
72             8.80802        8.67604        0.031971       0.099999       1544121789     197786         1544121798     5803           1              
73             8.92334        8.81203        0.063988       0.047321       1544121789     205785         1544121798     129124         1              
75             8.97534        8.90004        0.031979       0.04332        1544121789     249788         1544121798     225128         1              
74             9.13601        9.00003        0.055979       0.079995       1544121789     257786         1544121798     393800         1              
77             9.32801        9.18403        0.05598        0.087999       1544121789     269786         1544121798     597800         1              
78             9.45534        9.34805        0.047967       0.059321       1544121789     273786         1544121798     729125         1              
76             9.61134        9.50403        0.047984       0.059319       1544121789     277786         1544121798     889126         1              
79             9.74413        9.63603        0.047982       0.060102       1544121789     285787         1544121799     29912          1              
80             9.83196        9.74404        0.039971       0.047943       1544121789     305785         1544121799     137748         1              
81             9.9601         9.86804        0.047972       0.044081       1544121789     305786         1544121799     265890         1              
82             10.0633        9.99603        0.00399        0.063307       1544121789     317786         1544121799     381117         1              
83             10.0753        10.032         2.3e-05        0.043265       1544121789     369785         1544121799     445126         1              
84             10.2273        10.144         0.039978       0.043328       1544121789     381787         1544121799     609130         1              
85             10.3462        10.24          2.8e-05        0.106096       1544121789     397788         1544121799     743959         1              
87             10.3473        10.288         9.1e-05        0.059206       1544121789     469786         1544121799     817119         1              
86             10.4513        10.356         0.059979       0.035325       1544121789     473788         1544121799     925126         1              
88             10.5553        10.504         2e-05          0.051277       1544121789     473786         1544121800     29120          1              
89             10.7192        10.5521        0.055967       0.111208       1544121789     485787         1544121800     205019         1              
90             10.8309        10.724         0.03598        0.070857       1544121789     505785         1544121800     336662         1              
91             10.8489        10.796         2.1e-05        0.052866       1544121789     561788         1544121800     410701         1              
92             10.9599        10.868         0.047976       0.043847       1544121789     569788         1544121800     529653         1              
95             11.2084        10.972         0.039967       0.196397       1544121789     593788         1544121800     802201         1              
93             11.4831        11.252         0.039977       0.191122       1544121789     597787         1544121801     80927          1              
94             11.5918        11.512         0.039978       0.039788       1544121789     597787         1544121801     189592         1              
96             11.7875        11.484         0.039978       0.263437       1544121789     729786         1544121801     517244         1              
97             12.0716        11.836         0.039985       0.195562       1544121789     729787         1544121801     801365         1              
98             12.2153        12.096         0.039984       0.079318       1544121789     745785         1544121801     961124         1              
99             12.4274        12.248         6.7e-05        0.159319       1544121789     761786         1544121802     189186         1              
