JobID          Runtime        getDevice      getProgram     runProgram     startTime_s    startTime_us   endTime_s      endTime_us     violation      0
-1             0.569712       6e-05          0.569368       0.000278       1544121776     54890          1544121776     624602         0              
-1             0.000352       3.8e-05        3.5e-05        0.000275       1544121777     543310         1544121777     543662         0              
-1             0.000339       3.4e-05        2.7e-05        0.000273       1544121777     659086         1544121777     659425         0              
-1             0.000386       8.2e-05        2.7e-05        0.000272       1544121777     774904         1544121777     775290         0              
-1             0.000337       3.3e-05        2.6e-05        0.000273       1544121777     890705         1544121777     891042         0              
0              0.000519       0.000138       2.7e-05        0.000342       1544121787     996254         1544121787     996773         0              
1              0.000452       8.1e-05        2.4e-05        0.000328       1544121787     997173         1544121787     997625         0              
2              0.000695       0.000317       2.9e-05        0.000339       1544121787     997396         1544121787     998091         0              
3              0.000444       8.2e-05        2.5e-05        0.000327       1544121788     264            1544121788     708            0              
4              0.000512       8e-05          9.4e-05        0.00033        1544121788     3389           1544121788     3901           0              
5              0.00051        0.00013        2.4e-05        0.000341       1544121788     5567           1544121788     6077           0              
6              0.000692       0.000322       2.9e-05        0.000328       1544121788     5834           1544121788     6526           0              
7              0.000729       0.000374       2.9e-05        0.000312       1544121788     6235           1544121788     6964           0              
8              0.000978       0.000613       2.6e-05        0.000326       1544121788     6401           1544121788     7379           0              
9              0.000714       0.000349       2.8e-05        0.000328       1544121788     7105           1544121788     7819           0              
10             0.00587        8.4e-05        2.7e-05        0.005745       1544121788     11376          1544121788     17246          0              
11             0.004115       0.002452       2.9e-05        0.001621       1544121788     16798          1544121788     20913          0              
12             0.010833       0.001745       2.7e-05        0.00905        1544121788     19250          1544121788     30083          0              
13             0.013503       0.008879       2.4e-05        0.004586       1544121788     21288          1544121788     34791          0              
15             0.033277       0.010601       2.3e-05        0.022648       1544121788     24264          1544121788     57541          0              
14             0.051803       0.047176       0.004337       0.000278       1544121788     26649          1544121788     78452          0              
17             0.141551       0.055622       0.035782       0.050141       1544121788     30447          1544121788     171998         0              
18             0.246981       0.1987         0.04798        0.000279       1544121788     31102          1544121788     278083         0              
16             0.299149       0.270918       0.027983       0.000243       1544121788     34900          1544121788     334049         0              
19             0.402859       0.334612       0.067987       0.000249       1544121788     35206          1544121788     438065         0              
23             0.512223       0.396047       0.031961       0.084209       1544121788     45793          1544121788     558016         0              
22             0.551338       0.523076       0.027978       0.000278       1544121788     46749          1544121788     598087         0              
21             0.702643       0.61203        0.02798        0.062627       1544121788     49787          1544121788     752430         0              
24             0.720387       0.720045       8.9e-05        0.000247       1544121788     49788          1544121788     770175         0              
26             0.7923         0.760047       0.020011       0.00028        1544121788     49789          1544121788     842089         0              
27             0.812487       0.812039       0.000197       0.000246       1544121788     53790          1544121788     866277         0              
28             0.864264       0.828047       0.035964       0.000248       1544121788     53790          1544121788     918054         0              
20             0.92687        0.872037       0.000159       0.054669       1544121788     57786          1544121788     984656         0              
29             1.04428        0.948032       0.071992       0.02424        1544121788     57790          1544121789     102065         1              
25             1.11229        1.09206        0.019949       0.000278       1544121788     61790          1544121789     174079         1              
32             1.26026        1.18002        0.079986       0.000243       1544121788     61789          1544121789     322052         1              
30             1.33229        1.29203        0.039978       0.000279       1544121788     61788          1544121789     394082         1              
31             1.43812        1.34003        0.039991       0.058092       1544121788     73785          1544121789     511903         1              
34             1.50426        1.46403        0.039977       0.000247       1544121788     73789          1544121789     578050         1              
39             1.60831        1.56404        0.032028       0.000281       1544121788     73790          1544121789     682104         1              
33             1.68823        1.62802        0.039985       0.020222       1544121788     73793          1544121789     762026         1              
35             1.76024        1.70003        0.039988       0.020216       1544121788     77789          1544121789     838029         1              
38             1.90572        1.81602        0.031985       0.057708       1544121788     81792          1544121789     987510         1              
37             2.10705        1.95203        0.035988       0.119034       1544121788     85788          1544121790     192843         1              
41             2.19435        2.15408        0.039981       0.000279       1544121788     87734          1544121790     282082         1              
36             2.24026        2.20404        0.035978       0.000245       1544121788     89788          1544121790     330051         1              
45             2.30564        2.26403        3.4e-05        0.041571       1544121788     89788          1544121790     395429         1              
42             2.3923         2.33603        0.028011       0.000277       1544121788     93786          1544121790     486087         1              
44             2.44829        2.40405        0.043962       0.000273       1544121788     93786          1544121790     542079         1              
60             2.59905        2.46651        0.035976       0.096553       1544121788     95318          1544121790     694363         1              
46             2.7886         2.64403        0.047982       0.09658        1544121788     97786          1544121790     886385         1              
40             2.8523         2.80803        0.043983       0.00028        1544121788     97787          1544121790     950085         1              
51             2.97612        2.90003        0.039985       0.036102       1544121788     97787          1544121791     73909          1              
49             3.4775         3.00803        0.035978       0.433479       1544121788     97788          1544121791     575284         1              
59             3.68127        3.53237        0.035984       0.112913       1544121788     101450         1544121791     782722         1              
43             3.78307        3.70803        0.039987       0.035047       1544121788     101786         1544121791     884854         1              
47             3.85629        3.81604        0.03998        0.000273       1544121788     101786         1544121791     958080         1              
48             4.30211        3.88004        0.03597        0.386089       1544121788     101787         1544121792     403893         1              
53             4.38899        4.32878        0.035977       0.024221       1544121788     105038         1544121792     494023         1              
63             4.43234        4.43203        2.1e-05        0.000277       1544121788     105786         1544121792     538124         1              
52             4.5203         4.48003        0.039979       0.00028        1544121788     105787         1544121792     626083         1              
61             4.59729        4.53603        2e-05          0.061233       1544121788     109786         1544121792     707075         1              
50             4.69226        4.66003        0.031985       0.000245       1544121788     109786         1544121792     802046         1              
55             4.80167        4.72003        0.035982       0.045656       1544121788     113788         1544121792     915459         1              
56             4.8203         4.82003        2.2e-05        0.000244       1544121788     113788         1544121792     934091         1              
54             4.88565        4.86403        2.5e-05        0.021591       1544121788     113789         1544121792     999441         1              
62             5.04163        4.92803        0.031987       0.081605       1544121788     117786         1544121793     159413         1              
66             5.09227        5.06004        0.031972       0.000244       1544121788     121786         1544121793     214053         1              
58             5.18829        5.11603        0.071985       0.000277       1544121788     121787         1544121793     310081         1              
65             5.23223        5.2            0.031979       0.000247       1544121788     121815         1544121793     354050         1              
67             5.28953        5.28532        2.2e-05        0.004182       1544121788     124503         1544121793     414035         1              
73             5.38015        5.30488        0.027982       0.047281       1544121788     124934         1544121793     505082         1              
69             5.46824        5.41603        0.03199        0.020222       1544121788     125786         1544121793     594029         1              
64             5.53907        5.50003        0.035985       0.003058       1544121788     129787         1544121793     668862         1              
57             5.57634        5.57603        2.1e-05        0.000281       1544121788     129785         1544121793     706130         1              
71             5.66024        5.60803        0.031979       0.020221       1544121788     129786         1544121793     790023         1              
68             5.70825        5.68003        0.027984       0.000238       1544121788     129787         1544121793     838039         1              
74             5.8207         5.73604        0.027982       0.056681       1544121788     129786         1544121793     950490         1              
70             5.86027        5.82804        0.031975       0.000246       1544121788     133786         1544121793     994059         1              
77             5.9516         5.87603        0.031983       0.043587       1544121788     133788         1544121794     85391          1              
72             6.03225        6.00002        0.027985       0.004228       1544121788     137787         1544121794     170033         1              
79             6.17138        6.06403        0.035982       0.07136        1544121788     137788         1544121794     309168         1              
78             6.22029        6.19202        0.027984       0.000277       1544121788     137792         1544121794     358080         1              
86             6.28043        6.24816        0.031982       0.000279       1544121788     141660         1544121794     422086         1              
82             6.35626        6.30403        0.048011       0.000243       1544121788     145786         1544121794     502045         1              
80             6.45227        6.39202        0.03199        0.028248       1544121788     145788         1544121794     598057         1              
81             6.58438        6.50402        0.031985       0.048372       1544121788     145791         1544121794     730175         1              
75             6.63626        6.60802        0.027986       0.000248       1544121788     149785         1544121794     786047         1              
87             6.80493        6.69603        0.043989       0.064909       1544121788     153788         1544121794     958720         1              
89             6.8766         6.84003        0.004          0.032562       1544121788     157785         1544121795     34387          1              
76             6.96827        6.90803        0.059984       0.000247       1544121788     157786         1544121795     126057         1              
83             7.04033        7.04003        2.1e-05        0.000277       1544121788     157787         1544121795     198116         1              
93             7.11141        7.04802        0.047992       0.015386       1544121788     161785         1544121795     273193         1              
90             7.25058        7.17603        0.047983       0.026562       1544121788     161785         1544121795     412363         1              
84             7.30707        7.27603        2.1e-05        0.031011       1544121788     161786         1544121795     468852         1              
88             7.34835        7.34804        2.5e-05        0.000278       1544121788     161787         1544121795     510133         1              
94             7.43627        7.38403        0.051991       0.000244       1544121788     165785         1544121795     602055         1              
95             7.63953        7.52366        0.051979       0.06388        1544121788     166160         1544121795     805688         1              
91             7.77097        7.68762        0.041287       0.042052       1544121788     166181         1544121795     937154         1              
98             7.7723         7.77203        1.9e-05        0.000243       1544121788     173786         1544121795     946086         1              
85             7.8443         7.82004        0.023973       0.00028        1544121788     173787         1544121796     18083          1              
96             7.92029        7.87203        0.047983       0.000279       1544121788     173789         1544121796     94084          1              
92             7.99327        7.94901        0.043972       0.000278       1544121788     176814         1544121796     170080         1              
97             8.14838        8.02003        0.000415       0.127935       1544121788     177787         1544121796     326170         1              
99             8.23227        8.19602        0.016018       0.000244       1544121788     193787         1544121796     426054         1              
