TaskQLat.      PRRQLat.       TaskQLen       
0.000351       1.40735e+14    1              
TaskQLat.      PRRQLat.       TaskQLen       
5e-06          -1.54083e+09   1              
TaskQLat.      PRRQLat.       TaskQLen       
4e-06          -1.54083e+09   1              
4e-06          -1.54083e+09   1              
3e-06          -1.54083e+09   1              
2e-06          -1.54083e+09   1              
3e-06          -1.54083e+09   1              
5e-05          -1.54083e+09   1              
2e-06          -1.54083e+09   1              
3e-06          -1.54083e+09   1              
6.6e-05        -1.54083e+09   1              
0.000639       -1.54083e+09   5              
0.000263       -1.54083e+09   9              
3.6e-05        -1.54083e+09   1              
0.001288       -1.54083e+09   15             
0.001202       -1.54083e+09   17             
0.004022       -1.54083e+09   3              
0.004051       -1.54083e+09   4              
0.004651       -1.54083e+09   15             
0.008148       -1.54083e+09   9              
0.00829        -1.54083e+09   11             
0.004787       -1.54083e+09   17             
0.004719       -1.54083e+09   16             
0.082539       -1.54083e+09   80             
0.091688       -1.54083e+09   29             
0.093585       -1.54083e+09   19             
0.093862       -1.54083e+09   22             
0.08701        -1.54083e+09   53             
0.088822       -1.54083e+09   42             
0.000571       -1.54083e+09   7              
0.092049       -1.54083e+09   33             
0.082893       -1.54083e+09   84             
0.088618       -1.54083e+09   40             
0.080868       -1.54083e+09   75             
0.080732       -1.54083e+09   73             
0.083872       -1.54083e+09   63             
0.096467       -1.54083e+09   6              
0.09688        -1.54083e+09   11             
0.000507       -1.54083e+09   6              
0.085043       -1.54083e+09   45             
0.0808         -1.54083e+09   74             
7.6e-05        -1.54083e+09   2              
0.096749       -1.54083e+09   9              
0.083589       -1.54083e+09   60             
0.21858        -1.54083e+09   154            
0.085538       -1.54083e+09   51             
0.082609       -1.54083e+09   81             
0.095992       -1.54083e+09   95             
0.093451       -1.54083e+09   17             
0.091757       -1.54083e+09   30             
0.229411       -1.54083e+09   129            
0.082326       -1.54083e+09   77             
0.207334       -1.54083e+09   171            
0.09633        -1.54083e+09   4              
0.083938       -1.54083e+09   64             
0.199432       -1.54083e+09   174            
0.195523       -1.54083e+09   176            
0.137377       -1.54083e+09   124            
0.229233       -1.54083e+09   124            
0.144736       -1.54083e+09   112            
0.168375       -1.54083e+09   104            
0.191618       -1.54083e+09   180            
0.079678       -1.54083e+09   93             
0.137287       -1.54083e+09   122            
0.137404       -1.54083e+09   125            
0.17232        -1.54083e+09   131            
0.093245       -1.54083e+09   15             
0.156531       -1.54083e+09   107            
0.23649        -1.54083e+09   110            
0.241049       -1.54083e+09   199            
0.141089       -1.54083e+09   117            
0.215183       -1.54083e+09   166            
0.176173       -1.54083e+09   159            
0.21513        -1.54083e+09   164            
0.225505       -1.54083e+09   132            
0.141232       -1.54083e+09   121            
0.244076       -1.54083e+09   98             
0.240334       -1.54083e+09   106            
0.152555       -1.54083e+09   107            
0.276478       -1.54083e+09   133            
0.21478        -1.54083e+09   225            
0.214696       -1.54083e+09   158            
0.195499       -1.54083e+09   175            
0.000215       -1.54083e+09   3              
0.168872       -1.54083e+09   283            
0.222246       -1.54083e+09   146            
0.22218        -1.54083e+09   143            
0.200417       -1.54083e+09   247            
0.092119       -1.54083e+09   34             
0.254994       -1.54083e+09   164            
0.222202       -1.54083e+09   144            
0.254026       -1.54083e+09   160            
0.200337       -1.54083e+09   244            
0.244036       -1.54083e+09   97             
0.222486       -1.54083e+09   217            
0.083656       -1.54083e+09   61             
0.196512       -1.54083e+09   249            
0.088421       -1.54083e+09   37             
0.085335       -1.54083e+09   48             
0.090096       -1.54083e+09   24             
0.164727       -1.54083e+09   178            
0.080941       -1.54083e+09   76             
0.087078       -1.54083e+09   54             
0.253912       -1.54083e+09   157            
0.145          -1.54083e+09   114            
0.141178       -1.54083e+09   119            
0.225569       -1.54083e+09   133            
0.141062       -1.54083e+09   116            
0.261638       -1.54083e+09   148            
0.215258       -1.54083e+09   157            
3e-06          -1.54083e+09   1              
0.148651       -1.54083e+09   109            
0.269333       -1.54083e+09   140            
0.244695       -1.54083e+09   188            
0.233194       -1.54083e+09   123            
0.175386       -1.54083e+09   182            
0.168614       -1.54083e+09   174            
0.211313       -1.54083e+09   169            
0.203404       -1.54083e+09   173            
0.164789       -1.54083e+09   179            
0.172449       -1.54083e+09   170            
0.17648        -1.54083e+09   271            
0.280691       -1.54083e+09   190            
0.276362       -1.54083e+09   130            
0.269381       -1.54083e+09   142            
0.255022       -1.54083e+09   165            
0.243669       -1.54083e+09   184            
0.284615       -1.54083e+09   189            
0.175706       -1.54083e+09   274            
0.176168       -1.54083e+09   200            
0.272898       -1.54083e+09   193            
0.240965       -1.54083e+09   197            
0.255051       -1.54083e+09   166            
0.257818       -1.54083e+09   154            
0.176503       -1.54083e+09   272            
0.207156       -1.54083e+09   236            
0.225485       -1.54083e+09   212            
0.276498       -1.54083e+09   134            
0.251335       -1.54083e+09   174            
0.292261       -1.54083e+09   185            
0.236173       -1.54083e+09   204            
0.168791       -1.54083e+09   280            
0.176232       -1.54083e+09   201            
0.226416       -1.54083e+09   214            
0.21866        -1.54083e+09   222            
0.214833       -1.54083e+09   227            
0.211009       -1.54083e+09   232            
0.247494       -1.54083e+09   179            
0.082471       -1.54083e+09   79             
0.164408       -1.54083e+09   105            
0.092003       -1.54083e+09   36             
0.079401       -1.54083e+09   90             
0.244666       -1.54083e+09   187            
0.276808       -1.54083e+09   192            
0.210982       -1.54083e+09   231            
0.225434       -1.54083e+09   210            
0.243756       -1.54083e+09   186            
0.096263       -1.54083e+09   3              
0.254077       -1.54083e+09   162            
0.229312       -1.54083e+09   127            
0.254051       -1.54083e+09   161            
0.236463       -1.54083e+09   109            
0.183974       -1.54083e+09   185            
0.218582       -1.54083e+09   219            
0.093311       -1.54083e+09   16             
0.001427       -1.54083e+09   17             
0.233285       -1.54083e+09   206            
0.093177       -1.54083e+09   14             
0.236516       -1.54083e+09   111            
0.24113        -1.54083e+09   202            
0.000362       -1.54083e+09   4              
0.225595       -1.54083e+09   134            
0.246709       -1.54083e+09   182            
0.192241       -1.54083e+09   264            
0.236605       -1.54083e+09   113            
0.222463       -1.54083e+09   216            
0.225461       -1.54083e+09   211            
0.265521       -1.54083e+09   145            
0.229315       -1.54083e+09   207            
0.261576       -1.54083e+09   147            
0.168844       -1.54083e+09   282            
0.214856       -1.54083e+09   228            
0.210931       -1.54083e+09   229            
0.247574       -1.54083e+09   181            
0.284475       -1.54083e+09   188            
0.083523       -1.54083e+09   59             
0.244807       -1.54083e+09   191            
0.240933       -1.54083e+09   196            
0.183947       -1.54083e+09   184            
0.192102       -1.54083e+09   260            
0.088485       -1.54083e+09   38             
0.176146       -1.54083e+09   158            
0.241103       -1.54083e+09   201            
0.215207       -1.54083e+09   167            
0.177853       -1.54083e+09   238            
0.241076       -1.54083e+09   200            
0.176188       -1.54083e+09   200            
0.179491       -1.54083e+09   267            
0.164694       -1.54083e+09   177            
0.204213       -1.54083e+09   241            
0.233024       -1.54083e+09   118            
0.084229       -1.54083e+09   67             
0.004417       -1.54083e+09   11             
0.13726        -1.54083e+09   121            
0.160898       -1.54083e+09   183            
0.160873       -1.54083e+09   182            
0.265495       -1.54083e+09   144            
0.229392       -1.54083e+09   209            
0.233056       -1.54083e+09   119            
0.176978       -1.54083e+09   218            
0.200276       -1.54083e+09   243            
0.060736       -1.54083e+09   57             
0.042426       -1.54083e+09   64             
0.191639       -1.54083e+09   222            
0.156036       -1.54083e+09   2              
0.261319       -1.54083e+09   198            
0.044          -1.54083e+09   1              
0.137547       -1.54083e+09   84             
0.16083        -1.54083e+09   22             
0.144209       -1.54083e+09   7              
0.15747        -1.54083e+09   29             
0.155997       -1.54083e+09   1              
0.160899       -1.54083e+09   23             
0.160619       -1.54083e+09   19             
0.141992       -1.54083e+09   59             
0.151986       -1.54083e+09   3              
0.147783       -1.54083e+09   46             
0.163669       -1.54083e+09   18             
0.142069       -1.54083e+09   60             
0.144241       -1.54083e+09   51             
0.147714       -1.54083e+09   45             
0.157256       -1.54083e+09   27             
0.15712        -1.54083e+09   25             
0.140677       -1.54083e+09   56             
0.150916       -1.54083e+09   36             
0.13366        -1.54083e+09   85             
0.151065       -1.54083e+09   38             
0.144234       -1.54083e+09   101            
0.136409       -1.54083e+09   13             
0.137403       -1.54083e+09   83             
0.147295       -1.54083e+09   40             
0.138737       -1.54083e+09   68             
0.142155       -1.54083e+09   61             
0.142406       -1.54083e+09   65             
0.13574        -1.54083e+09   79             
0.139295       -1.54083e+09   74             
0.142294       -1.54083e+09   63             
0.133792       -1.54083e+09   87             
0.785587       -1.54083e+09   173            
0.797393       -1.54083e+09   119            
0.790248       -1.54083e+09   151            
0.787179       -1.54083e+09   162            
0.787248       -1.54083e+09   163            
0.794572       -1.54083e+09   124            
0.791654       -1.54083e+09   137            
0.785364       -1.54083e+09   170            
0.781956       -1.54083e+09   176            
0.787106       -1.54083e+09   161            
0.785453       -1.54083e+09   171            
0.785523       -1.54083e+09   172            
0.797243       -1.54083e+09   118            
0.800595       -1.54083e+09   110            
0.782512       -1.54083e+09   183            
0.791722       -1.54083e+09   138            
0.791935       -1.54083e+09   140            
0.790175       -1.54083e+09   150            
0.800377       -1.54083e+09   108            
0.789869       -1.54083e+09   147            
0.790089       -1.54083e+09   149            
0.782369       -1.54083e+09   181            
0.782225       -1.54083e+09   180            
0.800308       -1.54083e+09   107            
0.791449       -1.54083e+09   134            
0.797503       -1.54083e+09   121            
0.794655       -1.54083e+09   125            
0.78655        -1.54083e+09   154            
0.782023       -1.54083e+09   177            
0.791517       -1.54083e+09   135            
0.786759       -1.54083e+09   157            
0.785008       -1.54083e+09   166            
0.788885       -1.54083e+09   165            
0.796826       -1.54083e+09   113            
1.02764        -1.54083e+09   212            
1.01469        -1.54083e+09   263            
0.78697        -1.54083e+09   159            
1.02291        -1.54083e+09   235            
0.782091       -1.54083e+09   178            
1.02458        -1.54083e+09   223            
1.0169         -1.54083e+09   272            
1.01305        -1.54083e+09   273            
1.00954        -1.54083e+09   288            
0.79746        -1.54083e+09   120            
0.794872       -1.54083e+09   128            
1.01476        -1.54083e+09   264            
1.03322        -1.54083e+09   198            
1.0225         -1.54083e+09   230            
1.02822        -1.54083e+09   219            
1.03128        -1.54083e+09   208            
1.03315        -1.54083e+09   197            
1.03135        -1.54083e+09   209            
1.03665        -1.54083e+09   191            
1.01692        -1.54083e+09   270            
1.02641        -1.54083e+09   229            
1.02154        -1.54083e+09   250            
1.02321        -1.54083e+09   238            
1.02605        -1.54083e+09   225            
1.02628        -1.54083e+09   227            
1.02635        -1.54083e+09   228            
1.02784        -1.54083e+09   215            
1.01483        -1.54083e+09   265            
1.02132        -1.54083e+09   247            
1.01332        -1.54083e+09   281            
1.00959        -1.54083e+09   290            
1.01687        -1.54083e+09   268            
1.01321        -1.54083e+09   278            
1.01323        -1.54083e+09   279            
1.0363         -1.54083e+09   187            
1.03622        -1.54083e+09   186            
1.03308        -1.54083e+09   196            
1.02445        -1.54083e+09   221            
1.01498        -1.54083e+09   266            
1.02271        -1.54083e+09   232            
1.03474        -1.54083e+09   202            
1.01318        -1.54083e+09   277            
1.01697        -1.54083e+09   271            
1.02277        -1.54083e+09   233            
1.01682        -1.54083e+09   267            
1.01964        -1.54083e+09   243            
1.01689        -1.54083e+09   269            
1.00951        -1.54083e+09   287            
1.02169        -1.54083e+09   251            
1.02264        -1.54083e+09   231            
1.0131         -1.54083e+09   275            
1.0328         -1.54083e+09   193            
1.01971        -1.54083e+09   244            
1.08801        -1.54083e+09   293            
1.05609        -1.54083e+09   292            
1.08967        -1.54083e+09   295            
1.30169        -1.54083e+09   305            
1.27934        -1.54083e+09   358            
1.3014         -1.54083e+09   301            
1.27212        -1.54083e+09   368            
1.29635        -1.54083e+09   322            
1.29855        -1.54083e+09   315            
1.30096        -1.54083e+09   296            
1.29806        -1.54083e+09   309            
1.30104        -1.54083e+09   297            
1.29499        -1.54083e+09   320            
1.28809        -1.54083e+09   337            
1.2933         -1.54083e+09   325            
1.28486        -1.54083e+09   346            
1.29315        -1.54083e+09   330            
1.27555        -1.54083e+09   361            
1.27548        -1.54083e+09   360            
1.30119        -1.54083e+09   299            
1.32781        -1.54083e+09   337            
1.28276        -1.54083e+09   352            
1.29827        -1.54083e+09   311            
1.3964         -1.54083e+09   314            
1.27576        -1.54083e+09   363            
1.29841        -1.54083e+09   313            
1.33154        -1.54083e+09   333            
1.30154        -1.54083e+09   303            
1.29357        -1.54083e+09   335            
1.29164        -1.54083e+09   332            
1.46247        -1.54083e+09   406            
1.48509        -1.54083e+09   375            
1.29656        -1.54083e+09   325            
1.28869        -1.54083e+09   344            
1.28865        -1.54083e+09   343            
1.31002        -1.54083e+09   346            
1.43535        -1.54083e+09   301            
1.30264        -1.54083e+09   353            
1.47526        -1.54083e+09   388            
1.29294        -1.54083e+09   328            
1.45512        -1.54083e+09   415            
1.48878        -1.54083e+09   370            
1.33923        -1.54083e+09   330            
1.30147        -1.54083e+09   302            
1.47193        -1.54083e+09   394            
1.47222        -1.54083e+09   335            
1.44178        -1.54083e+09   299            
1.27898        -1.54083e+09   354            
1.2848         -1.54083e+09   345            
1.46123        -1.54083e+09   301            
1.2915         -1.54083e+09   330            
1.46844        -1.54083e+09   307            
1.29301        -1.54083e+09   329            
1.33916        -1.54083e+09   329            
1.29881        -1.54083e+09   318            
1.29136        -1.54083e+09   328            
1.42362        -1.54083e+09   305            
1.42749        -1.54083e+09   303            
1.47519        -1.54083e+09   387            
1.47532        -1.54083e+09   389            
1.40026        -1.54083e+09   312            
1.36888        -1.54083e+09   319            
1.15853        -1.54083e+09   441            
1.31223        -1.54083e+09   342            
1.31009        -1.54083e+09   347            
1.39247        -1.54083e+09   315            
1.17416        -1.54083e+09   437            
1.4239         -1.54083e+09   426            
1.16246        -1.54083e+09   440            
1.4962         -1.54083e+09   361            
1.46858        -1.54083e+09   308            
1.17809        -1.54083e+09   436            
1.30621        -1.54083e+09   349            
1.44571        -1.54083e+09   298            
1.46465        -1.54083e+09   295            
1.44759        -1.54083e+09   420            
1.46254        -1.54083e+09   407            
1.33539        -1.54083e+09   332            
1.48158        -1.54083e+09   380            
1.45131        -1.54083e+09   418            
1.46836        -1.54083e+09   306            
1.4613         -1.54083e+09   302            
1.43142        -1.54083e+09   302            
1.47771        -1.54083e+09   382            
1.33532        -1.54083e+09   331            
1.30257        -1.54083e+09   352            
1.29275        -1.54083e+09   360            
1.32796        -1.54083e+09   338            
1.46449        -1.54083e+09   401            
1.4761         -1.54083e+09   369            
1.48151        -1.54083e+09   379            
1.47891        -1.54083e+09   383            
1.47201        -1.54083e+09   395            
1.47899        -1.54083e+09   384            
1.46456        -1.54083e+09   402            
1.46821        -1.54083e+09   398            
1.42005        -1.54083e+09   428            
1.13895        -1.54083e+09   446            
0.000162       -1.54083e+09   6              
0.001396       -1.54083e+09   16             
0.229382       -1.54083e+09   128            
0.137428       -1.54083e+09   126            
0.251229       -1.54083e+09   170            
0.188307       -1.54083e+09   266            
0.172472       -1.54083e+09   171            
0.032102       -1.54083e+09   2              
0.157069       -1.54083e+09   31             
1.03287        -1.54083e+09   194            
1.03329        -1.54083e+09   199            
1.29812        -1.54083e+09   310            
1.27196        -1.54083e+09   366            
1.18596        -1.54083e+09   434            
0.214691       -1.54083e+09   223            
1.14289        -1.54083e+09   445            
1.02758        -1.54083e+09   211            
0.140816       -1.54083e+09   58             
1.45897        -1.54083e+09   413            
1.00941        -1.54083e+09   284            
0.135528       -1.54083e+09   77             
0.1487         -1.54083e+09   111            
0.164254       -1.54083e+09   15             
0.272565       -1.54083e+09   136            
0.140206       -1.54083e+09   98             
0.184788       -1.54083e+09   258            
0.004855       -1.54083e+09   18             
0.800526       -1.54083e+09   109            
0.048111       -1.54083e+09   3              
0.215227       -1.54083e+09   168            
0.144164       -1.54083e+09   5              
1.45877        -1.54083e+09   411            
1.28261        -1.54083e+09   350            
0.144378       -1.54083e+09   53             
0.240255       -1.54083e+09   103            
1.46611        -1.54083e+09   403            
1.28837        -1.54083e+09   340            
1.28851        -1.54083e+09   342            
0.229469       -1.54083e+09   131            
1.48495        -1.54083e+09   373            
1.45884        -1.54083e+09   412            
2e-06          -1.54083e+09   1              
0.15369        -1.54083e+09   32             
1.32004        -1.54083e+09   339            
1.40398        -1.54083e+09   311            
0.22296        -1.54083e+09   209            
1.48164        -1.54083e+09   381            
0.192068       -1.54083e+09   259            
0.184694       -1.54083e+09   254            
1.02139        -1.54083e+09   248            
1.29642        -1.54083e+09   323            
1.29336        -1.54083e+09   333            
0.140041       -1.54083e+09   96             
0.144346       -1.54083e+09   103            
0.004445       -1.54083e+09   13             
0.240203       -1.54083e+09   107            
1.29668        -1.54083e+09   359            
0.143863       -1.54083e+09   47             
0.236435       -1.54083e+09   108            
0.247443       -1.54083e+09   177            
1.01334        -1.54083e+09   283            
0.08437        -1.54083e+09   69             
0.218493       -1.54083e+09   152            
1.27912        -1.54083e+09   356            
0.000315       -1.54083e+09   11             
0.20424        -1.54083e+09   242            
1.28986        -1.54083e+09   327            
0.797038       -1.54083e+09   115            
0.229259       -1.54083e+09   125            
0.218609       -1.54083e+09   220            
0.142441       -1.54083e+09   64             
0.236154       -1.54083e+09   203            
3.8e-05        -1.54083e+09   1              
9.8e-05        -1.54083e+09   2              
0.24019        -1.54083e+09   102            
0.785656       -1.54083e+09   174            
0.789732       -1.54083e+09   145            
0.147361       -1.54083e+09   41             
1.02814        -1.54083e+09   218            
8.9e-05        -1.54083e+09   2              
0.184769       -1.54083e+09   257            
1.01308        -1.54083e+09   274            
0.257756       -1.54083e+09   153            
1.01819        -1.54083e+09   257            
0.087221       -1.54083e+09   56             
0.22251        -1.54083e+09   218            
0.083027       -1.54083e+09   86             
0.150994       -1.54083e+09   37             
6e-06          -1.54083e+09   1              
0.229375       -1.54083e+09   208            
1.43527        -1.54083e+09   300            
0.210957       -1.54083e+09   230            
1.28493        -1.54083e+09   347            
1.00956        -1.54083e+09   289            
0.184746       -1.54083e+09   256            
0.200389       -1.54083e+09   246            
0.138883       -1.54083e+09   69             
0.168768       -1.54083e+09   279            
0.008367       -1.54083e+09   12             
0.785146       -1.54083e+09   168            
0.796971       -1.54083e+09   114            
0.134165       -1.54083e+09   91             
3e-06          -1.54083e+09   1              
1.2966         -1.54083e+09   358            
0.091552       -1.54083e+09   27             
1.30111        -1.54083e+09   298            
0.172498       -1.54083e+09   172            
1.30125        -1.54083e+09   300            
1.46479        -1.54083e+09   297            
0.007888       -1.54083e+09   4              
1.46501        -1.54083e+09   299            
0.180055       -1.54083e+09   187            
1.40404        -1.54083e+09   310            
1.48863        -1.54083e+09   369            
0.172622       -1.54083e+09   275            
0.793677       -1.54083e+09   123            
0.236627       -1.54083e+09   114            
0.21844        -1.54083e+09   150            
0.168355       -1.54083e+09   103            
0.08882        -1.54083e+09   44             
0.188626       -1.54083e+09   253            
0.253999       -1.54083e+09   159            
0.204186       -1.54083e+09   240            
0.800673       -1.54083e+09   111            
0.800037       -1.54083e+09   104            
0.250558       -1.54083e+09   202            
1.46151        -1.54083e+09   304            
0.218633       -1.54083e+09   221            
1.46144        -1.54083e+09   303            
0.144165       -1.54083e+09   100            
0.144309       -1.54083e+09   52             
0.204158       -1.54083e+09   239            
1.39253        -1.54083e+09   316            
1.01316        -1.54083e+09   276            
0.240307       -1.54083e+09   105            
0.791865       -1.54083e+09   139            
1.29878        -1.54083e+09   355            
0.184721       -1.54083e+09   255            
0.16418        -1.54083e+09   14             
1.02146        -1.54083e+09   249            
0.251391       -1.54083e+09   175            
0.247522       -1.54083e+09   180            
0.78522        -1.54083e+09   169            
1.50008        -1.54083e+09   362            
0.192539       -1.54083e+09   250            
0.785078       -1.54083e+09   167            
0.16076        -1.54083e+09   21             
0.176257       -1.54083e+09   202            
0.13735        -1.54083e+09   123            
0.257865       -1.54083e+09   156            
1.45505        -1.54083e+09   414            
0.001221       -1.54083e+09   14             
1.3027         -1.54083e+09   354            
1.39633        -1.54083e+09   313            
0.225618       -1.54083e+09   135            
0.218518       -1.54083e+09   153            
1.27919        -1.54083e+09   357            
0.003756       -1.54083e+09   4              
0.797173       -1.54083e+09   117            
0.18003        -1.54083e+09   186            
0.091969       -1.54083e+09   32             
0.164814       -1.54083e+09   180            
0.087337       -1.54083e+09   57             
1.03651        -1.54083e+09   190            
0.187898       -1.54083e+09   182            
0.214754       -1.54083e+09   224            
0.207105       -1.54083e+09   234            
0.108012       -1.54083e+09   96             
1.41617        -1.54083e+09   430            
2e-06          -1.54083e+09   1              
0.140301       -1.54083e+09   9              
0.22185        -1.54083e+09   142            
0.085109       -1.54083e+09   46             
1.49632        -1.54083e+09   364            
0.218605       -1.54083e+09   155            
0.25784        -1.54083e+09   155            
0.07961        -1.54083e+09   92             
0.221799       -1.54083e+09   140            
1.29492        -1.54083e+09   319            
1.28269        -1.54083e+09   351            
0.172647       -1.54083e+09   276            
1.02335        -1.54083e+09   240            
1.29869        -1.54083e+09   316            
0.244089       -1.54083e+09   99             
1.46835        -1.54083e+09   399            
0.144761       -1.54083e+09   113            
1.3123         -1.54083e+09   343            
0.280286       -1.54083e+09   128            
1.36645        -1.54083e+09   321            
0.214808       -1.54083e+09   226            
0.215156       -1.54083e+09   165            
0.001451       -1.54083e+09   18             
1.29179        -1.54083e+09   333            
0.149964       -1.54083e+09   35             
1.01777        -1.54083e+09   252            
0.141114       -1.54083e+09   118            
0.255096       -1.54083e+09   168            
0.084644       -1.54083e+09   72             
0.788168       -1.54083e+09   143            
1.34295        -1.54083e+09   327            
0.095995       -1.54083e+09   1              
0.218465       -1.54083e+09   151            
0.168818       -1.54083e+09   281            
0.255075       -1.54083e+09   167            
0.236649       -1.54083e+09   115            
1.01978        -1.54083e+09   245            
0.093113       -1.54083e+09   13             
1.05605        -1.54083e+09   291            
0.141205       -1.54083e+09   120            
3e-06          -1.54083e+09   1              
0.276389       -1.54083e+09   131            
0.207183       -1.54083e+09   237            
0.794801       -1.54083e+09   127            
1.50024        -1.54083e+09   363            
0.096681       -1.54083e+09   8              
0.093517       -1.54083e+09   18             
0.176206       -1.54083e+09   200            
0.004584       -1.54083e+09   14             
0.254372       -1.54083e+09   199            
0.211339       -1.54083e+09   170            
0.788099       -1.54083e+09   142            
0.261252       -1.54083e+09   197            
0.1441         -1.54083e+09   49             
0.09008        -1.54083e+09   25             
0.147431       -1.54083e+09   42             
0.192181       -1.54083e+09   263            
0.144094       -1.54083e+09   99             
0.795018       -1.54083e+09   129            
2e-06          -1.54083e+09   1              
0.172237       -1.54083e+09   129            
0.144172       -1.54083e+09   50             
1.45759        -1.54083e+09   304            
0.139154       -1.54083e+09   73             
0.16439        -1.54083e+09   17             
0.179589       -1.54083e+09   270            
0.000959       -1.54083e+09   3              
1.01826        -1.54083e+09   258            
0.188575       -1.54083e+09   251            
1.41976        -1.54083e+09   306            
0.139404       -1.54083e+09   76             
0.22222        -1.54083e+09   145            
1.29144        -1.54083e+09   329            
1.00949        -1.54083e+09   286            
0.079191       -1.54083e+09   87             
0.790314       -1.54083e+09   152            
0.142228       -1.54083e+09   62             
0.144187       -1.54083e+09   6              
0.140746       -1.54083e+09   57             
1.03294        -1.54083e+09   195            
0.253938       -1.54083e+09   158            
1.29885        -1.54083e+09   356            
1.02124        -1.54083e+09   246            
1.47187        -1.54083e+09   393            
0.08527        -1.54083e+09   47             
0.244847       -1.54083e+09   193            
0.79513        -1.54083e+09   131            
0.13386        -1.54083e+09   88             
0.246682       -1.54083e+09   204            
1.0179         -1.54083e+09   254            
1.46508        -1.54083e+09   300            
3e-06          -1.54083e+09   1              
0.225735       -1.54083e+09   138            
0.148677       -1.54083e+09   110            
0.157324       -1.54083e+09   28             
1.29678        -1.54083e+09   327            
0.276414       -1.54083e+09   132            
1.02621        -1.54083e+09   226            
0.152582       -1.54083e+09   108            
1.29322        -1.54083e+09   331            
0.172299       -1.54083e+09   130            
0.800717       -1.54083e+09   112            
0.138669       -1.54083e+09   67             
0.082402       -1.54083e+09   78             
0.257708       -1.54083e+09   151            
1.03114        -1.54083e+09   206            
0.790358       -1.54083e+09   153            
0.786826       -1.54083e+09   158            
1.03094        -1.54083e+09   204            
1.03138        -1.54083e+09   210            
0.140125       -1.54083e+09   97             
1.36637        -1.54083e+09   320            
0.257735       -1.54083e+09   152            
1.02314        -1.54083e+09   237            
1.028          -1.54083e+09   216            
1.01784        -1.54083e+09   253            
0.251282       -1.54083e+09   172            
0.134277       -1.54083e+09   93             
0.135593       -1.54083e+09   78             
1.29671        -1.54083e+09   326            
0.133725       -1.54083e+09   86             
0.134025       -1.54083e+09   89             
1.29329        -1.54083e+09   332            
0.218632       -1.54083e+09   156            
1.01812        -1.54083e+09   256            
1.03604        -1.54083e+09   185            
0.004503       -1.54083e+09   7              
0.200363       -1.54083e+09   245            
1.06168        -1.54083e+09   450            
1.48502        -1.54083e+09   374            
0.1886         -1.54083e+09   252            
0.789944       -1.54083e+09   148            
0.176194       -1.54083e+09   160            
1.02807        -1.54083e+09   217            
1.03469        -1.54083e+09   201            
1.02452        -1.54083e+09   222            
1.2758         -1.54083e+09   364            
1.28823        -1.54083e+09   338            
0.079259       -1.54083e+09   88             
0.093719       -1.54083e+09   21             
0.136077       -1.54083e+09   95             
0.276335       -1.54083e+09   129            
0.221824       -1.54083e+09   141            
0.265114       -1.54083e+09   195            
1.01855        -1.54083e+09   261            
0.164321       -1.54083e+09   16             
0.176143       -1.54083e+09   199            
0.192129       -1.54083e+09   261            
1.27561        -1.54083e+09   362            
0.151207       -1.54083e+09   39             
0.782554       -1.54083e+09   184            
0.140324       -1.54083e+09   10             
1.33167        -1.54083e+09   335            
0.172701       -1.54083e+09   278            
1.40796        -1.54083e+09   309            
1.27938        -1.54083e+09   359            
1.49639        -1.54083e+09   365            
0.791301       -1.54083e+09   133            
0.168665       -1.54083e+09   176            
1.01957        -1.54083e+09   242            
0.23326        -1.54083e+09   205            
1.41189        -1.54083e+09   308            
0.229437       -1.54083e+09   130            
1.03669        -1.54083e+09   192            
0.800238       -1.54083e+09   106            
1.46842        -1.54083e+09   400            
1.29834        -1.54083e+09   312            
0.157538       -1.54083e+09   30             
0.791586       -1.54083e+09   136            
1.29876        -1.54083e+09   317            
0.000877       -1.54083e+09   2              
1.47226        -1.54083e+09   336            
0.093938       -1.54083e+09   23             
0.082959       -1.54083e+09   85             
0.225645       -1.54083e+09   136            
0.079468       -1.54083e+09   91             
0.240163       -1.54083e+09   101            
1e-05          -1.54083e+09   1              
1.33161        -1.54083e+09   334            
0.144299       -1.54083e+09   102            
0.096813       -1.54083e+09   10             
0.215065       -1.54083e+09   163            
0.085471       -1.54083e+09   50             
1.28508        -1.54083e+09   348            
0.020258       -1.54083e+09   3              
0.083454       -1.54083e+09   58             
0.176125       -1.54083e+09   157            
0.236542       -1.54083e+09   112            
0.214809       -1.54083e+09   161            
0.139016       -1.54083e+09   71             
0.083804       -1.54083e+09   62             
1.34674        -1.54083e+09   324            
0.233133       -1.54083e+09   122            
0.794728       -1.54083e+09   126            
1.29799        -1.54083e+09   308            
1.01463        -1.54083e+09   262            
1.01797        -1.54083e+09   255            
0.786623       -1.54083e+09   155            
0.241027       -1.54083e+09   198            
1.35852        -1.54083e+09   322            
1.02465        -1.54083e+09   224            
1.03335        -1.54083e+09   200            
1.01334        -1.54083e+09   282            
0.214835       -1.54083e+09   162            
1.031          -1.54083e+09   205            
1.00943        -1.54083e+09   285            
0.273272       -1.54083e+09   138            
0.232693       -1.54083e+09   116            
0.09661        -1.54083e+09   7              
0.240282       -1.54083e+09   104            
0.084297       -1.54083e+09   68             
1.48515        -1.54083e+09   376            
0.244834       -1.54083e+09   192            
1.02778        -1.54083e+09   214            
1.46814        -1.54083e+09   397            
0.00021        -1.54083e+09   7              
1.03087        -1.54083e+09   203            
1.13503        -1.54083e+09   447            
1.01833        -1.54083e+09   259            
1.16639        -1.54083e+09   439            
0.172674       -1.54083e+09   277            
1.29649        -1.54083e+09   324            
1.35867        -1.54083e+09   323            
0.272591       -1.54083e+09   137            
1.13118        -1.54083e+09   448            
0.229285       -1.54083e+09   126            
0.137452       -1.54083e+09   127            
1.34288        -1.54083e+09   326            
1.15075        -1.54083e+09   443            
0.084436       -1.54083e+09   70             
1.12725        -1.54083e+09   449            
0.087152       -1.54083e+09   55             
0.247468       -1.54083e+09   178            
1.18988        -1.54083e+09   433            
0.218413       -1.54083e+09   149            
0.243695       -1.54083e+09   185            
1.1546         -1.54083e+09   442            
0.225755       -1.54083e+09   139            
0.079326       -1.54083e+09   89             
1.19372        -1.54083e+09   432            
0.140373       -1.54083e+09   12             
0.191596       -1.54083e+09   179            
1.14682        -1.54083e+09   444            
1.17031        -1.54083e+09   438            
1.4624         -1.54083e+09   405            
1.46116        -1.54083e+09   300            
1.46472        -1.54083e+09   296            
0.092187       -1.54083e+09   35             
1.18203        -1.54083e+09   435            
0.207131       -1.54083e+09   235            
0.787037       -1.54083e+09   160            
1.30628        -1.54083e+09   350            
1.34309        -1.54083e+09   328            
0.782441       -1.54083e+09   182            
0.789802       -1.54083e+09   146            
0.251308       -1.54083e+09   173            
1.29628        -1.54083e+09   321            
1.46486        -1.54083e+09   298            
0.791235       -1.54083e+09   132            
1.03637        -1.54083e+09   188            
1.34681        -1.54083e+09   325            
1.30161        -1.54083e+09   304            
1.01326        -1.54083e+09   280            
1.29792        -1.54083e+09   307            
0.192155       -1.54083e+09   262            
1.2883         -1.54083e+09   339            
0.179511       -1.54083e+09   268            
0.176281       -1.54083e+09   203            
1.27205        -1.54083e+09   367            
0.254104       -1.54083e+09   163            
0.144142       -1.54083e+09   4              
0.782157       -1.54083e+09   179            
1.48144        -1.54083e+09   378            
0.160691       -1.54083e+09   20             
0.140243       -1.54083e+09   8              
0.000288       -1.54083e+09   10             
0.276761       -1.54083e+09   191            
0.001087       -1.54083e+09   12             
0.793613       -1.54083e+09   122            
0.265181       -1.54083e+09   196            
0.269042       -1.54083e+09   194            
0.147646       -1.54083e+09   44             
0.134234       -1.54083e+09   92             
0.144523       -1.54083e+09   54             
0.137334       -1.54083e+09   82             
0.160497       -1.54083e+09   106            
0.257683       -1.54083e+09   150            
0.800163       -1.54083e+09   105            
0.004433       -1.54083e+09   6              
0.000144       -1.54083e+09   2              
2e-06          -1.54083e+09   1              
0.09162        -1.54083e+09   28             
0.093651       -1.54083e+09   20             
0.288405       -1.54083e+09   187            
0.267621       -1.54083e+09   143            
1.29343        -1.54083e+09   334            
0.26155        -1.54083e+09   146            
0.134095       -1.54083e+09   90             
0.797106       -1.54083e+09   116            
0.269358       -1.54083e+09   141            
1.28983        -1.54083e+09   335            
0.176528       -1.54083e+09   273            
0.153898       -1.54083e+09   34             
0.168639       -1.54083e+09   175            
0.096399       -1.54083e+09   5              
0.789653       -1.54083e+09   144            
1.49645        -1.54083e+09   366            
0.084015       -1.54083e+09   65             
1.28844        -1.54083e+09   341            
0.147498       -1.54083e+09   43             
0.138605       -1.54083e+09   66             
0.195511       -1.54083e+09   177            
0.09619        -1.54083e+09   2              
0.172423       -1.54083e+09   169            
1.31217        -1.54083e+09   341            
0.192263       -1.54083e+09   265            
0.164472       -1.54083e+09   106            
0.139082       -1.54083e+09   72             
0.222269       -1.54083e+09   147            
0.086939       -1.54083e+09   52             
0.251256       -1.54083e+09   171            
0.795081       -1.54083e+09   130            
1.30995        -1.54083e+09   345            
1.27905        -1.54083e+09   355            
0.091397       -1.54083e+09   26             
0.137189       -1.54083e+09   80             
0.137264       -1.54083e+09   81             
0.088552       -1.54083e+09   39             
0.243642       -1.54083e+09   183            
0.084503       -1.54083e+09   71             
0.088685       -1.54083e+09   41             
0.085403       -1.54083e+09   49             
0.226385       -1.54083e+09   213            
1.02284        -1.54083e+09   234            
1.02771        -1.54083e+09   213            
0.232719       -1.54083e+09   117            
0.244718       -1.54083e+09   189            
1.28802        -1.54083e+09   336            
1.29157        -1.54083e+09   331            
0.084086       -1.54083e+09   66             
1.01951        -1.54083e+09   241            
1.29684        -1.54083e+09   328            
1.28512        -1.54083e+09   349            
1.29362        -1.54083e+09   336            
1.0184         -1.54083e+09   260            
1.08808        -1.54083e+09   294            
0.095441       -1.54083e+09   12             
0.233108       -1.54083e+09   121            
0.225672       -1.54083e+09   137            
1.32774        -1.54083e+09   336            
0.006614       -1.54083e+09   4              
1.29183        -1.54083e+09   334            
0.292189       -1.54083e+09   184            
0.244743       -1.54083e+09   190            
0.207042       -1.54083e+09   233            
0.200437       -1.54083e+09   248            
0.008061       -1.54083e+09   12             
0.000235       -1.54083e+09   8              
0.082825       -1.54083e+09   83             
1.03121        -1.54083e+09   207            
0.176312       -1.54083e+09   204            
0.144385       -1.54083e+09   55             
1.03644        -1.54083e+09   189            
1.02328        -1.54083e+09   239            
0.091826       -1.54083e+09   31             
0.203216       -1.54083e+09   238            
0.179569       -1.54083e+09   269            
0.14035        -1.54083e+09   11             
1.45124        -1.54083e+09   417            
0.23308        -1.54083e+09   120            
0.161043       -1.54083e+09   24             
0.153754       -1.54083e+09   33             
1.38882        -1.54083e+09   318            
0.139358       -1.54083e+09   75             
0.084013       -1.54083e+09   94             
0.214759       -1.54083e+09   159            
0.272539       -1.54083e+09   135            
0.088752       -1.54083e+09   43             
1.29848        -1.54083e+09   314            
0.001152       -1.54083e+09   13             
0.16484        -1.54083e+09   181            
0.792012       -1.54083e+09   141            
0.157188       -1.54083e+09   26             
0.082752       -1.54083e+09   82             
1.30182        -1.54083e+09   306            
1.28262        -1.54083e+09   353            
0.14503        -1.54083e+09   115            
1.28979        -1.54083e+09   326            
0.214785       -1.54083e+09   160            
0.000438       -1.54083e+09   5              
0.004588       -1.54083e+09   8              
0.288339       -1.54083e+09   186            
0.136          -1.54083e+09   94             
1.02826        -1.54083e+09   220            
0.008218       -1.54083e+09   10             
0.269304       -1.54083e+09   139            
0.143927       -1.54083e+09   48             
5e-06          -1.54083e+09   1              
1.02307        -1.54083e+09   236            
0.13895        -1.54083e+09   70             
0.786692       -1.54083e+09   156            
