JobID          Runtime        getDevice      getProgram     runProgram     startTime_s    startTime_us   endTime_s      endTime_us     violation      0
-1             0.900312       6.5e-05        0.794867       0.105373       1544121823     585801         1544121824     486113         0              
-1             0.103269       4.1e-05        1.8e-05        0.103204       1544121824     498713         1544121824     601982         0              
-1             0.103268       3.6e-05        2e-05          0.103206       1544121824     614490         1544121824     717758         0              
-1             0.103257       3.6e-05        2e-05          0.103196       1544121824     730373         1544121824     833630         0              
-1             0.103249       3.6e-05        2.1e-05        0.103187       1544121824     846150         1544121824     949399         0              
0              0.496742       0.080035       0.087975       0.328721       1544121835     161788         1544121835     658530         0              
1              0.736835       0.180033       0.03598        0.520815       1544121835     501787         1544121836     238622         0              
2              1.36047        0.680025       0.019983       0.660455       1544121835     569788         1544121836     930256         1              
3              1.73555        1.20805        0.035965       0.491531       1544121835     737788         1544121837     473336         1              
4              2.03795        1.55602        0.055991       0.425932       1544121835     949788         1544121837     987740         1              
5              2.76759        2.05602        0.03199        0.679574       1544121835     961785         1544121838     729379         1              
7              3.2921         2.58803        0.031981       0.672079       1544121836     169786         1544121839     461883         1              
6              3.96543        3.33603        2e-05          0.629374       1544121836     173786         1544121840     139217         1              
8              4.37594        3.91605        0.047965       0.411913       1544121836     253787         1544121840     629722         1              
9              4.7293         4.34405        0.004164       0.381084       1544121836     341788         1544121841     71092          1              
10             5.09156        4.71203        0.047979       0.33154        1544121836     369788         1544121841     461343         1              
11             5.46828        4.93605        0.031966       0.50026        1544121836     557786         1544121842     26066          1              
12             6.08108        5.43202        0.035989       0.613062       1544121836     637787         1544121842     718866         1              
13             6.45227        6.07202        0.03999        0.340259       1544121836     709791         1544121843     162065         1              
14             6.71965        6.29603        0.047979       0.375632       1544121836     897786         1544121843     617437         1              
15             6.96107        6.34803        0.051982       0.561054       1544121837     313788         1544121844     274858         1              
16             6.90735        6.47604        2e-05          0.431285       1544121837     817786         1544121844     725140         1              
17             7.26827        6.8968         0.039209       0.332258       1544121837     877787         1544121845     146062         1              
18             7.31555        6.99203        0.031978       0.29153        1544121838     161788         1544121845     477337         1              
19             7.69061        7.31126        0.039981       0.339359       1544121838     218557         1544121845     909163         1              
20             7.63557        7.22804        0.047972       0.359547       1544121838     701785         1544121846     337351         1              
21             7.84969        7.53203        0.031975       0.285668       1544121838     829793         1544121846     679478         1              
22             8.05562        7.54003        2.2e-05        0.515551       1544121839     193787         1544121847     249404         1              
23             8.00027        7.64003        0.059975       0.300261       1544121839     633789         1544121847     634063         1              
24             8.22754        8.01202        0.027987       0.187525       1544121839     657789         1544121847     885332         1              
25             8.76908        8.22004        0.003976       0.545051       1544121839     693787         1544121848     462862         1              
26             9.21708        8.72003        0.015989       0.48105        1544121839     773788         1544121848     990869         1              
27             9.57308        9.05204        0.027974       0.493052       1544121839     957786         1544121849     530868         1              
28             10.0131        9.46403        0.035975       0.513062       1544121840     73787          1544121850     86865          1              
29             10.4171        9.91204        2.4e-05        0.505013       1544121840     193786         1544121850     610868         1              
30             10.8539        10.304         0.039973       0.509847       1544121840     329787         1544121851     183651         1              
31             11.4458        10.8617        0.050263       0.533825       1544121840     365789         1544121851     811633         1              
32             11.8295        11.2564        2.4e-05        0.57301        1544121840     585378         1544121852     414866         1              
33             12.1916        11.832         0.035972       0.323535       1544121840     625788         1544121852     817345         1              
34             12.5822        12.204         0.039971       0.338138       1544121840     657792         1544121853     239943         1              
35             13.2651        12.5921        0.047939       0.625065       1544121840     681786         1544121853     946871         1              
37             13.7251        13.168         0.02797        0.529058       1544121840     793787         1544121854     518865         1              
36             14.0716        13.736         0.039972       0.29554        1544121840     817789         1544121854     889343         1              
38             14.3379        13.88          0.039971       0.417831       1544121841     53785          1544121855     391639         1              
39             14.6395        14.324         0.031972       0.283519       1544121841     101789         1544121855     741325         1              
40             14.7477        14.484         0.03197        0.231731       1544121841     297800         1544121856     45533          1              
41             15.2371        14.7           0.039954       0.497055       1544121841     361795         1544121856     598861         1              
42             15.7091        15.276         0.031963       0.401053       1544121841     373800         1544121857     82861          1              
43             15.9803        15.6382        0.031964       0.310128       1544121841     455626         1544121857     435938         1              
44             16.3971        15.9441        0.03596        0.41706        1544121841     501786         1544121857     898867         1              
45             16.5157        16.26          0.031978       0.223725       1544121841     661788         1544121858     177534         1              
46             16.9171        16.42          0.031974       0.465058       1544121841     777786         1544121858     694862         1              
47             17.3211        16.928         0.035983       0.357056       1544121841     789786         1544121859     110863         1              
48             17.3451        16.9121        0.03196        0.401052       1544121842     205787         1544121859     550859         1              
49             17.6451        17.212         0.031971       0.401046       1544121842     361787         1544121860     6857           1              
50             17.9499        17.62          0.039976       0.289835       1544121842     401788         1544121860     351642         1              
51             18.2282        17.912         0.039961       0.276224       1544121842     461787         1544121860     690026         1              
52             18.0689        17.808         0.031976       0.228921       1544121842     905789         1544121860     974729         1              
53             17.9327        17.776         0.02797        0.128723       1544121843     201786         1544121861     134527         1              
54             18.0438        17.78          0.031981       0.23179        1544121843     369788         1544121861     413595         1              
55             18.3442        17.964         0.031971       0.348222       1544121843     461786         1544121861     806026         1              
56             18.5062        18.288         0.00398        0.214135       1544121843     541789         1544121862     47941          1              
57             18.5264        18.292         0.031973       0.202347       1544121843     777788         1544121862     304153         1              
58             18.7276        18.492         0.031989       0.203547       1544121843     837788         1544121862     565349         1              
59             18.6515        18.456         2.1e-05        0.195496       1544121844     117788         1544121862     769336         1              
60             18.9571        18.588         0.003978       0.365053       1544121844     197785         1544121863     154866         1              
61             19.1522        18.856         2.2e-05        0.296156       1544121844     317787         1544121863     470005         1              
62             19.2602        19.04          0.007989       0.212198       1544121844     441787         1544121863     702007         1              
63             19.1475        18.96          2.1e-05        0.187492       1544121844     789788         1544121863     937337         1              
64             19.2117        19.044         2.3e-05        0.167648       1544121844     913788         1544121864     125502         1              
65             19.3041        19.1963        2.3e-05        0.107808       1544121844     937787         1544121864     241882         1              
66             19.6283        19.296         0.035968       0.296229       1544121844     965786         1544121864     594039         1              
67             19.6878        19.4844        0.027943       0.175417       1544121845     129788         1544121864     817555         1              
68             19.7327        19.548         2.1e-05        0.18468        1544121845     301789         1544121865     34534          1              
69             19.9275        19.7241        2.9e-05        0.203359       1544121845     313786         1544121865     241246         1              
70             20.0835        19.864         0.015985       0.203428       1544121845     385786         1544121865     469247         1              
71             19.9163        19.7636        0.003973       0.14872        1544121845     722190         1544121865     638529         1              
72             20.016         19.792         0.035973       0.171974       1544121845     877788         1544121865     893786         1              
73             19.9238        19.708         0.035985       0.179762       1544121846     193788         1544121866     117563         1              
74             19.7247        19.6           2.1e-05        0.124667       1544121846     517789         1544121866     242529         1              
75             19.8235        19.668         2.1e-05        0.155466       1544121846     585789         1544121866     409318         1              
76             20.1378        19.812         0.03597        0.289821       1544121846     609788         1544121866     747631         1              
77             19.9795        19.7401        0.027952       0.211436       1544121847     9787           1544121866     989240         1              
78             19.9555        19.7441        2.6e-05        0.211375       1544121847     249787         1544121867     205247         1              
79             20.1275        19.9041        0.023957       0.199441       1544121847     305785         1544121867     433247         1              
80             20.1886        20.0081        2.5e-05        0.180526       1544121847     429786         1544121867     618396         1              
81             20.2555        20.04          2.5e-05        0.215379       1544121847     581787         1544121867     837247         1              
82             20.0075        19.872         2.1e-05        0.135469       1544121847     977793         1544121867     985322         1              
83             20.0247        19.872         0.011975       0.140723       1544121848     121787         1544121868     146535         1              
84             19.6275        19.4248        2.4e-05        0.202629       1544121848     721787         1544121868     349241         1              
85             19.7156        19.612         2.2e-05        0.103548       1544121848     749787         1544121868     465409         1              
86             19.6627        19.568         2e-05          0.094623       1544121848     901787         1544121868     564469         1              
87             19.7399        19.6361        2.4e-05        0.103769       1544121848     933786         1544121868     673671         1              
88             19.7072        19.6001        0.003956       0.103215       1544121849     85788          1544121868     793025         1              
89             19.6403        19.576         1.8e-05        0.064219       1544121849     221791         1544121868     862075         1              
90             19.4277        19.316         0.007967       0.103655       1544121849     557787         1544121868     985462         1              
91             19.3821        19.244         2.2e-05        0.138064       1544121849     761788         1544121869     143918         1              
92             19.292         19.228         1.8e-05        0.063996       1544121849     945789         1544121869     237838         1              
93             19.3036        19.2001        2.6e-05        0.103531       1544121850     53785          1544121869     357405         1              
94             19.2437        19.1401        2.4e-05        0.103583       1544121850     225787         1544121869     469520         1              
95             18.9639        18.8998        2.7e-05        0.064015       1544121850     569787         1544121869     533641         1              
96             18.9439        18.8799        2.3e-05        0.063999       1544121850     653788         1544121869     597728         1              
97             18.9795        18.876         2.6e-05        0.103454       1544121850     721787         1544121869     701278         1              
98             18.7553        18.6916        2.3e-05        0.06369        1544121851     9788           1544121869     765064         1              
99             18.7589        18.6553        2.7e-05        0.103504       1544121851     109785         1544121869     868669         1              
