JobID          Runtime        getDevice      getProgram     runProgram     startTime_s    startTime_us   endTime_s      endTime_us     violation      0
-1             0.807986       0.000413       0.795447       0.01212        1544121822     266070         1544121823     74056          0              
-1             0.012166       5.8e-05        5.1e-05        0.012051       1544121824     486162         1544121824     498328         0              
-1             0.012119       3.6e-05        2.4e-05        0.012053       1544121824     602002         1544121824     614121         0              
-1             0.012178       4.4e-05        7.7e-05        0.012052       1544121824     717779         1544121824     729957         0              
-1             0.012126       3.9e-05        3.6e-05        0.012046       1544121824     833650         1544121824     845776         0              
0              0.014244       8.7e-05        2.5e-05        0.014123       1544121834     968360         1544121834     982604         0              
1              0.01379        7.7e-05        2.3e-05        0.013671       1544121835     2472           1544121835     16262          0              
2              0.031095       0.007236       2.5e-05        0.023826       1544121835     11454          1544121835     42549          0              
3              0.095949       0.024026       0.01199        0.059927       1544121835     41786          1544121835     137735         0              
4              0.170644       0.079358       0.043961       0.047319       1544121835     58481          1544121835     229125         0              
5              0.314592       0.2033         0.059968       0.051317       1544121835     58537          1544121835     373129         0              
7              0.471427       0.331765       0.039969       0.099687       1544121835     70066          1544121835     541493         0              
6              0.554334       0.523304       0.000145       0.030878       1544121835     78518          1544121835     632852         0              
8              0.634912       0.560034       0.027983       0.046887       1544121835     101786         1544121835     736698         0              
10             0.755057       0.656027       0.027985       0.071042       1544121835     105788         1544121835     860845         0              
11             0.824794       0.773756       0.01998        0.031052       1544121835     108062         1544121835     932856         0              
9              0.927068       0.864024       0.02799        0.035048       1544121835     109789         1544121836     36857          0              
12             1.10442        0.93612        0.03598        0.132314       1544121835     133697         1544121836     238118         0              
13             1.22403        1.10804        0.035973       0.080004       1544121835     149786         1544121836     373811         0              
14             1.31106        1.24003        0.031985       0.039044       1544121835     169788         1544121836     480849         0              
15             1.39907        1.32402        0.035986       0.039056       1544121835     201792         1544121836     600859         0              
16             1.53707        1.38403        0.039979       0.113045       1544121835     253786         1544121836     790853         0              
17             1.65817        1.53452        2e-05          0.123627       1544121835     275292         1544121836     933465         0              
19             1.77507        1.69603        0.040009       0.035047       1544121835     297787         1544121837     72853          0              
18             1.98363        1.80403        0.035977       0.143615       1544121835     305787         1544121837     289420         0              
20             2.09534        2.01203        0.03598        0.047324       1544121835     337785         1544121837     433126         1              
21             2.19906        2.12803        0.035976       0.035046       1544121835     353794         1544121837     552850         1              
22             2.29152        2.21603        0.031985       0.0435         1544121835     381786         1544121837     673308         1              
23             2.43201        2.28404        0.035974       0.11199        1544121835     437786         1544121837     869794         1              
24             2.54232        2.46402        0.031988       0.046303       1544121835     441787         1544121837     984106         1              
25             2.58234        2.53603        0.03007        0.016236       1544121835     449787         1544121838     32129          1              
26             2.78402        2.61603        0.067981       0.1            1544121835     453786         1544121838     237806         1              
27             2.92801        2.79203        0.031983       0.10399        1544121835     461786         1544121838     389794         1              
28             3.06106        2.956          1.9e-05        0.10503        1544121835     469821         1544121838     530877         1              
29             3.23556        3.07603        0.03198        0.12754        1544121835     493788         1544121838     729350         1              
30             3.33534        3.26404        0.027976       0.043319       1544121835     501785         1544121838     837125         1              
31             3.40634        3.34004        0.027966       0.038328       1544121835     517788         1544121838     924130         1              
33             3.49535        3.42803        0.027989       0.039325       1544121835     529786         1544121839     25132          1              
34             3.56734        3.49604        0.027972       0.043317       1544121835     529789         1544121839     97125          1              
32             3.69506        3.60802        0.044341       0.042688       1544121835     537796         1544121839     232851         1              
35             3.78707        3.69603        0.047982       0.043056       1544121835     545787         1544121839     332858         1              
36             3.91521        3.82802        0.039982       0.047201       1544121835     549795         1544121839     465003         1              
37             4.1105         3.92005        0.055962       0.13449        1544121835     553785         1544121839     664289         1              
38             4.21033        4.12802        0.04799        0.034309       1544121835     577787         1544121839     788113         1              
39             4.37907        4.27602        0.047988       0.055054       1544121835     585786         1544121839     964856         1              
40             4.47091        4.37603        0.055978       0.038888       1544121835     597787         1544121840     68698          1              
42             4.62333        4.51604        0.027977       0.079317       1544121835     605786         1544121840     229121         1              
43             4.73606        4.62805        0.047967       0.060036       1544121835     625788         1544121840     361847         1              
41             4.99957        4.78004        0.047973       0.171548       1544121835     629785         1544121840     629352         1              
44             5.13934        5.03604        0.047974       0.05532        1544121835     629788         1544121840     769123         1              
45             5.22334        5.13603        0.003983       0.083317       1544121835     645787         1544121840     869128         1              
46             5.42115        5.28003        1.9e-05        0.141087       1544121835     649788         1544121841     70934          1              
47             5.57107        5.48528        0.03873        0.047059       1544121835     653787         1544121841     224859         1              
49             5.68001        5.54804        0.039973       0.091993       1544121835     709787         1544121841     389800         1              
48             5.74176        5.69206        2.7e-05        0.049671       1544121835     713789         1544121841     455553         1              
51             5.91549        5.79513        0.068883       0.05147        1544121835     721787         1544121841     637274         1              
50             6.02689        5.93604        0.043972       0.046863       1544121835     729786         1544121841     756671         1              
52             6.09134        5.98805        0.031962       0.071325       1544121835     769786         1544121841     861127         1              
53             6.12333        6.08404        2.5e-05        0.039261       1544121835     801786         1544121841     925119         1              
54             6.20734        6.13203        0.027982       0.047323       1544121835     817785         1544121842     25124          1              
56             6.39201        6.24404        0.035976       0.111997       1544121835     829786         1544121842     221800         1              
55             6.51935        6.44804        0.031968       0.039329       1544121835     829785         1544121842     349135         1              
57             6.60289        6.52003        0.031984       0.050877       1544121835     853786         1544121842     456679         1              
58             6.69488        6.61604        0.027971       0.050862       1544121835     861787         1544121842     556665         1              
59             6.74307        6.68404        0.027966       0.031051       1544121835     881793         1544121842     624859         1              
60             6.87506        6.78404        0.047975       0.04304        1544121835     889787         1544121842     764850         1              
61             7.01135        6.90805        0.047965       0.055329       1544121835     913786         1544121842     925136         1              
62             7.13414        7.02804        0.047974       0.058122       1544121835     925785         1544121843     59930          1              
63             7.20307        7.15204        2.4e-05        0.051004       1544121835     957787         1544121843     160861         1              
64             7.30378        7.20804        0.04397        0.051767       1544121835     969787         1544121843     273569         1              
66             7.39906        7.32404        0.031969       0.043051       1544121835     973792         1544121843     372854         1              
65             7.54724        7.42404        0.047967       0.075223       1544121835     977788         1544121843     525028         1              
67             7.63201        7.57604        2.1e-05        0.05157        1544121835     989788         1544121843     621795         1              
69             7.74001        7.65203        0.047984       0.039995       1544121836     5788           1544121843     745801         1              
70             7.95153        7.76003        0.043976       0.147513       1544121836     13787          1544121843     965319         1              
68             8.10334        7.99204        0.024008       0.067317       1544121836     21785          1544121844     125125         1              
71             8.17907        8.08403        0.047976       0.047052       1544121836     49788          1544121844     228855         1              
72             8.26334        8.18917        0.022844       0.051319       1544121836     85786          1544121844     349125         1              
73             8.37506        8.28802        0.039985       0.047049       1544121836     109789         1544121844     484851         1              
74             8.59515        8.37204        0.004476       0.21862        1544121836     129788         1544121844     724933         1              
76             8.69506        8.61203        0.039977       0.043046       1544121836     137790         1544121844     832850         1              
75             8.78233        8.70802        0.031985       0.042315       1544121836     149787         1544121844     932116         1              
77             8.84306        8.75205        0.043963       0.047043       1544121836     181786         1544121845     24846          1              
78             8.92334        8.84405        0.035957       0.043321       1544121836     209786         1544121845     133123         1              
79             8.99906        8.92005        0.039961       0.039046       1544121836     213788         1544121845     212851         1              
80             9.12334        9.03603        0.039979       0.047328       1544121836     225795         1544121845     349136         1              
81             9.23106        9.14405        0.039972       0.04703        1544121836     237788         1544121845     468852         1              
82             9.34632        9.24804        0.039973       0.058306       1544121836     285788         1544121845     632113         1              
83             9.44306        9.36003        0.039982       0.04305        1544121836     293788         1544121845     736851         1              
84             9.54724        9.39604        2e-05          0.151176       1544121836     361788         1544121845     909028         1              
85             9.67934        9.57604        0.047974       0.055326       1544121836     365785         1544121846     45127          1              
86             9.73832        9.68003        0.024398       0.03388        1544121836     369788         1544121846     108108         1              
88             9.83292        9.75204        0.031975       0.048905       1544121836     381788         1544121846     214711         1              
87             9.90354        9.83609        0.032677       0.034769       1544121836     385788         1544121846     289331         1              
89             9.97089        9.92403        0.003617       0.043229       1544121836     409786         1544121846     380671         1              
90             10.1392        9.96804        0.03198        0.139128       1544121836     445788         1544121846     584941         1              
91             10.217         10.14          0.004042       0.07293        1544121836     465786         1544121846     682806         1              
92             10.5075        10.232         0.039975       0.235453       1544121836     481786         1544121846     989256         1              
93             10.6353        10.544         0.03998        0.051327       1544121836     485785         1544121847     121130         1              
94             10.7353        10.644         0.039985       0.051328       1544121836     513786         1544121847     249130         1              
95             10.8353        10.744         0.039986       0.051317       1544121836     533789         1544121847     369123         1              
96             11.0031        10.848         2e-05          0.155091       1544121836     545791         1544121847     548937         1              
97             11.0753        11.012         0.003982       0.059325       1544121836     557787         1544121847     633132         1              
98             11.1793        11.092         0.031974       0.055239       1544121836     581788         1544121847     761043         1              
99             11.2747        11.192         0.039981       0.042721       1544121836     597786         1544121847     872522         1              
