JobID          Runtime        getDevice      getProgram     runProgram     startTime_s    startTime_us   endTime_s      endTime_us     violation      0
-1             0.511655       6.9e-05        0.511301       0.000278       1544121823     74101          1544121823     585756         0              
-1             0.000353       3.5e-05        3.8e-05        0.000275       1544121824     498346         1544121824     498699         0              
-1             0.000339       3.2e-05        2.8e-05        0.000274       1544121824     614137         1544121824     614476         0              
-1             0.000386       8.1e-05        2.6e-05        0.000275       1544121824     729973         1544121824     730359         0              
-1             0.000339       3e-05          3.1e-05        0.000274       1544121824     845797         1544121824     846136         0              
0              0.000481       0.000138       2.5e-05        0.000308       1544121834     951891         1544121834     952372         0              
1              0.000462       9.2e-05        2.7e-05        0.000334       1544121834     955406         1544121834     955868         0              
2              0.000411       5.6e-05        2.1e-05        0.000324       1544121834     956263         1544121834     956674         0              
3              0.000439       7.7e-05        2.5e-05        0.000327       1544121834     958127         1544121834     958566         0              
4              0.000515       7.7e-05        9.2e-05        0.000333       1544121834     960316         1544121834     960831         0              
5              0.000729       0.000399       2.6e-05        0.000295       1544121834     960568         1544121834     961297         0              
6              0.000452       8.3e-05        2.6e-05        0.000328       1544121834     962791         1544121834     963243         0              
7              0.000766       0.000427       2.5e-05        0.000305       1544121834     962890         1544121834     963656         0              
8              0.000403       7.8e-05        2.2e-05        0.000293       1544121834     963864         1544121834     964267         0              
9              0.00045        8e-05          2.6e-05        0.000327       1544121834     964814         1544121834     965264         0              
10             0.000509       0.000144       2.8e-05        0.000328       1544121834     965187         1544121834     965696         0              
11             0.000413       8.2e-05        2.5e-05        0.000298       1544121834     967144         1544121834     967557         0              
12             0.001848       8.1e-05        2.5e-05        0.00173        1544121834     968240         1544121834     970088         0              
13             0.01           0.00113        7.8e-05        0.00878        1544121834     969081         1544121834     979081         0              
14             0.011925       0.00808        3.4e-05        0.003795       1544121834     971055         1544121834     982980         0              
15             0.008138       0.007799       3.1e-05        0.000296       1544121834     975252         1544121834     983390         0              
16             0.003205       0.002844       2.4e-05        0.000327       1544121834     980591         1544121834     983796         0              
17             0.003026       0.002699       2.4e-05        0.000294       1544121834     981154         1544121834     984180         0              
18             0.000471       9.4e-05        2.6e-05        0.000342       1544121834     984197         1544121834     984668         0              
19             0.000342       4.8e-05        1.8e-05        0.000269       1544121834     984826         1544121834     985168         0              
20             0.000363       6.4e-05        2.1e-05        0.000272       1544121834     989860         1544121834     990223         0              
21             0.000361       6.3e-05        2.1e-05        0.000272       1544121834     991439         1544121834     991800         0              
22             0.000371       7.4e-05        2.1e-05        0.000268       1544121834     995196         1544121834     995567         0              
23             0.000471       7.3e-05        7.9e-05        0.000306       1544121834     999751         1544121835     222            0              
24             0.000708       0.000375       2.6e-05        0.000294       1544121834     999948         1544121835     656            0              
25             0.000761       0.000397       2.7e-05        0.000328       1544121835     331            1544121835     1092           0              
26             0.000428       5.6e-05        2.2e-05        0.000324       1544121835     1362           1544121835     1790           0              
27             0.009301       8.1e-05        2.4e-05        0.009184       1544121835     3445           1544121835     12746          0              
28             0.011845       0.008089       8.2e-05        0.003663       1544121835     4719           1544121835     16564          0              
29             0.010838       0.010503       2.7e-05        0.000295       1544121835     6135           1544121835     16973          0              
30             0.009938       0.00954        2.8e-05        0.000356       1544121835     7504           1544121835     17442          0              
31             0.009625       0.009289       2.5e-05        0.000298       1544121835     8207           1544121835     17832          0              
32             0.00531        0.004974       2.8e-05        0.000298       1544121835     12902          1544121835     18212          0              
34             0.002322       0.002016       2.2e-05        0.000274       1544121835     16261          1544121835     18583          0              
33             0.02147        0.001564       2.4e-05        0.019875       1544121835     17070          1544121835     38540          0              
35             0.04095        0.040283       0.000377       0.000278       1544121835     17533          1544121835     58483          0              
37             0.116358       0.075905       0.000531       0.025663       1544121835     17912          1544121835     134270         0              
40             0.2111         0.15952        0.047985       0.00359        1544121835     18295          1544121835     229395         0              
36             0.279228       0.239026       0.039957       0.000239       1544121835     18814          1544121835     298042         0              
42             0.358516       0.330734       0.000177       0.007587       1544121835     19084          1544121835     377600         0              
39             0.515861       0.408017       0.036          0.071839       1544121835     25789          1544121835     541650         0              
38             0.532312       0.532039       2.1e-05        0.000246       1544121835     25789          1544121835     558101         0              
44             0.604272       0.560043       0.015968       0.028254       1544121835     29788          1544121835     634060         0              
43             0.648299       0.616043       0.031974       0.000278       1544121835     33786          1544121835     682085         0              
46             0.708296       0.680027       0.027985       0.000278       1544121835     33787          1544121835     742083         0              
45             0.760479       0.72805        0.03196        0.000463       1544121835     33788          1544121835     794267         0              
41             0.848308       0.816043       0.031972       0.000282       1544121835     33788          1544121835     882096         0              
48             0.904297       0.872028       0.008012       0.000279       1544121835     37788          1544121835     942085         0              
51             0.944259       0.91604        0.027967       0.000247       1544121835     37791          1544121835     982050         0              
50             1.00826        0.976044       0.012011       0.000244       1544121835     41791          1544121836     50050          1              
47             1.07226        1.04003        0.031981       0.000246       1544121835     41790          1544121836     114049         1              
52             1.1925         1.09601        0.031989       0.064488       1544121835     45790          1544121836     238289         1              
53             1.23626        1.20403        0.031978       0.000244       1544121835     49789          1544121836     286047         1              
54             1.32976        1.2895         0.036032       0.004218       1544121835     52312          1544121836     382070         1              
49             1.38502        1.35275        0.031982       0.00028        1544121835     53068          1544121836     438088         1              
55             1.48828        1.45604        0.031981       0.000248       1544121835     53790          1544121836     542066         1              
58             1.5605         1.53203        0.012114       0.000243       1544121835     57788          1544121836     618285         1              
59             1.72564        1.61203        0.039979       0.073621       1544121835     61787          1544121836     787425         1              
65             1.86853        1.78004        0.03197        0.056412       1544121835     61794          1544121836     930324         1              
56             1.96026        1.92402        0.035991       0.000245       1544121835     65787          1544121837     26049          1              
61             2.06426        2.02803        0.035982       0.000244       1544121835     65788          1544121837     130045         1              
62             2.21983        2.10002        0.031984       0.087819       1544121835     69789          1544121837     289620         1              
63             2.26815        2.23188        0.035987       0.000279       1544121835     69934          1544121837     338081         1              
67             2.4043         2.32004        0.044016       0.000279       1544121835     73785          1544121837     478086         1              
60             2.4803         2.44403        0.035988       0.000278       1544121835     73786          1544121837     554085         1              
57             2.59972        2.52403        0.031984       0.043704       1544121835     73787          1544121837     673511         1              
74             2.64068        2.64037        2e-05          0.000278       1544121835     77447          1544121837     718123         1              
66             2.70826        2.67202        0.035985       0.000245       1544121835     77790          1544121837     786046         1              
64             2.75958        2.72332        0.035979       0.000278       1544121835     78505          1544121837     838081         1              
69             2.83625        2.79603        0.035987       0.004227       1544121835     81786          1544121837     918033         1              
68             2.88341        2.86003        2.3e-05        0.023356       1544121835     81788          1544121837     965202         1              
72             2.92826        2.89603        0.031981       0.000245       1544121835     81789          1544121838     10048          1              
79             3.0003         2.96404        0.035979       0.000279       1544121835     85776          1544121838     86081          1              
73             3.04296        3.0067         0.035983       0.000277       1544121835     87114          1544121838     130079         1              
81             3.10946        3.07722        0.031981       0.000246       1544121835     88591          1544121838     198048         1              
71             3.17344        3.14521        0.027981       0.000244       1544121835     88606          1544121838     262048         1              
75             3.25228        3.21203        0.03598        0.004262       1544121835     89785          1544121838     342063         1              
70             3.43758        3.27203        0.031984       0.133563       1544121835     89786          1544121838     527367         1              
77             3.49226        3.46003        0.031981       0.000246       1544121835     89788          1544121838     582047         1              
82             3.63316        3.50094        1.8e-05        0.132196       1544121835     92873          1544121838     726034         1              
76             3.67568        3.64342        0.031983       0.000277       1544121835     94396          1544121838     770078         1              
80             3.8045         3.75203        0.031982       0.020485       1544121835     97785          1544121838     902288         1              
78             3.85626        3.82802        0.027987       0.000242       1544121835     105788         1544121838     962045         1              
84             3.93468        3.88803        0.016013       0.010662       1544121835     117786         1544121839     52468          1              
90             4.00025        3.99603        2e-05          0.004195       1544121835     117788         1544121839     118037         1              
83             4.06829        4.04003        0.027983       0.000276       1544121835     121785         1544121839     190076         1              
89             4.21223        4.14804        0.047971       0.01622        1544121835     121787         1544121839     334022         1              
86             4.34001        4.24003        0.027994       0.071989       1544121835     121787         1544121839     461801         1              
91             4.38428        4.38402        1.8e-05        0.000245       1544121835     121799         1544121839     506082         1              
85             4.53868        4.40002        0.031991       0.106662       1544121835     125786         1544121839     664468         1              
87             4.6163         4.56004        0.055973       0.000281       1544121835     129785         1544121839     746084         1              
88             4.71629        4.66003        0.055979       0.000277       1544121835     137787         1544121839     854078         1              
95             4.74433        4.74403        2e-05          0.000277       1544121835     137787         1544121839     882118         1              
98             4.88265        4.81203        0.020015       0.038634       1544121835     137787         1544121840     20438          1              
92             4.99706        4.91202        0.047989       0.037044       1544121835     141788         1544121840     138850         1              
99             5.07227        5.01603        2e-05          0.05622        1544121835     145787         1544121840     218061         1              
97             5.10433        5.10402        2e-05          0.000276       1544121835     145787         1544121840     250113         1              
96             5.20884        5.12003        0.031985       0.056822       1544121835     149785         1544121840     358628         1              
93             5.23231        5.23202        3.6e-05        0.000242       1544121835     149789         1544121840     382094         1              
94             5.47175        5.26004        0.047975       0.163734       1544121835     157787         1544121840     629539         1              
