JobID          Runtime        getDevice      getProgram     runProgram     startTime_s    startTime_us   endTime_s      endTime_us     violation      0
-1             0.572833       5.6e-05        0.572523       0.000248       1543977173     664462         1543977174     237295         0              
-1             0.000376       3.5e-05        9.2e-05        0.000243       1543977175     118005         1543977175     118381         0              
-1             0.000305       3.1e-05        2.9e-05        0.000241       1543977175     192596         1543977175     192901         0              
-1             0.000352       8e-05          2.6e-05        0.000242       1543977175     267042         1543977175     267394         0              
-1             0.000309       3.1e-05        3.1e-05        0.000244       1543977175     341498         1543977175     341807         0              
0              0.000572       0.000225       2.9e-05        0.000308       1543977185     412464         1543977185     413036         0              
1              0.000411       8.1e-05        2.6e-05        0.000294       1543977185     415539         1543977185     415950         0              
2              0.000379       5.9e-05        2.2e-05        0.000291       1543977185     416128         1543977185     416507         0              
3              0.000474       9.1e-05        2.7e-05        0.000346       1543977185     418924         1543977185     419398         0              
4              0.00046        7.8e-05        7.5e-05        0.000298       1543977185     420302         1543977185     420762         0              
5              0.000466       0.000132       2.7e-05        0.000299       1543977185     435318         1543977185     435784         0              
6              0.000428       8.2e-05        2.6e-05        0.000311       1543977185     442874         1543977185     443302         0              
7              0.000405       7.6e-05        2.5e-05        0.000294       1543977185     444699         1543977185     445104         0              
8              0.000452       8.5e-05        2.6e-05        0.000332       1543977185     451794         1543977185     452246         0              
9              0.000492       8.2e-05        7.3e-05        0.000328       1543977185     456224         1543977185     456716         0              
10             0.000499       0.000138       2.5e-05        0.000328       1543977185     456945         1543977185     457444         0              
11             0.000446       8.2e-05        2.5e-05        0.000331       1543977185     467158         1543977185     467604         0              
12             0.009576       0.000109       2.5e-05        0.009422       1543977185     471451         1543977185     481027         0              
13             0.010035       0.006278       3.1e-05        0.00371        1543977185     474922         1543977185     484957         0              
14             0.00975        0.009381       3e-05          0.000326       1543977185     475626         1543977185     485376         0              
15             0.005694       0.005339       2.7e-05        0.000297       1543977185     480106         1543977185     485800         0              
16             0.004926       0.00459        3.2e-05        0.000293       1543977185     481253         1543977185     486179         0              
17             0.002991       0.002656       3.1e-05        0.000295       1543977185     483592         1543977185     486583         0              
18             0.000499       6.1e-05        7.4e-05        0.000327       1543977185     489149         1543977185     489648         0              
19             0.000446       0.000121       2.1e-05        0.000292       1543977185     491017         1543977185     491463         0              
20             0.000665       0.000318       2.6e-05        0.000313       1543977185     491212         1543977185     491877         0              
21             0.000431       7.5e-05        3.4e-05        0.000313       1543977185     493071         1543977185     493502         0              
22             0.007856       7.6e-05        7.1e-05        0.007699       1543977185     502870         1543977185     510726         0              
23             0.012151       8.4e-05        2.6e-05        0.012028       1543977185     511734         1543977185     523885         0              
24             0.012951       0.009012       7.9e-05        0.003849       1543977185     514909         1543977185     527860         0              
25             0.009007       0.008664       3.2e-05        0.000297       1543977185     519268         1543977185     528275         0              
26             0.007364       0.00703        2.9e-05        0.000294       1543977185     521294         1543977185     528658         0              
27             0.004686       0.004386       2.1e-05        0.000271       1543977185     524307         1543977185     528993         0              
28             0.003206       0.00286        2.9e-05        0.000307       1543977185     526202         1543977185     529408         0              
29             0.008807       8.1e-05        2.7e-05        0.008687       1543977185     536954         1543977185     545761         0              
30             0.003818       0.003475       3.2e-05        0.000296       1543977185     542373         1543977185     546191         0              
31             0.010255       0.00193        2.6e-05        0.008289       1543977185     544324         1543977185     554579         0              
32             0.011444       0.007694       8.6e-05        0.003652       1543977185     547006         1543977185     558450         0              
33             0.008428       0.008093       2.7e-05        0.000299       1543977185     550398         1543977185     558826         0              
34             0.00607        0.005728       3.2e-05        0.000297       1543977185     553172         1543977185     559242         0              
35             0.004908       0.004555       2.7e-05        0.000315       1543977185     554742         1543977185     559650         0              
36             0.000693       0.000366       2.6e-05        0.000294       1543977185     559334         1543977185     560027         0              
37             0.000404       5.5e-05        2.2e-05        0.00032        1543977185     560382         1543977185     560786         0              
38             0.000373       5e-05          1.9e-05        0.000298       1543977185     561162         1543977185     561535         0              
39             0.000454       7.3e-05        7e-05          0.000304       1543977185     573250         1543977185     573704         0              
40             0.000417       0.000116       2.1e-05        0.000273       1543977185     577583         1543977185     578000         0              
41             0.000426       7.8e-05        2.3e-05        0.000316       1543977185     586725         1543977185     587151         0              
42             0.000391       7.7e-05        2.4e-05        0.00028        1543977185     587589         1543977185     587980         0              
43             0.000455       7.9e-05        2.7e-05        0.00034        1543977185     589031         1543977185     589486         0              
44             0.000484       7.2e-05        7.1e-05        0.000333       1543977185     589547         1543977185     590031         0              
45             0.000493       0.000131       2.5e-05        0.000328       1543977185     591903         1543977185     592396         0              
46             0.000444       8.2e-05        2.4e-05        0.00033        1543977185     600563         1543977185     601007         0              
47             0.000416       8.5e-05        2.7e-05        0.000296       1543977185     605214         1543977185     605630         0              
48             0.000441       7.9e-05        2.5e-05        0.000328       1543977185     606263         1543977185     606704         0              
49             0.000496       8.6e-05        7e-05          0.000332       1543977185     607234         1543977185     607730         0              
50             0.000482       0.000121       2.4e-05        0.000328       1543977185     609224         1543977185     609706         0              
51             0.000414       6e-05          2.2e-05        0.000324       1543977185     610627         1543977185     611041         0              
52             0.000426       9.1e-05        2.7e-05        0.0003         1543977185     614032         1543977185     614458         0              
53             0.000447       7.7e-05        2.4e-05        0.000336       1543977185     617591         1543977185     618038         0              
54             0.000489       7.8e-05        7.1e-05        0.000331       1543977185     630580         1543977185     631069         0              
55             0.000476       0.000137       2.6e-05        0.000298       1543977185     634860         1543977185     635336         0              
56             0.000639       0.000274       2.7e-05        0.000327       1543977185     635135         1543977185     635774         0              
57             0.000444       7.9e-05        2.5e-05        0.000332       1543977185     638188         1543977185     638632         0              
58             0.00042        8.6e-05        2.6e-05        0.000299       1543977185     654404         1543977185     654824         0              
59             0.000467       8.4e-05        7.9e-05        0.000295       1543977185     657907         1543977185     658374         0              
60             0.000485       0.000124       2.4e-05        0.000328       1543977185     659947         1543977185     660432         0              
61             0.00042        8.5e-05        2.7e-05        0.000299       1543977185     661969         1543977185     662389         0              
62             0.000423       8.4e-05        2.6e-05        0.000297       1543977185     668501         1543977185     668924         0              
63             0.000753       0.000374       3e-05          0.000339       1543977185     668619         1543977185     669372         0              
64             0.000504       7.8e-05        7.2e-05        0.000345       1543977185     673474         1543977185     673978         0              
65             0.000492       0.000128       2.4e-05        0.000332       1543977185     675405         1543977185     675897         0              
66             0.000441       9.4e-05        3.3e-05        0.000306       1543977185     676057         1543977185     676498         0              
67             0.000414       8.4e-05        2.6e-05        0.000294       1543977185     678991         1543977185     679405         0              
68             0.000443       8.1e-05        2.4e-05        0.000328       1543977185     679664         1543977185     680107         0              
69             0.000473       8.2e-05        7.4e-05        0.000308       1543977185     681541         1543977185     682014         0              
70             0.000476       0.000141       2.6e-05        0.000299       1543977185     683320         1543977185     683796         0              
71             0.000417       8.3e-05        2.6e-05        0.0003         1543977185     690703         1543977185     691120         0              
72             0.003453       8.2e-05        2.7e-05        0.003335       1543977185     700611         1543977185     704064         0              
73             0.001312       8.4e-05        7.5e-05        0.001143       1543977185     706611         1543977185     707923         0              
74             0.000445       0.000114       2.6e-05        0.000295       1543977185     710761         1543977185     711206         0              
75             0.00037        7e-05          1.9e-05        0.000275       1543977185     721108         1543977185     721478         0              
76             0.000416       8.4e-05        2.7e-05        0.000296       1543977185     722727         1543977185     723143         0              
77             0.00041        8.4e-05        2.5e-05        0.000291       1543977185     727591         1543977185     728001         0              
78             0.000455       7.4e-05        6.9e-05        0.000304       1543977185     730644         1543977185     731099         0              
79             0.000384       0.000117       2.1e-05        0.000239       1543977185     733309         1543977185     733693         0              
80             0.000352       5.7e-05        2.1e-05        0.000266       1543977185     733955         1543977185     734307         0              
81             0.000441       7.8e-05        2.5e-05        0.000331       1543977185     737246         1543977185     737687         0              
82             0.000376       7.7e-05        2.4e-05        0.000267       1543977185     741979         1543977185     742355         0              
83             0.000471       7.7e-05        7.3e-05        0.000311       1543977185     743743         1543977185     744214         0              
84             0.000466       0.000133       2.7e-05        0.000297       1543977185     746972         1543977185     747438         0              
85             0.000419       8.5e-05        2.6e-05        0.0003         1543977185     757912         1543977185     758331         0              
86             0.000453       8.3e-05        2.6e-05        0.000335       1543977185     762549         1543977185     763002         0              
87             0.000392       7.9e-05        2.4e-05        0.000281       1543977185     763837         1543977185     764229         0              
88             0.00049        7.7e-05        7.1e-05        0.000333       1543977185     764512         1543977185     765002         0              
89             0.006273       7.9e-05        2.5e-05        0.006157       1543977185     770783         1543977185     777056         0              
90             0.009444       0.005882       2.8e-05        0.003518       1543977185     771224         1543977185     780668         0              
91             0.000739       0.000402       3.3e-05        0.000295       1543977185     780337         1543977185     781076         0              
92             0.000431       5.7e-05        6.8e-05        0.000298       1543977185     781314         1543977185     781745         0              
93             0.007218       8.1e-05        2.5e-05        0.007098       1543977185     786713         1543977185     793931         0              
94             0.010088       0.00663        3.9e-05        0.003404       1543977185     787384         1543977185     797472         0              
95             0.003942       0.003563       3e-05          0.000337       1543977185     793973         1543977185     797915         0              
96             0.000446       8.1e-05        7.3e-05        0.000283       1543977185     806019         1543977185     806465         0              
97             0.000473       0.00014        2.6e-05        0.000298       1543977185     816378         1543977185     816851         0              
98             0.000447       8.5e-05        2.6e-05        0.000328       1543977185     822079         1543977185     822526         0              
99             0.000534       0.000121       4e-05          0.000363       1543977185     828307         1543977185     828841         0              
