JobID          Runtime        getDevice      getProgram     runProgram     startTime_s    startTime_us   endTime_s      endTime_us     violation      0
-1             0.892754       0.000538       0.881634       0.010576       1543977172     771653         1543977173     664407         0              
-1             0.010611       7.4e-05        4.4e-05        0.010489       1543977175     107374         1543977175     117985         0              
-1             0.010545       3.7e-05        2.5e-05        0.010479       1543977175     182034         1543977175     192579         0              
-1             0.010599       3.6e-05        7.6e-05        0.010481       1543977175     256427         1543977175     267026         0              
-1             0.010549       3.7e-05        2.9e-05        0.010478       1543977175     330932         1543977175     341481         0              
0              0.013468       8.8e-05        2.5e-05        0.013344       1543977185     471177         1543977185     484645         0              
1              0.013485       7.1e-05        2.1e-05        0.01338        1543977185     500769         1543977185     514254         0              
2              0.021832       0.008495       2.3e-05        0.013306       1543977185     505829         1543977185     527661         0              
3              0.013409       5.1e-05        1.8e-05        0.013334       1543977185     532249         1543977185     545658         0              
4              0.011951       5.9e-05        2.3e-05        0.011862       1543977185     546284         1543977185     558235         0              
5              0.01393        8.5e-05        2.5e-05        0.013813       1543977185     693652         1543977185     707582         0              
6              0.012359       0.000138       2.7e-05        0.012186       1543977185     767897         1543977185     780256         0              
7              0.01213        0.000124       2.2e-05        0.011977       1543977185     785013         1543977185     797143         0              
8              0.011037       8.1e-05        2.8e-05        0.010919       1543977185     854730         1543977185     865767         0              
9              0.011006       7.8e-05        8.2e-05        0.010834       1543977185     897656         1543977185     908662         0              
10             0.017388       0.004924       2.7e-05        0.01243        1543977185     903806         1543977185     921194         0              
11             0.011019       8.1e-05        2.6e-05        0.010902       1543977186     4558           1543977186     15577          0              
12             0.010687       6.9e-05        2.3e-05        0.010587       1543977186     46300          1543977186     56987          0              
13             0.062016       8.2e-05        7.3e-05        0.061838       1543977186     79429          1543977186     141445         0              
14             0.066718       0.056157       2.7e-05        0.010524       1543977186     85345          1543977186     152063         0              
15             0.0356         0.023484       2.2e-05        0.012083       1543977186     128637         1543977186     164237         0              
16             0.03286        0.022318       2.4e-05        0.010507       1543977186     141978         1543977186     174838         0              
17             0.022006       0.011463       2.3e-05        0.010514       1543977186     163432         1543977186     185438         0              
18             0.010919       8e-05          7.6e-05        0.010755       1543977186     217852         1543977186     228771         0              
19             0.011062       0.000139       2.7e-05        0.010884       1543977186     234990         1543977186     246052         0              
20             0.022284       0.009983       2.7e-05        0.012262       1543977186     236146         1543977186     258430         0              
21             0.015881       0.005081       3.1e-05        0.010762       1543977186     253428         1543977186     269309         0              
22             0.011007       8.8e-05        2.7e-05        0.010882       1543977186     349863         1543977186     360870         0              
23             0.063595       8.2e-05        2.5e-05        0.063475       1543977186     437372         1543977186     500967         0              
24             0.043663       0.033009       2.8e-05        0.010616       1543977186     468014         1543977186     511677         0              
25             0.014047       0.001567       2.8e-05        0.012444       1543977186     510183         1543977186     524230         0              
26             0.011086       8.9e-05        7.5e-05        0.010914       1543977186     529011         1543977186     540097         0              
27             0.011059       0.000139       2.7e-05        0.010883       1543977186     557993         1543977186     569052         0              
28             0.010669       7e-05          2.1e-05        0.010569       1543977186     575765         1543977186     586434         0              
29             0.064899       8.3e-05        2.6e-05        0.064777       1543977186     681863         1543977186     746762         0              
30             0.024374       0.01197        8.6e-05        0.012307       1543977186     734865         1543977186     759239         0              
31             0.017207       0.006288       3.2e-05        0.01088        1543977186     753032         1543977186     770239         0              
32             0.01104        8.7e-05        2.7e-05        0.010911       1543977186     778750         1543977186     789790         0              
33             0.060597       8.4e-05        2.5e-05        0.060474       1543977186     811503         1543977186     872100         0              
34             0.046701       0.034431       2.4e-05        0.012236       1543977186     837722         1543977186     884423         0              
35             0.043162       0.032624       2.5e-05        0.010504       1543977186     851861         1543977186     895023         0              
36             0.017901       0.005586       2.1e-05        0.012285       1543977186     889487         1543977186     907388         0              
37             0.011825       0.001196       2.2e-05        0.010596       1543977186     906252         1543977186     918077         0              
38             0.017357       0.004861       3.1e-05        0.012458       1543977186     913290         1543977186     930647         0              
39             0.011073       9.1e-05        8.2e-05        0.010893       1543977187     32613          1543977187     43686          0              
40             0.01093        0.000136       2.6e-05        0.01076        1543977187     74563          1543977187     85493          0              
41             0.011009       8.9e-05        2.7e-05        0.010879       1543977187     164604         1543977187     175613         0              
42             0.016334       0.00383        2.9e-05        0.012462       1543977187     171857         1543977187     188191         0              
43             0.01375        0.00313        2.5e-05        0.010583       1543977187     185123         1543977187     198873         0              
44             0.020584       0.009906       7.7e-05        0.010593       1543977187     189030         1543977187     209614         0              
45             0.010856       0.000127       2.2e-05        0.010699       1543977187     211060         1543977187     221916         0              
46             0.011007       9e-05          2.6e-05        0.010882       1543977187     296364         1543977187     307371         0              
47             0.010959       8.5e-05        2.5e-05        0.010837       1543977187     341511         1543977187     352470         0              
48             0.013842       0.001342       2.7e-05        0.01246        1543977187     351207         1543977187     365049         0              
49             0.016438       0.005465       8.7e-05        0.010877       1543977187     359663         1543977187     376101         0              
50             0.011059       0.000141       2.6e-05        0.010882       1543977187     378468         1543977187     389527         0              
51             0.010684       6.9e-05        2.1e-05        0.010587       1543977187     391660         1543977187     402344         0              
52             0.010979       8.7e-05        2.6e-05        0.010858       1543977187     424681         1543977187     435660         0              
53             0.010931       8.5e-05        2.5e-05        0.010813       1543977187     458813         1543977187     469744         0              
54             0.011062       9e-05          8e-05          0.010883       1543977187     587546         1543977187     598608         0              
55             0.011051       0.000147       3.1e-05        0.010862       1543977187     628800         1543977187     639851         0              
56             0.021569       0.009224       3.1e-05        0.012307       1543977187     630706         1543977187     652275         0              
57             0.011018       9e-05          2.7e-05        0.010892       1543977187     660408         1543977187     671426         0              
58             0.011008       9.2e-05        2.7e-05        0.01088        1543977187     821141         1543977187     832149         0              
59             0.010933       8.5e-05        7.9e-05        0.010761       1543977187     855108         1543977187     866041         0              
60             0.01074        0.000126       2.1e-05        0.010585       1543977187     874042         1543977187     884782         0              
61             0.010989       8.9e-05        2.7e-05        0.010865       1543977187     893264         1543977187     904253         0              
62             0.011016       9e-05          2.6e-05        0.010888       1543977187     956902         1543977187     967918         0              
63             0.022819       0.010554       2.9e-05        0.012228       1543977187     957442         1543977187     980261         0              
64             0.011061       8.8e-05        7.7e-05        0.01089        1543977188     4669           1543977188     15730          0              
65             0.010853       0.000127       2.3e-05        0.01069        1543977188     22712          1543977188     33565          0              
66             0.018304       0.005927       2.9e-05        0.012341       1543977188     27716          1543977188     46020          0              
67             0.011041       8.9e-05        2.7e-05        0.010916       1543977188     55613          1543977188     66654          0              
68             0.018013       0.005763       2.4e-05        0.012215       1543977188     60961          1543977188     78974          0              
69             0.011346       0.000683       7.5e-05        0.010581       1543977188     78352          1543977188     89698          0              
70             0.010801       0.000129       2.4e-05        0.01064        1543977188     94764          1543977188     105565         0              
71             0.011003       9e-05          2.9e-05        0.010875       1543977188     167196         1543977188     178199         0              
72             0.011005       9e-05          2.7e-05        0.010881       1543977188     264881         1543977188     275886         0              
73             0.036012       8.1e-05        7.2e-05        0.035849       1543977188     323432         1543977188     359444         0              
74             0.01261        0.000134       2.5e-05        0.012444       1543977188     363757         1543977188     376367         0              
75             0.011041       9.3e-05        2.8e-05        0.010911       1543977188     465599         1543977188     476640         0              
76             0.011          8.9e-05        2.7e-05        0.010875       1543977188     480331         1543977188     491331         0              
77             0.011          8.8e-05        2.7e-05        0.010878       1543977188     527482         1543977188     538482         0              
78             0.011072       8.8e-05        7.6e-05        0.010899       1543977188     556579         1543977188     567651         0              
79             0.011068       0.000143       2.8e-05        0.010883       1543977188     581824         1543977188     592892         0              
80             0.018244       0.005759       3e-05          0.012446       1543977188     587206         1543977188     605450         0              
81             0.011031       8.8e-05        2.7e-05        0.010907       1543977188     618681         1543977188     629712         0              
82             0.011016       8.7e-05        2.7e-05        0.010894       1543977188     664969         1543977188     675985         0              
83             0.012648       8.8e-05        7.4e-05        0.012476       1543977188     680945         1543977188     693593         0              
84             0.011077       0.000137       2.7e-05        0.010904       1543977188     711741         1543977188     722818         0              
85             0.011017       9.1e-05        2.6e-05        0.010891       1543977188     820518         1543977188     831535         0              
86             0.011005       8.9e-05        2.6e-05        0.010881       1543977188     865242         1543977188     876247         0              
87             0.012585       8.8e-05        2.5e-05        0.012459       1543977188     876671         1543977188     889256         0              
88             0.017954       0.007135       8.5e-05        0.010727       1543977188     882201         1543977188     900155         0              
89             0.011073       0.000139       2.8e-05        0.010894       1543977188     943460         1543977188     954533         0              
90             0.020052       0.007709       2.7e-05        0.012309       1543977188     946902         1543977188     966954         0              
91             0.063866       8.6e-05        2.6e-05        0.063741       1543977189     36339          1543977189     100205         0              
92             0.065653       0.054966       2.7e-05        0.010651       1543977189     45297          1543977189     110950         0              
93             0.025503       0.013348       2.2e-05        0.012122       1543977189     97661          1543977189     123164         0              
94             0.032337       0.020192       2.1e-05        0.012118       1543977189     103032         1543977189     135369         0              
95             0.010867       8.1e-05        2.4e-05        0.010754       1543977189     167977         1543977189     178844         0              
96             0.011053       9e-05          7.6e-05        0.010878       1543977189     287376         1543977189     298429         0              
97             0.011052       0.000144       2.6e-05        0.010873       1543977189     389190         1543977189     400242         0              
98             0.01101        8.9e-05        2.7e-05        0.010885       1543977189     445289         1543977189     456299         0              
99             0.011196       0.000122       3.3e-05        0.011031       1543977189     505897         1543977189     517093         0              
