JobID          Runtime        getDevice      getProgram     runProgram     startTime_s    startTime_us   endTime_s      endTime_us     violation      0
-1             0.86994        5.6e-05        0.804711       0.065164       1543977174     237358         1543977175     107298         0              
-1             0.063616       8.8e-05        1.7e-05        0.063504       1543977175     118397         1543977175     182013         0              
-1             0.063493       3.8e-05        1.9e-05        0.063431       1543977175     192915         1543977175     256408         0              
-1             0.063502       3.7e-05        1.9e-05        0.06344        1543977175     267408         1543977175     330910         0              
-1             0.063538       3.8e-05        7e-05          0.063425       1543977175     341822         1543977175     405360         0              
0              0.084002       9.6e-05        2.7e-05        0.083869       1543977186     57532          1543977186     141534         0              
1              0.06938        8.9e-05        7.4e-05        0.069204       1543977186     352479         1543977186     421859         0              
2              0.100309       0.020288       2.3e-05        0.079989       1543977186     401636         1543977186     501945         0              
3              0.081815       9.7e-05        2.6e-05        0.081681       1543977186     665117         1543977186     746932         0              
4              0.083242       8.3e-05        2.5e-05        0.083125       1543977186     790978         1543977186     874220         0              
5              0.082985       9.2e-05        2.7e-05        0.082856       1543977188     276510         1543977188     359495         0              
6              0.083962       9.1e-05        2.7e-05        0.083833       1543977189     17609          1543977189     101571         0              
7              0.065626       8.3e-05        2.2e-05        0.065512       1543977189     187819         1543977189     253445         0              
8              0.069278       9.1e-05        3e-05          0.069148       1543977189     883489         1543977189     952767         0              
9              0.067483       9.3e-05        0.000195       0.067183       1543977190     311538         1543977190     379021         0              
10             0.112871       0.007257       2.9e-05        0.105576       1543977190     371839         1543977190     484710         0              
11             0.106475       9.2e-05        2.8e-05        0.106345       1543977191     378137         1543977191     484612         0              
12             0.10653        9.7e-05        2.7e-05        0.106397       1543977191     794363         1543977191     900893         0              
13             0.10632        9.6e-05        2.8e-05        0.106185       1543977192     124412         1543977192     230732         0              
14             0.112248       0.04851        7.5e-05        0.063654       1543977192     182284         1543977192     294532         0              
15             0.106771       0.00015        2.9e-05        0.10658        1543977192     614106         1543977192     720877         0              
16             0.070843       0.005569       2.7e-05        0.065237       1543977192     715387         1543977192     786230         0              
17             0.106467       9.7e-05        2.9e-05        0.106333       1543977192     934140         1543977193     40607          0              
18             0.105535       8.8e-05        2.5e-05        0.105414       1543977193     477091         1543977193     582626         0              
19             0.106554       9.2e-05        8.8e-05        0.106361       1543977193     646745         1543977193     753299         0              
20             0.160341       0.096393       2.3e-05        0.063918       1543977193     656969         1543977193     817310         0              
21             0.106533       9.8e-05        2.7e-05        0.106399       1543977193     828406         1543977193     934939         0              
22             0.067504       9.5e-05        2.6e-05        0.067374       1543977194     791209         1543977194     858713         0              
23             0.107287       0.000144       3e-05          0.107103       1543977195     665082         1543977195     772369         0              
24             0.106563       0.000103       8.6e-05        0.106364       1543977195     969881         1543977196     76444          0              
25             0.105543       0.000139       2.5e-05        0.10537        1543977196     390806         1543977196     496349         0              
26             0.106713       9.3e-05        4.1e-05        0.10657        1543977196     577659         1543977196     684372         0              
27             0.105485       8.5e-05        2.5e-05        0.105366       1543977196     866757         1543977196     972242         0              
28             0.106629       9.3e-05        2.7e-05        0.1065         1543977197     42871          1543977197     149500         0              
29             0.106532       9.7e-05        7.8e-05        0.106348       1543977198     102473         1543977198     209005         0              
30             0.106696       0.000143       2.7e-05        0.106516       1543977198     630889         1543977198     737585         0              
31             0.106419       9.6e-05        2.8e-05        0.106285       1543977198     811351         1543977198     917770         0              
32             0.106424       9.6e-05        2.8e-05        0.106291       1543977199     67097          1543977199     173521         0              
33             0.106507       9.3e-05        2.7e-05        0.106379       1543977199     393207         1543977199     499714         0              
34             0.106531       9.5e-05        7.7e-05        0.106351       1543977199     654234         1543977199     760765         0              
35             0.106746       0.000141       2.7e-05        0.106568       1543977199     794067         1543977199     900813         0              
36             0.106748       9.3e-05        2.7e-05        0.106621       1543977200     169375         1543977200     276123         0              
37             0.106451       9.2e-05        2.7e-05        0.106318       1543977200     335973         1543977200     442424         0              
38             0.107663       0.037554       2.9e-05        0.070067       1543977200     404935         1543977200     512598         0              
39             0.106807       9.5e-05        7.6e-05        0.106628       1543977201     596640         1543977201     703447         0              
40             0.106458       0.000148       2.9e-05        0.106271       1543977202     14782          1543977202     121240         0              
41             0.106498       0.000108       2.9e-05        0.106349       1543977202     913726         1543977203     20224          0              
42             0.099397       0.035146       2.2e-05        0.064221       1543977202     985142         1543977203     84539          0              
43             0.106852       9.7e-05        2.8e-05        0.106714       1543977203     116621         1543977203     223473         0              
44             0.133592       0.069318       7.2e-05        0.064193       1543977203     154217         1543977203     287809         0              
45             0.106641       0.000139       2.7e-05        0.106466       1543977203     373157         1543977203     479798         0              
46             0.106252       8.9e-05        2.5e-05        0.106129       1543977204     224708         1543977204     330960         0              
47             0.106655       9.8e-05        2.8e-05        0.106516       1543977204     674802         1543977204     781457         0              
48             0.076725       0.011201       2.8e-05        0.065488       1543977204     770340         1543977204     847065         0              
49             0.106874       0.000109       8.8e-05        0.106667       1543977204     853422         1543977204     960296         0              
50             0.105563       0.000137       2.5e-05        0.105392       1543977205     40077          1543977205     145640         0              
51             0.10667        9.3e-05        2.6e-05        0.106542       1543977205     170606         1543977205     277276         0              
52             0.106762       9.7e-05        0.000167       0.106489       1543977205     499361         1543977205     606123         0              
53             0.105113       0.000118       2.4e-05        0.104959       1543977205     839277         1543977205     944390         0              
54             0.106461       9.7e-05        7.8e-05        0.106276       1543977207     125069         1543977207     231530         0              
55             0.106603       0.000143       2.7e-05        0.106419       1543977207     536200         1543977207     642803         0              
56             0.153254       0.089071       2.4e-05        0.064152       1543977207     553795         1543977207     707049         0              
57             0.067523       9.3e-05        2.6e-05        0.067397       1543977207     849387         1543977207     916910         0              
58             0.106854       0.0001         2.6e-05        0.106718       1543977209     455255         1543977209     562109         0              
59             0.107127       9.6e-05        7.6e-05        0.106945       1543977209     793508         1543977209     900635         0              
60             0.106407       0.000154       2.9e-05        0.106214       1543977209     981669         1543977210     88076          0              
61             0.106397       9.2e-05        2.7e-05        0.10627        1543977210     172194         1543977210     278591         0              
62             0.106635       9.5e-05        2.6e-05        0.106501       1543977210     807269         1543977210     913904         0              
63             0.166403       0.102295       2.2e-05        0.064077       1543977210     811672         1543977210     978075         0              
64             0.066412       9.4e-05        7.2e-05        0.066237       1543977211     282549         1543977211     348961         0              
65             0.067409       0.000143       2.5e-05        0.067228       1543977211     461559         1543977211     528968         0              
66             0.082854       0.018959       2.3e-05        0.063862       1543977211     510070         1543977211     592924         0              
67             0.067178       9.2e-05        2.5e-05        0.067047       1543977211     787645         1543977211     854823         0              
68             0.078799       0.015115       2.3e-05        0.063652       1543977211     839767         1543977211     918566         0              
69             0.066636       9.1e-05        7.3e-05        0.066464       1543977212     12231          1543977212     78867          0              
70             0.066722       0.000134       2.5e-05        0.066555       1543977212     174848         1543977212     241570         0              
71             0.067338       9.4e-05        2.6e-05        0.067209       1543977212     897624         1543977212     964962         0              
72             0.066919       9.4e-05        2.9e-05        0.066787       1543977213     872942         1543977213     939861         0              
73             0.066542       9.2e-05        2.6e-05        0.066415       1543977214     456999         1543977214     523541         0              
74             0.067251       9.1e-05        7.3e-05        0.067077       1543977214     859038         1543977214     926289         0              
75             0.066903       0.000535       5.1e-05        0.066309       1543977215     875900         1543977215     942803         0              
76             0.066967       0.000117       2.7e-05        0.066812       1543977216     21754          1543977216     88721          0              
77             0.067164       0.000101       2.6e-05        0.067027       1543977216     491800         1543977216     558964         0              
78             0.067027       9.5e-05        2.5e-05        0.066899       1543977216     781337         1543977216     848364         0              
79             0.066796       9.4e-05        8.6e-05        0.066604       1543977217     32169          1543977217     98965          0              
80             0.077617       0.014147       2.2e-05        0.063439       1543977217     84879          1543977217     162496         0              
81             0.067278       9.2e-05        2.6e-05        0.067153       1543977217     398277         1543977217     465555         0              
82             0.067152       9.3e-05        2.5e-05        0.067025       1543977217     859728         1543977217     926880         0              
83             0.066958       8.6e-05        2.4e-05        0.06684        1543977218     18041          1543977218     84999          0              
84             0.067092       9.1e-05        7.6e-05        0.066916       1543977218     324633         1543977218     391725         0              
85             0.067243       0.000148       2.6e-05        0.067059       1543977219     410878         1543977219     478121         0              
86             0.066343       8.8e-05        2.5e-05        0.066221       1543977219     856616         1543977219     922959         0              
87             0.066945       9e-05          2.5e-05        0.066817       1543977219     969466         1543977220     36411          0              
88             0.076492       0.013176       2.2e-05        0.063285       1543977220     23296          1543977220     99788          0              
89             0.066817       9e-05          7.5e-05        0.06664        1543977220     634435         1543977220     701252         0              
90             0.097722       0.033877       2.2e-05        0.063815       1543977220     667435         1543977220     765157         0              
91             0.066752       9.8e-05        2.5e-05        0.06662        1543977221     560401         1543977221     627153         0              
92             0.066969       9.8e-05        2.5e-05        0.066837       1543977221     648481         1543977221     715450         0              
93             0.066486       8.7e-05        2.5e-05        0.066361       1543977222     170915         1543977222     237401         0              
94             0.078049       0.014087       8.3e-05        0.06387        1543977222     223391         1543977222     301440         0              
95             0.066934       0.000148       2.6e-05        0.066753       1543977222     871383         1543977222     938317         0              
96             0.06662        9.7e-05        2.5e-05        0.06649        1543977224     63867          1543977224     130487         0              
97             0.066518       9.6e-05        2.6e-05        0.066387       1543977225     80649          1543977225     147167         0              
98             0.066934       9.1e-05        2.6e-05        0.06681        1543977225     640245         1543977225     707179         0              
99             0.107905       0.000897       0.000122       0.106876       1543977226     245795         1543977226     353700         0              
