JobID          Runtime        getDevice      getProgram     runProgram     startTime_s    startTime_us   endTime_s      endTime_us     violation      1
-1             1.43482        5.6e-05        1.32922        0.10553        1544121689     402293         1544121690     837111         1              
-1             0.103325       3.9e-05        1.9e-05        0.10326        1544121690     849706         1544121690     953031         0              
-1             0.103335       3.7e-05        1.9e-05        0.103273       1544121690     965542         1544121691     68877          0              
-1             0.103333       3.7e-05        2e-05          0.103271       1544121691     81483          1544121691     184816         0              
-1             0.103314       3.7e-05        2.1e-05        0.103251       1544121691     197326         1544121691     300640         0              
0              0.196427       9.4e-05        2.7e-05        0.196298       1544121701     364751         1544121701     561178         0              
1              0.708277       0.04804        0.067975       0.592257       1544121702     65788          1544121702     774065         0              
2              1.02075        0.652045       0.027969       0.340725       1544121702     149787         1544121703     170532         1              
3              1.57562        0.904046       0.032275       0.639287       1544121702     309787         1544121703     885403         1              
4              1.91685        1.41603        7.8e-05        0.500737       1544121702     489787         1544121704     406638         1              
5              1.51546        0.856019       0.027991       0.631441       1544121703     573786         1544121705     89243          1              
6              2.04211        1.50003        0.02798        0.514093       1544121703     625786         1544121705     667896         1              
7              2.44893        1.84403        1.9e-05        0.604865       1544121703     885787         1544121706     334712         1              
8              2.79708        2.27603        0.035977       0.485057       1544121704     65787          1544121706     862865         1              
9              3.07294        2.63204        2e-05          0.440875       1544121704     285787         1544121707     358726         1              
10             3.00791        2.54406        0.03995        0.423896       1544121704     829786         1544121707     837700         1              
11             2.46637        2.23202        2.5e-05        0.234311       1544121705     653787         1544121708     120157         1              
12             2.6834         2.34402        0.039982       0.299386       1544121705     801793         1544121708     485193         1              
13             3.00901        2.57602        1.8e-05        0.432965       1544121705     949787         1544121708     958800         1              
14             3.40484        2.872          0.039986       0.49284        1544121706     133806         1544121709     538642         1              
15             3.43963        3.17603        0.031985       0.231606       1544121706     405785         1544121709     845412         1              
16             3.50002        3.12004        0.031981       0.347997       1544121706     741786         1544121710     241810         1              
17             3.47812        3.22802        0.024006       0.2181         1544121707     29787          1544121710     507908         1              
18             3.74198        3.40804        2.4e-05        0.333912       1544121707     117786         1544121710     859766         1              
19             3.69103        3.39603        0.035979       0.259011       1544121707     489787         1544121711     180819         1              
20             3.86822        3.58803        0.047986       0.232201       1544121707     601791         1544121711     470015         1              
21             4.01561        3.72003        1.9e-05        0.29555        1544121707     761787         1544121711     777400         1              
22             4.19957        3.96403        0.02401        0.199533       1544121707     837787         1544121712     37357          1              
23             4.27254        4.12003        2e-05          0.152486       1544121707     933786         1544121712     206330         1              
24             4.50109        4.27203        3.4e-05        0.229004       1544121707     941786         1544121712     442872         1              
25             4.2798         4.20404        0.011977       0.063778       1544121708     253787         1544121712     533591         1              
26             3.81946        3.62803        1.9e-05        0.191398       1544121708     917789         1544121712     737246         1              
27             3.78346        3.58004        2.1e-05        0.203387       1544121709     181786         1544121712     965245         1              
28             3.96988        3.76402        1.8e-05        0.205831       1544121709     221787         1544121713     191666         1              
29             4.02185        3.80804        0.011982       0.201819       1544121709     413788         1544121713     435635         1              
30             3.95626        3.84405        0.007961       0.104234       1544121709     601787         1544121713     558045         1              
31             3.60356        3.46804        2.6e-05        0.135479       1544121710     117789         1544121713     721347         1              
32             3.65988        3.59605        2.9e-05        0.06379        1544121710     137789         1544121713     797666         1              
33             2.51219        2.37605        2.2e-05        0.136113       1544121711     421786         1544121713     933979         1              
35             2.42948        2.30026        0.019747       0.109453       1544121711     633787         1544121714     63269          1              
34             2.59622        2.43605        2.5e-05        0.160132       1544121711     637786         1544121714     234010         1              
36             1.83207        1.76828        2.7e-05        0.063752       1544121712     465787         1544121714     297859         1              
37             1.83539        1.73212        2.2e-05        0.10323        1544121712     565788         1544121714     401174         1              
38             1.85965        1.79609        2.9e-05        0.063518       1544121712     605788         1544121714     465441         1              
39             1.32753        1.22371        2.5e-05        0.103778       1544121713     241788         1544121714     569314         1              
40             1.42732        1.32358        2.3e-05        0.103707       1544121713     245794         1544121714     673115         1              
41             1.07471        0.971388       2.2e-05        0.103289       1544121713     701787         1544121714     776498         1              
42             1.03075        0.96677        2.5e-05        0.06395        1544121713     809789         1544121714     840543         1              
43             0.106694       9.7e-05        2.5e-05        0.106558       1544121714     927861         1544121715     34555          0              
44             0.207352       0.103826       8.2e-05        0.103434       1544121714     930785         1544121715     138137         0              
45             0.10666        0.000148       2.6e-05        0.106474       1544121715     657752         1544121715     764412         0              
46             0.142018       0.038558       2.3e-05        0.103428       1544121715     725911         1544121715     867929         0              
47             0.106677       8.8e-05        2.6e-05        0.10655        1544121716     41536          1544121716     148213         0              
48             0.20999        0.106514       2.3e-05        0.103441       1544121716     41757          1544121716     251747         0              
49             0.149239       0.045951       2.8e-05        0.103251       1544121716     205863         1544121716     355102         0              
50             0.106465       9.3e-05        2.6e-05        0.106337       1544121717     434683         1544121717     541148         0              
51             0.10663        8.9e-05        2.5e-05        0.106506       1544121717     686624         1544121717     793254         0              
52             0.106518       9e-05          2.5e-05        0.106394       1544121718     433317         1544121718     539835         0              
53             0.106251       8.4e-05        2.4e-05        0.106134       1544121718     624086         1544121718     730337         0              
54             0.106243       8.4e-05        7.4e-05        0.106077       1544121718     758597         1544121718     864840         0              
55             0.106458       0.000152       2.7e-05        0.106271       1544121719     919945         1544121720     26403          0              
56             0.106531       9.1e-05        2.5e-05        0.106406       1544121720     597243         1544121720     703774         0              
57             0.106557       9e-05          2.6e-05        0.106433       1544121721     108957         1544121721     215514         0              
58             0.106681       9.7e-05        2.7e-05        0.106546       1544121722     638520         1544121722     745201         0              
59             0.106484       9e-05          2.6e-05        0.106359       1544121722     846249         1544121722     952733         0              
60             0.106282       8.9e-05        2.6e-05        0.106158       1544121723     403234         1544121723     509516         0              
61             0.106323       9.1e-05        2.6e-05        0.106193       1544121723     596883         1544121723     703206         0              
62             0.159658       0.056177       2.4e-05        0.103448       1544121723     647089         1544121723     806747         0              
63             0.107086       0.000126       2.9e-05        0.106919       1544121724     742072         1544121724     849158         0              
64             0.106506       8.8e-05        8.1e-05        0.106329       1544121724     861149         1544121724     967655         0              
65             0.10655        0.00014        2.6e-05        0.106374       1544121724     993875         1544121725     100425         0              
66             0.106615       9.1e-05        2.7e-05        0.106484       1544121725     271207         1544121725     377822         0              
67             0.182608       0.078818       2.3e-05        0.103753       1544121725     299062         1544121725     481670         0              
68             0.241173       0.174422       2.7e-05        0.066711       1544121725     307317         1544121725     548490         0              
69             0.10668        9.2e-05        2.5e-05        0.106548       1544121725     626170         1544121725     732850         0              
70             0.100045       0.011702       3.1e-05        0.088301       1544121725     721232         1544121725     821277         0              
71             0.106651       0.04314        2.7e-05        0.063477       1544121725     778202         1544121725     884853         0              
72             0.106733       8.8e-05        3.1e-05        0.106605       1544121725     885001         1544121725     991734         0              
73             0.106576       9e-05          2.5e-05        0.106451       1544121726     314581         1544121726     421157         0              
74             0.106491       9.2e-05        7.7e-05        0.106313       1544121726     992546         1544121727     99037          0              
75             0.106563       0.000138       2.6e-05        0.106389       1544121727     280266         1544121727     386829         0              
76             0.106405       9.1e-05        2.6e-05        0.106275       1544121727     489275         1544121727     595680         0              
77             0.128218       0.02469        2.1e-05        0.103495       1544121727     571050         1544121727     699268         0              
78             0.171032       0.067632       2.2e-05        0.103369       1544121727     631695         1544121727     802727         0              
79             0.104827       7e-05          2e-05          0.104726       1544121727     816697         1544121727     921524         0              
80             0.148144       0.044861       2.3e-05        0.103253       1544121727     876723         1544121728     24867          0              
81             0.106191       8.5e-05        2.5e-05        0.106073       1544121728     131842         1544121728     238033         0              
82             0.10655        9.4e-05        2.7e-05        0.10642        1544121730     44889          1544121730     151439         0              
83             0.106553       9.1e-05        2.6e-05        0.106427       1544121730     434719         1544121730     541272         0              
84             0.106609       8.9e-05        7.5e-05        0.106436       1544121730     605099         1544121730     711708         0              
85             0.106432       0.000133       2.6e-05        0.10626        1544121730     734539         1544121730     840971         0              
86             0.201893       0.098499       2.2e-05        0.103364       1544121730     742530         1544121730     944423         0              
87             0.106424       9e-05          2.6e-05        0.1063         1544121731     66922          1544121731     173346         0              
88             0.106368       8.9e-05        2.6e-05        0.106241       1544121731     384580         1544121731     490948         0              
89             0.200451       0.09705        2.5e-05        0.103368       1544121731     393958         1544121731     594409         0              
90             0.10647        9.1e-05        2.5e-05        0.106345       1544121731     801183         1544121731     907653         0              
91             0.064222       9.1e-05        0.000492       0.063626       1544121732     319878         1544121732     384100         0              
92             0.144232       0.040938       2.2e-05        0.103264       1544121732     343229         1544121732     487461         0              
93             0.106082       8.5e-05        2.4e-05        0.105961       1544121732     606961         1544121732     713043         0              
94             0.149552       0.045756       7.4e-05        0.103714       1544121732     667347         1544121732     816899         0              
95             0.106382       0.000139       2.5e-05        0.106209       1544121732     953543         1544121733     59925          0              
96             0.106482       9.1e-05        2.5e-05        0.106356       1544121733     341208         1544121733     447690         0              
97             0.10643        8.7e-05        2.5e-05        0.106309       1544121733     800869         1544121733     907299         0              
98             0.106695       8.7e-05        2.5e-05        0.106572       1544121734     180072         1544121734     286767         0              
99             0.106801       0.000119       3.6e-05        0.106635       1544121734     724441         1544121734     831242         0              
