JobID          Runtime        getDevice      getProgram     runProgram     startTime_s    startTime_us   endTime_s      endTime_us     violation      0
-1             0.824763       0.000508       0.812132       0.012117       1544121687     724522         1544121688     549285         0              
-1             0.012131       4.7e-05        1.8e-05        0.01206        1544121690     837189         1544121690     849320         0              
-1             0.01212        3.6e-05        2.6e-05        0.012053       1544121690     953051         1544121690     965171         0              
-1             0.012168       3.5e-05        7.9e-05        0.012049       1544121691     68899          1544121691     81067          0              
-1             0.012114       3.5e-05        2.7e-05        0.012047       1544121691     184837         1544121691     196951         0              
0              0.011995       7.3e-05        2e-05          0.011894       1544121701     307649         1544121701     319644         0              
1              0.073505       8e-05          2.5e-05        0.073392       1544121701     375662         1544121701     449167         0              
2              0.140257       0.065784       2.2e-05        0.074444       1544121701     388053         1544121701     528310         0              
3              0.186325       0.148027       0.004261       0.034033       1544121701     409787         1544121701     596112         0              
4              0.259069       0.204044       0.000682       0.054332       1544121701     429787         1544121701     688856         0              
6              0.307069       0.208043       0.047973       0.051044       1544121701     553786         1544121701     860855         0              
5              0.45943        0.347927       0.055975       0.055522       1544121701     557904         1544121702     17334          0              
7              0.587416       0.496046       0.047972       0.043393       1544121701     581788         1544121702     169204         0              
8              0.704015       0.588051       0.031969       0.083989       1544121701     601786         1544121702     305801         0              
9              0.779555       0.724046       0.023972       0.031532       1544121701     633788         1544121702     413343         0              
10             0.932006       0.780037       0.039974       0.111988       1544121701     677787         1544121702     609793         0              
11             0.980345       0.88403        0.027981       0.068327       1544121701     761786         1544121702     742131         0              
12             1.08235        1.00005        0.043977       0.038318       1544121701     773786         1544121702     856135         0              
13             1.20927        1.09602        0.035987       0.07725        1544121701     789786         1544121702     999054         0              
14             1.30634        1.21202        0.043993       0.050328       1544121701     817789         1544121703     124132         0              
15             1.47602        1.35334        0.018674       0.103996       1544121701     825785         1544121703     301810         0              
16             1.68789        1.44404        0.047977       0.19586        1544121701     865785         1544121703     553671         0              
17             1.78347        1.68773        0.043959       0.051779       1544121701     890110         1544121703     673583         0              
18             1.88707        1.80402        0.027986       0.055054       1544121701     905790         1544121703     792857         0              
19             1.95601        1.88003        2.2e-05        0.075958       1544121701     937786         1544121703     893799         0              
21             2.11108        2.01603        0.063985       0.031048       1544121701     953788         1544121704     64864          1              
20             2.20735        2.12405        0.027962       0.055328       1544121701     961788         1544121704     169133         1              
22             2.27934        2.21203        0.008894       0.058415       1544121701     969788         1544121704     249129         1              
23             2.42867        2.31603        0.027969       0.084655       1544121701     977792         1544121704     406458         1              
24             2.5608         2.44403        0.02798        0.088785       1544121701     989787         1544121704     550585         1              
25             2.68801        2.57205        0.031964       0.083992       1544121702     21787          1544121704     709800         1              
26             2.75639        2.67203        2.1e-05        0.084331       1544121702     81786          1544121704     838177         1              
27             2.81907        2.74404        0.043969       0.03105        1544121702     101787         1544121704     920854         1              
28             2.94002        2.83204        0.031974       0.075998       1544121702     113786         1544121705     53803          1              
29             3.03535        2.94002        0.03999        0.055327       1544121702     137787         1544121705     173134         1              
30             3.16992        3.05204        0.047974       0.069902       1544121702     165787         1544121705     335705         1              
31             3.24275        3.15543        2.3e-05        0.087285       1544121702     194385         1544121705     437134         1              
32             3.35201        3.25203        0.02798        0.071991       1544121702     217786         1544121705     569795         1              
33             3.31398        3.23203        0.031987       0.049961       1544121702     357786         1544121705     671770         1              
34             3.4599         3.35204        0.027972       0.079887       1544121702     357788         1544121705     817691         1              
35             3.55754        3.45203        0.027976       0.077526       1544121702     381789         1544121705     939329         1              
37             3.60734        3.53202        0.001551       0.073767       1544121702     453788         1544121706     61131          1              
36             3.86877        3.64003        0.002397       0.226339       1544121702     465785         1544121706     334558         1              
38             4.00324        3.90803        0.047987       0.047227       1544121702     469786         1544121706     473030         1              
39             4.11134        4.00404        0.047973       0.059324       1544121702     517787         1544121706     629127         1              
40             4.203          4.14803        2e-05          0.054946       1544121702     537785         1544121706     740786         1              
41             4.32334        4.21202        0.05199        0.059325       1544121702     569790         1544121706     893129         1              
42             4.52416        4.34402        1.8e-05        0.180115       1544121702     573789         1544121707     97950          1              
43             4.51327        4.44002        0.004051       0.06919        1544121702     697790         1544121707     211061         1              
44             4.61173        4.55604        0.003979       0.051713       1544121702     701787         1544121707     313522         1              
45             4.66801        4.58003        0.039977       0.047996       1544121702     765787         1544121707     433800         1              
46             4.77506        4.70802        0.032047       0.034986       1544121702     781786         1544121707     556847         1              
48             4.84976        4.76804        0.027971       0.053745       1544121702     809787         1544121707     659550         1              
47             5.02379        4.88801        0.039987       0.09579        1544121702     813799         1544121707     837593         1              
49             5.11828        5.03985        0.039959       0.038465       1544121702     821992         1544121707     940272         1              
50             5.08276        5.01603        0.03198        0.034745       1544121702     929789         1544121708     12548          1              
51             5.12707        5.08836        8e-05          0.038628       1544121702     957787         1544121708     84857          1              
52             5.12306        5.06802        0.035991       0.019042       1544121703     37785          1544121708     160846         1              
53             5.23313        5.15251        0.031978       0.048637       1544121703     45313          1544121708     278440         1              
54             5.32486        5.22966        0.035975       0.059221       1544121703     80164          1544121708     405024         1              
55             5.27506        5.23394        2.1e-05        0.041085       1544121703     209789         1544121708     484846         1              
56             5.45545        5.23202        0.031986       0.191436       1544121703     265793         1544121708     721239         1              
57             5.53727        5.44402        0.039984       0.053257       1544121703     305790         1544121708     843060         1              
58             5.49643        5.40402        0.031993       0.060415       1544121703     465788         1544121708     962222         1              
59             5.6078         5.52002        0.039982       0.047785       1544121703     493789         1544121709     101589         1              
60             5.65151        5.56804        0.027968       0.055501       1544121703     557789         1544121709     209302         1              
61             5.68333        5.63962        2.2e-05        0.04368        1544121703     569788         1544121709     253121         1              
62             5.76334        5.69203        0.016008       0.035321       1544121703     585788         1544121709     349124         1              
63             5.77106        5.69602        0.03199        0.043043       1544121703     677791         1544121709     448851         1              
64             5.85592        5.80004        0.035976       0.019899       1544121703     685788         1544121709     541705         1              
65             5.92801        5.85203        0.031981       0.043997       1544121703     705787         1544121709     633800         1              
67             5.97964        5.93165        0.003988       0.043991       1544121703     726160         1544121709     705800         1              
66             6.03812        5.98004        0.031967       0.026105       1544121703     729787         1544121709     767908         1              
68             6.09831        6.03604        0.027962       0.034306       1544121703     737794         1544121709     836107         1              
69             6.11851        6.07604        0.03197        0.010494       1544121703     761788         1544121709     880299         1              
70             6.22401        6.14802        0.031982       0.043999       1544121703     769796         1544121709     993805         1              
71             6.29889        6.23204        2e-05          0.066821       1544121703     773790         1544121710     72678          1              
72             6.38934        6.30404        0.031969       0.053328       1544121703     789788         1544121710     179130         1              
73             6.40707        6.34804        0.031974       0.027056       1544121703     833788         1544121710     240860         1              
74             6.37907        6.34404        1.9e-05        0.035          1544121703     901787         1544121710     280852         1              
75             6.42646        6.38403        2.5e-05        0.026428       1544121703     921788         1544121710     348251         1              
77             6.43032        6.39604        2.2e-05        0.034249       1544121703     961786         1544121710     392105         1              
76             6.54607        6.44803        0.035971       0.062057       1544121703     961789         1544121710     507857         1              
78             6.72469        6.55602        1.8e-05        0.168642       1544121703     973791         1544121710     698478         1              
80             6.77086        6.72403        0.019977       0.026845       1544121703     985788         1544121710     756653         1              
79             6.81923        6.80803        2.5e-05        0.011171       1544121703     993786         1544121710     813015         1              
81             6.84904        6.79934        2.2e-05        0.049674       1544121704     13786          1544121710     862824         1              
82             6.70802        6.67203        2e-05          0.035963       1544121704     209788         1544121710     917805         1              
83             6.75855        6.71202        0.035985       0.01054        1544121704     245789         1544121711     4343           1              
85             6.81423        6.77602        0.00799        0.030211       1544121704     269788         1544121711     84022          1              
86             6.89633        6.82004        2e-05          0.076261       1544121704     273787         1544121711     170120         1              
84             6.94253        6.90404        0.027973       0.010514       1544121704     277788         1544121711     220320         1              
87             6.93459        6.92403        2.1e-05        0.01053        1544121704     305797         1544121711     240389         1              
89             7.0163         6.93203        1.8e-05        0.084242       1544121704     337787         1544121711     354084         1              
88             7.0803         7.00434        2.2e-05        0.075923       1544121704     349786         1544121711     430085         1              
90             7.1923         7.08403        0.03598        0.072278       1544121704     381788         1544121711     574085         1              
91             7.17048        7.14035        0.003672       0.026456       1544121704     433786         1544121711     604266         1              
92             7.34345        7.17203        0.003981       0.16743        1544121704     433787         1544121711     777239         1              
93             7.35449        7.32004        0.007973       0.026464       1544121704     469787         1544121711     824273         1              
94             7.39033        7.36403        2.2e-05        0.026264       1544121704     473786         1544121711     864111         1              
95             7.42326        7.36404        2.5e-05        0.059188       1544121704     509786         1544121711     933048         1              
96             7.50339        7.41203        0.011979       0.07937        1544121704     533787         1544121712     37179          1              
97             7.58624        7.47204        0.003973       0.110222       1544121704     577788         1544121712     164030         1              
98             7.5765         7.55202        2.3e-05        0.024445       1544121704     629787         1544121712     206286         1              
99             7.70911        7.54364        2.3e-05        0.165445       1544121704     670176         1544121712     379288         1              
