JobID          Runtime        getDevice      getProgram     runProgram     startTime_s    startTime_us   endTime_s      endTime_us     violation      0
-1             0.852886       6.3e-05        0.852535       0.000284       1544121688     549330         1544121689     402216         0              
-1             0.000349       3.5e-05        3.5e-05        0.000274       1544121690     849341         1544121690     849690         0              
-1             0.000337       3.2e-05        2.8e-05        0.000274       1544121690     965189         1544121690     965526         0              
-1             0.000385       8.1e-05        2.6e-05        0.000273       1544121691     81084          1544121691     81469          0              
-1             0.000343       3.2e-05        3.4e-05        0.000272       1544121691     196969         1544121691     197312         0              
0              0.000598       0.000246       4.8e-05        0.000294       1544121701     301917         1544121701     302515         0              
1              0.007581       0.000111       2.6e-05        0.007427       1544121701     308857         1544121701     316438         0              
2              0.010118       0.006669       3.2e-05        0.003402       1544121701     309892         1544121701     320010         0              
3              0.00891        0.008537       3.2e-05        0.000326       1544121701     311542         1544121701     320452         0              
4              0.007468       0.007167       2.5e-05        0.000268       1544121701     313351         1544121701     320819         0              
5              0.000448       8.3e-05        2.7e-05        0.000329       1544121701     324622         1544121701     325070         0              
6              0.000451       8e-05          2.5e-05        0.000336       1544121701     325143         1544121701     325594         0              
7              0.000372       7.5e-05        2.2e-05        0.000267       1544121701     327970         1544121701     328342         0              
8              0.000455       9.2e-05        2.7e-05        0.000326       1544121701     329754         1544121701     330209         0              
9              0.000442       8e-05          2.4e-05        0.000329       1544121701     332182         1544121701     332624         0              
10             0.000443       8.2e-05        2.7e-05        0.000324       1544121701     337857         1544121701     338300         0              
11             0.000455       8.2e-05        2.7e-05        0.000337       1544121701     346068         1544121701     346523         0              
12             0.000389       7.6e-05        2.5e-05        0.000279       1544121701     347690         1544121701     348079         0              
13             0.000504       7.8e-05        7.9e-05        0.000338       1544121701     349420         1544121701     349924         0              
14             0.000505       0.000135       2.7e-05        0.000326       1544121701     351396         1544121701     351901         0              
15             0.00045        8.2e-05        3e-05          0.000329       1544121701     354064         1544121701     354514         0              
16             0.00042        8e-05          3.6e-05        0.000294       1544121701     357675         1544121701     358095         0              
17             0.000444       7.9e-05        2.7e-05        0.000329       1544121701     360682         1544121701     361126         0              
18             0.000422       5.8e-05        2.3e-05        0.000333       1544121701     361638         1544121701     362060         0              
19             0.000458       7.6e-05        2.6e-05        0.000346       1544121701     365605         1544121701     366063         0              
20             0.000442       8.2e-05        2.6e-05        0.000326       1544121701     366791         1544121701     367233         0              
21             0.000442       7.7e-05        2.6e-05        0.00033        1544121701     368482         1544121701     368924         0              
22             0.000481       5.8e-05        7.4e-05        0.00034        1544121701     369419         1544121701     369900         0              
23             0.000512       0.000143       2.6e-05        0.000327       1544121701     370576         1544121701     371088         0              
24             0.000713       0.000382       2.7e-05        0.000295       1544121701     370780         1544121701     371493         0              
25             0.000446       8.1e-05        2.8e-05        0.000327       1544121701     373942         1544121701     374388         0              
26             0.064768       7.8e-05        2.7e-05        0.064652       1544121701     380784         1544121701     445552         0              
27             0.144981       0.106319       0.004142       0.034513       1544121701     383507         1544121701     528488         0              
28             0.17753        0.149819       7.5e-05        0.027631       1544121701     384009         1544121701     561539         0              
29             0.245168       0.187383       0.057497       0.00028        1544121701     386450         1544121701     631618         0              
30             0.311615       0.271331       0.039997       0.000281       1544121701     390496         1544121701     702111         0              
31             0.392291       0.344027       0.047985       0.000275       1544121701     401787         1544121701     794078         0              
32             0.483193       0.414965       0.048005       0.000246       1544121701     406855         1544121701     890048         0              
33             0.600107       0.500023       0.047986       0.052093       1544121701     413789         1544121702     13896          0              
34             0.680298       0.632044       0.047968       0.00028        1544121701     417788         1544121702     98086          0              
35             0.751316       0.719458       2.1e-05        0.000241       1544121701     417790         1544121702     169106         0              
38             0.804242       0.760039       0.039974       0.004223       1544121701     425789         1544121702     230031         0              
36             0.867157       0.828046       0.024483       0.014622       1544121701     425787         1544121702     292944         0              
37             0.936401       0.896035       0.040078       0.000282       1544121701     425790         1544121702     362191         0              
40             0.976312       0.964328       0.000797       0.000244       1544121701     433788         1544121702     410100         0              
39             1.09292        1.03206        0.044026       0.016827       1544121701     433788         1544121702     526709         1              
42             1.12038        1.12004        8.3e-05        0.000247       1544121701     437788         1544121702     558164         1              
43             1.17626        1.14002        0.035985       0.000245       1544121701     449789         1544121702     626047         1              
44             1.17618        1.17591        2.1e-05        0.000239       1544121701     453923         1544121702     630106         1              
41             1.22489        1.18005        0.035978       0.008854       1544121701     457786         1544121702     682672         1              
45             1.2767         1.24402        0.031985       0.00069        1544121701     465788         1544121702     742491         1              
47             1.31636        1.31602        8.4e-05        0.000246       1544121701     465799         1544121702     782157         1              
46             1.36831        1.33604        0.031973       0.000291       1544121701     469786         1544121702     838094         1              
48             1.42026        1.38402        0.035985       0.000243       1544121701     473788         1544121702     894048         1              
49             1.47243        1.41237        0.028449       0.031605       1544121701     481786         1544121702     954215         1              
52             1.50952        1.48019        0.019837       0.009488       1544121701     489787         1544121702     999310         1              
53             1.55431        1.51204        0.027982       0.014286       1544121701     489788         1544121703     44097          1              
54             1.63353        1.59727        0.03597        0.000281       1544121701     500561         1544121703     134093         1              
50             1.64837        1.64805        3.1e-05        0.000274       1544121701     505786         1544121703     154151         1              
51             1.68031        1.68004        2.2e-05        0.000245       1544121701     505788         1544121703     186098         1              
57             1.74026        1.70803        0.031984       0.000244       1544121701     513789         1544121703     254052         1              
56             1.83867        1.78402        0.031988       0.022652       1544121701     517787         1544121703     356457         1              
55             2.03209        1.86804        0.047971       0.116074       1544121701     521786         1544121703     553879         1              
58             2.11935        2.04803        0.051981       0.019337       1544121701     529789         1544121703     649140         1              
59             2.16412        2.1199         0.043964       0.000249       1544121701     533934         1544121703     698059         1              
62             2.18431        2.16802        0.016038       0.000247       1544121701     541788         1544121703     726099         1              
61             2.24501        2.2057         0.020012       0.003329       1544121701     548117         1544121703     793132         1              
60             2.33627        2.30804        0.027973       0.000246       1544121701     549789         1544121703     886054         1              
63             2.39229        2.36403        0.027979       0.000272       1544121701     553788         1544121703     946075         1              
64             2.44428        2.41604        0.023972       0.004264       1544121701     557785         1544121704     2069           1              
65             2.50827        2.45605        0.043965       0.008247       1544121701     557785         1544121704     66053          1              
66             2.50834        2.50803        3.7e-05        0.000272       1544121701     565789         1544121704     74129          1              
69             2.61627        2.54803        0.027982       0.040252       1544121701     569786         1544121704     186053         1              
71             2.71365        2.67603        7.3e-05        0.037541       1544121701     569788         1544121704     283434         1              
72             2.83677        2.73203        0.035983       0.068747       1544121701     569789         1544121704     406554         1              
67             2.96824        2.84004        0.051978       0.076222       1544121701     573786         1544121704     542027         1              
68             3.01626        2.98403        0.031982       0.000243       1544121701     573788         1544121704     590046         1              
70             3.03634        3.03604        2e-05          0.000273       1544121701     577788         1544121704     614124         1              
73             3.09229        3.09202        2e-05          0.000247       1544121701     577788         1544121704     670083         1              
76             3.13634        3.13604        2.2e-05        0.000278       1544121701     589785         1544121704     726130         1              
74             3.24079        3.17203        0.02798        0.040777       1544121701     593786         1544121704     834579         1              
80             3.33626        3.30403        0.031978       0.000245       1544121701     593788         1544121704     930050         1              
79             3.4289         3.38063        0.047987       0.000276       1544121701     601176         1544121705     30076          1              
75             3.4963         3.46802        0.027989       0.000278       1544121701     601786         1544121705     98084          1              
82             3.57224        3.53202        0.003572       0.024656       1544121701     601788         1544121705     174025         1              
78             3.72869        3.60685        0.039977       0.081859       1544121701     602964         1544121705     331658         1              
77             3.8316         3.75203        0.047978       0.031583       1544121701     605786         1544121705     437385         1              
81             3.90429        3.85203        0.04001        0.000276       1544121701     605786         1544121705     510078         1              
83             3.97949        3.92803        0.035976       0.015468       1544121701     609791         1544121705     589278         1              
85             4.0442         4.00803        1.9e-05        0.036145       1544121701     617789         1544121705     661986         1              
87             4.08035        4.08004        2.2e-05        0.000278       1544121701     621785         1544121705     702131         1              
84             4.08075        4.08045        1.8e-05        0.000269       1544121701     621786         1544121705     702534         1              
89             4.18821        4.08802        0.027986       0.072195       1544121701     625787         1544121705     813996         1              
88             4.2243         4.22402        2e-05          0.000245       1544121701     625787         1544121705     850082         1              
86             4.32101        4.25203        0.003985       0.064995       1544121701     625788         1544121705     946802         1              
94             4.69695        4.36804        0.036008       0.264929       1544121701     633786         1544121706     330738         1              
92             4.74826        4.72402        0.023985       0.000245       1544121701     633788         1544121706     382048         1              
95             4.86186        4.79603        0.06554        0.000277       1544121701     637786         1544121706     499641         1              
90             4.99168        4.91203        0.039986       0.039658       1544121701     637786         1544121706     629466         1              
93             5.09906        5.02402        0.047986       0.027051       1544121701     641789         1544121706     740854         1              
91             5.15629        5.10404        0.051969       0.000278       1544121701     641790         1544121706     798085         1              
96             5.43867        5.24613        0.039978       0.152553       1544121701     655687         1544121707     94356          1              
97             5.52024        5.46803        0.039982       0.012224       1544121701     657788         1544121707     178027         1              
99             5.58431        5.54005        0.043975       0.000278       1544121701     661788         1544121707     246094         1              
98             5.70026        5.65204        0.04797        0.000246       1544121701     661790         1544121707     362054         1              
