JobID          Runtime        getDevice      getProgram     runProgram     startTime_s    startTime_us   endTime_s      endTime_us     violation      0
-1             0.990552       6.3e-05        0.885033       0.105449       1543977363     436249         1543977364     426801         0              
-1             0.103351       8.6e-05        1.6e-05        0.103244       1543977364     439452         1543977364     542803         0              
-1             0.103301       3.6e-05        2e-05          0.10324        1543977364     555314         1543977364     658615         0              
-1             0.103299       3.6e-05        2.1e-05        0.103236       1543977364     671231         1543977364     774530         0              
-1             0.103356       3.6e-05        6.6e-05        0.103248       1543977364     787033         1543977364     890389         0              
0              0.852287       0.040023       0.047987       0.76427        1543977375     97787          1543977375     950074         0              
1              1.68762        0.844071       0.043943       0.799598       1543977375     137786         1543977376     825405         1              
2              2.47556        1.60004        0.055975       0.819534       1543977375     253786         1543977377     729344         1              
3              2.87329        2.22005        0.051965       0.601267       1543977375     525788         1543977378     399073         1              
4              3.39602        2.42805        0.039964       0.928004       1543977376     29790          1543977379     425809         1              
5              3.97955        3.38802        0.039985       0.551533       1543977376     69788          1543977380     49338          1              
6              4.8845         3.94003        0.016016       0.908486       1543977376     145794         1543977381     30293          1              
7              5.42346        4.81603        0.031991       0.575442       1543977376     245786         1543977381     669250         1              
8              5.96346        5.38803        1.9e-05        0.575403       1543977376     297789         1543977382     261248         1              
9              6.61695        5.92803        2.4e-05        0.688893       1543977376     353789         1543977382     970743         1              
10             6.83509        6.13568        0.051961       0.647441       1543977376     842153         1543977383     677244         1              
11             7.121          6.64176        2.2e-05        0.479209       1543977377     80054          1543977384     201055         1              
12             7.73308        7.09203        0.031975       0.609059       1543977377     129788         1543977384     862863         1              
13             8.30828        7.72403        9.7e-05        0.584141       1543977377     149788         1543977385     458069         1              
14             8.91707        8.17202        0.020013       0.713048       1543977377     325791         1543977386     242858         1              
15             9.19158        8.74804        0.027969       0.415555       1543977377     517787         1543977386     709362         1              
16             9.64216        9.17603        0.043986       0.422142       1543977377     561786         1543977387     203946         1              
17             10.0381        9.57603        0.024002       0.434132       1543977377     669788         1543977387     707934         1              
18             10.4323        9.85204        0.027973       0.552249       1543977377     881788         1543977388     314058         1              
19             10.9807        10.3757        0.031418       0.549624       1543977377     962135         1543977388     942856         1              
20             11.1996        10.8292        0.000107       0.370254       1543977378     169787         1543977389     369339         1              
21             11.4156        11.028         0.039982       0.347536       1543977378     385786         1543977389     801341         1              
22             11.657         11.308         8.5e-05        0.348831       1543977378     549787         1543977390     206752         1              
23             11.9796        11.6641        8.2e-05        0.315375       1543977378     573786         1543977390     553339         1              
24             12.3355        11.988         0.0001         0.347403       1543977378     585788         1543977390     921336         1              
25             12.6475        12.36          0.031974       0.255523       1543977378     589785         1543977391     237334         1              
27             12.9756        12.632         0.035989       0.307533       1543977378     653788         1543977391     629355         1              
26             13.2542        12.976         0.039981       0.238134       1543977378     661785         1543977391     915942         1              
28             13.6196        13.284         0.035961       0.299534       1543977378     669788         1543977392     289339         1              
29             13.8558        13.58          0.004034       0.271699       1543977378     733788         1543977392     589566         1              
30             14.1676        13.82          0.039968       0.307547       1543977378     769787         1543977392     937351         1              
31             14.3196        14.024         0.039977       0.255531       1543977378     949786         1543977393     269337         1              
32             14.6531        14.076         8.5e-05        0.576947       1543977379     257798         1543977393     910866         1              
33             14.8276        14.472         0.039981       0.315542       1543977379     477787         1543977394     305349         1              
34             15.3323        14.788         0.004046       0.540173       1543977379     565787         1543977394     898044         1              
35             15.2318        14.964         0.035975       0.231748       1543977379     985796         1543977395     217557         1              
36             15.5158        15.1962        0.051837       0.267739       1543977380     53788          1543977395     569555         1              
37             15.7967        15.512         0.031977       0.25272        1543977380     77798          1543977395     874534         1              
38             15.9661        15.664         0.039979       0.262133       1543977380     225787         1543977396     191936         1              
39             16.3971        15.888         0.043981       0.465059       1543977380     341789         1543977396     738861         1              
40             16.8131        16.372         9.5e-05        0.440945       1543977380     413790         1543977397     226863         1              
41             17.3131        16.828         0.039975       0.445054       1543977380     433788         1543977397     746860         1              
42             17.5596        17.332         0.047972       0.179545       1543977380     453787         1543977398     13350          1              
43             17.7636        17.496         0.031975       0.235544       1543977380     541787         1543977398     305349         1              
44             18.0796        17.784         0.047971       0.247547       1543977380     545788         1543977398     625356         1              
45             18.2635        18.048         0.004057       0.211445       1543977380     609787         1543977398     873336         1              
46             18.4811        17.92          0.040003       0.521035       1543977380     985788         1543977399     466874         1              
47             18.8891        18.348         0.031969       0.509057       1543977381     133788         1543977400     22865          1              
48             19.2971        18.872         0.000102       0.424929       1543977381     177789         1543977400     474872         1              
49             19.501         19.1481        0.039966       0.312934       1543977381     373787         1543977400     874747         1              
50             19.5181        19.248         0.031984       0.238129       1543977381     657787         1543977401     175932         1              
51             19.8115        19.532         0.03198        0.247526       1543977381     661787         1543977401     473333         1              
52             19.9435        19.664         0.031975       0.247509       1543977381     821786         1543977401     765315         1              
53             19.9882        19.66          0.035972       0.292198       1543977382     129791         1543977402     118003         1              
54             20.4411        20             0.00404        0.436986       1543977382     153789         1543977402     594859         1              
55             20.8611        20.46          0.019986       0.381054       1543977382     169792         1543977403     30863          1              
56             21.1651        20.808         8.4e-05        0.356957       1543977382     249792         1543977403     414867         1              
57             21.2502        20.984         9.2e-05        0.266014       1543977382     445787         1543977403     695941         1              
58             21.4635        21.252         0.035978       0.175525       1543977382     469788         1543977403     933328         1              
59             21.7242        21.4041        0.027962       0.292196       1543977382     529787         1543977404     254010         1              
60             22.0411        21.704         8.7e-05        0.336949       1543977382     573789         1543977404     614867         1              
62             22.0739        21.888         8.2e-05        0.185739       1543977382     757789         1543977404     831644         1              
61             22.4082        22.0917        8.3e-05        0.316456       1543977382     757789         1543977405     166019         1              
63             22.5731        22.3684        8.4e-05        0.204613       1543977382     833400         1543977405     406529         1              
64             22.6036        22.368         0.004026       0.231469       1543977383     41787          1543977405     645338         1              
65             22.6821        22.48          0.019975       0.182124       1543977383     189786         1543977405     871933         1              
66             22.6195        22.364         0.027976       0.227438       1543977383     517788         1543977406     137245         1              
68             22.5917        22.368         0.031977       0.191693       1543977383     797787         1543977406     389499         1              
67             22.9211        22.5961        0.004025       0.32099        1543977383     801789         1543977406     722867         1              
69             23.1842        22.884         0.023968       0.276223       1543977383     845788         1543977407     30025          1              
70             22.9315        22.764         8.6e-05        0.167417       1543977384     289788         1543977407     221336         1              
71             22.7783        22.64          8e-05          0.138199       1543977384     593788         1543977407     372111         1              
72             22.9184        22.744         0.000114       0.17421        1543977384     633787         1543977407     552149         1              
73             22.9527        22.812         0.015977       0.124718       1543977384     753787         1543977407     706528         1              
74             23.0915        22.936         8e-05          0.155406       1543977384     777786         1543977407     869329         1              
75             23.2251        22.976         7.7e-05        0.248959       1543977384     897788         1543977408     122864         1              
76             23.3802        23.208         0.035976       0.136205       1543977384     921786         1543977408     302010         1              
77             23.4301        23.232         0.031963       0.166126       1543977385     81789          1543977408     511931         1              
78             23.5235        23.292         0.01204        0.219381       1543977385     233788         1543977408     757243         1              
79             23.5901        23.464         8.1e-05        0.126011       1543977385     297787         1543977408     887936         1              
80             23.7898        23.5742        7.9e-05        0.215551       1543977385     313788         1543977409     103635         1              
81             24.0069        23.793         7.3e-05        0.213723       1543977385     320786         1543977409     327638         1              
82             24.1558        23.996         7.6e-05        0.159675       1543977385     345788         1543977409     501594         1              
83             24.2145        24.1039        8.6e-05        0.110509       1543977385     397787         1543977409     612244         1              
84             24.3127        24.188         8e-05          0.124609       1543977385     425787         1543977409     738527         1              
85             24.3317        24.268         7.8e-05        0.063578       1543977385     473786         1543977409     805489         1              
86             24.3558        24.252         7.4e-05        0.103729       1543977385     553793         1543977409     909637         1              
87             24.4938        24.3281        0.008011       0.157764       1543977385     593789         1543977410     87628          1              
88             24.4799        24.34          0.03198        0.107837       1543977385     765788         1543977410     245643         1              
89             24.2801        24.176         7.6e-05        0.103924       1543977386     81787          1543977410     361846         1              
90             24.2397        24.176         7.7e-05        0.063538       1543977386     197790         1543977410     437455         1              
91             24.3643        24.244         0.001622       0.118603       1543977386     205788         1543977410     570063         1              
92             24.1079        24.0043        0.000107       0.103414       1543977386     565788         1543977410     673664         1              
93             24.1858        23.9884        0.000107       0.197311       1543977386     685788         1543977410     871633         1              
94             24.0244        23.9209        8.2e-05        0.103482       1543977386     953788         1543977410     978217         1              
95             24.0164        23.9522        8e-05          0.064148       1543977387     33666          1543977411     50075          1              
96             24.004         23.9004        8.6e-05        0.103586       1543977387     149791         1543977411     153827         1              
97             24.0599        23.9561        0.000111       0.103674       1543977387     197788         1543977411     257682         1              
98             24.0956        23.992         9.3e-05        0.103514       1543977387     265788         1543977411     361361         1              
99             23.9832        23.9196        8.6e-05        0.063521       1543977387     441786         1543977411     425034         1              
