JobID          Runtime        getDevice      getProgram     runProgram     startTime_s    startTime_us   endTime_s      endTime_us     violation      0
-1             0.887322       0.0005         0.874711       0.012104       1543977361     980509         1543977362     867831         0              
-1             0.012157       5.8e-05        3.4e-05        0.012059       1543977364     426861         1543977364     439018         0              
-1             0.012121       3.6e-05        2.6e-05        0.012054       1543977364     542825         1543977364     554946         0              
-1             0.012179       3.6e-05        7.3e-05        0.012066       1543977364     658635         1543977364     670814         0              
-1             0.012115       3.6e-05        2.5e-05        0.01205        1543977364     774550         1543977364     786665         0              
0              0.012421       0.000141       2.5e-05        0.012242       1543977374     909138         1543977374     921559         0              
1              0.022024       0.007812       2.7e-05        0.014176       1543977374     913823         1543977374     935847         0              
2              0.152307       0.036988       0.043271       0.072032       1543977374     924823         1543977375     77130          0              
3              0.211018       0.120033       0.044007       0.038999       1543977374     973786         1543977375     184804         0              
4              0.341261       0.188042       0.031975       0.121239       1543977375     17787          1543977375     359048         0              
5              0.463075       0.360031       0.032758       0.070278       1543977375     17787          1543977375     480862         0              
6              0.622896       0.484034       0.083998       0.054858       1543977375     33787          1543977375     656683         0              
8              0.738882       0.616026       0.039988       0.082863       1543977375     45786          1543977375     784668         0              
7              0.870543       0.780031       0.039984       0.050522       1543977375     45786          1543977375     916329         0              
9              0.974365       0.860029       0.055992       0.058339       1543977375     61785          1543977376     36150          0              
10             1.07107        0.984025       0.043989       0.043054       1543977375     89786          1543977376     160861         0              
12             1.26404        1.0692         0.094816       0.100017       1543977375     121785         1543977376     385829         0              
13             1.49507        1.33204        0.085553       0.077467       1543977375     129787         1543977376     624855         0              
11             1.71602        1.51604        0.063973       0.136003       1543977375     133786         1543977376     849806         0              
14             1.87091        1.73202        0.056011       0.074893       1543977375     141786         1543977377     12698          0              
15             1.97107        1.85203        0.055985       0.063047       1543977375     161786         1543977377     132856         0              
16             2.23601        2.02004        0.059972       0.155991       1543977375     173786         1543977377     409797         1              
17             2.36318        2.22805        0.083974       0.051153       1543977375     193787         1543977377     556970         1              
18             2.46237        2.38403        0.044866       0.033469       1543977375     217788         1543977377     680157         1              
19             2.60402        2.48809        0.043929       0.071995       1543977375     221786         1543977377     825802         1              
20             2.83201        2.65204        0.043968       0.135992       1543977375     241791         1543977378     73797          1              
21             2.98905        2.86803        0.000134       0.12088        1543977375     249786         1543977378     238834         1              
24             3.14089        3.00404        0.03997        0.096879       1543977375     261788         1543977378     402682         1              
22             3.31063        3.16403        0.035973       0.110616       1543977375     269792         1543977378     580421         1              
25             3.42707        3.35203        0.03998        0.035052       1543977375     277790         1543977378     704860         1              
23             3.57368        3.46004        0.043972       0.06966        1543977375     281787         1543977378     855468         1              
26             3.6389         3.58003        3.8e-05        0.058823       1543977375     281789         1543977378     920692         1              
28             3.75954        3.65605        2.2e-05        0.103465       1543977375     285786         1543977379     45328          1              
27             3.92591        3.77604        0.035976       0.113889       1543977375     293786         1543977379     219698         1              
29             4.01534        3.96003        2.6e-05        0.055272       1543977375     301785         1543977379     317123         1              
30             4.11888        4.02403        0.035983       0.058861       1543977375     305789         1543977379     424668         1              
31             4.31202        4.16004        0.039975       0.111997       1543977375     317786         1543977379     629801         1              
32             4.45126        4.31603        0.037064       0.098161       1543977375     357788         1543977379     809052         1              
33             4.50707        4.43605        0.03196        0.039058       1543977375     373786         1543977379     880857         1              
34             4.59929        4.53202        0.03199        0.035272       1543977375     385786         1543977379     985076         1              
35             4.69133        4.61202        0.031985       0.047318       1543977375     409787         1543977380     101121         1              
36             4.76335        4.69604        0.023972       0.043327       1543977375     433786         1543977380     197132         1              
37             4.96821        4.76802        0.031987       0.168198       1543977375     433789         1543977380     402003         1              
38             5.05134        4.97602        0.03199        0.043323       1543977375     453788         1543977380     505127         1              
39             5.18457        5.06403        0.035981       0.084547       1543977375     461786         1543977380     646353         1              
40             5.28333        5.19203        2e-05          0.091276       1543977375     469786         1543977380     753119         1              
42             5.43602        5.31204        0.027976       0.095993       1543977375     469787         1543977380     905805         1              
41             5.56691        5.45604        0.035987       0.074873       1543977375     473787         1543977381     40692          1              
44             5.66334        5.58804        0.031962       0.043329       1543977375     473793         1543977381     137134         1              
43             5.93956        5.67204        0.031971       0.235539       1543977375     485786         1543977381     425344         1              
45             6.05601        5.94003        0.031987       0.083988       1543977375     497786         1543977381     553796         1              
46             6.20401        6.04926        0.066759       0.087988       1543977375     533785         1543977381     737793         1              
47             6.35133        6.24402        0.027991       0.079313       1543977375     533788         1543977381     885113         1              
48             6.37907        6.34404        2.3e-05        0.035004       1543977375     553786         1543977381     932860         1              
49             6.67203        6.40003        0.027983       0.244018       1543977375     565787         1543977382     237821         1              
50             6.77601        6.68403        3.5e-05        0.091932       1543977375     597786         1543977382     373797         1              
51             6.85534        6.78802        0.027987       0.039331       1543977375     597788         1543977382     453131         1              
52             6.98401        6.86004        0.031974       0.091983       1543977375     613786         1543977382     597798         1              
55             7.09023        6.98402        0.047986       0.058216       1543977375     645786         1543977382     736017         1              
53             7.18952        7.09604        0.035976       0.057496       1543977375     645786         1543977382     835302         1              
54             7.31507        7.20004        0.055972       0.059049       1543977375     649786         1543977382     964853         1              
56             7.38706        7.33203        0.027977       0.027045       1543977375     665786         1543977383     52847          1              
57             7.48335        7.41603        0.027978       0.039331       1543977375     677786         1543977383     161131         1              
58             7.61412        7.49605        0.027962       0.090108       1543977375     685787         1543977383     299911         1              
59             7.7122         7.64403        2.1e-05        0.068153       1543977375     685788         1543977383     397992         1              
60             7.85846        7.75203        0.06398        0.042448       1543977375     685788         1543977383     544251         1              
62             7.94334        7.84804        0.027972       0.067325       1543977375     709787         1543977383     653131         1              
61             8.06802        8.00403        2.2e-05        0.063953       1543977375     713785         1543977383     781800         1              
63             8.22001        8.10004        0.031972       0.088          1543977375     717787         1543977383     937802         1              
64             8.45914        8.22403        0.027978       0.207118       1543977375     741788         1543977384     200923         1              
65             8.68834        8.46804        0.047983       0.172309       1543977375     745787         1543977384     434129         1              
66             8.79133        8.69202        0.047982       0.05132        1543977375     785789         1543977384     577119         1              
67             8.81106        8.78804        3.3e-05        0.022985       1543977375     809786         1543977384     620847         1              
68             8.95934        8.85204        0.04797        0.05932        1543977375     813788         1543977384     773123         1              
69             9.20778        9.02081        0.059205       0.127762       1543977375     813789         1543977385     21571          1              
70             9.33179        9.20003        0.071993       0.059758       1543977375     877786         1543977385     209574         1              
71             9.45591        9.36002        0.047985       0.047897       1543977375     893788         1543977385     349698         1              
72             9.53508        9.48004        0.027978       0.027049       1543977375     909785         1543977385     444862         1              
73             9.59506        9.54039        0.019626       0.035046       1543977375     917787         1543977385     512850         1              
74             9.73907        9.67203        0.031975       0.035051       1543977375     917790         1543977385     656856         1              
75             9.88334        9.80003        0.003982       0.079325       1543977375     921786         1543977385     805129         1              
76             9.99533        9.90003        0.047974       0.047321       1543977375     929789         1543977385     925124         1              
78             10.1353        10.028         0.047982       0.059326       1543977375     953788         1543977386     89127          1              
77             10.2753        10.184         0.039985       0.051322       1543977375     953788         1543977386     229122         1              
79             10.4           10.284         0.027981       0.087998       1543977375     961788         1543977386     361802         1              
80             10.7245        10.3881        0.027903       0.308476       1543977375     973786         1543977386     698282         1              
81             10.8111        10.752         0.027979       0.031046       1543977375     973789         1543977386     784848         1              
82             10.9153        10.848         0.027973       0.039315       1543977375     977788         1543977386     893121         1              
84             10.9911        10.92          2.2e-05        0.070995       1543977375     981786         1543977386     972852         1              
83             11.0873        11.032         7.9e-05        0.055215       1543977375     981789         1543977387     69126          1              
86             11.1949        11.124         0.027975       0.042861       1543977375     985788         1543977387     180663         1              
85             11.3073        11.212         0.027983       0.067327       1543977375     989786         1543977387     297127         1              
87             11.5832        11.332         0.027979       0.22314        1543977375     997788         1543977387     580942         1              
88             11.6943        11.604         0.055972       0.034328       1543977376     21787          1543977387     716132         1              
89             11.7929        11.7001        0.031973       0.060843       1543977376     37787          1543977387     830666         1              
90             11.8794        11.772         0.052242       0.055067       1543977376     65785          1543977387     945145         1              
91             12.0111        11.928         0.039964       0.043049       1543977376     69789          1543977388     80852          1              
92             12.0673        12             0.027977       0.039323       1543977376     101789         1543977388     169127         1              
93             12.1511        12.088         0.027967       0.035044       1543977376     113786         1543977388     264849         1              
95             12.2593        12.164         0.037278       0.058014       1543977376     133798         1543977388     393135         1              
94             12.3993        12.304         0.031978       0.063323       1543977376     145785         1543977388     545126         1              
97             12.5848        12.46          0.027977       0.096762       1543977376     149787         1543977388     734565         1              
96             12.6613        12.584         0.027986       0.049276       1543977376     161786         1543977388     823084         1              
98             12.7431        12.664         0.03597        0.043042       1543977376     169786         1543977388     912847         1              
99             12.848         12.7401        0.027956       0.079997       1543977376     181789         1543977389     29803          1              
