JobID          Runtime        getDevice      getProgram     runProgram     startTime_s    startTime_us   endTime_s      endTime_us     violation      0
-1             0.568333       6.5e-05        0.567985       0.000278       1543977362     867880         1543977363     436213         0              
-1             0.000402       3.6e-05        8.8e-05        0.000274       1543977364     439036         1543977364     439438         0              
-1             0.000337       3.1e-05        2.8e-05        0.000274       1543977364     554963         1543977364     555300         0              
-1             0.000385       8e-05          2.5e-05        0.000274       1543977364     670832         1543977364     671217         0              
-1             0.000337       3e-05          2.9e-05        0.000273       1543977364     786682         1543977364     787019         0              
0              0.000585       0.000206       2.9e-05        0.000341       1543977374     892849         1543977374     893434         0              
1              0.000465       0.000114       2.8e-05        0.000312       1543977374     893421         1543977374     893886         0              
2              0.000447       8.2e-05        2.7e-05        0.000328       1543977374     894618         1543977374     895065         0              
3              0.000461       7.5e-05        2.5e-05        0.000351       1543977374     897468         1543977374     897929         0              
4              0.000501       8.1e-05        7.5e-05        0.00033        1543977374     902697         1543977374     903198         0              
5              0.000562       0.000231       2.6e-05        0.000295       1543977374     903042         1543977374     903604         0              
6              0.000448       7.6e-05        2.7e-05        0.000337       1543977374     903962         1543977374     904410         0              
7              0.000439       7.9e-05        2.5e-05        0.000326       1543977374     905128         1543977374     905567         0              
8              0.000413       5.8e-05        2.3e-05        0.000324       1543977374     905833         1543977374     906246         0              
9              0.000484       7.5e-05        7.3e-05        0.000327       1543977374     906618         1543977374     907102         0              
10             0.006743       8.1e-05        2.8e-05        0.006617       1543977374     911584         1543977374     918327         0              
11             0.018446       0.004472       3.1e-05        0.013932       1543977374     914014         1543977374     932460         0              
12             0.11942        0.047163       0.039982       0.032266       1543977374     914653         1543977375     34073          0              
13             0.150429       0.133138       0.001051       0.000245       1543977374     916674         1543977375     67103          0              
14             0.207756       0.162682       0.043964       0.000278       1543977374     918326         1543977375     126082         0              
17             0.252289       0.224078       0.027955       0.000248       1543977374     921763         1543977375     174052         0              
18             0.280466       0.27605        0.00413        0.00028        1543977374     929788         1543977375     210254         0              
16             0.426077       0.30802        0.031986       0.086062       1543977374     929792         1543977375     355869         0              
19             0.437722       0.437372       6.4e-05        0.00028        1543977374     932458         1543977375     370180         0              
15             0.564284       0.476044       0.083986       0.004249       1543977374     933786         1543977375     498070         0              
21             0.597079       0.564047       0.032745       0.00028        1543977374     937789         1543977375     534868         0              
22             0.645302       0.609068       0.035982       0.000245       1543977374     940750         1543977375     586052         0              
31             0.781235       0.696786       0.063989       0.020455       1543977374     941028         1543977375     722263         0              
26             0.843226       0.800025       0.039986       0.003211       1543977374     941789         1543977375     785015         0              
23             0.974796       0.892041       0.03597        0.046778       1543977374     941788         1543977375     916584         0              
25             1.05229        1.01603        0.03597        0.000282       1543977374     941801         1543977375     994088         1              
30             1.13468        1.09441        0.039986       0.000279       1543977374     943409         1543977376     78088          1              
20             1.22027        1.14802        0.036019       0.036219       1543977374     945790         1543977376     166056         1              
33             1.30036        1.25204        0.048062       0.000249       1543977374     945790         1543977376     246148         1              
24             1.36031        1.32005        0.039971       0.000284       1543977374     941789         1543977376     302100         1              
32             1.42827        1.37203        0.055982       0.000249       1543977374     949789         1543977376     378057         1              
29             1.5123         1.47204        0.039975       0.000281       1543977374     953787         1543977376     466088         1              
27             1.59509        1.54404        0.027974       0.023063       1543977374     953788         1543977376     548877         1              
37             1.65636        1.65603        7.9e-05        0.000247       1543977374     953791         1543977376     610151         1              
35             1.80161        1.71203        0.047973       0.041599       1543977374     953790         1543977376     755404         1              
45             1.8843         1.84004        0.043972       0.000282       1543977374     957786         1543977376     842089         1              
41             1.94031        1.91206        0.02797        0.000275       1543977374     957788         1543977376     898096         1              
34             1.97228        1.97201        1.8e-05        0.00024        1543977374     957793         1543977376     930069         1              
39             2.08826        2.02802        0.059979       0.000244       1543977374     957790         1543977377     46047          1              
28             2.19628        2.14004        0.020013       0.00426        1543977374     961786         1543977377     158067         1              
43             2.32825        2.26802        0.059982       0.000243       1543977374     961794         1543977377     290049         1              
42             2.40033        2.35432        0.045726       0.000283       1543977374     965786         1543977377     366117         1              
36             2.46026        2.43204        0.027967       0.000246       1543977374     965788         1543977377     426051         1              
38             2.53227        2.49603        0.035988       0.000246       1543977374     965788         1543977377     498057         1              
40             2.58142        2.58103        0.000143       0.000243       1543977374     968784         1543977377     550207         1              
44             2.68136        2.63602        0.045091       0.000244       1543977374     969787         1543977377     651150         1              
47             2.8113         2.75605        0.051967       0.003278       1543977374     973786         1543977377     785084         1              
55             2.90827        2.86805        0.039971       0.000244       1543977374     973788         1543977377     882054         1              
61             2.98689        2.95465        0.031976       0.00025        1543977374     975173         1543977377     962060         1              
49             3.0883         3.04404        0.043973       0.00028        1543977374     977786         1543977378     66085          1              
53             3.25763        3.11602        0.039985       0.10161        1543977374     977788         1543977378     235414         1              
46             3.41225        3.29603        0.035985       0.080232       1543977374     981786         1543977378     394034         1              
48             3.56828        3.45603        0.039982       0.072265       1543977374     981786         1543977378     550069         1              
50             3.65228        3.60803        0.039985       0.004263       1543977374     985786         1543977378     638065         1              
54             3.75626        3.66802        0.087992       0.000247       1543977374     985787         1543977378     742050         1              
51             3.84505        3.79603        0.035989       0.013024       1543977374     989786         1543977378     834832         1              
62             3.89569        3.87203        2.5e-05        0.023624       1543977374     989790         1543977378     885476         1              
59             4.02304        3.91864        0.031979       0.072419       1543977374     991191         1543977379     14231          1              
52             4.08829        4.06003        0.027985       0.000277       1543977374     993786         1543977379     82078          1              
56             4.10829        4.10802        1.7e-05        0.000247       1543977374     993788         1543977379     102079         1              
58             4.14775        4.14744        2.1e-05        0.00028        1543977374     994377         1543977379     142123         1              
57             4.26031        4.19767        0.027989       0.034649       1543977374     996149         1543977379     256458         1              
73             4.3899         4.29368        0.056015       0.012245       1543977374     996151         1543977379     386050         1              
63             4.4723         4.43603        0.035987       0.000279       1543977374     997786         1543977379     470084         1              
67             4.50832        4.50803        4.8e-05        0.00024        1543977374     997787         1543977379     506107         1              
60             4.58826        4.55603        0.031981       0.000247       1543977375     1787           1543977379     590048         1              
66             4.69626        4.65603        0.039976       0.000248       1543977375     1787           1543977379     698051         1              
69             4.75551        4.71929        0.035969       0.000245       1543977375     2536           1543977379     758045         1              
76             4.87627        4.81602        0.035986       0.024252       1543977375     5786           1543977379     882054         1              
70             4.94028        4.90004        0.035967       0.004264       1543977375     5788           1543977379     946069         1              
64             5.0203         4.98803        0.031979       0.000278       1543977375     5786           1543977380     26083          1              
81             5.09631        5.06402        0.03204        0.000244       1543977375     5788           1543977380     102102         1              
83             5.19703        5.13604        0.031967       0.029009       1543977375     9785           1543977380     206813         1              
78             5.39214        5.24004        0.016005       0.116123       1543977375     9787           1543977380     401926         1              
74             5.44427        5.40804        0.035978       0.000248       1543977375     9788           1543977380     454056         1              
82             5.59816        5.51604        0.035981       0.046139       1543977375     9789           1543977380     607950         1              
79             5.6403         5.60804        0.031978       0.00028        1543977375     13787          1543977380     654087         1              
71             5.7523         5.72003        0.031979       0.000279       1543977375     13787          1543977380     766083         1              
65             5.80828        5.80403        1.8e-05        0.004224       1543977375     13787          1543977380     822063         1              
80             5.84429        5.82003        0.023978       0.000278       1543977375     17786          1543977380     862078         1              
75             6.00886        5.85603        0.035984       0.116842       1543977375     17787          1543977381     26650          1              
84             6.12426        6.06404        0.031975       0.028247       1543977375     13788          1543977381     138052         1              
68             6.40828        6.15202        0.031986       0.224273       1543977375     13793          1543977381     422076         1              
95             6.44527        6.42101        0.023974       0.00028        1543977375     20818          1543977381     466085         1              
85             6.51545        6.47602        7.9e-05        0.039351       1543977375     13796          1543977381     529247         1              
87             6.5603         6.53204        0.027975       0.000279       1543977375     21787          1543977381     582084         1              
86             6.60427        6.57204        0.031976       0.000247       1543977375     21787          1543977381     626055         1              
88             6.64826        6.61602        0.031985       0.000244       1543977375     21791          1543977381     670049         1              
77             6.7203         6.67603        0.043989       0.000276       1543977375     25786          1543977381     746087         1              
72             6.8188         6.75204        0.027977       0.038786       1543977375     25788          1543977381     844592         1              
91             6.90827        6.83203        0.055981       0.020251       1543977375     25789          1543977381     934055         1              
89             7.2085         6.95202        0.031984       0.224486       1543977375     25789          1543977382     234287         1              
92             7.2683         7.23155        0.036462       0.000278       1543977375     29786          1543977382     298084         1              
94             7.3283         7.28123        0.046789       0.000278       1543977375     33785          1543977382     362081         1              
93             7.3603         7.33204        0.027973       0.000279       1543977375     33786          1543977382     394082         1              
96             7.42025        7.36403        0.051986       0.004224       1543977375     33787          1543977382     454033         1              
99             7.45629        7.42803        0.027974       0.000277       1543977375     33792          1543977382     490079         1              
90             7.5003         7.47205        0.027969       0.000279       1543977375     37789          1543977382     538089         1              
97             7.56837        7.56802        9.3e-05        0.000242       1543977375     37789          1543977382     606155         1              
98             7.77272        7.62003        0.047984       0.104707       1543977375     41787          1543977382     814509         1              
