JobID          Runtime        getDevice      getProgram     runProgram     startTime_s    startTime_us   endTime_s      endTime_us     violation      0
-1             0.998689       9e-05          0.892919       0.105652       1544027789     310764         1544027790     309453         0              
-1             0.103414       5.7e-05        2.1e-05        0.103321       1544027790     322166         1544027790     425580         0              
-1             0.103353       5.4e-05        2e-05          0.103264       1544027790     438226         1544027790     541579         0              
-1             0.103372       5e-05          1.9e-05        0.103283       1544027790     554913         1544027790     658285         0              
-1             0.103366       4.9e-05        1.9e-05        0.103278       1544027790     670914         1544027790     774280         0              
0              0.510756       0.032077       3.1e-05        0.478627       1544027801     829787         1544027802     340543         0              
1              1.609          0.036063       0.031943       1.54081        1544027803     317792         1544027804     926794         1              
2              3.4249         1.73205        0.039867       1.56068        1544027803     377786         1544027806     802689         1              
3              4.92035        3.40009        0.051624       1.46013        1544027803     405786         1544027808     326132         1              
4              6.39281        4.96802        0.05951        1.32458        1544027803     449787         1544027809     842595         1              
5              7.63239        6.43604        0.099828       1.01218        1544027803     485787         1544027811     118181         1              
6              9.11365        7.62804        0.084009       1.30942        1544027803     529785         1544027812     643439         1              
7              10.3361        9.11605        0.055955       1.16015        1544027803     569788         1544027813     905841         1              
8              11.3476        10.364         0.04796        0.935557       1544027803     613792         1544027814     961370         1              
9              12.501         11.388         0.051968       1.06075        1544027803     645786         1544027816     146739         1              
10             13.5529        12.464         0.047959       1.04071        1544027803     705785         1544027817     258704         1              
11             14.7562        13.58          3.2e-05        1.17597        1544027803     733787         1544027818     490025         1              
12             15.9643        14.812         0.075981       1.07615        1544027803     761791         1544027819     726140         1              
13             17.3155        15.952         0.051966       1.31149        1544027803     805788         1544027821     121302         1              
14             18.5167        17.352         3.1e-05        1.16446        1544027803     853788         1544027822     370518         1              
15             19.8687        18.528         0.067964       1.27253        1544027803     897789         1544027823     766522         1              
16             21.1482        19.944         0.051959       1.14802        1544027803     937787         1544027825     85983          1              
17             22.329         21.252         0.004042       1.04479        1544027803     969787         1544027826     298813         1              
18             23.5491        22.368         0.043971       1.13707        1544027803     993789         1544027827     542890         1              
19             24.4676        23.568         0.075866       0.771562       1544027804     49790          1544027828     517378         1              
20             25.4248        24.488         0.043951       0.892582       1544027804     85788          1544027829     510574         1              
21             26.493         25.284         0.043961       1.16474        1544027804     269788         1544027830     762749         1              
22             27.3128        26.376         0.043972       0.892643       1544027804     445788         1544027831     758633         1              
23             28.1963        27.156         0.031886       1.00813        1544027804     641789         1544027832     838138         1              
24             28.9528        28.024         0.031861       0.852568       1544027804     833788         1544027833     786577         1              
25             29.3735        28.824         3e-05          0.5492         1544027805     13787          1544027834     387254         1              
26             29.8243        29.2           0.035979       0.588141       1544027805     213787         1544027835     38136          1              
27             30.5315        29.528         0.039968       0.963465       1544027805     557788         1544027836     89277          1              
28             31.4651        30.212         0.039968       1.21309        1544027805     909788         1544027837     374908         1              
165            2.17204        0.080077       1.42474        0.627027       1544027836     345787         1544027838     517823         1              
29             32.2601        31.1472        0.039974       1.0727         1544027806     262618         1544027838     522675         1              
168            2.38437        1.54004        0.051955       0.792156       1544027837     105795         1544027839     490169         1              
30             32.8491        31.74          0.047887       1.06107        1544027806     837788         1544027839     686896         1              
167            3.03237        0.040101       2.38393        0.608116       1544027836     865793         1544027839     898166         1              
171            1.96463        1.26005        0.043952       0.660404       1544027838     273791         1544027840     238416         1              
31             32.9283        32.332         0.035982       0.56012        1544027807     397788         1544027840     326068         1              
170            2.58005        1.92005        0.039949       0.620016       1544027838     25788          1544027840     605839         1              
174            1.64454        0.960049       0.03987        0.644496       1544027839     329788         1544027840     974324         1              
173            2.32392        1.68006        0.031824       0.599886       1544027838     989788         1544027841     313705         1              
32             33.2408        32.164         0.032          1.0326         1544027808     221788         1544027841     462595         1              
177            0.788052       0.040052       0.039877       0.708002       1544027841     93787          1544027841     881839         0              
176            1.77202        1.02007        0.043933       0.667858       1544027840     317792         1544027842     89810          1              
33             33.2016        32.084         0.043959       1.07342        1544027809     437787         1544027842     639412         1              
181            1.52986        0.772036       0.039881       0.717826       1544027841     141790         1544027842     671654         1              
178            1.62791        0.98808        0.031844       0.607873       1544027841     141788         1544027842     769701         1              
182            2.33989        1.62806        0.043964       0.66785        1544027841     165789         1544027843     505678         1              
183            2.53023        1.55605        0.039955       0.934029       1544027841     165789         1544027843     696021         1              
34             32.5284        31.48          0.039891       1.00834        1544027811     169789         1544027843     698165         1              
185            3.12503        2.36805        0.039863       0.71697        1544027841     181788         1544027844     306813         1              
186            3.25616        2.52805        0.031968       0.647778       1544027841     185786         1544027844     441945         1              
35             33.5155        32.444         0.032006       1.03547        1544027811     273794         1544027844     789279         1              
188            4.18467        3.18408        0.051928       0.948631       1544027841     197789         1544027845     382458         1              
189            4.18965        3.24535        0.051957       0.892137       1544027841     216486         1544027845     406133         1              
36             34.244         33.516         0.079971       0.615553       1544027811     341788         1544027845     585808         1              
37             35.1048        34.156         0.035955       0.912591       1544027811     465786         1544027846     570577         1              
38             36.0008        35.036         0.031957       0.932594       1544027811     553785         1544027847     554568         1              
39             36.908         35.956         0.035873       0.912124       1544027811     657791         1544027848     565827         1              
40             37.812         36.872         0.000146       0.920773       1544027811     753791         1544027849     565810         1              
41             38.6763        37.7121        0.035895       0.928298       1544027811     857790         1544027850     534128         1              
42             39.1808        38.568         0.035958       0.576584       1544027811     997789         1544027851     178576         1              
43             40.076         39.104         0.035972       0.932293       1544027812     85788          1544027852     161805         1              
44             40.8243        39.856         0.035893       0.932128       1544027812     341788         1544027853     166121         1              
45             41.4688        40.612         0.031902       0.824577       1544027812     585787         1544027854     54575          1              
46             41.8883        41.2458        0.058208       0.584138       1544027812     837788         1544027854     726116         1              
47             42.5656        41.344         4.7e-05        1.22142        1544027813     457860         1544027856     23487          1              
48             43.0937        42.5401        0.039928       0.513469       1544027813     505788         1544027856     599465         1              
49             43.5403        42.684         0.031958       0.824141       1544027813     957788         1544027857     498117         1              
50             43.988         43.1241        0.031923       0.832016       1544027814     401786         1544027858     389832         1              
51             44.1915        43.388         3.5e-05        0.803387       1544027815     53786          1544027859     245274         1              
52             44.0355        43.2601        3.6e-05        0.775375       1544027816     13785          1544027860     49269          1              
53             43.8016        43.116         0.01988        0.665413       1544027816     977788         1544027860     779393         1              
54             43.2043        42.448         0.027968       0.72814        1544027818     353787         1544027861     558116         1              
56             43.8382        43.232         0.031964       0.574142       1544027818     369788         1544027862     207958         1              
55             44.4123        43.8681        0.031938       0.512279       1544027818     369788         1544027862     782108         1              
57             45.2891        44.44          0.031965       0.817072       1544027818     385787         1544027863     674885         1              
58             45.9048        45.292         0.035959       0.576742       1544027818     397789         1544027864     302556         1              
59             46.4356        45.924         0.031961       0.479547       1544027818     413788         1544027864     849362         1              
60             46.9836        46.468         0.031976       0.48355        1544027818     425788         1544027865     409370         1              
61             47.5382        47.016         0.031959       0.490171       1544027818     433787         1544027865     971987         1              
62             48.0603        47.536         0.031968       0.492297       1544027818     457787         1544027866     518125         1              
63             49.0171        48.084         0.063968       0.869079       1544027818     461790         1544027867     478907         1              
64             49.5448        49.056         0.035975       0.452565       1544027818     461790         1544027868     6577           1              
65             49.9888        49.54          3.4e-05        0.448508       1544027818     477786         1544027868     466556         1              
66             50.8331        49.98          0.031957       0.821073       1544027818     493790         1544027869     326887         1              
67             51.6675        50.836         0.03196        0.799455       1544027818     505787         1544027870     173270         1              
68             52.4875        51.684         3.8e-05        0.80338        1544027818     517788         1544027871     5277           1              
69             52.9803        52.504         0.027952       0.448269       1544027818     525787         1544027871     506086         1              
71             53.7955        53             3.5e-05        0.795377       1544027818     545787         1544027872     341267         1              
70             54.5768        53.824         0.027947       0.724591       1544027818     545788         1544027873     122564         1              
72             55.0768        54.596         0.027959       0.452586       1544027818     565788         1544027873     642579         1              
74             55.4968        55.0681        0.043261       0.385132       1544027818     581787         1544027874     78572          1              
73             55.9953        55.5358        0.055965       0.403541       1544027818     582025         1544027874     577353         1              
75             56.8275        55.996         0.031961       0.799463       1544027818     601789         1544027875     429277         1              
76             57.3127        56.864         3.4e-05        0.44841        1544027818     605786         1544027875     918499         1              
77             57.7808        57.332         0.071966       0.37659        1544027818     621786         1544027876     402582         1              
79             58.2328        57.7681        0.039721       0.392584       1544027818     637786         1544027876     870574         1              
78             59.0171        58.26          0.027968       0.729098       1544027818     645786         1544027877     662912         1              
81             59.8497        59.0321        3.9e-05        0.81741        1544027818     665786         1544027878     515470         1              
80             60.1604        59.8561        0.000115       0.296266       1544027818     665787         1544027878     826228         1              
82             60.5961        60.164         0.047967       0.384007       1544027818     693786         1544027879     289836         1              
83             60.9003        60.632         0.000143       0.267852       1544027818     701788         1544027879     602132         1              
85             61.2608        60.932         7e-05          0.328519       1544027818     713786         1544027879     974620         1              
84             61.6768        61.3           0.003973       0.372582       1544027818     713787         1544027880     390582         1              
86             62.4611        61.7081        0.027946       0.725078       1544027818     729787         1544027881     190894         1              
87             62.9168        62.496         0.047865       0.372588       1544027818     741787         1544027881     658579         1              
88             63.6136        62.932         0.055964       0.625446       1544027818     757787         1544027882     371425         1              
89             64.0603        63.644         0.047967       0.368134       1544027818     769788         1544027882     830130         1              
90             64.508         64.088         0.047969       0.351543       1544027818     777787         1544027883     285810         1              
91             64.9568        64.584         0.039963       0.332613       1544027818     781787         1544027883     738621         1              
92             65.3968        64.976         0.04388        0.376585       1544027818     801786         1544027884     198571         1              
93             66.1256        65.456         0.047866       0.621418       1544027818     805787         1544027884     931409         1              
94             66.5688        66.1721        0.047961       0.348578       1544027818     821788         1544027885     390574         1              
95             66.9684        66.5761        0.035934       0.356306       1544027818     841787         1544027885     810138         1              
97             67.3648        67.004         0.047968       0.312616       1544027818     849787         1544027886     214621         1              
96             68.0235        67.384         0.04796        0.591453       1544027818     853786         1544027886     877270         1              
98             68.6715        68.0441        0.003963       0.623456       1544027818     877787         1544027887     549280         1              
99             69.0961        68.732         0.031885       0.331895       1544027818     877788         1544027887     973922         1              
100            69.4568        69.0961        0.039936       0.320582       1544027818     885786         1544027888     342599         1              
101            70.1931        69.476         0.035967       0.681085       1544027818     901787         1544027889     94903          1              
102            70.3644        70.204         0.031888       0.128149       1544027818     929786         1544027889     294165         1              
103            70.6961        70.4041        0.027934       0.263874       1544027818     929787         1544027889     625903         1              
104            71.3248        70.6841        3.7e-05        0.640508       1544027818     945786         1544027890     270576         1              
105            71.9331        71.348         0.047963       0.537078       1544027818     953787         1544027890     886895         1              
106            72.2848        71.956         0.023874       0.304567       1544027818     973787         1544027891     258573         1              
107            72.6528        72.3004        0.039641       0.312614       1544027818     977786         1544027891     630627         1              
108            73.1899        72.688         0.039967       0.461844       1544027818     989788         1544027892     179656         1              
109            73.7963        73.228         0.03996        0.528308       1544027818     993789         1544027892     790126         1              
110            74.1088        73.792         0.039964       0.276582       1544027819     13788          1544027893     122577         1              
111            74.4008        74.124         3.2e-05        0.276546       1544027819     25787          1544027893     426620         1              
112            74.7048        74.412         0.039964       0.252559       1544027819     41789          1544027893     746547         1              
113            75.0888        74.748         0.039973       0.300614       1544027819     53786          1544027894     142623         1              
114            75.3843        75.088         0.031963       0.264292       1544027819     65787          1544027894     450115         1              
115            75.6608        75.3764        0.031649       0.252589       1544027819     77789          1544027894     738578         1              
116            75.8728        75.588         0.003989       0.280601       1544027819     177787         1544027895     50624          1              
117            76.0048        75.7213        0.026694       0.256586       1544027819     329787         1544027895     334573         1              
118            76.1443        75.8601        0.027944       0.256296       1544027819     489787         1544027895     634124         1              
119            76.4163        75.9921        4.4e-05        0.424209       1544027819     653786         1544027896     70129          1              
120            76.5168        76.272         0.035872       0.208596       1544027819     817786         1544027896     334626         1              
121            76.6242        76.3572        0.030735       0.235935       1544027819     977787         1544027896     601967         1              
122            76.9251        76.4721        0.031913       0.421078       1544027820     137789         1544027897     62895          1              
123            76.904         76.6081        0.035981       0.227543       1544027820     461788         1544027897     365808         1              
124            76.8147        76.608         0.000132       0.206254       1544027820     793787         1544027897     608501         1              
125            76.9275        76.5121        2.9e-05        0.415375       1544027821     101788         1544027898     29268          1              
126            76.6568        76.424         0.007894       0.224563       1544027821     617788         1544027898     274571         1              
127            76.5995        76.1492        0.030832       0.419444       1544027822     125798         1544027898     725271         1              
128            76.2851        75.848         0.031969       0.405076       1544027822     897795         1544027899     182887         1              
129            75.9411        75.5243        3.4e-05        0.416728       1544027823     669794         1544027899     610891         1              
130            75.0848        74.8401        0.027938       0.216616       1544027824     773789         1544027899     858631         1              
131            73.8857        73.4801        0.003986       0.377452       1544027826     389787         1544027900     275464         1              
132            74.2743        73.8492        0.003975       0.421074       1544027826     452589         1544027900     726896         1              
133            74.6331        74.228         4.2e-05        0.405016       1544027826     521786         1544027901     154893         1              
134            74.9843        74.584         3.4e-05        0.400169       1544027826     593786         1544027901     578055         1              
135            75.1157        74.94          3.9e-05        0.175625       1544027826     665786         1544027901     781528         1              
136            75.3697        75.068         3.9e-05        0.301388       1544027826     721788         1544027902     91486          1              
137            75.6195        75.3161        3.3e-05        0.303358       1544027826     789788         1544027902     409268         1              
138            75.8208        75.5681        3.2e-05        0.25251        1544027826     861787         1544027902     682602         1              
139            76.0163        75.784         0.035956       0.196284       1544027826     917787         1544027902     934108         1              
140            76.2968        75.996         3.3e-05        0.300518       1544027826     973787         1544027903     270583         1              
141            76.5443        76.2284        0.035575       0.280238       1544027827     49786          1544027903     594054         1              
142            76.5288        76.328         3.3e-05        0.200529       1544027827     277786         1544027903     806590         1              
143            76.6144        76.356         0.035968       0.222209       1544027827     481787         1544027904     96202          1              
144            76.6488        76.416         0.047978       0.184725       1544027827     701791         1544027904     350552         1              
145            76.688         76.452         0.031893       0.20379        1544027827     917785         1544027904     605808         1              
146            76.7528        76.4761        0.000134       0.260425       1544027828     133789         1544027904     886583         1              
147            76.58          76.384         0.000133       0.195541       1544027828     529787         1544027905     109812         1              
148            76.3427        76.2001        0.000134       0.126336       1544027828     921790         1544027905     264501         1              
149            76.1704        75.964         4.3e-05        0.206121       1544027829     317788         1544027905     488188         1              
150            75.7462        75.5801        4.4e-05        0.166074       1544027829     921788         1544027905     668005         1              
151            75.3536        75.1361        3.5e-05        0.217343       1544027830     533787         1544027905     887428         1              
152            74.5888        74.464         3.4e-05        0.124701       1544027831     429788         1544027906     18589          1              
153            73.5481        73.3161        0.02794        0.203866       1544027832     713787         1544027906     261888         1              
154            71.7968        71.648         0.011887       0.136746       1544027834     625786         1544027906     422594         1              
155            71.8928        71.676         3.8e-05        0.216521       1544027834     749788         1544027906     642592         1              
156            71.9803        71.7681        3.5e-05        0.212193       1544027834     877788         1544027906     858099         1              
157            72.0102        71.8841        3.4e-05        0.126076       1544027834     985788         1544027906     995998         1              
158            71.9726        71.8961        0.011819       0.064381       1544027835     113788         1544027907     86392          1              
159            71.818         71.7081        3.1e-05        0.109661       1544027835     389789         1544027907     207765         1              
160            71.7452        71.6801        0.000143       0.064657       1544027835     541788         1544027907     286981         1              
161            71.725         71.6201        0.000126       0.104513       1544027835     677787         1544027907     402812         1              
162            71.665         71.5881        0.011832       0.06474        1544027835     825789         1544027907     490752         1              
163            71.7429        71.5361        0.019944       0.174767       1544027835     969788         1544027907     712715         1              
164            71.6573        71.5869        0.004967       0.065046       1544027836     113787         1544027907     771057         1              
166            71.34          71.1481        3.2e-05        0.189179       1544027836     625790         1544027907     965794         1              
169            70.2623        70.1975        0.000135       0.064422       1544027837     765788         1544027908     28114          1              
172            69.469         69.4041        0.000143       0.064471       1544027838     637788         1544027908     106792         1              
175            68.3677        68.3023        9.3e-05        0.064921       1544027839     804519         1544027908     172234         1              
179            67.1552        67.0504        0.000129       0.104427       1544027841     121786         1544027908     277005         1              
180            67.2348        67.1314        3e-05          0.103339       1544027841     145786         1544027908     380575         1              
184            67.3145        67.2107        3.8e-05        0.103768       1544027841     170013         1544027908     484535         1              
187            67.3903        67.2868        3.3e-05        0.103388       1544027841     197789         1544027908     588047         1              
