JobID          Runtime        getDevice      getProgram     runProgram     startTime_s    startTime_us   endTime_s      endTime_us     violation      0
-1             0.574183       8.8e-05        0.57377        0.000309       1544027788     736537         1544027789     310720         0              
-1             0.000394       5.5e-05        2.5e-05        0.0003         1544027790     321756         1544027790     322150         0              
-1             0.000379       4.6e-05        1.9e-05        0.0003         1544027790     437832         1544027790     438211         0              
-1             0.000551       0.000216       2.2e-05        0.000297       1544027790     554345         1544027790     554896         0              
-1             0.000377       4.5e-05        2e-05          0.000298       1544027790     670521         1544027790     670898         0              
0              0.000602       0.000154       3.4e-05        0.000382       1544027800     785257         1544027800     785859         0              
1              0.000515       9.4e-05        3.3e-05        0.000363       1544027800     795720         1544027800     796235         0              
2              0.000509       0.00011        3.6e-05        0.000333       1544027800     806131         1544027800     806640         0              
3              0.000537       0.000108       3.5e-05        0.000365       1544027800     816624         1544027800     817161         0              
4              0.000672       9.1e-05        0.000188       0.000366       1544027800     827089         1544027800     827761         0              
5              0.000657       0.000241       3.8e-05        0.000332       1544027800     837531         1544027800     838188         0              
6              0.000497       0.0001         3.7e-05        0.000333       1544027800     847962         1544027800     848459         0              
7              0.000495       9.5e-05        3.4e-05        0.000333       1544027800     858430         1544027800     858925         0              
8              0.000488       9.4e-05        3.4e-05        0.000331       1544027800     868860         1544027800     869348         0              
9              0.007765       0.00012        3.6e-05        0.007582       1544027800     879302         1544027800     887067         0              
10             0.008754       0.005237       3.9e-05        0.003442       1544027800     881996         1544027800     890750         0              
11             0.006988       0.006185       0.000359       0.00041        1544027800     884675         1544027800     891663         0              
12             0.004964       0.00437        0.0002         0.00036        1544027800     887367         1544027800     892331         0              
13             0.002447       0.001881       0.000204       0.000331       1544027800     890534         1544027800     892981         0              
14             0.000818       0.000333       3.1e-05        0.000419       1544027800     892714         1544027800     893532         0              
15             0.000522       9.8e-05        3.4e-05        0.000358       1544027800     895420         1544027800     895942         0              
16             0.000487       9.6e-05        3.5e-05        0.000324       1544027800     898074         1544027800     898561         0              
17             0.000526       9.5e-05        3.2e-05        0.000369       1544027800     900789         1544027800     901315         0              
18             0.00049        0.0001         3.5e-05        0.000324       1544027800     903532         1544027800     904022         0              
19             0.000534       0.0001         3.4e-05        0.000369       1544027800     906227         1544027800     906761         0              
20             0.000537       8.6e-05        3.2e-05        0.000391       1544027800     908087         1544027800     908624         0              
21             0.00052        9.9e-05        3.3e-05        0.000358       1544027800     909886         1544027800     910406         0              
22             0.000513       8.4e-05        3.1e-05        0.000367       1544027800     911759         1544027800     912272         0              
23             0.000669       9.1e-05        0.000187       0.000359       1544027800     913625         1544027800     914294         0              
24             0.000624       0.000252       3.2e-05        0.000313       1544027800     915512         1544027800     916136         0              
25             0.000548       9.4e-05        3.2e-05        0.000393       1544027800     917332         1544027800     917880         0              
26             0.000516       9.7e-05        3.2e-05        0.000357       1544027800     919194         1544027800     919710         0              
27             0.000517       8.5e-05        3.2e-05        0.000371       1544027800     921027         1544027800     921544         0              
28             0.000511       9.1e-05        3.2e-05        0.00036        1544027800     922912         1544027800     923423         0              
29             0.000503       9e-05          3.1e-05        0.000357       1544027800     924758         1544027800     925261         0              
30             0.000512       9.1e-05        3.2e-05        0.000359       1544027800     926175         1544027800     926687         0              
31             0.000481       9.3e-05        3.4e-05        0.000326       1544027800     927580         1544027800     928061         0              
32             0.000509       9.3e-05        3.2e-05        0.000357       1544027800     928997         1544027800     929506         0              
33             0.000625       7.2e-05        0.000173       0.000359       1544027800     930405         1544027800     931030         0              
34             0.00066        0.000238       3.3e-05        0.000358       1544027800     931842         1544027800     932502         0              
35             0.000535       9.1e-05        3.2e-05        0.000359       1544027800     933276         1544027800     933811         0              
36             0.000492       0.000101       3.3e-05        0.000327       1544027800     934729         1544027800     935221         0              
37             0.000515       8.8e-05        3.2e-05        0.000367       1544027800     936152         1544027800     936667         0              
38             0.000523       8.6e-05        3.1e-05        0.000375       1544027800     937587         1544027800     938110         0              
39             0.000518       9.7e-05        3.3e-05        0.000359       1544027800     939040         1544027800     939558         0              
40             0.000513       8.6e-05        3.1e-05        0.000368       1544027800     940300         1544027800     940813         0              
41             0.000504       7.5e-05        2.7e-05        0.000378       1544027800     941564         1544027800     942068         0              
42             0.000488       7.3e-05        2.8e-05        0.000363       1544027800     942831         1544027800     943319         0              
43             0.000674       7.4e-05        0.000177       0.000398       1544027800     944078         1544027800     944752         0              
44             0.000635       0.000218       2.7e-05        0.000366       1544027800     945325         1544027800     945960         0              
45             0.000517       9.8e-05        3.2e-05        0.000358       1544027800     946593         1544027800     947110         0              
46             0.000488       0.000102       3.3e-05        0.000327       1544027800     947868         1544027800     948356         0              
47             0.000547       9.1e-05        3.4e-05        0.000391       1544027800     949156         1544027800     949703         0              
48             0.000516       9.7e-05        3.4e-05        0.000357       1544027800     950434         1544027800     950950         0              
49             0.000509       7.9e-05        2.9e-05        0.000373       1544027800     951685         1544027800     952194         0              
50             0.000486       7.2e-05        2.6e-05        0.000363       1544027800     952935         1544027800     953421         0              
51             0.000485       7e-05          2.8e-05        0.000363       1544027800     954203         1544027800     954688         0              
52             0.000492       6.6e-05        2.5e-05        0.000375       1544027800     955462         1544027800     955954         0              
53             0.000685       8.3e-05        0.000197       0.000383       1544027800     956709         1544027800     957394         0              
54             0.000678       0.000259       3.3e-05        0.000356       1544027800     957953         1544027800     958631         0              
55             0.000487       7.5e-05        2.7e-05        0.000359       1544027800     959211         1544027800     959698         0              
56             0.000623       8e-05          4.9e-05        0.00047        1544027800     960472         1544027800     961095         0              
57             0.000515       0.000101       2.9e-05        0.000361       1544027800     961715         1544027800     962230         0              
58             0.000496       7e-05          2.7e-05        0.000376       1544027800     962977         1544027800     963473         0              
59             0.000479       6.5e-05        2.6e-05        0.000363       1544027800     964241         1544027800     964720         0              
60             0.000527       9.5e-05        3.1e-05        0.000371       1544027800     965527         1544027800     966054         0              
61             0.000493       0.000102       3.2e-05        0.00033        1544027800     966811         1544027800     967304         0              
62             0.000509       9.3e-05        3.2e-05        0.000357       1544027800     968051         1544027800     968560         0              
63             0.00064        6.8e-05        0.000174       0.000373       1544027800     969316         1544027800     969956         0              
64             0.000646       0.000233       2.9e-05        0.000356       1544027800     970581         1544027800     971227         0              
65             0.000478       7.1e-05        2.7e-05        0.000356       1544027800     971842         1544027800     972320         0              
66             0.000515       9.1e-05        3.1e-05        0.00036        1544027800     973135         1544027800     973650         0              
67             0.000509       7.8e-05        3e-05          0.000381       1544027800     974403         1544027800     974912         0              
68             0.000509       8.9e-05        3.1e-05        0.000359       1544027800     975695         1544027800     976204         0              
69             0.000483       9.3e-05        3.4e-05        0.000328       1544027800     976948         1544027800     977431         0              
70             0.000529       0.000103       4.2e-05        0.000358       1544027800     978366         1544027800     978895         0              
71             0.000509       9e-05          3.1e-05        0.000359       1544027800     979821         1544027800     980330         0              
72             0.000694       0.00011        3.7e-05        0.000519       1544027800     981248         1544027800     981942         0              
73             0.008092       0.000296       3.4e-05        0.007732       1544027800     982678         1544027800     990770         0              
74             0.010321       0.006749       3.6e-05        0.003504       1544027800     984135         1544027800     994456         0              
75             0.02082        0.020324       0.000177       0.000298       1544027800     985520         1544027801     6340           0              
77             0.03796        0.029512       0.008144       0.000281       1544027800     988317         1544027801     26277          0              
76             0.041902       0.041406       0.00019        0.000265       1544027800     988464         1544027801     30366          0              
78             0.051412       0.051069       2.4e-05        0.0003         1544027800     990761         1544027801     42173          0              
79             0.051583       0.051239       2.4e-05        0.000296       1544027800     991075         1544027801     42658          0              
81             0.046147       0.044955       0.00013        0.000756       1544027800     997803         1544027801     43950          0              
80             0.072228       0.042109       0.004108       0.012102       1544027801     1790           1544027801     74018          0              
82             0.088337       0.080045       0.007963       0.000302       1544027801     5789           1544027801     94126          0              
85             0.13566        0.095564       0.027824       0.012056       1544027801     6403           1544027801     142063         0              
83             0.150941       0.150557       7.2e-05        0.000292       1544027801     7283           1544027801     158224         0              
84             0.152409       0.152027       3.1e-05        0.000316       1544027801     9790           1544027801     162199         0              
86             0.196307       0.160008       0.035982       0.000298       1544027801     9800           1544027801     206107         0              
87             0.225273       0.224044       0.000133       0.000803       1544027801     13788          1544027801     239061         0              
88             0.257379       0.256044       0.000309       0.000811       1544027801     13789          1544027801     271168         0              
89             0.292758       0.264446       0.027942       0.000341       1544027801     21406          1544027801     314164         0              
90             0.337098       0.312042       0.014339       0.01041        1544027801     21787          1544027801     358885         0              
91             0.365031       0.348046       0.015965       0.000823       1544027801     25790          1544027801     390821         0              
92             0.396413       0.38804        4.3e-05        0.000344       1544027801     29788          1544027801     426201         0              
93             0.432995       0.404063       0.027938       0.00081        1544027801     33790          1544027801     466785         0              
95             0.472309       0.44804        0.000506       0.003445       1544027801     41789          1544027801     514098         0              
94             0.487823       0.487487       3.5e-05        0.000267       1544027801     43907          1544027801     531730         0              
96             0.516723       0.516411       2.6e-05        0.000269       1544027801     45788          1544027801     562511         0              
97             0.58424        0.540057       0.035963       0.008199       1544027801     57788          1544027801     642028         0              
99             1.08644        0.640089       2.8e-05        0.446303       1544027801     57809          1544027802     144252         1              
131            0.629823       9e-05          0.629168       0.000531       1544027801     532556         1544027802     162379         0              
136            0.464626       0.46404        2.7e-05        0.000539       1544027801     713789         1544027802     178415         0              
98             1.16587        1.12004        0.031977       0.013846       1544027801     61786          1544027802     227661         1              
140            0.526397       0.416045       0.035963       0.074368       1544027801     813789         1544027802     340186         0              
100            1.2707         1.20003        0.031974       0.038665       1544027801     69786          1544027802     340491         1              
144            0.27293        0.252139       0.009122       0.011375       1544027802     117791         1544027802     390721         0              
101            1.3123         1.28003        0.031973       0.000268       1544027801     89787          1544027802     402084         1              
102            1.33633        1.30805        0.027962       0.000302       1544027801     101787         1544027802     438116         1              
103            1.38434        1.3361         0.016197       0.031921       1544027801     113788         1544027802     498123         1              
146            0.313668       0.240037       0.039971       0.033463       1544027802     185787         1544027802     499455         0              
104            1.42916        1.3721         0.04383        0.012937       1544027801     137786         1544027802     566945         1              
105            1.46048        1.43601        0.003992       0.020461       1544027801     141799         1544027802     602281         1              
149            0.356731       0.296041       0.039962       0.020708       1544027802     245795         1544027802     602526         0              
106            1.49626        1.44804        0.039961       0.008239       1544027801     157789         1544027802     654049         1              
153            0.324501       0.288037       0.031971       0.004471       1544027802     349788         1544027802     674289         0              
107            1.50434        1.50403        2.8e-05        0.000265       1544027801     177788         1544027802     682126         1              
160            0.20055        0.192048       3.3e-05        0.000493       1544027802     509786         1544027802     710336         0              
108            1.53632        1.50804        0.027957       0.000307       1544027801     193794         1544027802     730119         1              
109            1.53344        1.53289        0.000222       0.000297       1544027801     212938         1544027802     746376         1              
155            0.132321       0.095836       0.031688       0.000488       1544027802     649995         1544027802     782316         0              
110            1.60429        1.56403        0.03998        0.000267       1544027801     221788         1544027802     826077         1              
168            0.149467       0.100458       0.039999       0.001056       1544027802     697666         1544027802     847133         0              
111            1.64148        1.62403        5.9e-05        0.017197       1544027801     245788         1544027802     887270         1              
172            0.085831       0.068075       0.000102       0.017492       1544027802     801787         1544027802     887618         0              
112            1.64845        1.64804        9.6e-05        0.000298       1544027801     253787         1544027802     902234         1              
113            1.67306        1.64405        0.02398        0.000832       1544027801     277786         1544027802     950843         1              
175            0.114767       0.070216       0.043964       0.000556       1544027802     847615         1544027802     962382         0              
114            1.70032        1.66802        0.031971       0.000295       1544027801     289789         1544027802     990108         1              
176            0.125245       0.092004       0.031979       0.00106        1544027802     889812         1544027803     15057          0              
115            1.76178        1.73594        0.004668       0.000787       1544027801     293875         1544027803     55657          1              
116            1.78472        1.78403        0.000369       0.000298       1544027801     317787         1544027803     102505         1              
178            0.168915       0.128032       0.039891       0.000702       1544027802     945789         1544027803     114704         0              
118            1.81603        1.76112        0.04688        0.008009       1544027801     341790         1544027803     157821         1              
180            0.216929       0.212006       0.004377       0.000528       1544027802     977825         1544027803     194754         0              
117            1.86505        1.86404        0.000717       0.000269       1544027801     345787         1544027803     210834         1              
119            1.91629        1.88803        0.027972       0.000269       1544027801     361790         1544027803     278082         1              
120            2.00377        1.9153         0.079517       0.008746       1544027801     381789         1544027803     385554         1              
121            2.08411        2.00404        0.075984       0.000301       1544027801     397788         1544027803     481900         1              
122            2.27605        2.19606        0.032735       0.004148       1544027801     405786         1544027803     681836         1              
123            2.52895        2.38804        0.067961       0.072753       1544027801     413795         1544027803     942749         1              
124            2.62886        2.56403        0.059974       0.004657       1544027801     441788         1544027804     70648          1              
125            2.79313        2.68002        0.043923       0.052925       1544027801     449789         1544027804     242922         1              
126            2.90894        2.83603        0.067984       0.004723       1544027801     465792         1544027804     374730         1              
127            3.01643        2.94802        0.000112       0.000288       1544027801     489787         1544027804     506218         1              
128            3.19715        3.07604        0.059994       0.000912       1544027801     497787         1544027804     694937         1              
129            3.4248         3.22792        0.051988       0.072708       1544027801     509905         1544027804     934704         1              
130            3.54094        3.45995        0.063968       0.016804       1544027801     525858         1544027805     66801          1              
135            3.62033        3.54003        0.011917       0.012136       1544027801     669793         1544027805     290127         1              
139            3.79901        3.60004        0.055887       0.142794       1544027801     781787         1544027805     580800         1              
143            3.92514        3.78803        0.059961       0.07692        1544027801     865787         1544027805     790929         1              
145            3.78434        3.72404        0.055973       0.004127       1544027802     165788         1544027805     950129         1              
148            3.91727        3.78403        0.055888       0.077036       1544027802     233787         1544027806     151061         1              
152            3.96428        3.89601        0.067976       0.000273       1544027802     313803         1544027806     278084         1              
159            4.02835        3.84002        0.075875       0.012137       1544027802     489785         1544027806     518131         1              
165            4.18833        3.95917        0.067877       0.056285       1544027802     625787         1544027806     814121         1              
167            4.29235        4.17203        0.119966       0.000313       1544027802     669788         1544027806     962136         1              
171            4.38506        4.32803        0.05589        0.000846       1544027802     765792         1544027807     150848         1              
173            4.60095        4.49603        0.055871       0.004741       1544027802     809791         1544027807     410742         1              
174            4.6523         4.58803        0.063974       0.000273       1544027802     853786         1544027807     506082         1              
177            4.77051        4.64804        0.07197        0.050482       1544027802     917788         1544027807     688298         1              
179            4.83716        4.78002        0.051927       0.000946       1544027802     953792         1544027807     790955         1              
181            4.98474        4.86804        0.060175       0.008121       1544027802     997789         1544027807     982529         1              
182            5.23254        5.02002        0.103901       0.108405       1544027803     25789          1544027808     258331         1              
184            5.43228        5.26396        0.067911       0.056145       1544027803     25855          1544027808     458136         1              
183            5.66112        5.54403        0.063925       0.000305       1544027803     33787          1544027808     694910         1              
185            5.75624        5.70403        0.047876       0.004042       1544027803     33790          1544027808     790030         1              
188            5.8483         5.78803        0.059979       0.000274       1544027803     37786          1544027808     886084         1              
189            5.94429        5.88402        0.059981       0.000273       1544027803     37788          1544027808     982082         1              
187            6.04035        5.99204        0.043878       0.004145       1544027803     41787          1544027809     82133          1              
186            6.13634        6.07603        0.059976       0.000307       1544027803     45786          1544027809     182130         1              
132            9.73258        0.016034       9.69197        0.024553       1544027801     581790         1544027811     314372         1              
137            9.71727        9.64004        0.048022       0.025067       1544027801     721800         1544027811     439074         1              
141            9.79624        9.67604        0.099869       0.020024       1544027801     825787         1544027811     622026         1              
147            9.45611        9.43605        3.3e-05        0.000577       1544027802     201787         1544027811     657900         1              
151            9.55734        9.43205        0.011888       0.04511        1544027802     281786         1544027811     839129         1              
154            10.0453        9.52619        0.019605       0.466941       1544027802     371638         1544027812     416931         1              
133            10.8089        0.05206        10.756         0.000875       1544027801     613793         1544027812     422708         1              
138            10.796         10.7281        0.043901       0.000839       1544027801     745788         1544027812     541815         1              
161            10.0283        9.95599        0.039927       0.028121       1544027802     529858         1544027812     558135         1              
166            9.99261        9.94405        0.04794        0.00059        1544027802     657792         1544027812     650406         1              
142            10.8209        10.7641        0.055941       0.000836       1544027801     845789         1544027812     666651         1              
169            10.7269        9.98521        0.055977       0.685542       1544027802     728604         1544027813     455532         1              
156            11.0382        10.28          0.047968       0.710034       1544027802     417786         1544027813     456030         1              
162            11.0696        10.9561        0.047953       0.065393       1544027802     541789         1544027813     611384         1              
150            11.0649        11.008         0.055967       0.000868       1544027802     665786         1544027813     730686         1              
170            11.1803        11.0761        0.063774       0.012127       1544027802     737788         1544027813     918131         1              
134            15.8533        0.044194       15.7923        0.016625       1544027801     645791         1544027817     499105         1              
157            15.164         15.1041        0.047954       0.004628       1544027802     429786         1544027817     593805         1              
163            15.1772        15.0718        0.043977       0.057206       1544027802     562029         1544027817     739215         1              
158            16.6208        0.035977       16.5839        0.000745       1544027802     457861         1544027819     78657          1              
164            17.3279        16.552         0.06397        0.711691       1544027802     597786         1544027819     925681         1              
