JobID          Runtime        getDevice      getProgram     runProgram     startTime_s    startTime_us   endTime_s      endTime_us     violation      0
-1             0.907965       0.000646       0.895122       0.012178       1544027787     828523         1544027788     736488         0              
-1             0.012233       7.4e-05        2.2e-05        0.012121       1544027790     309503         1544027790     321736         0              
-1             0.01221        5.7e-05        2.4e-05        0.012114       1544027790     425604         1544027790     437814         0              
-1             0.01271        5.7e-05        0.000189       0.01245        1544027790     541601         1544027790     554311         0              
-1             0.012193       5.3e-05        2e-05          0.012107       1544027790     658309         1544027790     670502         0              
0              0.012253       0.000105       3.6e-05        0.01209        1544027800     878119         1544027800     890372         0              
1              0.01272        0.000113       0.00022        0.012309       1544027800     981385         1544027800     994105         0              
2              0.047538       0.020065       0.000129       0.02724        1544027801     93922          1544027801     141460         0              
3              0.100057       0.036031       0.035978       0.028018       1544027801     257786         1544027801     357843         0              
4              0.107522       0.036029       0.035978       0.035466       1544027801     405786         1544027801     513308         0              
5              0.035231       0.008113       3.3e-05        0.026887       1544027801     549788         1544027801     585019         0              
6              0.444023       0.056123       0.031872       0.356001       1544027801     705792         1544027802     149815         0              
7              0.494046       0.320034       0.031968       0.141996       1544027801     845791         1544027802     339837         0              
8              0.291819       0.220056       0.027954       0.043786       1544027802     125787         1544027802     417606         0              
9              0.138524       0.096028       2.9e-05        0.042267       1544027802     365787         1544027802     504311         0              
10             0.103841       0.036055       0.031953       0.035814       1544027802     593787         1544027802     697628         0              
11             0.084036       0.032024       0.000228       0.051763       1544027802     829789         1544027802     913825         0              
16             0.104365       0.033021       0.000128       0.070935       1544027803     81788          1544027803     186153         0              
14             0.299283       0.14003        0.05998        0.099065       1544027803     85787          1544027803     385070         0              
15             0.551196       0.332015       0.079993       0.139159       1544027803     89791          1544027803     640987         0              
12             0.849349       0.596029       0.055978       0.197146       1544027803     93788          1544027803     943137         0              
13             1.14816        0.928032       0.059892       0.131332       1544027803     93788          1544027804     241947         0              
17             1.5514         1.2594         0.071981       0.215983       1544027803     98428          1544027804     649827         0              
19             1.8333         1.56404        0.067973       0.201094       1544027803     101786         1544027804     935087         0              
20             2.16015        1.90803        0.059965       0.18814        1544027803     101792         1544027805     261944         1              
18             2.47933        2.22404        0.063969       0.191127       1544027803     105786         1544027805     585119         1              
21             2.73633        2.49604        0.051878       0.188091       1544027803     113789         1544027805     850116         1              
23             3.04818        2.79202        0.059994       0.180151       1544027803     117789         1544027806     165967         1              
22             3.31223        3.07232        0.063688       0.176036       1544027803     125786         1544027806     438019         1              
24             3.6284         3.37603        0.059886       0.192188       1544027803     129789         1544027806     758192         1              
25             3.94847        3.68803        0.063977       0.196272       1544027803     133788         1544027807     82263          1              
28             4.21205        3.96033        0.063679       0.188008       1544027803     137786         1544027807     349834         1              
31             4.50403        4.26402        0.059979       0.18001        1544027803     141789         1544027807     645819         1              
27             4.83234        4.58803        0.06022        0.183805       1544027803     141789         1544027807     974127         1              
26             5.11688        4.90803        0.03993        0.16863        1544027803     145789         1544027808     262666         1              
30             5.42025        5.18405        0.059953       0.176038       1544027803     145788         1544027808     566035         1              
29             5.66403        5.50404        7.3e-05        0.159901       1544027803     149788         1544027808     813816         1              
32             5.96003        5.72005        0.063967       0.175999       1544027803     161786         1544027809     121817         1              
36             6.22035        6.01204        0.047882       0.160124       1544027803     165785         1544027809     386136         1              
34             6.52035        6.30405        0.043872       0.172131       1544027803     165788         1544027809     686133         1              
39             6.84029        6.56404        0.07598        0.200078       1544027803     177787         1544027810     18082          1              
41             7.10803        6.86805        0.063962       0.176007       1544027803     185785         1544027810     293819         1              
49             7.3925         7.14418        0.063977       0.184147       1544027803     205640         1544027810     598137         1              
45             7.79235        7.49204        0.071869       0.228131       1544027803     205790         1544027810     998135         1              
46             8.10696        7.85495        0.067897       0.183995       1544027803     210868         1544027811     317831         1              
48             8.3857         8.15604        0.055963       0.173493       1544027803     217788         1544027811     603488         1              
53             8.60979        8.38803        0.035932       0.173569       1544027803     229788         1544027811     839580         1              
52             8.85671        8.64841        0.044144       0.159961       1544027803     233435         1544027812     90144          1              
55             9.11635        8.91205        0.047865       0.156133       1544027803     245791         1544027812     362146         1              
56             9.32785        9.14404        0.055961       0.127811       1544027803     257785         1544027812     585631         1              
62             9.51236        9.34407        0.04793        0.120146       1544027803     277787         1544027812     790144         1              
63             9.77234        9.51203        0.095933       0.164087       1544027803     281788         1544027813     54132          1              
69             9.93204        9.81203        3.9e-05        0.119944       1544027803     301785         1544027813     233820         1              
70             10.1447        9.97604        0.000136       0.168372       1544027803     305788         1544027813     450465         1              
71             10.3364        10.156         0.039926       0.136181       1544027803     321786         1544027813     658176         1              
75             10.5484        10.36          0.051973       0.136145       1544027803     333788         1544027813     882138         1              
80             10.7643        10.584         0.04389        0.136133       1544027803     349790         1544027814     114136         1              
82             10.9732        10.7812        0.051967       0.140003       1544027803     368638         1544027814     341822         1              
86             11.1737        10.9932        0.047974       0.132519       1544027803     376636         1544027814     550348         1              
88             11.456         11.224         0.068009       0.128007       1544027803     389786         1544027814     845819         1              
93             11.676         11.48          0.051969       0.143999       1544027803     401788         1544027815     77819          1              
94             11.836         11.704         7.2e-05        0.131902       1544027803     421786         1544027815     257822         1              
99             12.0482        11.864         0.035871       0.148022       1544027803     429795         1544027815     478028         1              
101            12.2323        12.08          3e-05          0.152077       1544027803     437789         1544027815     670133         1              
104            12.432         12.264         7.2e-05        0.164043       1544027803     453787         1544027815     885835         1              
108            12.6764        12.472         0.047884       0.156139       1544027803     465787         1544027816     142158         1              
111            12.8121        12.676         2.8e-05        0.135958       1544027803     477785         1544027816     289837         1              
110            12.9883        12.8243        0.0477         0.116127       1544027803     477786         1544027816     466131         1              
113            13.2284        13.048         0.035875       0.144142       1544027803     477788         1544027816     706162         1              
109            13.4483        13.276         0.03987        0.13213        1544027803     481785         1544027816     930133         1              
112            13.6084        13.472         0.000145       0.135864       1544027803     481787         1544027817     90164          1              
115            13.8157        13.6354        0.044028       0.128126       1544027803     482429         1544027817     298128         1              
118            14.0295        13.876         0.023931       0.109423       1544027803     485793         1544027817     515245         1              
117            14.2962        14.092         0.047973       0.152153       1544027803     489785         1544027817     785950         1              
122            14.4961        14.3083        0.043569       0.143999       1544027803     493787         1544027817     989838         1              
114            14.7243        14.5528        0.035186       0.136141       1544027803     493788         1544027818     218138         1              
124            14.9886        14.792         0.03988        0.156404       1544027803     501786         1544027818     490412         1              
120            15.24          15.024         0.05197        0.164008       1544027803     501794         1544027818     741822         1              
116            15.4188        15.275         0.043966       0.099825       1544027803     502851         1544027818     921641         1              
121            15.732         15.464         0.071978       0.196009       1544027803     505787         1544027819     237818         1              
129            16.048         15.7721        0.075944       0.200004       1544027803     505788         1544027819     553817         1              
125            16.344         16.108         0.063963       0.172006       1544027803     505787         1544027819     849819         1              
119            16.648         16.4           0.071984       0.176005       1544027803     509787         1544027820     157818         1              
33             17.0081        14.636         2.16789        0.203997       1544027803     169786         1544027820     177836         1              
130            16.984         16.744         0.063975       0.176008       1544027803     509788         1544027820     493820         1              
123            17.2163        17.0001        0.051877       0.164126       1544027803     509788         1544027820     726130         1              
35             17.7325        17.0561        0.051955       0.624268       1544027803     177788         1544027820     910260         1              
126            17.508         17.256         0.067979       0.184007       1544027803     513787         1544027821     21818          1              
40             17.9761        17.784         0.047955       0.144021       1544027803     185792         1544027821     161846         1              
37             18.004         16.7921        0.991943       0.219994       1544027803     173789         1544027821     177835         1              
127            17.8204        17.584         0.063984       0.172155       1544027803     517788         1544027821     338163         1              
135            17.8884        17.8561        0.000135       0.031862       1544027803     517788         1544027821     406156         1              
42             18.2363        17.9841        0.059876       0.192216       1544027803     205787         1544027821     442053         1              
38             18.332         18.044         0.059878       0.227996       1544027803     177788         1544027821     509825         1              
44             18.5884        18.272         0.02815        0.287876       1544027803     209787         1544027821     798144         1              
132            18.2841        17.9921        0.059821       0.22853        1544027803     517789         1544027821     801848         1              
43             18.8161        18.4841        0.044694       0.236025       1544027803     189788         1544027822     5865           1              
47             19.0297        18.7361        0.10365        0.181483       1544027803     213788         1544027822     243495         1              
128            18.7516        18.4593        0.06398        0.224149       1544027803     518556         1544027822     270169         1              
54             19.1126        18.8125        0.112009       0.100018       1544027803     241383         1544027822     354026         1              
50             19.3764        19.1561        0.04395        0.176153       1544027803     229785         1544027822     606144         1              
57             19.3567        19.156         0.043974       0.156534       1544027803     249791         1544027822     606529         1              
139            19.0851        18.856         0.071965       0.156878       1544027803     521785         1544027822     606875         1              
136            19.3255        19.116         0.039971       0.169245       1544027803     521788         1544027822     847245         1              
51             19.7051        19.46          0.059576       0.140908       1544027803     229787         1544027822     934919         1              
59             19.6657        19.3961        0.063954       0.20551        1544027803     269789         1544027822     935505         1              
60             19.8725        19.7086        0.000222       0.163681       1544027803     249341         1544027823     121823         1              
64             20.0806        19.8121        0.084          0.152375       1544027803     281786         1544027823     362371         1              
58             20.1009        19.916         0.035975       0.128977       1544027803     261786         1544027823     362672         1              
140            19.8374        19.432         0.099864       0.205177       1544027803     525786         1544027823     363190         1              
61             20.244         20.1           3.3e-05        0.143942       1544027803     277792         1544027823     521828         1              
131            20.0844        19.884         0.055962       0.144157       1544027803     525787         1544027823     610163         1              
66             20.3684        20.148         0.055977       0.164147       1544027803     293787         1544027823     662144         1              
65             20.4804        20.2601        0.055955       0.164178       1544027803     293787         1544027823     774187         1              
138            20.3524        20.156         0.008071       0.104104       1544027803     525787         1544027823     878176         1              
68             20.6885        20.4564        0.047522       0.184234       1544027803     305786         1544027823     994245         1              
67             20.784         20.544         0.066719       0.159981       1544027803     301785         1544027824     85828          1              
133            20.7284        20.428         0.083732       0.164146       1544027803     525787         1544027824     254160         1              
74             20.9477        20.74          0.016004       0.159481       1544027803     317787         1544027824     265495         1              
72             21.1124        20.888         0.010779       0.164902       1544027803     317787         1544027824     430143         1              
134            21.1604        20.876         0.083905       0.172179       1544027803     529785         1544027824     690204         1              
77             21.3609        21.064         0.067937       0.184711       1544027803     329788         1544027824     690734         1              
73             21.3654        21.1481        0.051861       0.165125       1544027803     325789         1544027824     691152         1              
78             21.5916        21.36          0.05596        0.17553        1544027803     349786         1544027824     941346         1              
76             21.612         21.416         0.047966       0.148003       1544027803     337785         1544027824     949824         1              
141            21.4241        21.232         0.051974       0.140027       1544027803     533786         1544027824     957855         1              
81             21.836         21.6081        0.000134       0.216042       1544027803     357787         1544027825     193802         1              
79             21.8804        21.648         0.007859       0.172131       1544027803     357785         1544027825     238139         1              
145            21.7082        21.548         0.043961       0.116038       1544027803     533786         1544027825     242029         1              
83             22.0795        21.912         0.047949       0.119513       1544027803     373786         1544027825     453328         1              
84             22.092         21.8961        0.044016       0.148004       1544027803     373787         1544027825     465825         1              
146            21.9364        21.736         0.048012       0.148193       1544027803     537787         1544027825     474189         1              
85             22.2556        22.108         0.04           0.103569       1544027803     381790         1544027825     637382         1              
149            22.1483        21.968         0.028739       0.151285       1544027803     537788         1544027825     686137         1              
87             22.3044        22.124         0.04396        0.136188       1544027803     385788         1544027825     690182         1              
147            22.3558        22.1601        0.051948       0.143732       1544027803     541786         1544027825     897546         1              
89             22.5039        22.3281        0.039952       0.13584        1544027803     393787         1544027825     897663         1              
91             22.5041        22.3441        3.8e-05        0.156068       1544027803     393787         1544027825     897900         1              
90             22.692         22.528         0.043966       0.120008       1544027803     401789         1544027826     93818          1              
144            22.572         22.4           0.043968       0.12801        1544027803     541793         1544027826     113819         1              
92             22.7124        22.56          0.047972       0.104204       1544027803     405785         1544027826     118193         1              
96             22.9236        22.704         0.051965       0.167389       1544027803     425786         1544027826     349386         1              
150            22.8042        22.604         0.039978       0.15999        1544027803     549788         1544027826     353977         1              
98             22.9286        22.74          0.063881       0.124345       1544027803     425791         1544027826     354363         1              
97             23.1038        22.976         0.045121       0.082651       1544027803     433787         1544027826     537613         1              
100            23.16          22.9441        0.055939       0.160008       1544027803     437786         1544027826     597821         1              
148            23.128         22.836         0.055986       0.236007       1544027803     553785         1544027826     681831         1              
102            23.3324        23.1241        0.043955       0.164136       1544027803     441786         1544027826     774141         1              
95             23.5679        23.2476        0.079928       0.212094       1544027803     446226         1544027827     14110          1              
105            23.5724        23.376         0.007774       0.132183       1544027803     453789         1544027827     26185          1              
151            23.4687        23.2           0.131912       0.11671        1544027803     557785         1544027827     26533          1              
137            23.6937        23.5017        0.043889       0.14785        1544027803     560122         1544027827     253859         1              
103            23.7959        23.6074        0.040332       0.147797       1544027803     458394         1544027827     254270         1              
107            23.8164        23.624         0.047964       0.144153       1544027803     465787         1544027827     282158         1              
152            23.8921        23.7208        0.039223       0.131864       1544027803     561786         1544027827     453865         1              
106            24.0442        23.844         0.043955       0.144163       1544027803     465789         1544027827     509981         1              
154            24.1602        23.968         0.047898       0.140133       1544027803     561787         1544027827     721948         1              
142            24.3501        24.2057        0.035892       0.108134       1544027803     568082         1544027827     918136         1              
155            24.532         24.364         0.043958       0.124005       1544027803     569785         1544027828     101830         1              
153            24.716         24.564         0.039972       0.112005       1544027803     577786         1544027828     293819         1              
143            24.9163        24.772         0.035883       0.108125       1544027803     581785         1544027828     498135         1              
156            25.1124        24.964         0.03997        0.1082         1544027803     581785         1544027828     694189         1              
157            25.3284        25.14          0.040011       0.140149       1544027803     581787         1544027828     910144         1              
158            25.5444        25.36          0.039888       0.14413        1544027803     589785         1544027829     134137         1              
160            25.7283        25.568         0.03988        0.120133       1544027803     593788         1544027829     322137         1              
162            25.944         25.748         0.047965       0.148012       1544027803     597786         1544027829     541824         1              
161            26.196         26             0.047965       0.148013       1544027803     597787         1544027829     793826         1              
159            26.3756        26.22          0.047968       0.107558       1544027803     601789         1544027829     977368         1              
164            26.5924        26.408         0.043871       0.140149       1544027803     609787         1544027830     202137         1              
163            26.7804        26.6           0.043968       0.136147       1544027803     617786         1544027830     398139         1              
165            26.9464        26.7901        0.039978       0.112144       1544027803     623761         1544027830     570160         1              
167            27.1643        26.988         0.031978       0.140129       1544027803     629788         1544027830     794131         1              
171            27.36          27.176         0.039997       0.140002       1544027803     629788         1544027830     989825         1              
170            27.5683        27.4           0.039875       0.128128       1544027803     633790         1544027831     202136         1              
168            27.7123        27.584         0.000134       0.127885       1544027803     637786         1544027831     350134         1              
166            27.8982        27.7542        0.04388        0.100004       1544027803     639670         1544027831     537832         1              
169            28.0951        27.928         0.035881       0.130893       1544027803     641786         1544027831     736900         1              
172            28.312         28.14          0.039972       0.132008       1544027803     645788         1544027831     957832         1              
174            28.5364        28.372         0.039974       0.124155       1544027803     649788         1544027832     186149         1              
177            28.6762        28.536         0.031848       0.108021       1544027803     657787         1544027832     334025         1              
178            28.8164        28.688         0.032183       0.095816       1544027803     665785         1544027832     482135         1              
176            29.0321        28.856         0.043965       0.132013       1544027803     665788         1544027832     697840         1              
173            29.2683        29.104         0.039871       0.124131       1544027803     669785         1544027832     938134         1              
175            29.5401        29.32          0.075919       0.132004       1544027803     673785         1544027833     213838         1              
179            29.7044        29.568         0.035967       0.100181       1544027803     673786         1544027833     378181         1              
180            29.8764        29.756         0.03198        0.08814        1544027803     677786         1544027833     554164         1              
182            30.0641        29.9081        0.05193        0.096145       1544027803     685787         1544027833     749897         1              
181            30.3043        30.128         0.047969       0.128144       1544027803     685788         1544027833     990136         1              
186            30.4527        30.32          0.035963       0.092152       1544027803     697785         1544027834     150519         1              
183            30.5684        30.4761        4.3e-05        0.088157       1544027803     701785         1544027834     270182         1              
185            30.7002        30.624         0.000129       0.075785       1544027803     701786         1544027834     402023         1              
184            30.872         30.724         0.035974       0.112008       1544027803     705786         1544027834     577822         1              
188            31.008         30.892         0.031979       0.084008       1544027803     705787         1544027834     713819         1              
189            31.1481        31.0486        3e-05          0.099427       1544027803     709786         1544027834     857841         1              
187            31.3168        31.204         0.023885       0.088607       1544027803     713785         1544027835     30609          1              
