TotQLat.       ScalerLat      getDevLat      getPrgLat      Req.Type       
0.000514       0.000459       4.6e-05        0              0              
2e-05          1e-06          0              1.6e-05        1              
5.3e-05        0              4.4e-05        0              0              
1.2e-05        0              0              1.1e-05        1              
5.4e-05        0              4.8e-05        0              0              
1.2e-05        0              0              1e-05          1              
3.1e-05        0              2.8e-05        0              0              
3e-06          0              0              1e-06          1              
3.4e-05        0              3.2e-05        0              0              
2e-06          0              0              1e-06          1              
3.3e-05        0              3.2e-05        0              0              
2e-06          0              0              1e-06          1              
3.4e-05        0              3.1e-05        0              0              
3e-06          0              0              1e-06          1              
3.3e-05        0              3.1e-05        0              0              
2e-06          0              0              1e-06          1              
3.1e-05        0              3e-05          0              0              
3e-06          1e-06          0              1e-06          1              
3.4e-05        0              3.2e-05        0              0              
0.000169       0.000167       0              1e-06          1              
0.000201       0.000167       3.1e-05        0              0              
3e-06          0              0              1e-06          1              
3.2e-05        0              3.1e-05        0              0              
3e-06          0              0              1e-06          1              
3.5e-05        0              3.2e-05        0              0              
3e-06          0              0              1e-06          1              
3.3e-05        0              3.1e-05        0              0              
2e-06          0              0              1e-06          1              
3.3e-05        0              3.1e-05        0              0              
3e-06          0              0              2e-06          1              
5.8e-05        0              5.3e-05        0              0              
4e-06          0              0              1e-06          1              
3.7e-05        0              3.4e-05        0              0              
3e-06          0              0              1e-06          1              
3.6e-05        0              3.4e-05        0              0              
3e-06          0              0              1e-06          1              
3.5e-05        0              3.3e-05        0              0              
3e-06          0              0              1e-06          1              
3.3e-05        0              3.1e-05        0              0              
0.000158       0.000155       0              1e-06          1              
0.000177       0.000144       3e-05          0              0              
4e-06          0              0              1e-06          1              
3.5e-05        0              3.3e-05        0              0              
2e-06          0              0              0              1              
3.6e-05        0              3.4e-05        0              0              
3e-06          0              0              1e-06          1              
3.5e-05        0              3.2e-05        0              0              
3e-06          0              0              1e-06          1              
3.6e-05        0              3.4e-05        0              0              
3e-06          0              0              1e-06          1              
3.4e-05        0              3.3e-05        0              0              
3e-06          0              0              1e-06          1              
3.4e-05        0              3.2e-05        0              0              
3.3e-05        0              3.1e-05        0              0              
4e-06          0              0              1e-06          1              
3.4e-05        0              3.2e-05        0              0              
3.6e-05        0              3.2e-05        0              0              
0.000325       0.000322       0              1e-06          1              
0.000172       0.000169       0              1e-06          1              
0.000171       0.000168       0              1e-06          1              
0.000197       0.000164       3.1e-05        0              0              
4e-06          0              0              1e-06          1              
3.5e-05        0              3.2e-05        0              0              
4e-06          0              0              1e-06          1              
3.5e-05        0              3.3e-05        0              0              
3e-06          0              0              1e-06          1              
3.4e-05        0              3.2e-05        0              0              
3e-06          0              0              1e-06          1              
3.4e-05        1e-06          3.2e-05        0              0              
3e-06          0              0              1e-06          1              
3.5e-05        0              3.2e-05        0              0              
3e-06          0              0              1e-06          1              
3.3e-05        0              3.1e-05        0              0              
3e-06          0              0              1e-06          1              
3.4e-05        0              3.2e-05        0              0              
2e-06          0              0              1e-06          1              
3.3e-05        0              3.1e-05        0              0              
2e-06          0              0              1e-06          1              
3.3e-05        0              3.1e-05        0              0              
0.000152       0.000149       0              1e-06          1              
0.000191       0.000157       3.1e-05        0              0              
3e-06          0              0              0              1              
3.5e-05        0              3.3e-05        0              0              
2e-06          0              0              0              1              
3.4e-05        0              3.2e-05        0              0              
3e-06          0              0              1e-06          1              
3.3e-05        0              3.1e-05        0              0              
3e-06          0              0              0              1              
3.4e-05        0              3.2e-05        0              0              
2e-06          0              0              1e-06          1              
3.3e-05        0              3.1e-05        0              0              
3e-06          0              0              1e-06          1              
3.4e-05        0              3.1e-05        0              0              
3e-06          0              0              1e-06          1              
3.4e-05        0              3.1e-05        0              0              
3e-06          0              0              1e-06          1              
3.4e-05        0              3.2e-05        0              0              
3e-06          0              0              1e-06          1              
3.3e-05        1e-06          3.1e-05        0              0              
0.000147       0.000144       0              0              1              
0.000179       0.000146       3.1e-05        0              0              
3e-06          0              0              1e-06          1              
3.4e-05        0              3.1e-05        0              0              
3e-06          1e-06          0              1e-06          1              
3.5e-05        0              3.3e-05        0              0              
3e-06          0              0              1e-06          1              
3.4e-05        0              3.1e-05        0              0              
3e-06          0              0              0              1              
3.4e-05        0              3.1e-05        0              0              
3e-06          0              0              1e-06          1              
3.4e-05        0              3.1e-05        0              0              
3e-06          0              0              1e-06          1              
3.4e-05        0              3.2e-05        0              0              
2e-06          0              0              1e-06          1              
3.3e-05        0              3.1e-05        0              0              
3e-06          0              0              1e-06          1              
3.3e-05        0              3.1e-05        0              0              
3e-06          0              0              1e-06          1              
3.3e-05        0              3.1e-05        0              0              
0.000151       0.000148       0              1e-06          1              
0.000178       0.000145       3.1e-05        0              0              
3e-06          0              0              1e-06          1              
3.4e-05        0              3.1e-05        0              0              
3e-06          0              0              1e-06          1              
3.5e-05        0              3.2e-05        0              0              
3e-06          0              0              1e-06          1              
3.4e-05        0              3.2e-05        0              0              
4e-06          0              0              0              1              
3.4e-05        0              3.1e-05        0              0              
3e-06          0              0              1e-06          1              
3.3e-05        1e-06          3.1e-05        0              0              
3e-06          0              0              1e-06          1              
3.4e-05        0              3.2e-05        0              0              
3e-06          0              0              1e-06          1              
3.4e-05        0              3.2e-05        0              0              
3e-06          0              0              1e-06          1              
3.3e-05        0              3.1e-05        0              0              
2e-06          0              0              1e-06          1              
3.3e-05        0              3.1e-05        0              0              
0.000157       0.000155       0              1e-06          1              
0.00019        0.000157       3.1e-05        0              0              
3e-06          0              0              1e-06          1              
3.4e-05        0              3.2e-05        0              0              
3e-06          0              0              1e-06          1              
3.1e-05        0              2.9e-05        0              0              
3e-06          0              0              1e-06          1              
3.3e-05        0              3.1e-05        0              0              
3e-06          0              0              1e-06          1              
3.5e-05        0              3.3e-05        0              0              
3e-06          0              0              1e-06          1              
3.3e-05        0              3.1e-05        0              0              
3e-06          0              0              1e-06          1              
3.3e-05        0              3.1e-05        0              0              
3e-06          0              0              1e-06          1              
3.4e-05        0              3.1e-05        0              0              
3e-06          0              0              1e-06          1              
3.4e-05        0              3.2e-05        0              0              
3e-06          0              0              1e-06          1              
3.3e-05        0              3.1e-05        0              0              
0.00015        0.000147       0              1e-06          1              
0.000182       0.000149       3e-05          0              0              
3e-06          0              0              1e-06          1              
3.4e-05        0              3.2e-05        0              0              
3e-06          0              0              1e-06          1              
3.3e-05        0              3.1e-05        0              0              
2e-06          0              0              1e-06          1              
3.5e-05        0              3.2e-05        0              0              
3e-06          0              0              1e-06          1              
3.3e-05        0              3.1e-05        0              0              
2e-06          0              0              1e-06          1              
3.4e-05        0              3.1e-05        0              0              
3e-06          0              0              1e-06          1              
3.4e-05        0              3.2e-05        0              0              
2e-06          0              0              1e-06          1              
3.3e-05        0              3.1e-05        0              0              
3e-06          0              0              1e-06          1              
3.4e-05        0              3.1e-05        0              0              
3e-06          0              0              0              1              
3.5e-05        0              3.3e-05        0              0              
0.000186       0.000184       0              1e-06          1              
0.000235       0.000201       3.1e-05        0              0              
3e-06          0              0              0              1              
3.2e-05        0              3e-05          0              0              
3.1e-05        0              2.9e-05        0              0              
3.2e-05        0              2.9e-05        0              0              
3.1e-05        0              2.9e-05        0              0              
8.5e-05        0              8.3e-05        0              0              
3e-06          0              0              1e-06          1              
3.2e-05        0              3e-05          0              0              
3.5e-05        0              3.1e-05        0              0              
3.6e-05        0              3.4e-05        0              0              
3.1e-05        1e-06          2.9e-05        0              0              
0.000153       0.00015        0              1e-06          1              
0.000181       0.000149       3e-05          0              0              
3.1e-05        0              2.9e-05        0              0              
3.3e-05        0              3.1e-05        0              0              
3e-05          0              2.9e-05        0              0              
3e-05          0              2.8e-05        0              0              
3e-05          0              2.8e-05        0              0              
3e-06          0              0              1e-06          1              
3e-05          0              2.9e-05        0              0              
3.7e-05        0              3.6e-05        0              0              
3.1e-05        0              2.9e-05        0              0              
5.1e-05        1e-06          4.9e-05        0              0              
0.000157       0.000155       0              1e-06          1              
0.000186       0.000153       2.9e-05        0              0              
3.2e-05        0              3e-05          0              0              
2e-06          0              0              1e-06          1              
3e-06          1e-06          0              1e-06          1              
3e-06          0              0              0              1              
3.4e-05        0              3.2e-05        0              0              
3.4e-05        0              3.2e-05        0              0              
3.1e-05        0              2.9e-05        0              0              
3e-06          0              0              1e-06          1              
3e-05          0              2.9e-05        0              0              
3.5e-05        0              3.3e-05        0              0              
3.1e-05        0              3e-05          0              0              
3e-06          0              0              1e-06          1              
3.3e-05        0              3e-05          0              0              
3.3e-05        0              3e-05          0              0              
0.012108       0.012075       3e-05          0              0              
3e-06          0              0              1e-06          1              
3.1e-05        0              2.9e-05        0              0              
4e-06          0              0              2e-06          1              
0.000188       0              0.000186       0              0              
0.015847       0              0.015846       0              0              
3.1e-05        0              2.9e-05        0              0              
2e-06          0              0              0              1              
3e-06          0              0              1e-06          1              
2e-06          0              0              0              1              
3.3e-05        0              3.1e-05        0              0              
0.000147       0              0.000144       0              0              
0.000133       0              0.00013        0              0              
0.012023       0              0.01202        0              0              
3e-06          0              0              1e-06          1              
3.5e-05        0              3.4e-05        0              0              
0.00023        0.000197       3e-05          0              0              
3e-05          0              2.9e-05        0              0              
2e-06          0              0              1e-06          1              
3.3e-05        0              3.1e-05        0              0              
3e-06          0              0              1e-06          1              
3.2e-05        0              3e-05          0              0              
3e-06          0              0              1e-06          1              
3e-05          0              2.9e-05        0              0              
0.000106       0              0.000104       0              0              
3e-06          0              0              1e-06          1              
4e-05          0              3.9e-05        0              0              
4.3e-05        0              4.1e-05        0              0              
3.4e-05        0              3.2e-05        0              0              
3e-06          0              0              1e-06          1              
3.1e-05        0              2.9e-05        0              0              
0.000197       0.000165       2.9e-05        0              0              
3.2e-05        0              3.1e-05        0              0              
3.1e-05        0              2.9e-05        0              0              
3e-05          0              2.8e-05        0              0              
4e-06          0              0              1e-06          1              
3e-06          0              0              1e-06          1              
0.000134       0              0.000132       0              0              
5e-06          0              0              2e-06          1              
0.000127       0              0.000125       0              0              
0.020088       0              0.020084       0              0              
9.5e-05        0              9.3e-05        0              0              
3.1e-05        0              3e-05          0              0              
3e-05          0              2.9e-05        0              0              
0.000315       0.000312       0              1e-06          1              
0.000262       0.000229       3e-05          0              0              
3e-06          0              0              1e-06          1              
3.7e-05        0              3.4e-05        0              0              
1.4e-05        0              0              1.2e-05        1              
3.5e-05        0              3.3e-05        0              0              
3e-06          0              0              1e-06          1              
2e-06          0              0              1e-06          1              
3.9e-05        0              3.7e-05        0              0              
1.6e-05        0              0              1.4e-05        1              
2e-06          0              0              1e-06          1              
3.3e-05        0              3.1e-05        0              0              
4e-05          0              3.7e-05        0              0              
3.1e-05        0              0              2.4e-05        1              
4.4e-05        0              4.1e-05        0              0              
1.5e-05        0              0              1.4e-05        1              
3e-06          0              0              1e-06          1              
3.3e-05        0              3.2e-05        0              0              
3.1e-05        0              3e-05          0              0              
3.1e-05        0              2.9e-05        0              0              
0.008136       0.008101       3.2e-05        0              0              
3e-06          0              0              2e-06          1              
3.3e-05        0              3.1e-05        0              0              
3.4e-05        0              3.2e-05        0              0              
3.2e-05        0              2.9e-05        0              0              
3.3e-05        0              3.1e-05        0              0              
3.4e-05        0              3.2e-05        0              0              
3e-05          0              2.9e-05        0              0              
4e-06          0              0              1e-06          1              
3.2e-05        0              3.1e-05        0              0              
0.016032       0              0.016029       0              0              
3.5e-05        0              3.2e-05        0              0              
0.000247       0.000214       3.1e-05        0              0              
3e-06          0              0              1e-06          1              
3e-06          1e-06          0              1e-06          1              
3e-06          0              0              1e-06          1              
0.008023       0              0.008022       0              0              
3e-05          0              2.8e-05        0              0              
4e-06          0              0              2e-06          1              
3.3e-05        0              3.1e-05        0              0              
3.1e-05        0              3e-05          0              0              
3e-06          0              0              1e-06          1              
3.3e-05        0              3.1e-05        0              0              
3.2e-05        0              3e-05          0              0              
4e-06          0              0              2e-06          1              
3.3e-05        0              3.2e-05        0              0              
0.003961       0              0.003959       0              0              
3e-06          0              0              1e-06          1              
2e-06          1e-06          0              1e-06          1              
3.1e-05        0              2.9e-05        0              0              
0.0002         0.000196       0              1e-06          1              
0.000323       0.00029        3.2e-05        0              0              
4e-06          0              0              2e-06          1              
3.4e-05        0              3.3e-05        0              0              
3e-06          0              0              1e-06          1              
3.2e-05        0              3e-05          0              0              
3e-06          0              0              1e-06          1              
3.3e-05        0              3.2e-05        0              0              
1.3e-05        0              0              1.1e-05        1              
4.7e-05        0              4.2e-05        0              0              
3e-06          0              0              1e-06          1              
3.5e-05        0              3.3e-05        0              0              
0.004185       0              0.004183       0              0              
5e-06          0              0              2e-06          1              
0.000149       0              0.000148       0              0              
4e-06          0              0              1e-06          1              
4.5e-05        1e-06          4.2e-05        0              0              
3.4e-05        0              3.1e-05        0              0              
0.000255       0.000252       0              0              1              
0.000262       0.000228       3.1e-05        0              0              
2e-06          0              0              1e-06          1              
3e-06          0              0              2e-06          1              
3.4e-05        0              3.2e-05        0              0              
3.5e-05        0              3.2e-05        0              0              
3.2e-05        0              3e-05          0              0              
3.3e-05        0              3.1e-05        0              0              
3e-06          1e-06          0              1e-06          1              
3.6e-05        0              3.4e-05        0              0              
2e-06          0              0              1e-06          1              
3e-06          0              0              1e-06          1              
0.000136       0              0.000133       0              0              
0.000135       0              0.00013        0              0              
4e-06          0              0              1e-06          1              
8e-06          0              0              3e-06          1              
0.00806        0              0.008058       0              0              
6e-06          0              0              2e-06          1              
0.008082       0              0.00808        0              0              
0.002787       0.002783       0              2e-06          1              
0.002669       0.002563       0.000104       0              0              
0.000131       0              0.000127       0              0              
0.000131       0              0.000128       0              0              
0.000122       0              0.000117       0              0              
5e-06          1e-06          0              2e-06          1              
6e-06          0              0              2e-06          4              
5e-06          0              0              2e-06          1              
4.2e-05        0              3.8e-05        0              0              
3e-06          0              0              1e-06          1              
3.9e-05        0              3.6e-05        0              0              
3e-06          0              0              2e-06          1              
2e-06          0              0              0              1              
3.5e-05        0              3.3e-05        0              0              
3.7e-05        1e-06          3.5e-05        0              0              
3e-06          0              0              1e-06          1              
3.5e-05        0              3.3e-05        0              0              
6e-06          0              0              2e-06          1              
0.000133       0              0.000132       0              0              
0.028429       0.028395       3.2e-05        0              0              
3.3e-05        0              3e-05          0              0              
3.1e-05        0              2.9e-05        0              0              
3.1e-05        0              2.9e-05        0              0              
3e-05          0              2.9e-05        0              0              
3e-05          0              2.8e-05        0              0              
3.5e-05        0              3.3e-05        0              0              
0.000132       0              0.00013        0              0              
4e-06          0              0              1e-06          1              
4e-06          0              0              2e-06          1              
0.00013        0              0.000128       0              0              
0.000128       0              0.000125       0              0              
0.003277       0.003171       0.000104       0              0              
0.00011        0              0.000106       0              0              
0.000108       0              0.000105       0              0              
0.000112       0              0.000109       0              0              
0.000201       0              0.000197       0              0              
0.000129       0              0.000126       0              0              
4e-06          0              0              1e-06          1              
3e-06          1e-06          0              1e-06          1              
3.6e-05        0              3.4e-05        0              0              
3.2e-05        1e-06          3e-05          0              0              
4e-06          0              0              1e-06          1              
3.5e-05        0              3.4e-05        0              0              
3.3e-05        0              3.2e-05        0              0              
0.007999       0.000444       0.007553       0              0              
3.1e-05        0              2.9e-05        0              0              
2.8e-05        0              2.6e-05        0              0              
2.7e-05        0              2.5e-05        0              0              
2.7e-05        0              2.6e-05        0              0              
3.1e-05        0              3e-05          0              0              
3e-05          0              2.8e-05        0              0              
0.003612       0              0.003611       0              0              
2.9e-05        1e-06          2.7e-05        0              0              
3.1e-05        0              2.9e-05        0              0              
0.027984       0.020161       0.007822       0              0              
3.4e-05        1e-06          3.1e-05        0              0              
3.1e-05        0              2.9e-05        0              0              
3.2e-05        0              3.1e-05        0              0              
3.1e-05        0              2.9e-05        0              0              
3.1e-05        0              2.9e-05        0              0              
3e-05          0              2.8e-05        0              0              
3.1e-05        0              2.9e-05        0              0              
3.1e-05        0              2.9e-05        0              0              
3e-06          0              0              2e-06          1              
4e-05          0              3.8e-05        0              0              
0.000505       0.000462       3.8e-05        0              0              
3.9e-05        0              3.7e-05        0              0              
3.8e-05        0              3.6e-05        0              0              
3e-06          0              0              1e-06          1              
4.2e-05        0              4e-05          0              0              
3.8e-05        0              3.7e-05        0              0              
3.9e-05        0              3.7e-05        0              0              
6e-06          0              0              1e-06          1              
0.000133       0              0.000131       0              0              
0.00013        0              0.000126       0              0              
0.000129       0              0.000126       0              0              
0.000134       0              0.000131       0              0              
0.010028       0.009919       0.000105       0              0              
0.000122       0              0.000119       0              0              
0.000109       0              0.000106       0              0              
0.000111       0              0.000108       0              0              
5e-06          0              0              1e-06          1              
0.000107       0              0.000105       0              0              
0.00011        0              0.000107       0              0              
0.004065       0              0.004062       0              0              
0.000133       0              0.000128       0              0              
0.00013        0              0.000127       0              0              
0.003751       0              0.003748       0              0              
0.016181       0.016054       0.000124       0              0              
0.000128       0              0.000125       0              0              
0.000128       0              0.000125       0              0              
5e-06          0              0              1e-06          1              
0.000126       0              0.000125       0              0              
0.000129       0              0.000126       0              0              
0.000129       0              0.000126       0              0              
0.006957       1e-06          0.006954       0              0              
0.000129       0              0.000126       0              0              
0.000129       0              0.000126       0              0              
0.000128       0              0.000125       0              0              
0.004444       0.004313       0.000129       0              0              
0.000134       0              0.000131       0              0              
0.000129       0              0.000127       0              0              
0.000128       0              0.000125       0              0              
0.000132       0              0.000127       0              0              
0.000131       0              0.000126       0              0              
0.007915       0              0.007912       0              0              
5e-06          0              0              2e-06          1              
0.003953       0              0.003952       0              0              
0.000137       1e-06          0.000134       0              0              
0.000128       0              0.000125       0              0              
0.004443       0.004329       0.000111       0              0              
0.000129       0              0.000126       0              0              
0.000111       0              0.000108       0              0              
0.000109       0              0.000106       0              0              
0.00011        0              0.000107       0              0              
0.000185       0              0.000124       0              0              
0.000128       0              0.000125       0              0              
0.000128       0              0.000125       0              0              
0.000128       0              0.000126       0              0              
3.9e-05        0              3.8e-05        0              0              
0.014952       0.014827       0.000124       0              0              
4e-06          0              0              1e-06          1              
0.000127       0              0.000125       0              0              
0.00013        0              0.000128       0              0              
0.000129       0              0.000126       0              0              
0.004615       0              0.004612       0              0              
0.000128       0              0.000126       0              0              
5e-06          0              0              2e-06          1              
0.007709       0              0.007707       0              0              
0.000128       0              0.000125       0              0              
0.000129       0              0.000126       0              0              
0.003607       0              0.003605       0              0              
0.011963       0.00495        0.00701        0              0              
0.000121       0              0.000118       0              0              
0.000129       1e-06          0.000126       0              0              
0.00013        0              0.000127       0              0              
0.000137       0              0.000134       0              0              
0.000129       0              0.000126       0              0              
0.007121       0              0.007118       0              0              
0.000129       0              0.000125       0              0              
0.003817       0              0.003814       0              0              
0.000128       0              0.000125       0              0              
0.018283       0.018157       0.000124       0              0              
0.000129       0              0.000125       0              0              
0.000122       0              0.000119       0              0              
0.000109       0              0.000106       0              0              
0.000109       0              0.000106       0              0              
0.000109       0              0.000106       0              0              
0.000132       0              0.000128       0              0              
0.000131       0              0.000127       0              0              
0.004463       0              0.00446        0              0              
0.000137       0              0.000134       0              0              
0.02097        0.02078        0.000187       0              0              
0.000128       0              0.000125       0              0              
0.000128       0              0.000126       0              0              
0.000128       0              0.000125       0              0              
0.000189       0              0.000186       0              0              
0.000128       0              0.000125       0              0              
0.00013        0              0.000126       0              0              
0.000131       0              0.000128       0              0              
0.000189       0              0.000185       0              0              
0.000129       0              0.000126       0              0              
0.014245       0.01412        0.000122       0              0              
0.000129       0              0.000126       0              0              
0.00013        0              0.000126       0              0              
0.000127       0              0.000125       0              0              
0.000135       1e-06          0.000132       0              0              
0.000128       0              0.000125       0              0              
0.006184       0              0.006181       0              0              
0.000128       1e-06          0.000125       0              0              
0.000128       0              0.000125       0              0              
0.000128       0              0.000125       0              0              
0.002484       0.002361       0.000119       0              0              
0.000129       0              0.000126       0              0              
0.008779       1e-06          0.008776       0              0              
0.004061       0              0.004058       0              0              
0.000135       0              0.000132       0              0              
0.000136       0              0.000133       0              0              
0.000135       0              0.000132       0              0              
0.000135       0              0.000132       0              0              
0.000136       0              0.000133       0              0              
0.007105       0              0.007102       0              0              
0.008684       0.008596       8.5e-05        0              0              
0.000126       0              0.000122       0              0              
0.000128       0              0.000125       0              0              
0.00013        0              0.000127       0              0              
0.006783       0              0.00678        0              0              
0.000137       0              0.000134       0              0              
0.0038         0              0.003797       0              0              
0.000138       0              0.000135       0              0              
0.000128       0              0.000124       0              0              
0.000128       0              0.000124       0              0              
0.00119        0.0011         8.8e-05        0              0              
0.000131       0              0.000128       0              0              
0.000129       0              0.000126       0              0              
0.000129       0              0.000126       0              0              
0.000131       0              0.000128       0              0              
0.000129       1e-06          0.000126       0              0              
0.000129       1e-06          0.000126       0              0              
0.000132       0              0.000129       0              0              
0.000129       1e-06          0.000126       0              0              
0.008452       0              0.008448       0              0              
0.016514       0.009465       0.007045       0              0              
0.000129       0              0.000126       0              0              
0.000128       0              0.000125       0              0              
0.000128       0              0.000125       0              0              
0.00013        0              0.000126       0              0              
5e-06          0              0              2e-06          1              
0.003325       0              0.003324       0              0              
0.000129       0              0.000126       0              0              
0.000129       0              0.000126       0              0              
0.000128       0              0.000125       0              0              
0.000129       0              0.000126       0              0              
0.020667       0.02054        0.000123       0              0              
0.000129       0              0.000127       0              0              
0.000129       0              0.000126       0              0              
0.011051       0              0.011048       0              0              
0.00012        0              0.000117       0              0              
0.000129       0              0.000126       0              0              
0.000127       0              0.000124       0              0              
0.000128       0              0.000125       0              0              
5e-06          0              0              2e-06          1              
0.007334       0              0.007332       0              0              
0.000129       0              0.000125       0              0              
0.008418       0.008295       0.00012        0              0              
0.000128       0              0.000125       0              0              
0.000129       0              0.000126       0              0              
0.000128       0              0.000125       0              0              
0.000129       1e-06          0.000125       0              0              
0.006736       1e-06          0.006733       0              0              
0.00012        0              0.000117       0              0              
0.000131       0              0.000127       0              0              
6e-06          0              0              1e-06          1              
0.000127       0              0.000125       0              0              
3.6e-05        0              3.5e-05        0              0              
0.015064       0.014955       0.000105       0              0              
0.00011        0              0.000107       0              0              
0.000134       0              0.000129       0              0              
0.000129       0              0.000125       0              0              
4e-06          0              0              1e-06          1              
3e-06          0              0              1e-06          1              
0.004101       1e-06          0.0041         0              0              
0.012126       0              0.012123       0              0              
4e-06          0              0              0              1              
0.000132       0              0.000129       0              0              
5e-06          0              0              1e-06          1              
3e-06          1e-06          0              1e-06          1              
0.016082       0              0.016078       0              0              
4e-06          0              0              0              1              
6e-06          0              0              0              1              
0.004032       0              0.004029       0              0              
5e-06          1e-06          0              2e-06          1              
4e-06          0              0              1e-06          1              
0.076249       0              0.076248       0              0              
0.012842       0.012836       0              1e-06          1              
0.00379        0.003787       0              1e-06          1              
0.01247        0.012334       0.000132       0              0              
6e-06          0              0              1e-06          1              
0.028327       0              0.028326       0              0              
5e-06          0              0              1e-06          1              
4e-06          0              0              1e-06          1              
2e-06          0              0              1e-06          1              
0.000133       0              0.000131       0              0              
4e-06          0              0              1e-06          1              
3e-06          0              0              1e-06          1              
3e-06          0              0              0              1              
3.7e-05        0              3.6e-05        0              0              
2e-06          0              0              1e-06          1              
3e-06          0              0              1e-06          1              
3e-06          0              0              0              1              
2e-06          0              0              1e-06          1              
0.008121       0              0.008119       0              0              
5e-06          0              0              1e-06          1              
5e-06          0              0              1e-06          1              
4e-06          0              0              1e-06          1              
4e-06          1e-06          0              1e-06          1              
2e-06          0              0              0              1              
0.068057       0              0.068055       0              0              
3e-06          0              0              1e-06          1              
5e-06          0              0              1e-06          1              
2e-06          0              0              1e-06          1              
4e-06          0              0              1e-06          1              
3.8e-05        0              3.6e-05        0              0              
2e-06          0              0              1e-06          1              
2e-06          0              0              1e-06          1              
4e-06          0              0              1e-06          1              
5e-06          0              0              1e-06          1              
2e-06          0              0              1e-06          1              
6e-06          0              0              1e-06          1              
4e-06          1e-06          0              0              1              
3e-06          0              0              1e-06          1              
4e-05          0              3.7e-05        0              0              
5e-06          0              0              0              1              
3e-06          0              0              1e-06          1              
6e-06          0              0              2e-06          1              
5e-06          0              0              1e-06          1              
6e-06          0              0              2e-06          1              
5e-06          0              0              1e-06          1              
5e-06          1e-06          0              1e-06          1              
5e-06          0              0              1e-06          1              
2e-06          0              0              0              1              
6e-06          0              0              2e-06          1              
6e-06          1e-06          0              2e-06          1              
6e-06          0              0              1e-06          1              
0.004071       0              0.004067       0              0              
5e-06          1e-06          0              2e-06          1              
6e-06          0              0              0              1              
6e-06          0              0              1e-06          1              
6e-06          0              0              2e-06          1              
6e-06          0              0              2e-06          1              
6e-06          0              0              1e-06          1              
6e-06          0              0              1e-06          1              
0.092052       0              0.092049       0              0              
0.000452       0.000448       0              2e-06          1              
0.000424       0.000391       3.2e-05        0              0              
4.8e-05        0              4.4e-05        0              0              
4e-06          0              0              2e-06          1              
2e-06          1e-06          0              1e-06          1              
4.5e-05        0              4.2e-05        0              0              
4e-06          0              0              2e-06          1              
0.000141       0              0.00014        0              0              
6e-06          0              0              2e-06          1              
3e-06          0              0              1e-06          1              
0.096128       0              0.096125       0              0              
0.000131       0              0.000128       0              0              
5e-06          0              0              2e-06          1              
0.032124       1e-06          0.03212        0              0              
6e-06          0              0              2e-06          1              
6e-06          0              0              2e-06          1              
0.09622        0              0.096217       0              0              
0.000131       0              0.000128       0              0              
6e-06          0              0              1e-06          1              
0.004044       0              0.004041       0              0              
0.000853       0.000849       0              1e-06          1              
0.000396       0.000389       0              3e-06          1              
0.000313       0.000309       0              1e-06          1              
0.016447       0.016401       4.3e-05        0              0              
5e-06          0              0              1e-06          1              
4e-06          0              0              3e-06          1              
6e-06          0              0              1e-06          1              
4e-06          0              0              1e-06          1              
4e-06          0              0              2e-06          1              
3e-06          0              0              2e-06          1              
3e-06          0              0              1e-06          1              
5.5e-05        0              5.3e-05        0              0              
6e-06          0              0              1e-06          1              
6e-06          0              0              1e-06          1              
0.000136       0              0.000134       0              0              
7e-06          1e-06          0              2e-06          1              
4e-06          0              0              3e-06          1              
0.000127       0              0.000126       0              0              
7e-06          0              0              3e-06          1              
4e-06          1e-06          0              1e-06          1              
7e-06          0              0              3e-06          1              
4e-06          0              0              1e-06          1              
3.9e-05        0              3.8e-05        0              0              
3e-06          0              0              1e-06          1              
6e-06          0              0              2e-06          1              
3e-06          0              0              0              1              
4.9e-05        0              4.7e-05        0              0              
6e-06          0              0              1e-06          1              
6e-06          0              0              1e-06          1              
7e-06          0              0              2e-06          1              
0.000132       0              0.000128       0              0              
6e-06          0              0              2e-06          1              
5e-06          0              0              0              1              
4e-06          0              0              1e-06          1              
6e-06          0              0              1e-06          1              
5e-06          0              0              1e-06          1              
0.000134       0              0.000132       0              0              
5e-06          0              0              0              1              
3e-06          0              0              1e-06          1              
5e-06          0              0              0              1              
5e-06          0              0              1e-06          1              
4e-06          0              0              0              1              
5e-06          1e-06          0              1e-06          1              
0.060182       0              0.060181       0              0              
5e-06          0              0              1e-06          1              
4e-06          0              0              1e-06          1              
2e-06          0              0              0              1              
7e-06          0              0              2e-06          1              
3e-06          0              0              1e-06          1              
4e-06          1e-06          0              2e-06          1              
6e-06          0              0              1e-06          1              
0.003969       0              0              0.003968       1              
5e-06          0              0              1e-06          1              
9e-06          0              0              1e-06          1              
0.048209       0              0.048205       0              0              
0.009612       0.009484       0.000124       0              0              
0.00013        0              0.000127       0              0              
0.000129       0              0.000126       0              0              
0.00013        1e-06          0.000126       0              0              
0.000128       1e-06          0.000125       0              0              
0.000129       0              0.000126       0              0              
0.000129       0              0.000126       0              0              
4.1e-05        0              3.7e-05        0              0              
3.3e-05        0              3.1e-05        0              0              
3.1e-05        0              3e-05          0              0              
0.000431       0.000399       3e-05          0              0              
3.1e-05        0              2.9e-05        0              0              
3.4e-05        0              3.2e-05        0              0              
3e-05          0              2.9e-05        0              0              
3.1e-05        0              3e-05          0              0              
3e-06          0              0              1e-06          1              
3.1e-05        0              2.9e-05        0              0              
3e-05          0              2.9e-05        0              0              
3.3e-05        0              3.1e-05        0              0              
2e-06          0              0              1e-06          1              
3e-05          0              2.9e-05        0              0              
3.1e-05        0              3e-05          0              0              
0.000443       0.000411       3e-05          0              0              
3.2e-05        0              2.9e-05        0              0              
3.1e-05        0              2.9e-05        0              0              
3.1e-05        0              2.9e-05        0              0              
3.2e-05        0              3e-05          0              0              
3e-05          0              2.9e-05        0              0              
3.1e-05        0              2.9e-05        0              0              
3.9e-05        0              3.7e-05        0              0              
3.1e-05        0              2.9e-05        0              0              
3.1e-05        0              2.8e-05        0              0              
0.000434       0.000403       3e-05          0              0              
3.1e-05        0              2.9e-05        0              0              
3.8e-05        0              3.5e-05        0              0              
3.2e-05        0              3e-05          0              0              
3e-05          0              2.8e-05        0              0              
3e-05          0              2.8e-05        0              0              
2e-06          0              0              1e-06          1              
3e-05          0              2.9e-05        0              0              
3.3e-05        0              3.1e-05        0              0              
3.1e-05        0              2.9e-05        0              0              
3.1e-05        1e-06          2.9e-05        0              0              
0.000443       0.000411       3.1e-05        0              0              
3.2e-05        0              3e-05          0              0              
3.1e-05        0              2.9e-05        0              0              
3e-05          0              2.9e-05        0              0              
3e-05          0              2.8e-05        0              0              
4.4e-05        0              3.9e-05        0              0              
3.3e-05        0              3.1e-05        0              0              
3.3e-05        0              3.1e-05        0              0              
3.1e-05        0              2.9e-05        0              0              
4.3e-05        0              3.9e-05        0              0              
0.000448       0.000416       3e-05          0              0              
3e-06          0              0              1e-06          1              
3.1e-05        0              3e-05          0              0              
3e-05          0              2.9e-05        0              0              
3e-05          0              2.8e-05        0              0              
3e-05          0              2.9e-05        0              0              
3.3e-05        0              3.1e-05        0              0              
3.1e-05        0              2.9e-05        0              0              
3.1e-05        0              2.9e-05        0              0              
6.5e-05        0              5.7e-05        0              0              
3.1e-05        0              2.9e-05        0              0              
0.000445       0.000413       3e-05          0              0              
1.7e-05        0              0              3e-06          1              
5e-05          0              4.8e-05        0              0              
6e-06          0              0              1e-06          1              
3.5e-05        0              3.3e-05        0              0              
4e-05          0              3.7e-05        0              0              
5e-06          0              0              1e-06          1              
3.5e-05        0              3.3e-05        0              0              
4e-06          0              0              1e-06          1              
3.5e-05        0              3.3e-05        0              0              
4e-06          0              0              2e-06          1              
1.9e-05        1e-06          0              1.7e-05        1              
3.2e-05        0              3.1e-05        0              0              
0.000171       0              0.000157       0              0              
8e-06          0              0              2e-06          1              
3e-06          1e-06          0              1e-06          1              
5.1e-05        0              4.7e-05        0              0              
4e-06          0              0              2e-06          1              
5e-06          0              0              2e-06          1              
0.004053       0              0.004052       0              0              
0.000462       0.000455       0              2e-06          1              
0.01608        0.012513       0.003564       0              0              
5e-06          0              0              2e-06          1              
7e-06          0              0              2e-06          1              
3e-06          0              0              1e-06          1              
5e-06          0              0              2e-06          1              
4e-06          0              0              1e-06          1              
7e-06          0              0              2e-06          1              
7e-06          0              0              2e-06          1              
0.108283       0              0.108277       0              0              
6e-06          0              0              3e-06          1              
7e-06          0              0              2e-06          1              
3e-06          0              0              1e-06          1              
0.056074       0              0.056071       0              0              
7e-06          0              0              3e-06          1              
6e-06          0              0              1e-06          1              
6e-06          0              0              1e-06          1              
3e-06          0              0              2e-06          1              
5e-06          0              0              1e-06          1              
4e-06          0              0              1e-06          1              
4e-06          1e-06          0              2e-06          1              
4e-06          0              0              2e-06          1              
0.048285       0              0.048282       0              0              
6e-06          0              0              3e-06          1              
5e-06          0              0              1e-06          1              
4e-06          0              0              2e-06          1              
6e-06          0              0              2e-06          1              
4e-06          0              0              1e-06          1              
3e-06          0              0              1e-06          1              
4e-06          0              0              2e-06          1              
5e-06          1e-06          0              2e-06          1              
0.076069       0              0.076066       0              0              
4e-06          0              0              2e-06          1              
2e-06          0              0              0              1              
4e-06          0              0              2e-06          1              
2e-06          1e-06          0              1e-06          1              
3e-06          0              0              0              1              
4e-06          0              0              2e-06          1              
7e-06          0              0              2e-06          1              
4e-06          0              0              1e-06          1              
4e-06          0              0              2e-06          1              
4e-06          0              0              2e-06          1              
5e-06          0              0              2e-06          1              
3e-06          0              0              2e-06          1              
2e-06          0              0              1e-06          1              
4.9e-05        0              4.7e-05        0              0              
7e-06          0              0              2e-06          1              
4e-06          0              0              2e-06          1              
6e-06          0              0              0              1              
2e-06          0              0              1e-06          1              
4e-06          0              0              2e-06          1              
2e-06          0              0              0              1              
3e-06          0              0              1e-06          1              
5e-06          0              0              1e-06          1              
3e-06          0              0              1e-06          1              
3e-06          0              0              2e-06          1              
4e-06          0              0              1e-06          1              
3e-06          0              0              2e-06          1              
3e-06          0              0              1e-06          1              
4e-06          0              0              2e-06          1              
2e-06          0              0              0              1              
4e-06          1e-06          0              1e-06          1              
4e-06          0              0              2e-06          1              
2e-06          0              0              1e-06          1              
4e-06          0              0              2e-06          1              
6e-06          0              0              2e-06          1              
7e-06          0              0              2e-06          1              
5e-05          0              4.8e-05        0              0              
3e-06          0              0              1e-06          1              
7e-06          1e-06          0              2e-06          1              
0.000133       0              0.000128       0              0              
0.000132       0              0.000128       0              0              
8e-06          0              0              2e-06          1              
0.048299       0              0.048296       0              0              
0.040916       0.040794       0.000119       0              0              
0.048243       0              0.04824        0              0              
5e-06          0              0              3e-06          1              
0.06417        0              0.064165       0              0              
5e-06          0              0              1e-06          1              
0.003912       0              0.003911       0              0              
5e-06          0              0              3e-06          1              
0.036205       0              0.036201       0              0              
0.000129       0              0.000126       0              0              
0.000133       0              0.000129       0              0              
5e-06          0              0              2e-06          1              
3e-06          0              0              2e-06          1              
6e-06          0              0              2e-06          1              
4.1e-05        0              3.8e-05        0              0              
3e-06          0              0              1e-06          1              
3e-06          0              0              2e-06          1              
0.024122       0              0.02412        0              0              
5e-06          0              0              1e-06          1              
4e-06          0              0              1e-06          1              
0.012337       0              0.012335       0              0              
0.004618       0.004613       0              1e-06          1              
0.000701       0.000656       4.2e-05        0              0              
5e-06          0              0              2e-06          1              
3.7e-05        0              3.6e-05        0              0              
3e-06          0              0              1e-06          1              
4e-06          0              0              1e-06          1              
4.7e-05        0              4.5e-05        0              0              
3e-06          0              0              1e-06          1              
2e-06          0              0              1e-06          1              
2e-06          0              0              1e-06          1              
0.000136       0              0.000134       0              0              
5e-06          0              0              2e-06          1              
6e-06          0              0              2e-06          1              
0.00812        0              0.008117       0              0              
5e-06          0              0              2e-06          1              
3e-06          0              0              1e-06          1              
2e-06          0              0              0              1              
6e-06          0              0              1e-06          1              
0.000138       0              0.000135       0              0              
5e-06          0              0              2e-06          1              
4.9e-05        1e-06          0              2e-06          1              
7e-06          0              0              2e-06          1              
0.008587       0              0.008585       0              0              
6e-06          0              0              1e-06          1              
3e-06          0              0              0              1              
3e-06          0              0              1e-06          1              
5e-06          0              0              0              1              
7e-06          3e-06          0              1e-06          1              
3e-06          0              0              1e-06          1              
0.044481       0              0.044479       0              0              
6e-06          0              0              2e-06          1              
3e-06          0              0              1e-06          1              
2e-06          0              0              1e-06          1              
3e-06          0              0              1e-06          1              
3e-06          0              0              1e-06          1              
6e-06          0              0              1e-06          1              
5e-06          0              0              1e-06          1              
0.000155       0              0.000152       0              0              
5e-06          0              0              1e-06          1              
5e-06          0              0              1e-06          1              
5e-06          0              0              1e-06          1              
4e-06          0              0              1e-06          1              
6e-06          0              0              1e-06          1              
4e-06          0              0              1e-06          1              
4e-06          0              0              1e-06          1              
2e-06          0              0              1e-06          1              
6e-06          0              0              1e-06          1              
4e-06          0              0              1e-06          1              
4e-06          0              0              1e-06          1              
3e-06          0              0              1e-06          1              
2e-06          0              0              1e-06          1              
3e-06          1e-06          0              1e-06          1              
4.6e-05        1e-06          4.4e-05        0              0              
0.000461       0.000426       3.2e-05        0              0              
3e-06          0              0              1e-06          1              
3.9e-05        0              3.6e-05        0              0              
3e-06          0              0              1e-06          1              
0.024045       0              0.024043       0              0              
4e-06          1e-06          0              1e-06          1              
3.6e-05        0              3.4e-05        0              0              
3.7e-05        0              3.4e-05        0              0              
3.3e-05        0              3.2e-05        0              0              
3.6e-05        0              3.4e-05        0              0              
3.5e-05        0              3.3e-05        0              0              
3.4e-05        0              3.3e-05        0              0              
3.6e-05        0              3.3e-05        0              0              
0.000524       0.000521       0              1e-06          1              
0.004522       0.004479       4e-05          0              0              
1.7e-05        0              0              1.5e-05        1              
3.7e-05        0              3.4e-05        0              0              
3.7e-05        0              3.4e-05        0              0              
1.5e-05        0              0              1.3e-05        1              
3.6e-05        0              3.3e-05        0              0              
4e-06          0              0              1e-06          1              
0.000134       0              0.000133       0              0              
0.000138       0              0.000135       0              0              
0.000136       0              0.000132       0              0              
5e-06          0              0              1e-06          1              
0.000134       0              0.000132       0              0              
7e-06          0              0              1e-06          1              
0.000133       0              0.000128       0              0              
5.3e-05        0              4.8e-05        0              0              
0.000313       0.000308       0              1e-06          1              
0.000289       0.000287       0              1e-06          1              
0.000332       0.000296       3.1e-05        0              0              
4e-06          0              0              2e-06          1              
7e-06          0              0              3e-06          1              
0.000139       0              0.000136       0              0              
6e-06          0              0              1e-06          1              
7e-06          0              0              2e-06          1              
0.000144       0              0.000138       0              0              
0.000139       0              0.000136       0              0              
6e-06          0              0              3e-06          1              
0.00013        0              0.000127       0              0              
0.007912       0              0.007908       0              0              
0.00013        1e-06          0.000127       0              0              
0.000129       0              0.000126       0              0              
0.000129       0              0.000126       0              0              
0.003496       0              0.003493       0              0              
0.003445       0.003338       0.000104       0              0              
0.008065       0              0.008062       0              0              
0.032123       0              0.032119       0              0              
0.000129       0              0.000127       0              0              
0.000129       0              0.000126       0              0              
8e-06          0              0              3e-06          1              
4e-06          0              0              1e-06          1              
8e-06          0              0              2e-06          1              
4e-06          0              0              2e-06          1              
5e-06          1e-06          0              1e-06          1              
4e-06          0              0              2e-06          1              
4e-06          0              0              1e-06          1              
5e-06          0              0              2e-06          1              
5e-06          0              0              2e-06          1              
2e-06          0              0              1e-06          1              
6e-06          0              0              2e-06          1              
4e-06          0              0              2e-06          1              
4e-06          0              0              1e-06          1              
7e-06          0              0              2e-06          1              
7e-06          0              0              2e-06          1              
5e-06          0              0              2e-06          1              
5e-06          1e-06          0              2e-06          1              
6e-06          0              0              2e-06          1              
5e-06          0              0              2e-06          1              
5e-06          1e-06          0              2e-06          1              
4e-06          0              0              1e-06          1              
5e-06          0              0              1e-06          1              
3e-06          0              0              1e-06          1              
8e-06          0              0              3e-06          1              
5e-06          0              0              1e-06          1              
6e-06          1e-06          0              2e-06          1              
4e-06          0              0              1e-06          1              
6e-06          0              0              2e-06          1              
7e-06          0              0              2e-06          1              
6e-06          0              0              2e-06          1              
5e-06          0              0              2e-06          1              
5e-06          0              0              2e-06          1              
4e-06          0              0              1e-06          1              
4e-06          0              0              2e-06          1              
4e-06          0              0              1e-06          1              
5e-06          0              0              2e-06          1              
3e-06          0              0              1e-06          1              
3e-06          0              0              1e-06          1              
4e-06          0              0              1e-06          1              
4e-06          0              0              1e-06          1              
7e-06          0              0              2e-06          1              
5e-06          0              0              2e-06          1              
5e-06          0              0              2e-06          1              
5e-06          0              0              2e-06          1              
5e-06          0              0              1e-06          1              
4e-06          0              0              2e-06          1              
4e-06          0              0              1e-06          1              
5e-06          0              0              2e-06          1              
4e-06          0              0              1e-06          1              
3e-06          0              0              1e-06          1              
5e-06          0              0              1e-06          1              
4e-06          0              0              1e-06          1              
4e-06          0              0              1e-06          1              
4e-06          0              0              2e-06          1              
6e-06          0              0              2e-06          1              
7e-06          0              0              2e-06          1              
7e-06          0              0              2e-06          1              
6e-06          0              0              2e-06          1              
6e-06          0              0              2e-06          1              
6e-06          0              0              2e-06          1              
7e-06          0              0              2e-06          1              
7e-06          0              0              2e-06          1              
7e-06          0              0              2e-06          1              
6e-06          0              0              1e-06          1              
7e-06          0              0              2e-06          1              
7e-06          0              0              2e-06          1              
4e-06          0              0              1e-06          1              
6e-06          0              0              2e-06          1              
6e-06          0              0              2e-06          1              
4e-06          0              0              1e-06          1              
4e-06          0              0              0              1              
4e-06          0              0              1e-06          1              
4e-06          0              0              1e-06          1              
4e-06          0              0              1e-06          1              
3e-06          0              0              1e-06          1              
6e-06          0              0              2e-06          1              
7e-06          0              0              2e-06          1              
6e-06          0              0              1e-06          1              
7e-06          0              0              2e-06          1              
6e-06          0              0              1e-06          1              
5e-06          0              0              2e-06          1              
7e-06          0              0              1e-06          1              
7e-06          0              0              2e-06          1              
4e-06          0              0              2e-06          1              
5e-06          0              0              2e-06          1              
6e-06          0              0              2e-06          1              
5e-06          0              0              1e-06          1              
5e-06          0              0              1e-06          1              
3e-06          0              0              1e-06          1              
5e-06          0              0              2e-06          1              
5e-06          0              0              1e-06          1              
3e-06          0              0              1e-06          1              
6e-06          0              0              2e-06          1              
3e-06          0              0              1e-06          1              
7e-06          0              0              2e-06          1              
6e-06          0              0              2e-06          1              
5e-06          0              0              2e-06          1              
4e-06          0              0              1e-06          1              
3e-06          0              0              1e-06          1              
6e-06          0              0              2e-06          1              
4e-06          0              0              1e-06          1              
5e-06          0              0              2e-06          1              
4e-06          1e-06          0              1e-06          1              
5e-06          0              0              2e-06          1              
4e-06          0              0              2e-06          1              
7e-06          0              0              2e-06          1              
6e-06          0              0              1e-06          1              
5e-06          0              0              1e-06          1              
5e-06          0              0              2e-06          1              
8e-06          0              0              3e-06          1              
5e-06          0              0              2e-06          1              
6e-06          0              0              2e-06          1              
5e-06          0              0              2e-06          1              
4e-06          0              0              2e-06          1              
4e-06          0              0              2e-06          1              
3e-06          0              0              1e-06          1              
4e-06          0              0              1e-06          1              
4e-06          0              0              2e-06          1              
3e-06          1e-06          0              1e-06          1              
4e-06          0              0              1e-06          1              
3e-06          0              0              1e-06          1              
3e-06          0              0              1e-06          1              
5e-06          0              0              1e-06          1              
4e-06          0              0              1e-06          1              
4e-06          0              0              2e-06          1              
4e-06          0              0              1e-06          1              
3e-06          0              0              1e-06          1              
4e-06          1e-06          0              2e-06          1              
4e-06          1e-06          0              1e-06          1              
5e-06          0              0              2e-06          1              
6e-06          0              0              2e-06          1              
4e-06          0              0              1e-06          1              
4e-06          0              0              2e-06          1              
4e-06          0              0              2e-06          1              
3e-06          0              0              1e-06          1              
3e-06          1e-06          0              1e-06          1              
3e-06          0              0              1e-06          1              
4e-06          0              0              2e-06          1              
3e-06          0              0              1e-06          1              
7e-06          1e-06          0              2e-06          1              
7e-06          0              0              2e-06          1              
5e-06          0              0              2e-06          1              
6e-06          0              0              2e-06          1              
7e-06          0              0              2e-06          1              
6e-06          1e-06          0              1e-06          1              
5e-06          1e-06          0              2e-06          1              
4e-06          0              0              2e-06          1              
4e-06          0              0              1e-06          1              
6e-06          0              0              3e-06          1              
