JobID          Runtime        getDevice      getProgram     runProgram     startTime_s    startTime_us   endTime_s      endTime_us     violation      0
-1             0.833328       7.3e-05        0.833001       0.000248       1543977227     646767         1543977228     480095         0              
-1             0.000386       3.6e-05        0.000103       0.000243       1543977229     858166         1543977229     858552         0              
-1             0.00031        3.3e-05        2.9e-05        0.000242       1543977229     933011         1543977229     933321         0              
-1             0.000359       8.3e-05        2.8e-05        0.000242       1543977230     7767           1543977230     8126           0              
-1             0.000307       3.3e-05        2.8e-05        0.000241       1543977230     82526          1543977230     82833          0              
0              0.000632       0.000275       4.6e-05        0.000304       1543977240     147508         1543977240     148140         0              
1              0.008394       7.4e-05        2.2e-05        0.008277       1543977240     151795         1543977240     160189         0              
2              0.011585       0.007952       8.3e-05        0.003535       1543977240     152408         1543977240     163993         0              
3              0.006462       0.006172       3.8e-05        0.00024        1543977240     157872         1543977240     164334         0              
4              0.003584       0.003204       2.7e-05        0.000339       1543977240     161202         1543977240     164786         0              
5              0.001804       0.001515       2.7e-05        0.000255       1543977240     163316         1543977240     165120         0              
6              0.000333       6.5e-05        2.1e-05        0.000241       1543977240     167387         1543977240     167720         0              
7              0.000348       5.2e-05        1.9e-05        0.000271       1543977240     169422         1543977240     169770         0              
8              0.000441       7.4e-05        7.6e-05        0.000284       1543977240     170428         1543977240     170869         0              
9              0.000405       9e-05          2.6e-05        0.00028        1543977240     171776         1543977240     172181         0              
10             0.0004         7.7e-05        2.6e-05        0.000288       1543977240     178863         1543977240     179263         0              
11             0.000444       8.1e-05        2.6e-05        0.000328       1543977240     179361         1543977240     179805         0              
12             0.058623       7.6e-05        7.7e-05        0.058463       1543977240     182428         1543977240     241051         0              
13             0.126268       0.06107        0.031893       0.033295       1543977240     184842         1543977240     311110         0              
14             0.134135       0.13361        0.000237       0.000278       1543977240     188210         1543977240     322345         0              
15             0.1832         0.138877       0.023965       0.020351       1543977240     190957         1543977240     374157         0              
16             0.301054       0.200047       0.04798        0.053011       1543977240     197766         1543977240     498820         0              
17             0.340262       0.312033       0.027972       0.000246       1543977240     201794         1543977240     542056         0              
18             0.37226        0.344041       0.027972       0.000241       1543977240     209788         1543977240     582048         0              
20             0.455595       0.392018       0.027989       0.035583       1543977240     213790         1543977240     669385         0              
19             0.636217       0.49204        0.055985       0.088183       1543977240     213789         1543977240     850006         0              
21             0.676269       0.652042       0.023972       0.000248       1543977240     217788         1543977240     894057         0              
22             0.748268       0.700042       0.047973       0.000247       1543977240     221788         1543977240     970056         0              
23             0.827585       0.784062       0.027951       0.015567       1543977240     225788         1543977241     53373          0              
24             0.848365       0.848056       5.1e-05        0.000249       1543977240     225789         1543977241     74154          0              
26             0.904249       0.840042       0.059984       0.004218       1543977240     241787         1543977241     146036         0              
25             0.943924       0.916037       2.3e-05        0.027856       1543977240     241790         1543977241     185714         0              
27             1.02373        0.984039       3.1e-05        0.039654       1543977240     245791         1543977241     269525         1              
28             1.07634        1.0481         0.027984       0.000247       1543977240     249711         1543977241     326051         1              
29             1.11234        1.11203        2e-05          0.00028        1543977240     253789         1543977241     366125         1              
30             1.1523         1.12804        0.023969       0.00028        1543977240     253789         1543977241     406089         1              
31             1.23958        1.15604        0.051992       0.031548       1543977240     273787         1543977241     513371         1              
35             1.28429        1.25603        0.027983       0.000277       1543977240     277788         1543977241     562080         1              
36             1.34026        1.29601        0.031982       0.012254       1543977240     277798         1543977241     618057         1              
32             1.39226        1.36403        0.027984       0.000245       1543977240     281787         1543977241     674052         1              
33             1.46776        1.42752        0.012781       0.000245       1543977240     282298         1543977241     750060         1              
34             1.48061        1.48003        0.00033        0.00024        1543977240     285786         1543977241     766391         1              
37             1.54825        1.51204        0.027998       0.004228       1543977240     297787         1543977241     846034         1              
39             1.60736        1.57912        0.027984       0.000244       1543977240     298687         1543977241     906048         1              
38             1.67625        1.64403        0.027982       0.004229       1543977240     305792         1543977241     982039         1              
40             1.72825        1.68802        0.035991       0.004229       1543977240     309787         1543977242     38038          1              
41             1.7444         1.74403        0.000118       0.000247       1543977240     309793         1543977242     54192          1              
42             1.92452        1.76403        0.027987       0.1325         1543977240     317787         1543977242     242305         1              
43             1.97629        1.94403        0.031984       0.000279       1543977240     321787         1543977242     298082         1              
54             2.03208        2.00386        0.02797        0.000246       1543977240     321968         1543977242     354051         1              
45             2.07226        2.03602        0.035989       0.000245       1543977240     325794         1543977242     398055         1              
44             2.23651        2.1066         0.027971       0.101933       1543977240     327233         1543977242     563742         1              
48             2.2923         2.25603        0.035983       0.000279       1543977240     329788         1543977242     622085         1              
47             2.38429        2.34803        0.035982       0.000279       1543977240     329789         1543977242     714081         1              
49             2.50829        2.47202        0.035983       0.000278       1543977240     329792         1543977242     838081         1              
51             2.65159        2.52403        0.031982       0.095572       1543977240     333786         1543977242     985374         1              
53             2.72827        2.66403        0.063988       0.000245       1543977240     333790         1543977243     62058          1              
46             2.83978        2.72973        0.03596        0.074084       1543977240     336110         1543977243     175886         1              
52             2.94855        2.87202        0.035987       0.04053        1543977240     337787         1543977243     286333         1              
50             3.16011        3.00403        0.035984       0.120088       1543977240     337788         1543977243     497894         1              
57             3.23627        3.20403        0.031989       0.000246       1543977240     341786         1543977243     578059         1              
55             3.34829        3.27603        0.056014       0.000278       1543977240     345788         1543977243     694083         1              
65             3.42712        3.39089        0.035982       0.000244       1543977240     350934         1543977243     778051         1              
56             3.51374        3.43203        0.031985       0.049725       1543977240     353787         1543977243     867529         1              
58             3.6356         3.54004        0.031976       0.063581       1543977240     361787         1543977243     997386         1              
62             3.68435        3.68404        2.3e-05        0.00028        1543977240     361788         1543977244     46134          1              
64             3.72829        3.70003        0.027985       0.000278       1543977240     361788         1543977244     90080          1              
59             3.78427        3.74404        0.000101       0.040129       1543977240     361790         1543977244     146062         1              
60             3.84026        3.81202        0.027986       0.000245       1543977240     369786         1543977244     210047         1              
67             3.93267        3.84403        0.027981       0.060646       1543977240     369787         1543977244     302453         1              
61             4.00308        3.96803        0.031981       0.003059       1543977240     369788         1543977244     372863         1              
66             4.11191        4.01603        0.027985       0.067896       1543977240     373786         1543977244     485699         1              
63             4.11634        4.11603        2.1e-05        0.000279       1543977240     377788         1543977244     494124         1              
68             4.14428        4.13669        0.007333       0.000246       1543977240     377787         1543977244     522066         1              
69             4.21974        4.1875         0.031984       0.000245       1543977240     382312         1543977244     602047         1              
70             4.26233        4.23411        0.027978       0.000239       1543977240     387712         1543977244     650043         1              
71             4.31627        4.28804        0.027977       0.000247       1543977240     389786         1543977244     706051         1              
72             4.3483         4.32004        0.027971       0.000277       1543977240     389789         1543977244     738088         1              
74             4.40028        4.34802        0.047988       0.00426        1543977240     397788         1543977244     798068         1              
73             4.48705        4.41603        0.031983       0.039037       1543977240     401790         1543977244     888843         1              
81             4.59866        4.52403        0.047987       0.026645       1543977240     405789         1543977245     4452           1              
78             4.72411        4.63203        0.004069       0.072032       1543977240     409788         1543977245     133895         1              
75             4.80027        4.75618        0.04384        0.000246       1543977240     413785         1543977245     214057         1              
80             4.89231        4.86404        0.027979       0.00028        1543977240     413788         1543977245     306094         1              
76             4.93227        4.90004        0.031973       0.000247       1543977240     413789         1543977245     346057         1              
79             4.99627        4.94804        0.047979       0.000247       1543977240     413787         1543977245     410058         1              
85             5.06828        5.04003        0.027996       0.000247       1543977240     413787         1543977245     482065         1              
86             5.32063        5.07203        0.047979       0.200606       1543977240     417785         1543977245     738413         1              
88             5.39229        5.34403        0.047985       0.000277       1543977240     417788         1543977245     810081         1              
77             5.50427        5.45614        0.047884       0.000246       1543977240     421791         1543977245     926066         1              
83             5.59635        5.52003        0.055982       0.020336       1543977240     429787         1543977246     26142          1              
82             5.62833        5.62803        2.2e-05        0.000277       1543977240     429788         1543977246     58121          1              
87             5.74433        5.68804        0.047975       0.008316       1543977240     429789         1543977246     174123         1              
89             5.7683         5.76803        2.2e-05        0.000238       1543977240     433787         1543977246     202086         1              
84             5.84827        5.80002        0.047992       0.000245       1543977240     437786         1543977246     286052         1              
91             6.03751        5.90402        0.032008       0.089487       1543977240     437786         1543977246     475292         1              
90             6.09185        6.08803        0.00354        0.00028        1543977240     437790         1543977246     529642         1              
93             6.19017        6.10803        0.039983       0.042154       1543977240     441787         1543977246     631961         1              
99             6.25719        6.23845        0.018455       0.000283       1543977240     444989         1543977246     702184         1              
94             6.3034         6.28804        0.00797        0.007382       1543977240     445794         1543977246     749195         1              
92             6.3723         6.33204        0.039977       0.000281       1543977240     453789         1543977246     826089         1              
95             6.47539        6.41205        0.039976       0.023357       1543977240     457791         1543977246     933178         1              
96             6.59479        6.48805        0.039963       0.066774       1543977240     461788         1543977247     56581          1              
97             6.65231        6.62006        0.031959       0.000281       1543977240     465786         1543977247     118092         1              
98             6.89775        6.68404        0.047977       0.165732       1543977240     469785         1543977247     367537         1              
