JobID          Runtime        getDevice      getProgram     runProgram     startTime_s    startTime_us   endTime_s      endTime_us     violation      0
-1             1.24618        0.000471       1.23516        0.010548       1543977226     400530         1543977227     646714         0              
-1             0.010616       6.9e-05        4.6e-05        0.010495       1543977229     847530         1543977229     858146         0              
-1             0.010558       3.8e-05        2.7e-05        0.010488       1543977229     922434         1543977229     932992         0              
-1             0.010609       3.6e-05        7.8e-05        0.01049        1543977229     997140         1543977230     7749           0              
-1             0.010555       3.6e-05        2.8e-05        0.010486       1543977230     71953          1543977230     82508          0              
0              0.013924       9.7e-05        2.8e-05        0.01379        1543977240     149797         1543977240     163721         0              
1              0.070081       8.4e-05        2.7e-05        0.069962       1543977240     192589         1543977240     262670         0              
2              0.108965       0.064041       2.2e-05        0.044895       1543977240     205789         1543977240     314754         0              
3              0.125658       0.080946       0.003576       0.041131       1543977240     261793         1543977240     387451         0              
4              0.200544       0.128026       2.1e-05        0.060523       1543977240     301790         1543977240     502334         0              
5              0.347346       0.240046       0.05598        0.051313       1543977240     321788         1543977240     669134         0              
6              0.498384       0.354776       0.043969       0.099629       1543977240     355054         1543977240     853438         0              
7              0.586625       0.519598       0.031976       0.035041       1543977240     374227         1543977240     960852         0              
8              0.692017       0.596024       0.027984       0.068003       1543977240     389788         1543977241     81805          0              
9              0.787496       0.692024       0.031981       0.063486       1543977240     405793         1543977241     193289         0              
10             0.826904       0.772028       3.2e-05        0.054837       1543977240     457786         1543977241     284690         0              
11             0.899025       0.828015       0.027997       0.043004       1543977240     477789         1543977241     376814         0              
12             1.01535        0.912031       0.02798        0.075332       1543977240     497785         1543977241     513135         0              
13             1.07534        1.00402        0.027989       0.043325       1543977240     541786         1543977241     617129         0              
14             1.17934        1.10003        0.031981       0.047321       1543977240     553788         1543977241     733132         0              
15             1.26736        1.19203        0.031977       0.043341       1543977240     577788         1543977241     845145         0              
16             1.31506        1.24803        0.031981       0.035042       1543977240     633786         1543977241     948849         0              
17             1.40692        1.33603        0.03198        0.038902       1543977240     645787         1543977242     52705          0              
18             1.57979        1.40804        0.031975       0.139771       1543977240     665786         1543977242     245576         0              
20             1.69715        1.59604        0.035976       0.065127       1543977240     689787         1543977242     386936         0              
19             1.87341        1.74005        0.019969       0.113379       1543977240     693786         1543977242     567194         0              
21             1.95835        1.86802        0.035989       0.054327       1543977240     729788         1543977242     688134         0              
23             1.97135        1.88402        0.031991       0.055328       1543977240     817786         1543977242     789135         0              
22             2.16736        2.02404        0.03998        0.103332       1543977240     817786         1543977242     985145         1              
24             2.32544        2.17603        0.035985       0.113421       1543977240     853788         1543977243     179231         1              
25             2.33602        2.22403        8.3e-05        0.111894       1543977240     981785         1543977243     317803         1              
26             2.39107        2.32403        0.03198        0.035055       1543977241     1787           1543977243     392859         1              
27             2.48367        2.36004        3.4e-05        0.123588       1543977241     37788          1543977243     521462         1              
28             2.58306        2.51601        0.031991       0.035052       1543977241     53790          1543977243     636852         1              
29             2.67107        2.60803        0.02799        0.035051       1543977241     65787          1543977243     736859         1              
30             2.77506        2.67602        0.031993       0.067035       1543977241     89790          1543977243     864848         1              
31             2.83133        2.72002        0.03199        0.079312       1543977241     165787         1543977243     997115         1              
32             2.95601        2.80803        0.035984       0.111991       1543977241     221786         1543977244     177798         1              
33             3.08387        2.9599         0.031967       0.091996       1543977241     229928         1543977244     313799         1              
34             3.23173        3.08004        0.028043       0.123642       1543977241     253788         1543977244     485516         1              
35             3.34802        3.23603        0.027984       0.083994       1543977241     281786         1543977244     629801         1              
36             3.45601        3.35602        2.3e-05        0.09996        1543977241     329788         1543977244     785796         1              
37             3.55522        3.42403        0.063981       0.067204       1543977241     405788         1543977244     961010         1              
39             3.66792        3.52043        0.039988       0.107497       1543977241     469380         1543977245     137302         1              
38             3.80401        3.68803        0.028          0.087972       1543977241     485789         1543977245     289798         1              
40             3.9168         3.7884         0.047623       0.080763       1543977241     517788         1543977245     434584         1              
41             4.19237        3.91602        0.047989       0.228341       1543977241     545786         1543977245     738151         1              
42             4.28734        4.18003        0.047979       0.059327       1543977241     593787         1543977245     881131         1              
43             4.41508        4.31203        0.04798        0.055058       1543977241     597786         1543977246     12864          1              
44             4.48334        4.38002        0.04798        0.055332       1543977241     689792         1543977246     173136         1              
45             4.57221        4.50039        1.7e-05        0.071806       1543977241     701788         1543977246     274002         1              
46             4.65106        4.58403        0.00398        0.063045       1543977241     705789         1543977246     356853         1              
47             4.76077        4.66803        2e-05          0.092715       1543977241     717790         1543977246     478559         1              
48             4.84333        4.79203        2.5e-05        0.051271       1543977241     737786         1543977246     581115         1              
49             4.94333        4.84803        0.004762       0.070558       1543977241     745794         1543977246     689127         1              
50             5.04802        4.96403        0.023987       0.05999        1543977241     749787         1543977246     797806         1              
51             5.20306        5.10802        0.04           0.055032       1543977241     749794         1543977246     952852         1              
53             5.30374        5.23523        0.001804       0.066698       1543977241     756906         1543977247     60644          1              
52             5.61298        5.34804        0.047981       0.216957       1543977241     757786         1543977247     370769         1              
54             5.69293        5.61201        0.038744       0.04216        1543977241     773788         1543977247     466714         1              
55             5.81505        5.70404        0.059977       0.051035       1543977241     829787         1543977247     644840         1              
56             5.87943        5.84004        0.000119       0.039263       1543977241     829789         1543977247     709214         1              
57             5.93106        5.84804        0.039975       0.043042       1543977241     881787         1543977247     812847         1              
58             5.95934        5.90804        7.9e-05        0.051217       1543977241     913787         1543977247     873128         1              
59             6.11991        5.92804        0.031976       0.159885       1543977241     961787         1543977248     81693          1              
60             6.14562        6.10734        0.004044       0.034223       1543977241     978491         1543977248     124107         1              
61             6.33679        6.16803        8.5e-05        0.168667       1543977241     989787         1543977248     326576         1              
62             6.3503         6.30005        2.3e-05        0.05022        1543977242     41789          1543977248     392084         1              
63             6.38706        6.35604        3e-05          0.030989       1543977242     49787          1543977248     436848         1              
64             6.4807         6.39204        0.03197        0.056682       1543977242     57787          1543977248     538492         1              
65             6.56914        6.48404        0.039971       0.045123       1543977242     61787          1543977248     630931         1              
66             6.59458        6.58403        2.4e-05        0.01052        1543977242     77787          1543977248     672371         1              
67             6.63949        6.53604        0.035976       0.06747        1543977242     137785         1543977248     777278         1              
68             6.86836        6.66804        0.031981       0.168327       1543977242     149789         1543977249     18146          1              
69             6.96314        6.83203        0.027972       0.103137       1543977242     205803         1543977249     168946         1              
70             7.01641        6.90803        0.03601        0.064394       1543977242     277787         1543977249     294199         1              
71             7.06364        7.03203        8.9e-05        0.031507       1543977242     285789         1543977249     349427         1              
72             7.18426        7.08403        0.03598        0.06424        1543977242     289788         1543977249     474045         1              
73             7.17831        7.14803        2.3e-05        0.030248       1543977242     353790         1543977249     532103         1              
74             7.2269         7.18804        0.003993       0.034855       1543977242     373786         1543977249     600683         1              
75             7.37935        7.20403        0.03198        0.143335       1543977242     413787         1543977249     793142         1              
76             7.41934        7.38404        2.1e-05        0.035274       1543977242     429786         1543977249     849122         1              
77             7.5645         7.41605        2.3e-05        0.148412       1543977242     433788         1543977249     998283         1              
78             7.60655        7.56803        0.027982       0.010526       1543977242     449788         1543977250     56336          1              
79             7.68334        7.61204        0.035972       0.035324       1543977242     485788         1543977250     169129         1              
80             7.80935        7.70905        0.030981       0.069311       1543977242     493789         1543977250     303143         1              
81             7.89033        7.78804        0.035969       0.066314       1543977242     525786         1543977250     416120         1              
83             7.9795         7.88004        0.019972       0.079481       1543977242     545786         1543977250     525287         1              
82             8.07197        8.00803        0.012045       0.051893       1543977242     545785         1543977250     617760         1              
84             8.10412        8.07204        0.019974       0.012088       1543977242     553786         1543977250     657902         1              
85             8.13291        8.08424        0.03577        0.01289        1543977242     573787         1543977250     706695         1              
86             8.19348        8.10404        0.023974       0.065461       1543977242     605789         1543977250     799268         1              
87             8.23033        8.20803        2.3e-05        0.022273       1543977242     613789         1543977250     844120         1              
88             8.31893        8.20003        0.008801       0.110093       1543977242     653787         1543977250     972720         1              
89             8.29132        8.27903        0.000185       0.0121         1543977242     693787         1543977250     985107         1              
90             8.27206        8.22806        8.6e-05        0.043907       1543977242     777788         1543977251     49848          1              
91             8.33568        8.26803        0.004036       0.063599       1543977242     797787         1543977251     133466         1              
92             8.44598        8.34404        7.5e-05        0.101857       1543977242     801788         1543977251     247772         1              
93             8.45508        8.43603        2.3e-05        0.019024       1543977242     833786         1543977251     288871         1              
94             8.48805        8.45362        0.006398       0.028027       1543977242     837786         1543977251     325836         1              
95             8.55825        8.44809        0.003924       0.106218       1543977242     877786         1543977251     436039         1              
96             8.54304        8.50805        2.3e-05        0.034966       1543977242     941785         1543977251     484829         1              
97             8.54169        8.53109        4.8e-05        0.010531       1543977242     953788         1543977251     495473         1              
98             8.55262        8.53605        0.003967       0.012592       1543977242     973787         1543977251     526408         1              
99             8.57163        8.54804        0.003978       0.019609       1543977242     993787         1543977251     565415         1              
