JobID          Runtime        getDevice      getProgram     runProgram     startTime_s    startTime_us   endTime_s      endTime_us     violation      1
-1             1.36734        7.8e-05        1.30148        0.065773       1543977228     480137         1543977229     847478         1              
-1             0.063844       9.6e-05        1.9e-05        0.063723       1543977229     858568         1543977229     922412         0              
-1             0.063782       3.9e-05        1.9e-05        0.063719       1543977229     933336         1543977229     997118         0              
-1             0.063789       3.8e-05        2e-05          0.063724       1543977230     8142           1543977230     71931          0              
-1             0.063838       3.8e-05        7.1e-05        0.063724       1543977230     82849          1543977230     146687         0              
0              0.139511       0.00013        2.9e-05        0.139343       1543977240     171701         1543977240     311212         0              
1              0.571753       0.100036       0.04423        0.427475       1543977240     613786         1543977241     185539         0              
2              1.00356        0.580039       0.027972       0.395534       1543977240     657786         1543977241     661341         1              
3              1.05981        0.520037       0.012013       0.499796       1543977241     185792         1543977242     245605         1              
4              1.29228        0.772036       4e-05          0.520196       1543977241     505786         1543977242     798070         1              
5              1.62475        1.07603        0.031976       0.51673        1543977241     725787         1543977243     350533         1              
6              1.94237        1.28295        2.4e-05        0.659395       1543977242     114878         1543977244     57251          1              
7              2.25616        1.78004        0.030715       0.445396       1543977242     305786         1543977244     561945         1              
8              2.74784        2.19205        0.027969       0.527819       1543977242     389788         1543977245     137631         1              
9              3.2168         2.66802        0.027986       0.520791       1543977242     521791         1543977245     738596         1              
10             2.95615        2.56804        0.047974       0.340126       1543977243     217789         1543977246     173940         1              
11             3.26771        2.94005        0.003972       0.323688       1543977243     257786         1543977246     525497         1              
12             3.25675        3.00002        0.03199        0.224725       1543977243     549786         1543977246     806534         1              
13             3.60105        3.07203        0.039981       0.489032       1543977243     769787         1543977247     370841         1              
14             3.60746        3.28004        0.035964       0.291446       1543977244     101787         1543977247     709251         1              
15             3.72016        3.38402        0.075994       0.260133       1543977244     361786         1543977248     81942          1              
16             3.51921        3.22804        0.031968       0.259186       1543977244     869788         1543977248     388993         1              
17             3.58151        3.36003        2e-05          0.221447       1543977245     49787          1543977248     631299         1              
18             3.8365         3.46402        0.031988       0.340488       1543977245     181788         1543977249     18292          1              
19             3.99258        3.67603        0.035974       0.280567       1543977245     353789         1543977249     346370         1              
20             4.15866        3.98805        0.031957       0.138648       1543977245     373788         1543977249     532450         1              
21             3.97211        3.72404        0.031978       0.216081       1543977245     821786         1543977249     793893         1              
22             3.49971        3.28403        0.035979       0.17969        1543977246     541787         1543977250     41501          1              
23             3.53745        3.30803        2.7e-05        0.229385       1543977246     765789         1543977250     303240         1              
24             3.62457        3.32796        0.008001       0.288604       1543977246     989856         1543977250     614429         1              
25             2.58961        2.42002        0.027971       0.141611       1543977248     209802         1543977250     799414         1              
26             2.58449        2.41713        0.019971       0.147117       1543977248     388426         1543977250     972920         1              
27             2.39178        2.24402        1.8e-05        0.147727       1543977248     741795         1543977251     133572         1              
28             2.17511        2.02803        9.9e-05        0.146979       1543977249     113792         1543977251     288904         1              
29             2.27568        2.12403        2.1e-05        0.151619       1543977249     205785         1543977251     481465         1              
30             2.2102         2.09203        2.1e-05        0.118133       1543977249     401788         1543977251     611986         1              
31             1.43612        1.37208        2.1e-05        0.064003       1543977250     241788         1543977251     677907         1              
32             1.18966        1.12419        2.5e-05        0.065432       1543977250     553786         1543977251     743447         1              
33             1.07735        0.973707       2.4e-05        0.103608       1543977250     769788         1543977251     847138         1              
34             0.909181       0.845399       2.3e-05        0.063749       1543977251     1789           1543977251     910970         0              
35             0.848634       0.745231       2.1e-05        0.103371       1543977251     165788         1543977252     14422          0              
36             0.243017       0.179059       2.3e-05        0.063926       1543977251     835419         1543977252     78436          0              
37             0.106672       9.1e-05        2.8e-05        0.106543       1543977252     529059         1543977252     635731         0              
38             0.106645       8.7e-05        2.7e-05        0.106517       1543977253     237593         1543977253     344238         0              
39             0.072357       0.005266       8.9e-05        0.066994       1543977253     339044         1543977253     411401         0              
40             0.106881       0.000155       3.1e-05        0.106685       1543977253     574423         1543977253     681304         0              
41             0.106631       9.8e-05        2.7e-05        0.106496       1543977253     973942         1543977254     80573          0              
42             0.106531       9.5e-05        2.8e-05        0.106395       1543977254     399179         1543977254     505710         0              
43             0.110091       0.043277       2.9e-05        0.066773       1543977254     462496         1543977254     572587         0              
44             0.10703        0.0001         0.000468       0.106449       1543977255     414483         1543977255     521513         0              
45             0.073561       0.007239       3.1e-05        0.066278       1543977255     514354         1543977255     587915         0              
46             0.135595       0.03216        2.7e-05        0.103395       1543977255     555823         1543977255     691418         0              
47             0.120648       0.056933       2.4e-05        0.063683       1543977255     634546         1543977255     755194         0              
48             0.106613       9.5e-05        2.8e-05        0.106479       1543977255     824508         1543977255     931121         0              
49             0.153641       0.089211       2.9e-05        0.064388       1543977255     841981         1543977255     995622         0              
50             0.212197       0.108785       2.8e-05        0.103372       1543977255     886903         1543977256     99100          0              
51             0.240851       0.176818       2.6e-05        0.063995       1543977255     922344         1543977256     163195         0              
52             0.326634       0.223217       2.6e-05        0.103379       1543977255     940046         1543977256     266680         0              
53             0.237677       0.173868       8.1e-05        0.063716       1543977256     92873          1543977256     330550         0              
54             0.21522        0.111828       8e-05          0.103303       1543977256     218788         1543977256     434008         0              
55             0.106614       0.00015        2.9e-05        0.106423       1543977256     718910         1543977256     825524         0              
56             0.159637       0.095887       2.4e-05        0.063717       1543977256     729703         1543977256     889340         0              
57             0.106881       9.7e-05        3e-05          0.106745       1543977257     305540         1543977257     412421         0              
58             0.106372       9.7e-05        2.8e-05        0.106238       1543977257     601122         1543977257     707494         0              
59             0.078673       0.000108       8.6e-05        0.078468       1543977258     17553          1543977258     96226          0              
60             0.106842       0.000162       3e-05          0.106636       1543977258     208326         1543977258     315168         0              
61             0.108219       0.044251       2.2e-05        0.063937       1543977258     270984         1543977258     379203         0              
62             0.107043       0.000112       2.9e-05        0.106889       1543977258     825740         1543977258     932783         0              
63             0.112742       0.048734       2.2e-05        0.063973       1543977258     884111         1543977258     996853         0              
64             0.153665       0.050194       7.8e-05        0.10338        1543977258     946728         1543977259     100393         0              
65             0.135989       0.072002       2.4e-05        0.063955       1543977259     28450          1543977259     164439         0              
66             0.106662       9.4e-05        2.8e-05        0.106531       1543977259     263532         1543977259     370194         0              
67             0.106562       9.9e-05        2.9e-05        0.106422       1543977259     815074         1543977259     921636         0              
68             0.09555        0.031619       2.3e-05        0.063899       1543977259     890080         1543977259     985630         0              
69             0.106892       0.000105       8.1e-05        0.106696       1543977260     492989         1543977260     599881         0              
70             0.106798       0.000151       3e-05          0.106605       1543977261     170039         1543977261     276837         0              
71             0.162311       0.098112       2.4e-05        0.064163       1543977261     178787         1543977261     341098         0              
72             0.125763       0.022321       3.1e-05        0.103403       1543977261     318846         1543977261     444609         0              
73             0.106478       0.0001         3e-05          0.106339       1543977261     884719         1543977261     991197         0              
74             0.106772       9.5e-05        8e-05          0.106588       1543977262     95172          1543977262     201944         0              
75             0.106785       0.000144       3.1e-05        0.106598       1543977262     514311         1543977262     621096         0              
76             0.068983       0.002569       3e-05          0.066375       1543977262     618604         1543977262     687587         0              
77             0.106867       9.6e-05        2.9e-05        0.106733       1543977262     732534         1543977262     839401         0              
78             0.106522       9.7e-05        3e-05          0.106386       1543977262     860063         1543977262     966585         0              
79             0.106738       9.6e-05        8.1e-05        0.106553       1543977263     159205         1543977263     265943         0              
80             0.067987       0.000143       2.8e-05        0.067807       1543977263     266955         1543977263     334942         0              
81             0.106951       9.8e-05        2.9e-05        0.106811       1543977263     654891         1543977263     761842         0              
82             0.068942       0.002427       3.1e-05        0.066471       1543977263     759495         1543977263     828437         0              
83             0.119905       0.016471       2.8e-05        0.103395       1543977263     812036         1543977263     931941         0              
84             0.137734       0.073725       7.8e-05        0.063923       1543977263     858279         1543977263     996013         0              
85             0.106614       0.00015        3e-05          0.106425       1543977264     137416         1543977264     244030         0              
86             0.106549       9.5e-05        2.9e-05        0.106417       1543977264     405855         1543977264     512404         0              
87             0.104477       8.4e-05        2.4e-05        0.104361       1543977264     525730         1543977264     630207         0              
88             0.106471       9.3e-05        2.8e-05        0.10634        1543977264     742662         1543977264     849133         0              
89             0.10649        9.8e-05        8.5e-05        0.106297       1543977265     277021         1543977265     383511         0              
90             0.106729       0.00016        3e-05          0.106527       1543977266     156801         1543977266     263530         0              
91             0.123272       0.059001       2.4e-05        0.064234       1543977266     204592         1543977266     327864         0              
92             0.168886       0.104909       2.4e-05        0.063944       1543977266     223016         1543977266     391902         0              
93             0.066985       9.4e-05        2.7e-05        0.066855       1543977266     604023         1543977266     671008         0              
94             0.067467       9.5e-05        7.9e-05        0.067284       1543977266     773767         1543977266     841234         0              
95             0.066767       0.000148       2.6e-05        0.066582       1543977267     62210          1543977267     128977         0              
96             0.06749        9.5e-05        2.7e-05        0.06736        1543977267     757205         1543977267     824695         0              
97             0.066662       9.2e-05        2.6e-05        0.066534       1543977267     875310         1543977267     941972         0              
98             0.067809       0.000114       3.1e-05        0.067651       1543977268     113403         1543977268     181212         0              
99             0.075374       0.011717       8.6e-05        0.063562       1543977268     169558         1543977268     244932         0              
