TaskQLat.      PRRQLat.       TaksQlen       
3e-06          0              1              
TaskQLat.      PRRQLat.       TaksQlen       
4.2e-05        1e-06          1              
TaskQLat.      PRRQLat.       TaksQlen       
3.7e-05        1e-06          1              
2.7e-05        0              1              
8.6e-05        0              1              
4e-06          0              1              
9e-06          0              1              
1.2e-05        0              1              
4e-06          0              1              
6e-05          0              1              
1e-05          0              1              
5e-06          0              1              
1e-05          0              1              
1.2e-05        0              1              
5.5e-05        0              1              
3e-06          0              1              
2e-06          1e-06          1              
2e-06          0              1              
5.7e-05        0              1              
3e-06          0              1              
3e-06          0              1              
2e-06          0              1              
2e-06          0              1              
2e-06          1e-06          1              
5.3e-05        0              1              
7e-06          0              1              
2e-06          0              1              
3e-06          0              1              
2e-06          0              1              
5.3e-05        0              1              
2e-06          0              1              
3e-06          0              1              
0.015917       0              2              
0.000217       0              5              
0.003557       0              11             
0.016121       0              4              
2e-06          1e-06          1              
0.012294       0              8              
0.015955       0              1              
0.004088       0              3              
0.023947       0              1              
0.007975       0              1              
0.027971       0              2              
0.023991       0              3              
0.031951       0              1              
0.007998       0              2              
0.011956       0              1              
0.011951       0              1              
0.004019       0              2              
0.004115       0              2              
2.9e-05        0              1              
0.016035       0              3              
0.031955       0              1              
3e-06          0              1              
1.4e-05        0              1              
1.3e-05        0              1              
0.019957       0              1              
0.016023       0              1              
0.008098       1e-06          2              
2e-06          0              1              
0.019952       0              1              
0.016016       0              2              
0.023957       0              1              
0.003968       0              1              
0.020019       0              2              
0.019966       0              1              
0.003965       0              1              
0.023958       0              1              
0.007993       0              1              
0.004773       0              2              
0.000311       0              6              
0.02802        0              1              
0.015978       0              1              
0.015967       0              1              
0.012023       0              3              
0.008026       0              1              
0.008103       0              3              
0.023974       0              1              
9.7e-05        0              2              
0.012097       0              3              
0.004159       0              5              
2e-05          0              1              
0.011969       0              1              
0.024          1e-06          2              
0.015953       0              1              
0.012014       0              2              
0.008132       0              5              
0.008125       1e-06          4              
0.023964       1e-06          1              
0.011988       0              2              
0.003968       0              1              
0.016074       0              2              
0.024069       0              4              
0.024062       0              3              
0.020124       0              3              
0.004195       0              4              
0.044071       0              2              
0.012128       1e-06          3              
0.008054       0              1              
6.1e-05        0              1              
0.027743       0              1              
0.007964       0              1              
0.023968       0              1              
3e-06          0              1              
1.4e-05        0              1              
0.011963       0              1              
0.019978       0              1              
0.027999       0              1              
0.023974       0              1              
0.019965       0              1              
0.027969       0              1              
0.008037       0              3              
0.023977       0              1              
0.007983       0              2              
2e-06          0              1              
0.015966       0              1              
0.011972       0              1              
8e-05          0              1              
0.019953       0              1              
0.020033       0              1              
0.012079       0              2              
0.020021       0              1              
0.028021       0              1              
0.027983       0              2              
0.00797        0              1              
3e-06          1e-06          1              
0.0073         0              1              
0.003983       0              2              
0.015971       0              1              
0.00396        0              2              
0.019966       0              1              
3e-06          0              1              
0.003959       0              1              
0.019953       0              1              
0.027973       0              1              
0.003969       1e-06          1              
0.039963       0              1              
0.027973       0              1              
0.027979       0              1              
0.004047       0              2              
0.027979       0              2              
0.031816       0              1              
0.012045       0              4              
0.007958       0              1              
0.003972       0              2              
0.011592       0              1              
0.013474       0              2              
0.015966       0              1              
0.007993       0              2              
0.027964       0              1              
0.03597        0              1              
0.023987       0              2              
0.011988       0              3              
0.011861       0              1              
0.027962       0              1              
0.035962       0              1              
3e-06          0              1              
0.035963       0              1              
0.035954       0              1              
0.00395        0              1              
1e-06          0              1              
2e-06          0              1              
0.007975       0              1              
0.00396        0              1              
0.028689       0              1              
3e-06          0              1              
0.003522       0              1              
4e-06          0              1              
0.028034       0              2              
0.028042       0              3              
0.004738       1e-06          1              
0.018353       0              1              
0.023967       0              1              
0.003977       0              2              
0.027966       0              1              
0.011973       0              1              
0.027985       0              1              
0.015981       1e-06          2              
0.03195        0              1              
0.001781       0              2              
0.008009       0              1              
0.032033       0              1              
0.024015       0              1              
0.016015       0              1              
0.012107       0              2              
0.040034       0              1              
9.5e-05        0              1              
0.008033       0              1              
0.052042       0              1              
5.8e-05        0              1              
0.012042       0              1              
0.004021       0              1              
0.024017       0              1              
6.4e-05        0              1              
4e-06          0              1              
1.3e-05        0              1              
2e-06          0              1              
0.019951       0              1              
0.01995        0              1              
1e-06          0              1              
0.015972       0              1              
0.019961       0              1              
0.01595        1e-06          1              
0.023961       0              1              
0.015972       0              2              
0.019992       0              1              
7e-05          0              1              
0.023998       0              1              
0.012081       0              2              
4e-06          0              1              
0.003971       0              2              
0.019957       0              1              
0.01996        0              1              
4e-06          1e-06          1              
3e-06          0              1              
0.015959       0              1              
0.019964       0              1              
3e-06          1e-06          1              
0.011953       0              1              
0.01494        0              1              
0.007984       0              2              
0.011951       0              1              
0.003959       0              1              
0.012025       0              2              
0.019954       0              1              
0.015993       0              2              
0.023753       0              1              
0.007958       0              1              
2e-06          0              1              
0.003957       1e-06          1              
0.008781       0              1              
0.000166       0              1              
2e-06          0              1              
6.7e-05        0              1              
0.004017       0              1              
8.1e-05        0              1              
5.6e-05        0              1              
4e-06          0              1              
0.006378       0              1              
0.003901       0              1              
2e-06          0              1              
3e-06          0              1              
2e-06          0              1              
2e-06          0              1              
0.003946       0              1              
0.00396        0              1              
4e-06          0              1              
3e-06          0              1              
3e-06          0              1              
3e-06          0              1              
3e-06          0              1              
3e-06          0              1              
3e-06          0              1              
2e-06          0              1              
6.4e-05        0              1              
4e-06          0              1              
3e-06          0              1              
2e-06          0              1              
3e-06          0              1              
0.00044        0              1              
4e-06          0              1              
4e-06          0              1              
3e-06          0              1              
2e-06          0              1              
4e-06          0              1              
3e-06          0              1              
2e-06          0              1              
3e-06          0              1              
6.1e-05        0              1              
6e-05          0              1              
2e-06          1e-06          1              
3e-06          0              1              
3e-06          0              1              
2e-06          0              1              
6e-05          0              1              
3e-06          0              1              
3e-06          0              1              
3e-06          0              1              
3e-06          0              1              
5.7e-05        0              1              
3e-06          0              1              
2e-06          0              1              
2e-06          0              1              
3e-06          0              1              
5.5e-05        0              1              
2e-06          0              1              
3e-06          0              1              
5e-06          0              1              
2e-06          0              1              
5.4e-05        0              1              
2e-06          0              1              
3e-06          0              1              
2e-06          0              1              
2e-06          0              1              
5.4e-05        0              1              
2e-06          0              1              
2e-06          0              1              
3e-06          0              1              
3e-06          0              1              
5.7e-05        0              1              
2e-06          0              1              
3e-06          0              1              
2e-06          1e-06          1              
3e-06          0              1              
5.8e-05        0              1              
3e-06          0              1              
3e-06          0              1              
2e-06          0              1              
2e-06          0              1              
5.4e-05        0              1              
3e-06          0              1              
2e-06          0              1              
2e-06          0              1              
2e-06          0              1              
6.4e-05        0              1              
