TotQLat.       ScalerLat      getDevLat      getPrgLat      Req.Type       
0.000309       0.000266       3.6e-05        0              0              
1.1e-05        0              0              8e-06          1              
5.2e-05        0              4e-05          0              0              
8e-06          0              0              6e-06          1              
5.2e-05        0              4.3e-05        0              0              
9e-06          0              0              7e-06          1              
4.3e-05        0              3.4e-05        0              0              
4e-06          0              0              2e-06          1              
2.7e-05        0              2.5e-05        0              0              
6.8e-05        6.6e-05        0              1e-06          1              
8.3e-05        5.3e-05        2.7e-05        0              0              
4e-06          0              0              2e-06          1              
2.9e-05        0              2.7e-05        0              0              
3e-06          0              0              1e-06          1              
2.8e-05        0              2.6e-05        0              0              
3e-06          0              0              1e-06          1              
2.8e-05        0              2.5e-05        0              0              
3e-06          0              0              1e-06          1              
2.8e-05        0              2.6e-05        0              0              
5.3e-05        5e-05          0              0              1              
7.7e-05        4.9e-05        2.5e-05        0              0              
3e-06          0              0              1e-06          1              
2.7e-05        0              2.6e-05        0              0              
3e-06          1e-06          0              1e-06          1              
2.8e-05        0              2.6e-05        0              0              
3e-06          0              0              1e-06          1              
2.8e-05        0              2.5e-05        0              0              
3e-06          0              0              1e-06          1              
2.7e-05        0              2.5e-05        0              0              
5.3e-05        5e-05          0              1e-06          1              
0.000103       7.2e-05        2.7e-05        0              0              
4e-06          0              0              1e-06          1              
3e-05          0              2.8e-05        0              0              
3e-06          0              0              1e-06          1              
2.8e-05        0              2.5e-05        0              0              
3e-06          0              0              1e-06          1              
2.7e-05        0              2.5e-05        0              0              
2.8e-05        0              2.6e-05        0              0              
5.8e-05        5.4e-05        0              1e-06          1              
7.6e-05        4.8e-05        2.6e-05        0              0              
2.8e-05        0              2.6e-05        0              0              
5e-06          0              0              3e-06          1              
2e-06          0              0              0              1              
3e-06          0              0              1e-06          1              
2.8e-05        0              2.5e-05        0              0              
3e-06          0              0              1e-06          1              
2.7e-05        0              2.5e-05        0              0              
3e-06          0              0              1e-06          1              
2.9e-05        0              2.7e-05        0              0              
5.3e-05        5.1e-05        0              1e-06          1              
7.8e-05        5e-05          2.5e-05        0              0              
2.7e-05        0              2.4e-05        0              0              
3e-06          0              0              1e-06          1              
3e-06          1e-06          0              1e-06          1              
2.9e-05        0              2.7e-05        0              0              
3e-06          0              0              1e-06          1              
2.8e-05        0              2.6e-05        0              0              
3e-06          0              0              1e-06          1              
3e-05          0              2.7e-05        0              0              
5.4e-05        5.1e-05        0              1e-06          1              
7.4e-05        4.7e-05        2.4e-05        0              0              
2.8e-05        0              2.5e-05        0              0              
2.7e-05        0              2.5e-05        0              0              
2.8e-05        0              2.5e-05        0              0              
3e-06          1e-06          0              1e-06          1              
2.8e-05        0              2.5e-05        0              0              
7.8e-05        5.2e-05        2.4e-05        0              0              
2.7e-05        0              2.5e-05        0              0              
2.7e-05        0              2.4e-05        0              0              
2.8e-05        0              2.7e-05        0              0              
2.6e-05        0              2.5e-05        0              0              
7.6e-05        5e-05          2.4e-05        0              0              
2.7e-05        0              2.5e-05        0              0              
2.7e-05        0              2.5e-05        0              0              
2.7e-05        0              2.5e-05        0              0              
2.9e-05        0              2.6e-05        0              0              
7.7e-05        5.1e-05        2.4e-05        0              0              
2.8e-05        0              2.6e-05        0              0              
3e-06          1e-06          0              1e-06          1              
2.7e-05        0              2.5e-05        0              0              
2.6e-05        0              2.4e-05        0              0              
2.7e-05        0              2.5e-05        0              0              
7.7e-05        5.1e-05        2.4e-05        0              0              
4e-06          0              0              1e-06          1              
2.8e-05        0              2.6e-05        0              0              
2.7e-05        0              2.5e-05        0              0              
2.6e-05        0              2.5e-05        0              0              
2.5e-05        0              2.4e-05        0              0              
7.7e-05        5.1e-05        2.4e-05        0              0              
2.7e-05        0              2.5e-05        0              0              
2.7e-05        0              2.4e-05        0              0              
2.6e-05        0              2.4e-05        0              0              
2.7e-05        0              2.6e-05        0              0              
7.9e-05        5.2e-05        2.5e-05        0              0              
2.9e-05        0              2.6e-05        0              0              
2.5e-05        0              2.4e-05        0              0              
2.6e-05        0              2.5e-05        0              0              
2.7e-05        0              2.5e-05        0              0              
7.6e-05        5e-05          2.4e-05        0              0              
2e-06          0              0              1e-06          1              
2.6e-05        0              2.4e-05        0              0              
2.9e-05        0              2.6e-05        0              0              
2.8e-05        0              2.6e-05        0              0              
2.7e-05        0              2.5e-05        0              0              
7.8e-05        5.3e-05        2.4e-05        0              0              
2.6e-05        0              2.4e-05        0              0              
3e-06          0              0              1e-06          1              
2.6e-05        0              2.5e-05        0              0              
2.6e-05        0              2.4e-05        0              0              
5.2e-05        0              5e-05          0              0              
7.7e-05        5.1e-05        2.4e-05        0              0              
2.6e-05        0              2.5e-05        0              0              
2.6e-05        0              2.4e-05        0              0              
2e-06          0              0              1e-06          1              
2.6e-05        0              2.3e-05        0              0              
0.022875       1e-06          0.022873       0              0              
7.8e-05        5.1e-05        2.6e-05        0              0              
2.7e-05        0              2.5e-05        0              0              
2.6e-05        0              2.4e-05        0              0              
2.6e-05        0              2.4e-05        0              0              
2.6e-05        0              2.5e-05        0              0              
7.4e-05        4.9e-05        2.4e-05        0              0              
2.5e-05        0              2.4e-05        0              0              
2.6e-05        0              2.5e-05        0              0              
2.6e-05        0              2.5e-05        0              0              
2.6e-05        0              2.4e-05        0              0              
7.4e-05        4.9e-05        2.4e-05        0              0              
2.8e-05        0              2.5e-05        0              0              
2.8e-05        0              2.6e-05        0              0              
2.7e-05        0              2.4e-05        0              0              
2.6e-05        0              2.4e-05        0              0              
7.7e-05        5.1e-05        2.4e-05        0              0              
2.6e-05        0              2.4e-05        0              0              
2.5e-05        0              2.3e-05        0              0              
2.6e-05        0              2.4e-05        0              0              
3e-06          0              0              1e-06          1              
2.6e-05        0              2.5e-05        0              0              
7.5e-05        4.9e-05        2.4e-05        0              0              
2.5e-05        0              2.4e-05        0              0              
2.6e-05        0              2.4e-05        0              0              
2.9e-05        0              2.5e-05        0              0              
2.6e-05        0              2.3e-05        0              0              
0.02397        0.023942       2.6e-05        0              0              
2.7e-05        0              2.4e-05        0              0              
2.6e-05        0              2.4e-05        0              0              
2.6e-05        0              2.4e-05        0              0              
2.5e-05        0              2.3e-05        0              0              
7.6e-05        5e-05          2.4e-05        0              0              
2.6e-05        0              2.4e-05        0              0              
2.6e-05        0              2.4e-05        0              0              
2.5e-05        0              2.4e-05        0              0              
2.5e-05        0              2.3e-05        0              0              
7.4e-05        4.7e-05        2.4e-05        0              0              
2.6e-05        0              2.4e-05        0              0              
2.6e-05        0              2.4e-05        0              0              
4e-06          0              0              2e-06          1              
2.7e-05        0              2.5e-05        0              0              
2.9e-05        0              2.7e-05        0              0              
8.2e-05        5.5e-05        2.4e-05        0              0              
2.6e-05        0              2.4e-05        0              0              
2.6e-05        0              2.4e-05        0              0              
2.6e-05        0              2.4e-05        0              0              
2.6e-05        0              2.4e-05        0              0              
7.4e-05        4.9e-05        2.4e-05        0              0              
2.5e-05        0              2.4e-05        0              0              
2.8e-05        0              2.6e-05        0              0              
2.6e-05        0              2.4e-05        0              0              
3e-06          0              0              1e-06          1              
2.8e-05        0              2.6e-05        0              0              
7.7e-05        5.1e-05        2.4e-05        0              0              
3e-06          0              0              1e-06          1              
3e-06          0              0              1e-06          1              
2.7e-05        0              2.5e-05        0              0              
2e-06          0              0              0              1              
2.8e-05        0              2.6e-05        0              0              
3e-05          0              2.7e-05        0              0              
3.1e-05        0              2.9e-05        0              0              
8.2e-05        5.5e-05        2.6e-05        0              0              
2.6e-05        0              2.4e-05        0              0              
2.7e-05        0              2.6e-05        0              0              
2.6e-05        0              2.4e-05        0              0              
2e-06          0              0              1e-06          1              
3e-06          0              0              0              1              
2e-06          0              0              1e-06          1              
2.7e-05        0              2.5e-05        0              0              
0.000119       8.7e-05        2.7e-05        0              0              
2.8e-05        0              2.6e-05        0              0              
3e-05          0              2.7e-05        0              0              
3e-06          0              0              2e-06          1              
3e-06          0              0              1e-06          1              
3e-06          0              0              1e-06          1              
2.9e-05        0              2.7e-05        0              0              
3e-06          0              0              1e-06          1              
3e-05          0              2.8e-05        0              0              
5.5e-05        5.3e-05        0              0              1              
0.003431       0.003403       2.6e-05        0              0              
3.3e-05        0              3e-05          0              0              
2.7e-05        0              2.5e-05        0              0              
3e-06          0              0              1e-06          1              
4e-06          0              0              1e-06          1              
3e-05          0              2.9e-05        0              0              
2e-06          0              0              1e-06          1              
4e-06          0              0              1e-06          1              
2.9e-05        0              2.8e-05        0              0              
8.8e-05        6e-05          2.6e-05        0              0              
2.8e-05        0              2.6e-05        0              0              
3e-06          0              0              1e-06          1              
3e-06          1e-06          0              0              1              
2.7e-05        0              2.5e-05        0              0              
3e-06          0              0              1e-06          1              
2.8e-05        0              2.6e-05        0              0              
2.9e-05        0              2.7e-05        0              0              
5.8e-05        5.5e-05        0              1e-06          1              
5.1e-05        4.8e-05        0              1e-06          1              
9.3e-05        6.4e-05        2.7e-05        0              0              
4e-06          0              0              2e-06          1              
4e-06          1e-06          0              1e-06          1              
3.1e-05        0              2.9e-05        0              0              
3e-06          0              0              1e-06          1              
2e-06          0              0              1e-06          1              
0.028032       0              0.028029       0              0              
2.7e-05        0              2.5e-05        0              0              
2.7e-05        0              2.5e-05        0              0              
8.6e-05        5.9e-05        2.5e-05        0              0              
3e-06          0              0              1e-06          1              
2.8e-05        0              2.6e-05        0              0              
2e-06          0              0              1e-06          1              
2e-06          0              0              1e-06          1              
0.020015       0              0.020013       0              0              
2.8e-05        0              2.6e-05        0              0              
4e-06          0              0              1e-06          1              
3e-06          0              0              1e-06          1              
0.024031       0              0.024029       0              0              
8.1e-05        5.3e-05        2.5e-05        0              0              
2.7e-05        0              2.5e-05        0              0              
2.6e-05        0              2.4e-05        0              0              
2.6e-05        0              2.5e-05        0              0              
4e-06          0              0              1e-06          1              
2e-06          0              0              1e-06          1              
2.7e-05        1e-06          2.6e-05        0              0              
9.1e-05        6.3e-05        2.6e-05        0              0              
2.7e-05        0              2.4e-05        0              0              
2.6e-05        0              2.3e-05        0              0              
2.6e-05        0              2.5e-05        0              0              
2.6e-05        0              2.5e-05        0              0              
8.6e-05        8.3e-05        0              1e-06          1              
6.2e-05        5.8e-05        0              1e-06          1              
7.5e-05        4.8e-05        2.5e-05        0              0              
4e-06          0              0              1e-06          1              
0.016003       0              0.016001       0              0              
2.8e-05        0              2.5e-05        0              0              
4e-06          0              0              2e-06          1              
2.8e-05        0              2.6e-05        0              0              
3e-06          0              0              1e-06          1              
2.9e-05        0              2.7e-05        0              0              
6.6e-05        6.1e-05        0              1e-06          1              
8.5e-05        5.6e-05        2.6e-05        0              0              
2.7e-05        0              2.5e-05        0              0              
3e-06          0              0              1e-06          1              
2.6e-05        0              2.5e-05        0              0              
3e-06          0              0              2e-06          1              
2.9e-05        0              2.7e-05        0              0              
2.6e-05        0              2.4e-05        0              0              
5.3e-05        5e-05          0              1e-06          1              
8.3e-05        5.5e-05        2.5e-05        0              0              
2.7e-05        0              2.5e-05        0              0              
3e-06          0              0              1e-06          1              
2.5e-05        0              2.4e-05        0              0              
3e-06          0              0              1e-06          1              
0.020021       0              0.020019       0              0              
2.7e-05        0              2.5e-05        0              0              
8e-05          5.3e-05        2.5e-05        0              0              
2.8e-05        0              2.5e-05        0              0              
3e-06          0              0              1e-06          1              
2.8e-05        0              2.7e-05        0              0              
3e-06          0              0              1e-06          1              
2.9e-05        0              2.6e-05        0              0              
3e-06          0              0              1e-06          1              
2.6e-05        1e-06          2.5e-05        0              0              
7.8e-05        5.1e-05        2.4e-05        0              0              
3e-06          0              0              1e-06          1              
2.8e-05        0              2.6e-05        0              0              
3e-06          0              0              1e-06          1              
2.6e-05        0              2.5e-05        0              0              
3e-05          0              2.8e-05        0              0              
2.8e-05        0              2.6e-05        0              0              
7.7e-05        5.1e-05        2.4e-05        0              0              
2.6e-05        0              2.4e-05        0              0              
3e-06          0              0              1e-06          1              
3e-06          0              0              1e-06          1              
0.036049       0              0.036047       0              0              
3.4e-05        0              3.1e-05        0              0              
2.8e-05        0              2.6e-05        0              0              
9.1e-05        6.3e-05        2.7e-05        0              0              
2.7e-05        0              2.5e-05        0              0              
2.6e-05        0              2.4e-05        0              0              
2.5e-05        0              2.4e-05        0              0              
3e-05          0              2.7e-05        0              0              
7.8e-05        5.1e-05        2.5e-05        0              0              
3e-06          0              0              1e-06          1              
2e-06          0              0              1e-06          1              
2.8e-05        0              2.6e-05        0              0              
0.016017       0              0.016016       0              0              
2.7e-05        0              2.5e-05        0              0              
3e-06          0              0              0              1              
2.9e-05        0              2.6e-05        0              0              
5.5e-05        5.2e-05        0              1e-06          1              
9.4e-05        6.4e-05        2.6e-05        0              0              
3e-05          0              2.8e-05        0              0              
2.7e-05        0              2.5e-05        0              0              
2e-06          0              0              1e-06          1              
2e-06          0              0              1e-06          1              
2.9e-05        0              2.6e-05        0              0              
2.6e-05        0              2.4e-05        0              0              
8.1e-05        7.8e-05        0              1e-06          1              
5.2e-05        4.9e-05        0              1e-06          1              
8.3e-05        5.6e-05        2.6e-05        0              0              
0.016024       0              0.016021       0              0              
2.7e-05        0              2.5e-05        0              0              
2.7e-05        0              2.5e-05        0              0              
3.1e-05        0              2.8e-05        0              0              
5.5e-05        5.2e-05        0              0              1              
5.1e-05        4.7e-05        0              1e-06          1              
5.6e-05        5.4e-05        0              0              1              
6.2e-05        5.8e-05        0              1e-06          1              
6e-05          5.7e-05        0              1e-06          1              
7.7e-05        4.8e-05        2.7e-05        0              0              
2.9e-05        0              2.6e-05        0              0              
4e-06          0              0              1e-06          1              
3e-06          0              0              0              1              
4e-06          0              0              1e-06          1              
2e-06          0              0              1e-06          1              
3e-06          0              0              1e-06          1              
2.9e-05        0              2.8e-05        0              0              
3e-06          0              0              1e-06          1              
5e-06          1e-06          0              1e-06          1              
4e-06          0              0              1e-06          1              
5e-06          0              0              2e-06          1              
4e-06          0              0              1e-06          1              
3.2e-05        0              3.1e-05        0              0              
2e-06          0              0              1e-06          1              
4e-06          0              0              1e-06          1              
2e-06          0              0              1e-06          1              
4e-06          0              0              1e-06          1              
3e-06          0              0              0              1              
3e-06          1e-06          0              1e-06          1              
2e-06          0              0              1e-06          1              
3.2e-05        0              3e-05          0              0              
6.2e-05        6e-05          0              0              1              
6.4e-05        6.1e-05        0              1e-06          1              
5.5e-05        5.3e-05        0              1e-06          1              
6e-05          5.8e-05        0              1e-06          1              
6.7e-05        6.3e-05        0              1e-06          1              
0.003941       0.003939       0              0              1              
8.1e-05        5.3e-05        2.7e-05        0              0              
3e-06          0              0              0              1              
4e-06          0              0              1e-06          1              
3e-06          1e-06          0              1e-06          1              
2e-06          0              0              1e-06          1              
2e-06          0              0              0              1              
3e-06          0              0              1e-06          1              
2e-06          0              0              1e-06          1              
3e-06          0              0              1e-06          1              
3e-06          0              0              1e-06          1              
3e-06          0              0              1e-06          1              
3e-06          0              0              1e-06          1              
4e-06          0              0              1e-06          1              
3e-06          0              0              1e-06          1              
3.2e-05        0              3e-05          0              0              
4e-06          0              0              1e-06          1              
5e-06          0              0              1e-06          1              
3.2e-05        0              3.1e-05        0              0              
3e-06          0              0              1e-06          1              
2e-06          0              0              1e-06          1              
3e-06          1e-06          0              1e-06          1              
2.9e-05        0              2.8e-05        0              0              
2e-06          0              0              1e-06          1              
6e-06          0              0              2e-06          1              
3e-06          0              0              1e-06          1              
2e-06          0              0              1e-06          1              
3.3e-05        0              3e-05          0              0              
5.9e-05        5.6e-05        0              1e-06          1              
7.5e-05        4.8e-05        2.5e-05        0              0              
4e-06          0              0              1e-06          1              
2e-06          0              0              1e-06          1              
3e-06          1e-06          0              1e-06          1              
4e-06          0              0              1e-06          1              
3e-06          0              0              1e-06          1              
2e-06          0              0              1e-06          1              
3.3e-05        0              3.1e-05        0              0              
4e-06          1e-06          0              1e-06          1              
4e-06          0              0              2e-06          1              
3e-06          0              0              1e-06          1              
4e-06          0              0              1e-06          1              
3e-06          0              0              1e-06          1              
3e-06          0              0              1e-06          1              
3e-06          0              0              1e-06          1              
2e-06          0              0              0              1              
3e-06          0              0              1e-06          1              
3e-06          0              0              1e-06          1              
3e-06          0              0              1e-06          1              
5e-06          0              0              1e-06          1              
3e-06          0              0              1e-06          1              
4e-06          0              0              0              1              
4e-06          0              0              1e-06          1              
3.4e-05        0              3.2e-05        0              0              
3e-06          0              0              1e-06          1              
2e-06          0              0              1e-06          1              
6e-06          0              0              2e-06          1              
4e-06          0              0              1e-06          1              
4e-06          1e-06          0              1e-06          1              
2e-06          0              0              1e-06          1              
3.5e-05        1e-06          3.2e-05        0              0              
4e-06          0              0              0              1              
4e-06          0              0              1e-06          1              
4e-06          0              0              1e-06          1              
2e-06          0              0              1e-06          1              
5e-06          0              0              1e-06          1              
3.9e-05        0              3.6e-05        0              0              
6.3e-05        5.9e-05        0              1e-06          1              
7.3e-05        6.8e-05        0              1e-06          1              
7.9e-05        7.4e-05        0              1e-06          1              
5.8e-05        5.5e-05        0              1e-06          1              
6.6e-05        6.1e-05        0              1e-06          1              
5.1e-05        4.9e-05        0              1e-06          1              
0.012078       0.012073       0              1e-06          1              
8.1e-05        7.6e-05        0              1e-06          1              
8.1e-05        7.5e-05        0              1e-06          1              
0.016071       0.016067       0              1e-06          1              
5.8e-05        5.4e-05        0              1e-06          1              
8.5e-05        8e-05          0              1e-06          1              
7.2e-05        6.8e-05        0              1e-06          1              
7e-05          6.7e-05        0              1e-06          1              
6.5e-05        6.1e-05        0              1e-06          1              
8.9e-05        5.7e-05        3.1e-05        0              0              
5e-06          0              0              2e-06          1              
3.3e-05        0              3.1e-05        0              0              
3e-06          0              0              1e-06          1              
3e-06          0              0              1e-06          1              
4e-06          0              0              1e-06          1              
3e-06          0              0              1e-06          1              
2e-06          0              0              1e-06          1              
2e-06          0              0              1e-06          1              
4e-06          0              0              2e-06          1              
0.00146        0              0.001449       0              0              
5e-06          0              0              2e-06          1              
3e-06          0              0              1e-06          1              
3e-06          0              0              1e-06          1              
0.004309       0              0.00288        0              0              
4e-06          0              0              1e-06          1              
3.1e-05        0              2.8e-05        0              0              
7.1e-05        6.7e-05        0              1e-06          1              
5.9e-05        5.6e-05        0              1e-06          1              
5e-05          4.7e-05        0              1e-06          1              
8.1e-05        5.2e-05        2.7e-05        0              0              
5e-06          0              0              2e-06          1              
4e-06          0              0              2e-06          1              
2e-06          0              0              1e-06          1              
3e-06          0              0              1e-06          1              
5e-06          0              0              2e-06          1              
2e-06          0              0              1e-06          1              
3e-06          0              0              1e-06          1              
5e-06          0              0              1e-06          1              
4e-06          0              0              2e-06          1              
3e-06          0              0              1e-06          1              
3e-06          0              0              1e-06          1              
3.4e-05        0              3.2e-05        0              0              
4e-06          0              0              1e-06          1              
2e-06          0              0              1e-06          1              
5e-06          0              0              2e-06          1              
3.3e-05        0              3.1e-05        0              0              
3e-06          0              0              1e-06          1              
6e-06          1e-06          0              2e-06          1              
3e-06          0              0              1e-06          1              
3e-06          0              0              1e-06          1              
2e-06          0              0              1e-06          1              
3.6e-05        0              3.2e-05        0              0              
3e-06          0              0              2e-06          1              
3e-06          0              0              1e-06          1              
6e-06          0              0              2e-06          1              
5e-06          1e-06          0              2e-06          1              
4e-06          0              0              1e-06          1              
0.004041       0              0.004039       0              0              
6.1e-05        5.7e-05        0              1e-06          1              
5.9e-05        5.6e-05        0              1e-06          1              
8.2e-05        7.7e-05        0              2e-06          1              
5.6e-05        5.3e-05        0              1e-06          1              
8.2e-05        5.2e-05        2.7e-05        0              0              
4e-06          0              0              1e-06          1              
4e-06          0              0              2e-06          1              
3e-06          0              0              1e-06          1              
3e-06          1e-06          0              1e-06          1              
5e-06          0              0              2e-06          1              
3e-06          0              0              1e-06          1              
3e-06          0              0              1e-06          1              
3e-06          0              0              1e-06          1              
5e-06          0              0              1e-06          1              
5e-06          0              0              1e-06          1              
4e-06          0              0              1e-06          1              
4e-06          1e-06          0              1e-06          1              
3.4e-05        0              3.2e-05        0              0              
4e-06          0              0              2e-06          1              
4e-06          0              0              1e-06          1              
5e-06          0              0              2e-06          1              
3.6e-05        0              3.2e-05        0              0              
3e-06          0              0              1e-06          1              
3.4e-05        0              3e-05          0              0              
4e-06          0              0              1e-06          1              
3e-05          0              2.7e-05        0              0              
6.5e-05        6.1e-05        0              1e-06          1              
9.1e-05        6e-05          2.7e-05        0              0              
4e-06          0              0              1e-06          1              
3.4e-05        0              3e-05          0              0              
4e-06          0              0              1e-06          1              
3.3e-05        0              3e-05          0              0              
4e-06          0              0              1e-06          1              
2.9e-05        0              2.7e-05        0              0              
4e-06          0              0              1e-06          1              
3.5e-05        0              3.1e-05        0              0              
0.000442       0.000437       0              2e-06          1              
9.6e-05        6.5e-05        2.7e-05        0              0              
4e-06          0              0              1e-06          1              
3.1e-05        1e-06          2.9e-05        0              0              
4e-06          0              0              1e-06          1              
3e-05          0              2.8e-05        0              0              
4e-06          0              0              1e-06          1              
3e-05          0              2.7e-05        0              0              
3e-06          0              0              1e-06          1              
2.8e-05        0              2.6e-05        0              0              
8.1e-05        5.2e-05        2.5e-05        0              0              
2.8e-05        0              2.6e-05        0              0              
4e-06          1e-06          0              1e-06          1              
3e-05          0              2.7e-05        0              0              
4e-06          0              0              1e-06          1              
2.8e-05        0              2.6e-05        0              0              
4e-06          0              0              2e-06          1              
3e-06          0              0              1e-06          1              
2.8e-05        0              2.6e-05        0              0              
6.1e-05        5.7e-05        0              1e-06          1              
6e-05          5.6e-05        0              1e-06          1              
8.4e-05        5.5e-05        2.7e-05        0              0              
4e-06          0              0              2e-06          1              
2.9e-05        0              2.7e-05        0              0              
4e-06          0              0              2e-06          1              
3.1e-05        0              2.8e-05        0              0              
3e-06          0              0              1e-06          1              
3.3e-05        0              3e-05          0              0              
4e-06          0              0              2e-06          1              
4.1e-05        0              3.7e-05        0              0              
6.1e-05        5.8e-05        0              1e-06          1              
9e-05          5.9e-05        2.8e-05        0              0              
3e-06          0              0              1e-06          1              
3.1e-05        0              2.8e-05        0              0              
4e-06          0              0              1e-06          1              
3.4e-05        0              3.1e-05        0              0              
3e-06          0              0              1e-06          1              
2.9e-05        1e-06          2.6e-05        0              0              
4e-06          0              0              1e-06          1              
2.9e-05        0              2.7e-05        0              0              
5.7e-05        5.3e-05        0              1e-06          1              
7.8e-05        5.1e-05        2.6e-05        0              0              
4e-06          0              0              1e-06          1              
3e-05          0              2.7e-05        0              0              
4e-06          0              0              1e-06          1              
3.1e-05        0              2.8e-05        0              0              
3e-06          1e-06          0              1e-06          1              
2.8e-05        0              2.6e-05        0              0              
4e-06          0              0              1e-06          1              
3.6e-05        0              3.1e-05        0              0              
5.5e-05        5.2e-05        0              1e-06          1              
8.5e-05        5.6e-05        2.6e-05        0              0              
4e-06          0              0              1e-06          1              
2.9e-05        1e-06          2.7e-05        0              0              
4e-06          0              0              1e-06          1              
2.9e-05        0              2.7e-05        0              0              
5e-06          0              0              1e-06          1              
3.3e-05        0              3e-05          0              0              
4e-06          0              0              2e-06          1              
3.1e-05        0              2.9e-05        0              0              
5.6e-05        5.2e-05        0              2e-06          1              
8.1e-05        5.2e-05        2.6e-05        0              0              
4e-06          0              0              2e-06          1              
3e-05          0              2.8e-05        0              0              
4e-06          0              0              1e-06          1              
3.1e-05        0              2.9e-05        0              0              
4e-06          0              0              1e-06          1              
3.2e-05        0              2.9e-05        0              0              
4e-06          0              0              2e-06          1              
3.1e-05        0              2.8e-05        0              0              
5.4e-05        5.1e-05        0              1e-06          1              
8.1e-05        5.2e-05        2.6e-05        0              0              
4e-06          0              0              1e-06          1              
3.2e-05        0              2.9e-05        0              0              
4e-06          0              0              1e-06          1              
2.8e-05        0              2.7e-05        0              0              
4e-06          0              0              1e-06          1              
2.8e-05        0              2.6e-05        0              0              
4e-06          0              0              2e-06          1              
2.9e-05        1e-06          2.7e-05        0              0              
5.8e-05        5.4e-05        0              1e-06          1              
8.5e-05        5.5e-05        2.6e-05        0              0              
4e-06          0              0              1e-06          1              
3e-05          0              2.7e-05        0              0              
3e-06          0              0              1e-06          1              
3.1e-05        0              2.8e-05        0              0              
4e-06          0              0              2e-06          1              
3.1e-05        0              2.8e-05        0              0              
3e-06          0              0              1e-06          1              
3.2e-05        0              2.9e-05        0              0              
5.8e-05        5.6e-05        0              1e-06          1              
9.2e-05        6.1e-05        2.8e-05        0              0              
4e-06          0              0              1e-06          1              
2.9e-05        0              2.7e-05        0              0              
2.9e-05        0              2.7e-05        0              0              
4e-06          0              0              2e-06          1              
4e-06          0              0              2e-06          1              
3e-05          0              2.8e-05        0              0              
3e-06          0              0              1e-06          1              
3.3e-05        0              3.1e-05        0              0              
5.5e-05        5.2e-05        0              1e-06          1              
8.6e-05        5.6e-05        2.6e-05        0              0              
3e-06          0              0              1e-06          1              
3.2e-05        0              2.9e-05        0              0              
3e-06          0              0              1e-06          1              
3e-05          0              2.8e-05        0              0              
3e-06          0              0              1e-06          1              
4.6e-05        0              4.2e-05        0              0              
3e-06          0              0              2e-06          1              
3.2e-05        0              2.9e-05        0              0              
6.5e-05        6.2e-05        0              1e-06          1              
