JobID          Runtime        getDevice      getProgram     runProgram     startTime_s    startTime_us   endTime_s      endTime_us     violation      1
-1             1.31766        5e-05          1.25188        0.06573        1543977316     223880         1543977317     541542         1              
-1             0.063861       8.6e-05        2e-05          0.063748       1543977317     552555         1543977317     616416         0              
-1             0.063798       3.5e-05        1.9e-05        0.063739       1543977317     627322         1543977317     691120         0              
-1             0.063786       3.4e-05        1.9e-05        0.063727       1543977317     702109         1543977317     765895         0              
-1             0.063839       3.4e-05        6.4e-05        0.063736       1543977317     776791         1543977317     840630         0              
0              0.606971       0.056054       0.000856       0.538108       1543977327     985792         1543977328     592763         0              
1              1.02874        0.416025       0.027986       0.58472        1543977328     205787         1543977329     234523         1              
2              1.72364        1.08804        0.035977       0.599616       1543977328     237786         1543977329     961422         1              
3              2.16752        1.29204        0.035974       0.839502       1543977328     721786         1543977330     889305         1              
4              2.84829        2.14804        0.031976       0.668265       1543977328     745787         1543977331     594074         1              
5              3.52908        2.66404        0.039974       0.825061       1543977328     965786         1543977332     494869         1              
6              4.06507        3.28403        0.039985       0.741052       1543977329     241788         1543977333     306863         1              
7              4.37158        3.97204        0.031983       0.367542       1543977329     393786         1543977333     765365         1              
8              4.21345        3.82804        5.4e-05        0.385352       1543977329     977788         1543977334     191238         1              
9              4.73962        4.20003        3.9e-05        0.539545       1543977330     21786          1543977334     761403         1              
11             5.18586        4.59603        0.043989       0.545838       1543977330     217786         1543977335     403651         1              
10             5.74468        5.22402        0.027991       0.492661       1543977330     217787         1543977335     962462         1              
12             6.15629        5.67203        0.000109       0.480161       1543977330     361787         1543977336     518075         1              
13             6.59652        6.08403        0.031984       0.480504       1543977330     465787         1543977337     62308          1              
14             6.88424        6.43767        0.038344       0.40822        1543977330     685787         1543977337     570024         1              
15             6.99645        6.40802        0.039985       0.548425       1543977331     201787         1543977338     198233         1              
16             7.55545        7.01202        0.039983       0.503439       1543977331     209791         1543977338     765241         1              
17             8.00107        7.56403        2.7e-05        0.413036       1543977331     221787         1543977339     222859         1              
18             8.44108        7.98803        0.00494        0.448098       1543977331     253786         1543977339     694862         1              
19             8.75804        8.42004        2.4e-05        0.337966       1543977331     321787         1543977340     79826          1              
20             8.95227        8.62804        0.031972       0.292256       1543977331     457787         1543977340     410060         1              
21             9.34185        8.90803        0.039976       0.393832       1543977331     529787         1543977340     871640         1              
22             9.74507        9.32002        1.8e-05        0.425022       1543977331     581787         1543977341     326858         1              
23             10.0426        9.64003        0.031981       0.370593       1543977331     717787         1543977341     760396         1              
24             10.2489        9.94803        2.2e-05        0.300879       1543977331     853787         1543977342     102727         1              
25             10.4155        10.124         0.027976       0.263519       1543977331     989788         1543977342     405326         1              
26             10.6181        10.328         0.027971       0.262124       1543977332     105787         1543977342     723929         1              
27             11.1411        10.608         0.039971       0.493055       1543977332     133787         1543977343     274859         1              
28             11.0438        10.788         2.2e-05        0.255734       1543977332     501788         1543977343     545605         1              
29             11.2898        10.9701        0.016017       0.303686       1543977332     627778         1543977343     917544         1              
30             11.7087        11.236         0.027985       0.444716       1543977332     721787         1543977344     430531         1              
31             12.1371        11.548         0.047969       0.541059       1543977332     925788         1543977345     62869          1              
32             12.5131        11.956         0.039975       0.517055       1543977333     133787         1543977345     646861         1              
33             12.7915        12.456         0.035972       0.299512       1543977333     233787         1543977346     25325          1              
34             13.0875        12.808         0.03198        0.247521       1543977333     249785         1543977346     337324         1              
35             13.1395        12.776         0.039969       0.32352        1543977333     605788         1543977346     745325         1              
36             13.3715        13.076         8.9e-05        0.295393       1543977333     701786         1543977347     73326          1              
37             13.6862        13.348         0.039973       0.298133       1543977333     769788         1543977347     455943         1              
38             13.9876        13.66          0.031973       0.295547       1543977333     837787         1543977347     825357         1              
39             14.2476        13.976         0.039972       0.231528       1543977333     893787         1543977348     141342         1              
40             14.4036        14.144         0.00011        0.259408       1543977334     37787          1543977348     441349         1              
41             14.4158        14.224         0.027972       0.163761       1543977334     221787         1543977348     637565         1              
42             14.5275        14.28          8e-05          0.247423       1543977334     373787         1543977348     901335         1              
43             14.7998        14.516         0.036066       0.247704       1543977334     433785         1543977349     233595         1              
44             14.9901        14.784         8.6e-05        0.206019       1543977334     485790         1543977349     475936         1              
45             14.6595        14.384         0.031983       0.243518       1543977335     137787         1543977349     797329         1              
46             14.6836        14.428         8e-05          0.255446       1543977335     401786         1543977350     85361          1              
47             14.6702        14.4           0.023987       0.246134       1543977335     741787         1543977350     411941         1              
48             14.8731        14.46          0.027992       0.385047       1543977335     981788         1543977350     854861         1              
49             15.3091        14.844         0.031981       0.433055       1543977336     25787          1543977351     334862         1              
50             15.4251        15.004         0.027973       0.393056       1543977336     349789         1543977351     774861         1              
51             15.4701        15.268         8.7e-05        0.202007       1543977336     537787         1543977352     7921           1              
52             15.6731        15.232         0.031972       0.40906        1543977336     789793         1543977352     462865         1              
53             15.8741        15.6           0.031978       0.24213        1543977336     893790         1543977352     767937         1              
54             16.1091        15.672         0.031964       0.405054       1543977337     117788         1543977353     226858         1              
55             15.9851        15.568         0.03197        0.385056       1543977337     669790         1543977353     654858         1              
56             16.0755        15.872         0.000105       0.203388       1543977337     797787         1543977353     873326         1              
57             16.2998        16.064         0.031964       0.203769       1543977337     821786         1543977354     121574         1              
58             16.4402        16.276         0.027975       0.13623        1543977337     857795         1543977354     298033         1              
59             16.7491        16.412         0.027963       0.309056       1543977337     893796         1543977354     642862         1              
60             16.8796        16.6601        0.027955       0.191531       1543977337     989787         1543977354     869337         1              
61             17.3803        16.86          0.031975       0.488251       1543977338     45790          1543977355     426059         1              
62             17.4807        17.228         0.000127       0.252567       1543977338     213785         1543977355     694535         1              
63             17.8731        17.5041        0.000137       0.368862       1543977338     233788         1543977356     106865         1              
64             17.9122        17.588         0.035973       0.288227       1543977338     545787         1543977356     458033         1              
65             18.1181        17.9201        0.027958       0.170116       1543977338     561786         1543977356     679922         1              
66             18.1296        17.8086        0.000101       0.320914       1543977338     885246         1543977357     14866          1              
67             18.2842        17.96          0.019993       0.30422        1543977339     69787          1543977357     354031         1              
68             18.5315        18.308         0.001714       0.221696       1543977339     89786          1543977357     621240         1              
69             18.6443        18.444         9.8e-05        0.200148       1543977339     189786         1543977357     834074         1              
70             18.7717        18.656         0.012054       0.103601       1543977339     189789         1543977357     961484         1              
71             18.565         18.344         0.027965       0.192951       1543977339     629787         1543977358     194756         1              
72             17.8881        17.784         9.6e-05        0.10391        1543977340     413792         1543977358     301843         1              
73             18.109         17.916         0.000101       0.192838       1543977340     417786         1543977358     526775         1              
74             18.1589        18.0931        0.000102       0.065772       1543977340     433787         1543977358     592729         1              
75             18.196         18.08          0.000101       0.115835       1543977340     521788         1543977358     717778         1              
76             18.0894        17.972         9.8e-05        0.117259       1543977340     749789         1543977358     839190         1              
77             18.3338        18.1           0.031978       0.201829       1543977340     757795         1543977359     91631          1              
78             18.5087        18.332         9.4e-05        0.176604       1543977340     781786         1543977359     290531         1              
79             18.6098        18.392         0.000102       0.217683       1543977340     905788         1543977359     515625         1              
80             18.5738        18.352         0.031973       0.189831       1543977341     181791         1543977359     755640         1              
81             18.6109        18.488         0.000113       0.122709       1543977341     281786         1543977359     892657         1              
82             18.6058        18.364         0.027973       0.213825       1543977341     533787         1543977360     139628         1              
83             18.6221        18.484         0.000101       0.137997       1543977341     673788         1543977360     295929         1              
84             18.4355        18.312         9.6e-05        0.123319       1543977341     997789         1543977360     433254         1              
85             18.4082        18.22          9.8e-05        0.188019       1543977342     229790         1543977360     637960         1              
86             18.2244        18.1602        0.000103       0.064042       1543977342     477787         1543977360     702164         1              
87             18.3175        18.216         0.000102       0.101375       1543977342     489789         1543977360     807312         1              
88             18.3803        18.272         9.4e-05        0.108168       1543977342     569785         1543977360     950097         1              
89             18.4155        18.296         9.7e-05        0.119388       1543977342     673787         1543977361     89323          1              
90             18.424         18.3601        0.000108       0.063817       1543977342     737787         1543977361     161777         1              
91             18.48          18.3761        7.8e-05        0.103868       1543977342     797789         1543977361     277802         1              
92             18.2919        18.2281        7.4e-05        0.063767       1543977343     53788          1543977361     345731         1              
93             18.0799        17.9761        7.9e-05        0.10372        1543977343     381788         1543977361     461659         1              
94             18.0717        18.0081        7.4e-05        0.063557       1543977343     465787         1543977361     537479         1              
95             17.9797        17.8759        9.5e-05        0.103735       1543977343     661788         1543977361     641488         1              
96             18.0316        17.9678        9.6e-05        0.063767       1543977343     673786         1543977361     705413         1              
97             17.9557        17.8917        8.1e-05        0.063958       1543977343     813788         1543977361     769514         1              
98             17.8195        17.7558        8.5e-05        0.06364        1543977344     13791          1543977361     833315         1              
99             17.4673        17.3636        7.6e-05        0.103645       1543977344     469789         1543977361     937106         1              
