JobID          Runtime        getDevice      getProgram     runProgram     startTime_s    startTime_us   endTime_s      endTime_us     violation      0
-1             1.24777        0.000501       1.23671        0.010549       1543977314     144815         1543977315     392582         0              
-1             0.010565       5e-05          1.9e-05        0.010491       1543977317     541588         1543977317     552153         0              
-1             0.010554       3.5e-05        2.5e-05        0.01049        1543977317     616437         1543977317     626991         0              
-1             0.010589       3.3e-05        6.8e-05        0.010483       1543977317     691140         1543977317     701729         0              
-1             0.010545       3.3e-05        2.4e-05        0.010484       1543977317     765914         1543977317     776459         0              
0              0.013976       9.1e-05        2.7e-05        0.013847       1543977327     854026         1543977327     868002         0              
1              0.012079       8.5e-05        2.7e-05        0.011959       1543977327     875144         1543977327     887223         0              
2              0.029887       0.000165       2.3e-05        0.029692       1543977327     888486         1543977327     918373         0              
3              0.12334        0.028036       0.036112       0.059187       1543977327     929794         1543977328     53134          0              
4              0.239342       0.188045       7.1e-05        0.05122        1543977327     933788         1543977328     173130         0              
5              0.381263       0.224026       0.043983       0.113247       1543977327     973787         1543977328     355050         0              
6              0.471349       0.424028       2.1e-05        0.047295       1543977327     985789         1543977328     457138         0              
7              0.578315       0.476031       0.004128       0.098151       1543977328     17787          1543977328     596102         0              
8              0.659346       0.572024       0.035988       0.051329       1543977328     65786          1543977328     725132         0              
9              0.793401       0.660026       0.031988       0.10138        1543977328     85786          1543977328     879187         0              
10             0.888842       0.797534       0.035993       0.055308       1543977328     92287          1543977328     981129         0              
11             1.07302        0.920037       0.035976       0.117002       1543977328     105786         1543977329     178811         0              
12             1.26802        1.10003        0.039987       0.127997       1543977328     109786         1543977329     377805         0              
13             1.48023        1.32803        0.035982       0.116213       1543977328     121788         1543977329     602019         0              
14             1.57135        1.47205        0.043966       0.055328       1543977328     137785         1543977329     709135         0              
16             1.67064        1.57576        0.043983       0.050886       1543977328     182048         1543977329     852690         0              
18             1.76735        1.71603        2.1e-05        0.051289       1543977328     193788         1543977329     961136         0              
15             1.95202        1.80004        0.047987       0.103985       1543977328     197790         1543977330     149807         0              
19             2.05856        1.95926        0.039975       0.059322       1543977328     198563         1543977330     257127         1              
17             2.20902        2.07605        0.035965       0.097002       1543977328     201786         1543977330     410811         1              
20             2.34813        2.22004        0.039976       0.088108       1543977328     217786         1543977330     565913         1              
21             2.55028        2.40628        0.039985       0.103995       1543977328     219529         1543977330     769804         1              
22             2.68349        2.56404        0.03997        0.079473       1543977328     233790         1543977330     917279         1              
23             2.77934        2.69604        0.035974       0.047322       1543977328     261786         1543977331     41126          1              
24             2.92801        2.78403        0.039978       0.103999       1543977328     265786         1543977331     193801         1              
25             3.05602        2.97204        5.5e-05        0.083914       1543977328     281789         1543977331     337806         1              
26             3.17907        3.10403        0.035978       0.039052       1543977328     285787         1543977331     464856         1              
27             3.29534        3.21203        0.035988       0.047315       1543977328     297785         1543977331     593121         1              
28             3.43116        3.33212        0.035975       0.063054       1543977328     305700         1543977331     736860         1              
29             3.55106        3.45203        0.031991       0.06704        1543977328     329787         1543977331     880849         1              
30             3.63134        3.54804        0.031973       0.051323       1543977328     349787         1543977331     981129         1              
31             3.73907        3.66402        0.036217       0.038829       1543977328     357788         1543977332     96858          1              
33             3.82775        3.74445        0.031981       0.051319       1543977328     381378         1543977332     209131         1              
34             3.98808        3.85612        0.035963       0.09599        1543977328     381715         1543977332     369795         1              
32             4.09181        3.99603        0.027985       0.067787       1543977328     389786         1543977332     481601         1              
36             4.17134        4.08004        0.031975       0.059314       1543977328     449786         1543977332     621121         1              
35             4.31793        4.16405        0.063972       0.089903       1543977328     457786         1543977332     775714         1              
38             4.45201        4.33204        0.031976       0.087992       1543977328     457790         1543977332     909801         1              
39             4.61201        4.46006        0.043959       0.107984       1543977328     461788         1543977333     73795          1              
37             4.76379        4.64805        0.039977       0.075761       1543977328     465788         1543977333     229578         1              
40             4.82465        4.76403        0.000157       0.060456       1543977328     485788         1543977333     310437         1              
41             4.9475         4.83603        0.035982       0.075482       1543977328     489787         1543977333     437290         1              
43             5.04708        4.95204        0.035977       0.059055       1543977328     525786         1543977333     572862         1              
42             5.13909        5.06406        0.039954       0.035073       1543977328     525788         1543977333     664880         1              
44             5.22334        5.12804        0.047972       0.047321       1543977328     537787         1543977333     761125         1              
45             5.25906        5.20402        0.027986       0.027047       1543977328     589788         1543977333     848851         1              
46             5.30706        5.24406        0.027954       0.035043       1543977328     613788         1543977333     920849         1              
47             5.40069        5.30402        0.027986       0.068669       1543977328     645785         1543977334     46473          1              
49             5.51733        5.41603        0.047977       0.053312       1543977328     673788         1543977334     191117         1              
48             5.67152        5.53603        2e-05          0.135468       1543977328     681788         1543977334     353307         1              
50             5.7736         5.66004        0.04398        0.069567       1543977328     721788         1543977334     495387         1              
51             5.9565         5.80659        0.036248       0.113651       1543977328     733787         1543977334     690286         1              
52             5.99535        5.94004        8e-05          0.055222       1543977328     765786         1543977334     761135         1              
53             6.20605        6.06802        0.047988       0.090034       1543977328     769787         1543977334     975836         1              
54             6.30734        6.22003        0.039984       0.047322       1543977328     793786         1543977335     101127         1              
55             6.38734        6.29203        0.047984       0.047319       1543977328     849785         1543977335     237122         1              
56             6.52306        6.42403        0.05198        0.047045       1543977328     865788         1543977335     388848         1              
59             6.66306        6.56803        0.047975       0.047048       1543977328     865790         1543977335     528850         1              
58             6.74734        6.69203        2.4e-05        0.055279       1543977328     873786         1543977335     621129         1              
57             6.8318         6.76804        0.003976       0.059781       1543977328     877787         1543977335     709588         1              
60             6.93533        6.87603        2.2e-05        0.059279       1543977328     881786         1543977335     817120         1              
61             7.06433        6.94403        0.039985       0.080309       1543977328     897787         1543977335     962114         1              
63             7.13906        7.09204        2.3e-05        0.046996       1543977328     901788         1543977336     40851          1              
62             7.23534        7.18003        7.6e-05        0.05523        1543977328     905785         1543977336     141127         1              
64             7.34334        7.25202        0.039985       0.051323       1543977328     941787         1543977336     285125         1              
65             7.49535        7.38003        0.004038       0.11127        1543977328     941787         1543977336     437132         1              
66             7.53032        7.49602        1.8e-05        0.034276       1543977328     969787         1543977336     500110         1              
68             7.63934        7.54803        0.039979       0.051326       1543977328     997787         1543977336     637127         1              
67             7.79534        7.67204        0.039976       0.083321       1543977329     1786           1543977336     797128         1              
69             8.0604         7.85603        0.039978       0.164391       1543977329     1788           1543977337     62192          1              
70             8.21508        8.09203        0.047974       0.075062       1543977329     5788           1543977337     220865         1              
71             8.30735        8.21602        0.039985       0.051335       1543977329     45787          1543977337     353137         1              
72             8.32622        8.24403        0.000104       0.082079       1543977329     125786         1543977337     452006         1              
74             8.4361         8.33603        0.036037       0.06402        1543977329     137786         1543977337     573883         1              
73             8.61565        8.46004        0.040037       0.11556        1543977329     137787         1543977337     753435         1              
75             8.82988        8.64406        0.031957       0.153863       1543977329     145787         1543977337     975668         1              
78             8.88707        8.84004        0.00398        0.043043       1543977329     157788         1543977338     44856          1              
76             9.0399         8.93604        0.039974       0.063881       1543977329     161786         1543977338     201684         1              
77             9.12706        9.06803        0.00406        0.054963       1543977329     161788         1543977338     288850         1              
79             9.54233        9.12703        0.035962       0.379341       1543977329     178810         1543977338     721144         1              
80             9.61934        9.55203        0.031982       0.035323       1543977329     193786         1543977338     813130         1              
81             9.68334        9.63603        1.9e-05        0.047287       1543977329     217787         1543977338     901131         1              
82             9.75535        9.67204        0.039973       0.04333        1543977329     241786         1543977338     997132         1              
83             9.83088        9.73603        0.059976       0.034871       1543977329     261787         1543977339     92671          1              
84             9.91907        9.83603        0.03998        0.043051       1543977329     285789         1543977339     204856         1              
85             9.98707        9.89203        0.043979       0.051047       1543977329     325786         1543977339     312852         1              
86             10.0251        9.98474        2e-05          0.040373       1543977329     341080         1543977339     366221         1              
87             10.1054        10.06          2.4e-05        0.045313       1543977329     345791         1543977339     451169         1              
90             10.1903        10.112         0.039979       0.038236       1543977329     353787         1543977339     544039         1              
89             10.3294        10.2183        0.049705       0.06133        1543977329     357786         1543977339     687147         1              
88             10.5954        10.34          0.03198        0.223343       1543977329     357786         1543977339     953143         1              
91             10.6673        10.584         0.03198        0.051324       1543977329     381786         1543977340     49126          1              
92             10.7923        10.696         0.039972       0.056327       1543977329     397789         1543977340     190131         1              
93             10.9841        10.796         0.031976       0.156055       1543977329     425787         1543977340     409863         1              
94             11.0753        11.012         0.00416        0.059135       1543977329     437787         1543977340     513125         1              
95             11.1353        11.0595        0.032543       0.043323       1543977329     453786         1543977340     589123         1              
96             11.2115        11.164         2e-05          0.047442       1543977329     469786         1543977340     681292         1              
97             11.2993        11.232         0.031978       0.035328       1543977329     485785         1543977340     785130         1              
98             11.4118        11.328         0.039963       0.043773       1543977329     485787         1543977340     897578         1              
99             11.4352        11.376         0.004113       0.043074       1543977329     545787         1543977340     980984         1              
