JobID          Runtime        getDevice      getProgram     runProgram     startTime_s    startTime_us   endTime_s      endTime_us     violation      0
-1             0.83121        6.2e-05        0.830896       0.000246       1543977315     392630         1543977316     223840         0              
-1             0.00037        3.3e-05        8.9e-05        0.000242       1543977317     552171         1543977317     552541         0              
-1             0.000301       3e-05          2.4e-05        0.000241       1543977317     627008         1543977317     627309         0              
-1             0.00035        8e-05          2.5e-05        0.000241       1543977317     701745         1543977317     702095         0              
-1             0.000303       2.9e-05        2.8e-05        0.000241       1543977317     776475         1543977317     776778         0              
0              0.00055        0.000205       2.6e-05        0.000309       1543977327     842518         1543977327     843068         0              
1              0.000403       7.7e-05        2.3e-05        0.000294       1543977327     844736         1543977327     845139         0              
2              0.000463       9.5e-05        2.6e-05        0.00033        1543977327     845300         1543977327     845763         0              
3              0.000432       8.2e-05        2.5e-05        0.000308       1543977327     850264         1543977327     850696         0              
4              0.000765       0.000382       7.8e-05        0.000294       1543977327     850399         1543977327     851164         0              
5              0.000449       0.000124       2.4e-05        0.000292       1543977327     852824         1543977327     853273         0              
6              0.008826       7.6e-05        2.4e-05        0.008712       1543977327     855660         1543977327     864486         0              
7              0.010891       0.007259       2.7e-05        0.003588       1543977327     857425         1543977327     868316         0              
8              0.005352       0.005009       2.6e-05        0.000296       1543977327     863348         1543977327     868700         0              
9              0.005259       0.00489        2.7e-05        0.000327       1543977327     863885         1543977327     869144         0              
10             0.003646       0.003309       2.6e-05        0.000297       1543977327     865904         1543977327     869550         0              
11             0.003787       0.00344        2.4e-05        0.000312       1543977327     866165         1543977327     869952         0              
13             0.001626       0.001267       7.8e-05        0.000272       1543977327     868728         1543977327     870354         0              
12             0.001142       0.00077        7.2e-05        0.000293       1543977327     869634         1543977327     870776         0              
14             0.000463       0.000136       2.3e-05        0.000294       1543977327     871067         1543977327     871530         0              
15             0.007488       8.1e-05        5.6e-05        0.007333       1543977327     876457         1543977327     883945         0              
16             0.01091        0.007395       2.9e-05        0.003475       1543977327     876621         1543977327     887531         0              
17             0.011026       0.010733       2.4e-05        0.000257       1543977327     876857         1543977327     887883         0              
18             0.010983       0.010532       0.00011        0.000326       1543977327     877422         1543977327     888405         0              
19             0.010792       0.010405       0.000102       0.000275       1543977327     878047         1543977327     888839         0              
21             0.03213        0.006208       2e-05          0.025896       1543977327     882670         1543977327     914800         0              
20             0.066323       0.065754       0.000288       0.000276       1543977327     884059         1543977327     950382         0              
22             0.165413       0.097862       0.040012       0.023556       1543977327     887952         1543977328     53365          0              
25             0.189368       0.188836       0.000254       0.000273       1543977327     888802         1543977328     78170          0              
23             0.293134       0.244902       0.016002       0.000243       1543977327     888915         1543977328     182049         0              
24             0.389113       0.33103        0.053847       0.004229       1543977327     888922         1543977328     278035         0              
27             0.461446       0.408063       0.019951       0.033427       1543977327     893788         1543977328     355234         0              
26             0.564239       0.520042       0.027969       0.016221       1543977327     893788         1543977328     458027         0              
30             0.690753       0.576022       0.027987       0.086739       1543977327     901788         1543977328     592541         0              
29             0.756323       0.728041       0.028023       0.000252       1543977327     901788         1543977328     658111         0              
28             0.824243       0.776041       0.027968       0.020226       1543977327     901788         1543977328     726031         0              
31             0.868289       0.836024       0.031983       0.000276       1543977327     905789         1543977328     774078         0              
32             0.973299       0.912036       7.7e-05        0.061178       1543977327     905790         1543977328     879089         0              
34             1.00827        0.976041       0.031971       0.000245       1543977327     909788         1543977328     918054         1              
33             1.08026        1.02004        0.03597        0.024247       1543977327     909790         1543977328     990052         1              
39             1.26162        1.12402        0.039985       0.097599       1543977327     913789         1543977329     175404         1              
38             1.42826        1.30402        0.039986       0.084246       1543977327     913790         1543977329     342052         1              
36             1.5203         1.48003        0.039975       0.00028        1543977327     913790         1543977329     434085         1              
35             1.5963         1.55204        0.04397        0.00028        1543977327     913791         1543977329     510087         1              
37             1.64742        1.60321        0.039981       0.004226       1543977327     918618         1543977329     566036         1              
41             1.72459        1.68437        0.035986       0.004231       1543977327     921440         1543977329     646034         1              
43             1.8351         1.74004        0.036007       0.01508        1543977327     921788         1543977329     756887         1              
40             1.9123         1.86402        0.047993       0.000278       1543977327     925788         1543977329     838085         1              
45             1.97626        1.94004        0.035972       0.000246       1543977327     925791         1543977329     902052         1              
46             2.09008        2.00181        0.056014       0.000279       1543977327     928006         1543977330     18083          1              
42             2.19389        2.11365        0.079984       0.000247       1543977327     932167         1543977330     126055         1              
44             2.25629        2.21203        0.043982       0.000279       1543977327     937788         1543977330     194082         1              
50             2.45724        2.32803        0.03601        0.093202       1543977327     949785         1543977330     407029         1              
48             2.50429        2.46402        0.039991       0.000276       1543977327     949788         1543977330     454079         1              
53             2.62427        2.58404        0.03998        0.000246       1543977327     949786         1543977330     574058         1              
49             2.79337        2.68404        0.035988       0.073341       1543977327     949787         1543977330     743160         1              
47             2.93969        2.84803        0.035986       0.055668       1543977327     949785         1543977330     889470         1              
56             3.0043         2.96403        0.03998        0.000279       1543977327     957787         1543977330     962082         1              
58             3.08832        3.04803        0.008064       0.000245       1543977327     957785         1543977331     46106          1              
52             3.18424        3.13602        0.035989       0.01222        1543977327     957785         1543977331     142020         1              
54             3.24826        3.21203        0.035984       0.000246       1543977327     957785         1543977331     206049         1              
62             3.38428        3.31203        0.036392       0.004262       1543977327     957788         1543977331     342071         1              
51             3.44826        3.41204        0.035975       0.000245       1543977327     957788         1543977331     406049         1              
55             3.57867        3.50405        0.035965       0.038648       1543977327     961789         1543977331     540454         1              
69             3.64925        3.61293        0.020068       0.00028        1543977327     964896         1543977331     614148         1              
61             3.73644        3.69619        0.039994       0.000251       1543977327     965612         1543977331     702056         1              
60             3.80426        3.76803        0.035985       0.000243       1543977327     965786         1543977331     770046         1              
63             3.82833        3.82803        2e-05          0.000272       1543977327     965787         1543977331     794113         1              
57             3.95462        3.88403        0.031985       0.038608       1543977327     965787         1543977331     920412         1              
65             4.06065        3.98841        0.048015       0.000247       1543977327     969410         1543977332     30057          1              
70             4.07634        4.07604        2.2e-05        0.000274       1543977327     969788         1543977332     46128          1              
59             4.1723         4.14003        0.031984       0.000279       1543977327     969788         1543977332     142088         1              
67             4.23625        4.18803        0.035979       0.012226       1543977327     973786         1543977332     210031         1              
71             4.2723         4.24402        0.027985       0.000278       1543977327     973788         1543977332     246084         1              
64             4.31289        4.27666        0.035984       0.000243       1543977327     977149         1543977332     290044         1              
66             4.40828        4.36803        0.035978       0.004266       1543977327     977788         1543977332     386068         1              
68             4.48427        4.45203        0.031987       0.000247       1543977327     981786         1543977332     466058         1              
72             4.55227        4.51203        0.039976       0.000246       1543977327     985788         1543977332     538053         1              
74             4.64431        4.58005        0.052015       0.000279       1543977327     989785         1543977332     634090         1              
78             4.71827        4.65709        0.038968       0.022206       1543977327     989799         1543977332     708072         1              
79             4.80831        4.75444        0.053588       0.000278       1543977327     993787         1543977332     802100         1              
76             4.90428        4.86019        0.03983        0.004252       1543977327     993787         1543977332     898069         1              
73             4.96826        4.93203        0.035979       0.000246       1543977327     993790         1543977332     962050         1              
77             5.03133        4.98707        0.031984       0.01227        1543977327     994740         1543977333     26072          1              
75             5.13228        5.08403        0.043984       0.00426        1543977327     997786         1543977333     130065         1              
92             5.20358        5.15232        0.023976       0.02728        1543977328     1508           1543977333     205091         1              
80             5.2763         5.24004        0.035976       0.00028        1543977328     1788           1543977333     278085         1              
82             5.32828        5.30406        0.023966       0.000246       1543977328     5786           1543977333     334061         1              
83             5.42781        5.36973        0.030292       0.027794       1543977328     9786           1543977333     437601         1              
81             5.46429        5.43205        0.031963       0.00028        1543977328     9790           1543977333     474085         1              
84             5.49642        5.49602        0.000158       0.000245       1543977328     9795           1543977333     506218         1              
90             5.58427        5.54004        0.024016       0.000245       1543977328     13785          1543977333     598053         1              
91             5.61239        5.61203        8.6e-05        0.000263       1543977328     13786          1543977333     626177         1              
87             5.68829        5.65603        0.031971       0.000281       1543977328     13793          1543977333     702087         1              
85             5.74358        5.74005        1.8e-05        0.00351        1543977328     17787          1543977333     761368         1              
97             5.7923         5.76404        0.027975       0.000278       1543977328     17789          1543977333     810085         1              
93             5.8523         5.81604        0.016014       0.000279       1543977328     21786          1543977333     874091         1              
89             6.00556        5.85605        0.047961       0.101543       1543977328     25786          1543977334     31349          1              
95             6.02841        6.02804        8.2e-05        0.000281       1543977328     25788          1543977334     54196          1              
88             6.04854        6.04827        1.9e-05        0.000244       1543977328     29785          1543977334     78324          1              
94             6.09229        6.06403        0.027981       0.000277       1543977328     29786          1543977334     122079         1              
99             6.16156        6.11599        0.027981       0.017589       1543977328     29828          1543977334     191389         1              
96             6.31615        6.18003        0.003991       0.132129       1543977328     33787          1543977334     349941         1              
98             6.45463        6.36003        0.047979       0.046616       1543977328     33788          1543977334     488419         1              
86             6.65265        6.50403        0.047976       0.100635       1543977328     33793          1543977334     686441         1              
