JobID          Runtime        getDevice      getProgram     runProgram     startTime_s    startTime_us   endTime_s      endTime_us     violation      0
-1             0.51836        8e-05          0.51799        0.000273       1544028881     601671         1544028882     120031         0              
-1             0.000366       5.5e-05        2.4e-05        0.000272       1544028883     81759          1544028883     82125          0              
-1             0.000362       5.4e-05        2.3e-05        0.000268       1544028883     156707         1544028883     157069         0              
-1             0.000502       0.000198       2.1e-05        0.000268       1544028883     231780         1544028883     232282         0              
-1             0.000362       5.6e-05        2.4e-05        0.000267       1544028883     306848         1544028883     307210         0              
0              0.000536       0.000136       3.2e-05        0.00034        1544028893     376990         1544028893     377526         0              
1              0.000485       9.7e-05        3.1e-05        0.000325       1544028893     382463         1544028893     382948         0              
2              0.000492       9.7e-05        3e-05          0.000332       1544028893     387961         1544028893     388453         0              
3              0.000506       0.0001         3.2e-05        0.000342       1544028893     393441         1544028893     393947         0              
4              0.000635       8.6e-05        0.000189       0.000331       1544028893     398934         1544028893     399569         0              
5              0.000634       0.000249       3.1e-05        0.000327       1544028893     404447         1544028893     405081         0              
6              0.00049        9.7e-05        3.2e-05        0.000331       1544028893     409885         1544028893     410375         0              
7              0.000487       9.9e-05        3.1e-05        0.000326       1544028893     415386         1544028893     415873         0              
8              0.000494       0.0001         3.1e-05        0.000331       1544028893     420898         1544028893     421392         0              
9              0.007215       0.000125       3.2e-05        0.007026       1544028893     426386         1544028893     433601         0              
10             0.009704       0.005924       0.002135       0.001588       1544028893     427849         1544028893     437553         0              
11             0.008703       0.008295       3.7e-05        0.000337       1544028893     429342         1544028893     438045         0              
12             0.008069       0.007294       0.000329       0.000358       1544028893     430849         1544028893     438918         0              
13             0.007253       0.006674       8.2e-05        0.000367       1544028893     432315         1544028893     439568         0              
14             0.006425       0.00596        7.9e-05        0.000356       1544028893     435962         1544028893     442387         0              
16             0.004758       0.004328       7.4e-05        0.000325       1544028893     438126         1544028893     442884         0              
17             0.005342       0.004885       0.000131       0.000288       1544028893     438128         1544028893     443470         0              
15             0.006365       0.005572       2.6e-05        0.000262       1544028893     437551         1544028893     443916         0              
19             0.003317       0.002986       3.9e-05        0.000264       1544028893     441003         1544028893     444320         0              
20             0.001947       0.001526       3.5e-05        0.000358       1544028893     442877         1544028893     444824         0              
18             0.00235        0.001848       0.000171       0.000309       1544028893     443461         1544028893     445811         0              
22             0.002441       0.001907       0.000179       0.000335       1544028893     443967         1544028893     446408         0              
23             0.001839       0.001533       2.5e-05        0.00026        1544028893     444934         1544028893     446773         0              
21             0.002826       0.001906       2.8e-05        0.00031        1544028893     442977         1544028893     445803         0              
24             0.001198       0.000856       2.6e-05        0.000296       1544028893     445972         1544028893     447170         0              
25             0.000604       0.000234       2.9e-05        0.000315       1544028893     447019         1544028893     447623         0              
26             0.000374       7.6e-05        2.3e-05        0.000259       1544028893     447980         1544028893     448354         0              
27             0.000378       7.5e-05        2.2e-05        0.00026        1544028893     448968         1544028893     449346         0              
28             0.000352       5.9e-05        2e-05          0.000258       1544028893     449946         1544028893     450298         0              
29             0.000429       8e-05          2.7e-05        0.000299       1544028893     450978         1544028893     451407         0              
30             0.000385       6.8e-05        2.1e-05        0.000279       1544028893     451721         1544028893     452106         0              
31             0.000379       7.6e-05        2.3e-05        0.000261       1544028893     452503         1544028893     452882         0              
32             0.000454       8.3e-05        2.7e-05        0.000317       1544028893     453282         1544028893     453736         0              
33             0.000571       7.4e-05        0.000164       0.000312       1544028893     454035         1544028893     454606         0              
34             0.000557       0.000222       2.5e-05        0.000289       1544028893     454793         1544028893     455350         0              
35             0.000385       8e-05          2.3e-05        0.000262       1544028893     455551         1544028893     455936         0              
38             0.000482       9.1e-05        2.6e-05        0.00034        1544028893     457851         1544028893     458333         0              
39             0.000488       7.2e-05        2.8e-05        0.000366       1544028893     458621         1544028893     459109         0              
40             0.000461       6.9e-05        3.2e-05        0.000337       1544028893     459314         1544028893     459775         0              
41             0.000453       6.8e-05        2.6e-05        0.000339       1544028893     460003         1544028893     460456         0              
42             0.000421       7.9e-05        2.6e-05        0.000294       1544028893     460690         1544028893     461111         0              
43             0.000464       6.5e-05        2.6e-05        0.000349       1544028893     461392         1544028893     461856         0              
44             0.000426       8.3e-05        2.7e-05        0.000295       1544028893     462064         1544028893     462490         0              
45             0.000532       6.6e-05        0.000156       0.000294       1544028893     462749         1544028893     463281         0              
46             0.000579       0.000205       2.8e-05        0.000326       1544028893     463437         1544028893     464016         0              
47             0.000438       6.8e-05        2.5e-05        0.000324       1544028893     464127         1544028893     464565         0              
48             0.00044        6.6e-05        2.6e-05        0.000327       1544028893     464815         1544028893     465255         0              
49             0.000452       6.6e-05        2.7e-05        0.000336       1544028893     465505         1544028893     465957         0              
36             0.000611       0.000244       3e-05          0.000308       1544028893     465800         1544028893     466411         0              
37             0.001027       0.000676       2.9e-05        0.000294       1544028893     465807         1544028893     466834         0              
50             0.001148       0.0007         3.3e-05        0.000382       1544028893     466235         1544028893     467383         0              
51             0.000883       0.00049        3.1e-05        0.000332       1544028893     466971         1544028893     467854         0              
52             0.000641       0.000283       2.8e-05        0.000307       1544028893     467644         1544028893     468285         0              
53             0.000587       8.2e-05        0.000173       0.000306       1544028893     468327         1544028893     468914         0              
54             0.000634       0.000231       3.3e-05        0.000343       1544028893     469048         1544028893     469682         0              
55             0.000451       8.8e-05        2.9e-05        0.00031        1544028893     469749         1544028893     470200         0              
56             0.000475       8.9e-05        2.9e-05        0.00033        1544028893     470470         1544028893     470945         0              
57             0.000442       8.3e-05        2.8e-05        0.000308       1544028893     471133         1544028893     471575         0              
58             0.000453       7.4e-05        2.8e-05        0.00031        1544028893     471834         1544028893     472287         0              
59             0.000438       7.5e-05        3.4e-05        0.000305       1544028893     472527         1544028893     472965         0              
60             0.000418       6.8e-05        2.4e-05        0.000304       1544028893     473218         1544028893     473636         0              
61             0.000456       0.000102       2.6e-05        0.000306       1544028893     473906         1544028893     474362         0              
62             0.000501       7.8e-05        4.5e-05        0.000323       1544028893     474597         1544028893     475098         0              
63             0.000563       7.6e-05        0.000163       0.000303       1544028893     475292         1544028893     475855         0              
64             0.000582       0.000205       2.5e-05        0.000331       1544028893     475982         1544028893     476564         0              
65             0.000438       7.2e-05        2.5e-05        0.00032        1544028893     476672         1544028893     477110         0              
66             0.000444       6.6e-05        2.5e-05        0.00033        1544028893     477363         1544028893     477807         0              
67             0.0005         9.6e-05        3.2e-05        0.000344       1544028893     478059         1544028893     478559         0              
68             0.008771       7.4e-05        2.8e-05        0.008621       1544028893     478810         1544028893     487581         0              
69             0.009229       0.008169       0.000191       0.000839       1544028893     479507         1544028893     488736         0              
71             0.008137       0.007597       3.1e-05        0.000481       1544028893     481202         1544028893     489339         0              
70             0.0282         0.007577       3.3e-05        0.020568       1544028893     481843         1544028893     510043         0              
79             0.082507       0.046239       0.035982       0.000269       1544028893     487575         1544028893     570082         0              
76             0.106376       0.097938       0.00815        0.000268       1544028893     487887         1544028893     594263         0              
80             0.121713       0.117362       0.004066       0.000266       1544028893     488464         1544028893     610177         0              
73             0.186276       0.164839       0.020331       0.000902       1544028893     488989         1544028893     675265         0              
72             0.273805       0.224339       0.002827       0.026566       1544028893     489480         1544028893     763285         0              
74             0.320303       0.284051       0.035964       0.000271       1544028893     493796         1544028893     814099         0              
81             0.372358       0.332049       0.039971       0.000312       1544028893     497789         1544028893     870147         0              
75             0.444919       0.408058       0.000256       0.036407       1544028893     497789         1544028893     942708         0              
83             1.21469        0.608105       0.000437       0.594165       1544028893     501788         1544028894     716481         1              
82             1.32047        1.24402        0.035982       0.040433       1544028893     501789         1544028894     822259         1              
112            1.22459        0.028034       1.13599        0.060537       1544028893     597787         1544028894     822378         1              
113            1.32452        1.28805        0.035952       0.000492       1544028893     605787         1544028894     930312         1              
77             1.4483         1.40804        0.039964       0.000271       1544028893     501788         1544028894     950086         1              
116            1.37517        1.33467        0.039969       0.000514       1544028893     619147         1544028894     994322         1              
78             1.57232        1.48004        0.031969       0.060283       1544028893     501789         1544028895     74105          1              
118            1.45251        1.38804        0.027966       0.000488       1544028893     633787         1544028895     86299          1              
84             1.64029        1.57606        0.063942       0.000268       1544028893     501799         1544028895     142088         1              
119            1.50055        1.46407        0.035942       0.000519       1544028893     645788         1544028895     146335         1              
139            1.28517        0.010648       1.27394        0.000566       1544028893     873786         1544028895     158960         1              
85             1.69417        1.65203        0.01876        0.021847       1544028893     505789         1544028895     199960         1              
130            1.48527        1.44404        0.031966       0.009051       1544028893     733795         1544028895     219060         1              
142            1.33542        1.28885        0.043939       0.002443       1544028893     885011         1544028895     220435         1              
88             1.79153        1.73204        0.035962       0.023325       1544028893     505790         1544028895     297317         1              
144            1.38862        1.35606        0.031953       0.000593       1544028893     909789         1544028895     298409         1              
132            1.51968        1.47603        0.031974       0.011475       1544028893     793787         1544028895     313467         1              
157            1.32067        1.32004        3.2e-05        0.000583       1544028894     1789           1544028895     322459         1              
133            1.54055        1.50806        0.031944       0.000526       1544028893     805793         1544028895     346345         1              
92             1.8659         1.82003        0.027883       0.017681       1544028893     509789         1544028895     375687         1              
136            1.54808        1.50408        0.027936       0.016048       1544028893     845788         1544028895     393867         1              
90             1.88839        1.88803        7.7e-05        0.000267       1544028893     509793         1544028895     398181         1              
160            1.34464        1.28007        0.063849       0.000588       1544028894     57786          1544028895     402421         1              
137            1.56466        1.56402        0.000101       0.000522       1544028893     861791         1544028895     426454         1              
140            1.56878        1.56805        0.000186       0.000517       1544028893     881788         1544028895     450567         1              
87             1.95225        1.91207        0.031943       0.008225       1544028893     505791         1544028895     458040         1              
171            1.28462        1.25605        0.024006       0.000588       1544028894     193785         1544028895     478401         1              
86             2.25282        1.99602        0.015395       0.000787       1544028893     505789         1544028895     758608         1              
143            1.85215        1.59504        0.015502       0.000998       1544028893     906797         1544028895     758951         1              
146            1.86931        1.83604        0.027961       0.005084       1544028893     929787         1544028895     799096         1              
89             2.30507        2.27205        0.027972       0.00085        1544028893     517787         1544028895     822853         1              
91             2.34033        2.34002        2.4e-05        0.000268       1544028893     517791         1544028895     858125         1              
149            1.92851        1.90004        0.027963       0.000483       1544028893     937788         1544028895     866294         1              
150            2.0114         1.94004        0.027968       0.043179       1544028893     949787         1544028895     961191         1              
98             2.47202        2.36003        0.027973       0.051685       1544028893     521789         1544028895     993806         1              
95             2.47629        2.47203        2.9e-05        0.004207       1544028893     525785         1544028896     2073           1              
151            2.07727        2.03211        0.03991        0.005031       1544028893     969788         1544028896     47060          1              
93             2.57442        2.51203        0.027984       0.011834       1544028893     525788         1544028896     100212         1              
156            2.11495        2.06405        0.035966       0.014917       1544028893     997785         1544028896     112733         1              
100            2.67639        2.59604        0.027967       0.05219        1544028893     525790         1544028896     202179         1              
159            2.19332        2.14405        0.047865       0.001095       1544028894     21786          1544028896     215104         1              
94             2.75699        2.72401        0.027972       0.004802       1544028893     525797         1544028896     282788         1              
161            2.22166        2.19605        0.003818       0.00052        1544028894     61787          1544028896     283448         1              
163            2.25652        2.22806        0.027948       0.000494       1544028894     81789          1544028896     338306         1              
99             2.83633        2.80004        0.03597        0.000301       1544028893     533787         1544028896     370118         1              
158            2.28455        2.24805        0.035959       0.00052        1544028894     109786         1544028896     394334         1              
96             2.88003        2.84805        0.024133       0.007828       1544028893     533786         1544028896     413815         1              
166            2.30126        2.27611        0.01981        0.005051       1544028894     133785         1544028896     435048         1              
168            2.3524         2.30807        0.039938       0.004157       1544028894     145787         1544028896     498187         1              
97             2.99309        2.94804        0.039971       0.004861       1544028893     537788         1544028896     530882         1              
170            2.44055        2.39606        0.043937       0.000521       1544028894     165787         1544028896     606341         1              
101            3.10432        3.03202        0.05201        0.008273       1544028893     545786         1544028896     650108         1              
173            2.48883        1.30004        0.039375       0.908621       1544028894     201786         1544028896     690620         1              
174            2.50859        2.46403        0.044029       0.000506       1544028894     201785         1544028896     710371         1              
102            3.21615        3.13604        0.056006       0.024069       1544028893     545790         1544028896     761936         1              
177            2.53744        2.48408        0.035951       0.017204       1544028894     229786         1544028896     767227         1              
105            3.23583        3.23475        2.6e-05        0.001033       1544028893     555080         1544028896     790908         1              
176            2.5693         2.54007        0.011974       0.001213       1544028894     221788         1544028896     791085         1              
179            2.61254        2.60003        0.004033       0.000493       1544028894     245786         1544028896     858327         1              
104            3.30506        3.26404        0.040739       0.000267       1544028893     557787         1544028896     862844         1              
185            2.62452        2.56803        0.05598        0.000498       1544028894     325787         1544028896     950309         1              
188            2.68053        2.60805        0.039946       0.032503       1544028894     365787         1544028897     46321          1              
106            3.59478        3.528          0.032021       0.034559       1544028893     557804         1544028897     152587         1              
107            3.66832        3.62803        0.039977       0.000299       1544028893     565788         1544028897     234108         1              
103            3.68434        3.68404        2.6e-05        0.000264       1544028893     569786         1544028897     254128         1              
108            3.75317        3.70404        3.5e-05        0.049075       1544028893     577787         1544028897     330954         1              
110            3.79229        3.76004        0.031963       0.000272       1544028893     581786         1544028897     374081         1              
109            3.83237        3.83203        3e-05          0.000296       1544028893     585788         1544028897     418157         1              
111            3.87033        3.84208        0.027961       0.000265       1544028893     587747         1544028897     458073         1              
114            3.90029        3.86803        0.031975       0.000266       1544028893     601789         1544028897     502074         1              
115            3.92028        3.89205        0.027944       0.000266       1544028893     613799         1544028897     534076         1              
117            3.9683         3.92803        0.039984       0.000272       1544028893     629785         1544028897     598083         1              
120            4.01629        3.98403        0.031975       0.000273       1544028893     633789         1544028897     650083         1              
121            4.07251        4.02804        0.007782       0.036402       1544028893     653788         1544028897     726295         1              
122            4.09306        4.08403        0.007906       0.000837       1544028893     657787         1544028897     750845         1              
181            3.26453        2.52805        0.735976       0.000487       1544028894     529787         1544028897     794316         1              
123            4.13418        4.10992        0.023983       0.000262       1544028893     663894         1544028897     798076         1              
124            4.15588        4.14051        2.9e-05        0.015317       1544028893     669298         1544028897     825176         1              
183            3.31255        3.28004        0.031969       0.000526       1544028894     537786         1544028897     850337         1              
125            4.24679        4.17602        0.031986       0.038763       1544028893     673788         1544028897     920580         1              
126            4.28033        4.25602        0.023971       0.000296       1544028893     681787         1544028897     962115         1              
128            4.30665        4.30403        0.002308       0.000299       1544028893     685789         1544028897     992439         1              
127            4.33228        4.30647        0.025539       0.000264       1544028893     689786         1544028898     22070          1              
129            4.33079        4.33044        3e-05          0.000296       1544028893     711391         1544028898     42182          1              
131            4.31027        4.30804        3e-05          0.002189       1544028893     757786         1544028898     68057          1              
180            3.82917        2.55604        0.035976       1.23693        1544028894     253786         1544028898     82955          1              
134            4.29879        4.28939        0.002544       0.006548       1544028893     805788         1544028898     104576         1              
186            3.56805        3.56005        0.003972       0.003787       1544028894     545786         1544028898     113839         1              
135            4.34024        4.29601        0.004053       0.040156       1544028893     825801         1544028898     166039         1              
138            4.38159        4.32402        0.044007       0.005566       1544028893     873787         1544028898     255377         1              
141            4.43368        4.37622        0.00021        0.057236       1544028893     893791         1544028898     327474         1              
147            4.45204        4.42012        0.003121       0.016898       1544028893     921790         1544028898     373830         1              
145            4.5291         4.48004        0.039977       0.008893       1544028893     929789         1544028898     458891         1              
148            4.58033        4.54002        0.039989       0.000303       1544028893     941789         1544028898     522116         1              
152            4.69637        4.62007        0.047943       0.028335       1544028893     961788         1544028898     658163         1              
153            4.76905        4.68404        0.071978       0.008128       1544028893     985789         1544028898     754842         1              
154            4.80119        4.76878        0.006485       0.025911       1544028893     993040         1544028898     794230         1              
155            4.94433        4.90003        0.043872       0.000298       1544028894     5786           1544028898     950112         1              
162            5.00833        4.96004        0.01593        0.000308       1544028894     57786          1544028899     66116          1              
164            5.0163         4.98404        0.031968       0.00027        1544028894     105786         1544028899     122087         1              
165            5.15184        5.03604        0.043997       0.071785       1544028894     117790         1544028899     269633         1              
167            5.24582        5.17313        0.046884       0.025781       1544028894     137790         1544028899     383610         1              
169            5.31302        5.24803        0.047975       0.016849       1544028894     161786         1544028899     474810         1              
172            5.38029        5.33602        0.019958       0.000271       1544028894     193787         1544028899     574082         1              
175            5.44431        5.42007        0.000397       0.023808       1544028894     217785         1544028899     662092         1              
178            5.56663        5.46803        0.027971       0.070607       1544028894     241796         1544028899     808426         1              
184            5.57321        5.54003        0.004102       0.000808       1544028894     313787         1544028899     886997         1              
187            5.68506        5.57603        0.031975       0.076859       1544028894     341787         1544028900     26847          1              
189            5.73643        5.69204        0.028077       0.012149       1544028894     365788         1544028900     102215         1              
182            5.7243         5.59603        0.031974       0.096262       1544028894     533786         1544028900     258081         1              
