JobID          Runtime        getDevice      getProgram     runProgram     startTime_s    startTime_us   endTime_s      endTime_us     violation      0
-1             0.821752       0.000655       0.810483       0.010597       1544028880     779873         1544028881     601625         0              
-1             0.010659       6.7e-05        2.7e-05        0.010551       1544028883     71079          1544028883     81738          0              
-1             0.010645       5.2e-05        2.6e-05        0.010553       1544028883     146043         1544028883     156688         0              
-1             0.010789       5.1e-05        0.000169       0.010555       1544028883     220973         1544028883     231762         0              
-1             0.010677       5.1e-05        2.4e-05        0.01059        1544028883     296138         1544028883     306815         0              
0              0.012065       0.000115       3.2e-05        0.011813       1544028893     425156         1544028893     437221         0              
1              0.014217       0.00014        4e-05          0.013795       1544028893     478818         1544028893     493035         0              
2              0.036059       0.004435       0.000115       0.031492       1544028893     553786         1544028893     589845         0              
3              0.060048       0.004047       3e-05          0.055941       1544028893     609791         1544028893     669839         0              
4              0.109058       0.040056       0.008098       0.060883       1544028893     657787         1544028893     766845         0              
5              0.167827       0.088017       0.035982       0.043809       1544028893     713798         1544028893     881625         0              
6              0.939281       0.124073       0.004219       0.810774       1544028893     777786         1544028894     717067         0              
7              1.05202        0.876032       0.035972       0.139993       1544028893     849788         1544028894     901809         0              
8              1.16003        1.00808        0.036007       0.112002       1544028893     913787         1544028895     73821          0              
9              1.24424        1.17202        0.031966       0.040211       1544028893     953790         1544028895     198025         0              
10             1.30715        1.23202        0.027989       0.04712        1544028894     21813          1544028895     328963         0              
11             1.3721         1.27203        0.027984       0.072072       1544028894     77787          1544028895     449891         0              
12             1.83239        1.30406        0.015955       0.512254       1544028894     169785         1544028896     2175           0              
15             1.60436        1.52007        0.027942       0.056138       1544028894     485787         1544028896     90147          0              
13             1.70854        1.61202        0.033414       0.06308        1544028894     501788         1544028896     210325         0              
14             1.81603        1.69604        0.031979       0.087987       1544028894     541787         1544028896     357814         0              
16             1.91603        1.82002        0.03589        0.059986       1544028894     569786         1544028896     485812         0              
17             1.93636        1.87603        0.019875       0.040143       1544028894     649787         1544028896     586143         0              
18             1.98804        1.88007        0.043931       0.064009       1544028894     729787         1544028896     717824         0              
23             1.5961         0.056217       1.49561        0.044144       1544028895     141902         1544028896     738005         0              
19             1.97809        1.92804        0.004068       0.041909       1544028894     805788         1544028896     783881         0              
26             1.3565         1.2681         0.04781        0.02846        1544028895     481789         1544028896     838291         0              
20             2.07203        1.96803        0.032745       0.071224       1544028894     877788         1544028896     949819         1              
21             2.10034        2.04404        0.000132       0.055886       1544028894     941794         1544028897     42136          1              
22             2.11636        2.01206        0.039969       0.05214        1544028895     45787          1544028897     162148         1              
25             1.83982        1.79606        2.4e-05        0.043716       1544028895     377788         1544028897     217605         0              
28             1.62872        1.53207        0.039937       0.05669        1544028895     705788         1544028897     334508         0              
31             1.50665        1.49602        2.2e-05        0.010593       1544028896     53788          1544028897     560439         0              
33             1.27996        1.21203        0.031983       0.035929       1544028896     377787         1544028897     657743         0              
35             1.00412        0.960025       0.007908       0.036063       1544028896     721789         1544028897     725910         0              
37             0.809447       0.741655       0.035977       0.031792       1544028897     28165          1544028897     837612         0              
39             0.331614       0.281082       0.007988       0.042524       1544028897     592729         1544028897     924343         0              
29             2.26927        1.04414        0.031858       1.19303        1544028895     825787         1544028898     95058          1              
24             2.84856        0.064034       2.76394        0.016289       1544028895     265789         1544028898     114350         1              
27             2.58987        2.53609        2.6e-05        0.053732       1544028895     589787         1544028898     179662         1              
32             1.972          1.9128         2.5e-05        0.049876       1544028896     213800         1544028898     185796         0              
30             2.31086        2.28871        0.000158       0.021693       1544028895     921207         1544028898     232070         1              
41             0.103194       0.014867       0.00809        0.080036       1544028898     162977         1544028898     266171         0              
34             1.72371        1.64009        0.019915       0.063507       1544028896     557788         1544028898     281501         0              
36             1.45541        1.41604        0.003504       0.02382        1544028896     889787         1544028898     345201         0              
42             0.196039       0.108047       0.003752       0.084214       1544028898     169791         1544028898     365830         0              
38             1.06328        1.0161         0.005945       0.041215       1544028897     337788         1544028898     401069         0              
43             0.244151       0.188234       0.026908       0.028804       1544028898     185998         1544028898     430149         0              
40             0.577353       0.547889       0.000779       0.028015       1544028897     881924         1544028898     459277         0              
45             0.298938       0.25602        0.003963       0.034809       1544028898     197787         1544028898     496725         0              
56             0.276039       0.196042       0.039965       0.04001        1544028898     305788         1544028898     581827         0              
44             0.403841       0.328026       0.031977       0.043817       1544028898     197789         1544028898     601630         0              
59             0.348529       0.304039       0.000404       0.044056       1544028898     309793         1544028898     658322         0              
46             0.584041       0.448071       0.004354       0.131593       1544028898     209788         1544028898     793829         0              
47             0.691689       0.615666       0.027966       0.048013       1544028898     214159         1544028898     905848         0              
48             0.823914       0.740175       0.02003        0.063552       1544028898     233639         1544028899     57553          0              
50             1.03594        0.880034       0.055969       0.09991        1544028898     233790         1544028899     269726         0              
49             1.14566        1.06799        2.5e-05        0.077614       1544028898     237834         1544028899     383498         0              
51             1.22875        1.18004        2.9e-05        0.032526       1544028898     249788         1544028899     478540         0              
64             1.1822         0.361924       0.047967       0.772288       1544028898     331914         1544028899     514114         0              
53             1.33052        1.23897        0.000343       0.091195       1544028898     254861         1544028899     585382         0              
52             1.38689        1.34486        0.000418       0.01423        1544028898     265787         1544028899     652678         0              
65             1.34807        1.27204        0.007989       0.052019       1544028898     345787         1544028899     693852         0              
54             1.53828        1.42022        0.01979        0.098243       1544028898     273788         1544028899     812069         0              
68             1.52363        1.36404        0.031967       0.127611       1544028898     369789         1544028899     893421         0              
55             1.74594        1.55204        0.031868       0.129914       1544028898     293787         1544028900     39732          0              
71             1.70797        1.53205        0.019976       0.151753       1544028898     393787         1544028900     101757         0              
57             1.96796        1.78003        0.063889       0.123911       1544028898     293788         1544028900     261747         0              
74             1.8364         1.70803        0.031896       0.067328       1544028898     425791         1544028900     262188         0              
77             1.94483        1.83652        0.027873       0.080133       1544028898     445317         1544028900     390152         0              
58             2.20044        1.99603        0.047791       0.14836        1544028898     297788         1544028900     498224         1              
79             2.07238        1.93212        0.043807       0.096144       1544028898     473786         1544028900     546161         1              
61             2.37584        2.26059        0.035965       0.079261       1544028898     309240         1544028900     685081         1              
83             2.20805        2.08011        0.031908       0.096008       1544028898     493788         1544028900     701834         1              
60             2.47556        2.39204        3.1e-05        0.083471       1544028898     321787         1544028900     797352         1              
62             2.58844        2.50404        0.000131       0.083947       1544028898     337788         1544028900     926225         1              
63             2.83524        2.60804        0.031954       0.195208       1544028898     345789         1544028901     181028         1              
66             3.00793        2.85987        0.039977       0.108016       1544028898     365906         1544028901     373834         1              
69             3.10403        3.02404        2.8e-05        0.079947       1544028898     389787         1544028901     493821         1              
72             3.20027        3.08804        0.02791        0.084103       1544028898     417789         1544028901     618063         1              
75             3.37242        3.22404        0.035905       0.112249       1544028898     433786         1544028901     806209         1              
80             3.48804        3.35206        0.039945       0.092114       1544028898     465788         1544028901     953826         1              
84             3.56149        2.21205        4.6e-05        1.34919        1544028898     501789         1544028902     63274          1              
82             3.66403        3.50802        0.039977       0.116006       1544028898     477792         1544028902     141818         1              
67             3.83203        1.78005        1.93987        0.111994       1544028898     361787         1544028902     193817         1              
85             3.69204        3.57207        0.039926       0.080008       1544028898     513790         1544028902     205832         1              
86             3.83192        3.66792        0.039978       0.124005       1544028898     501894         1544028902     333817         1              
70             3.99537        3.85204        0.040176       0.103135       1544028898     385789         1544028902     381156         1              
88             3.82367        3.66769        0.039956       0.116008       1544028898     566151         1544028902     389824         1              
87             3.99569        3.8557         0.035955       0.10401        1544028898     522141         1544028902     517826         1              
73             4.1033         3.99079        0.031941       0.080554       1544028898     415060         1544028902     518363         1              
90             3.99763        3.86163        0.035978       0.100005       1544028898     588184         1544028902     585814         1              
89             4.10804        3.97202        0.035985       0.100009       1544028898     581788         1544028902     689823         1              
76             4.26722        4.12324        0.031953       0.112006       1544028898     430599         1544028902     697820         1              
91             4.15216        4.03616        0.035961       0.080011       1544028898     601662         1544028902     753820         1              
78             4.42403        4.30004        0.027969       0.096002       1544028898     445786         1544028902     869814         1              
92             4.2837         4.13969        0.031986       0.112009       1544028898     598120         1544028902     881822         1              
95             4.25604        4.13603        0.019978       0.100009       1544028898     653788         1544028902     909825         1              
81             4.51603        4.40809        0.027918       0.080002       1544028898     477789         1544028902     993820         1              
93             4.39603        4.26402        0.03198        0.100011       1544028898     637787         1544028903     33820          1              
97             4.39996        4.29197        2.8e-05        0.107946       1544028898     657859         1544028903     57820          1              
94             4.44438        4.40003        0.004078       0.040038       1544028898     657792         1544028903     102174         1              
98             4.46435        4.40804        0.00398        0.052136       1544028898     677787         1544028903     142142         1              
96             4.50806        4.47204        3.2e-05        0.024          1544028898     661788         1544028903     169845         1              
100            4.58886        4.47291        0.031946       0.083985       1544028898     708970         1544028903     297835         1              
99             4.62404        4.50404        0.031971       0.088006       1544028898     693787         1544028903     317826         1              
102            4.74039        4.64002        0.025163       0.074996       1544028898     717788         1544028903     458174         1              
101            4.87238        4.76803        0.023893       0.080138       1544028898     737789         1544028903     610164         1              
106            4.99587        4.87612        0.039057       0.08037        1544028898     757790         1544028903     753662         1              
111            5.16409        4.99606        0.027865       0.139856       1544028898     777787         1544028903     941874         1              
110            5.25624        5.13603        0.027876       0.092021       1544028898     861787         1544028904     118022         1              
104            5.42882        4.57605        0.019835       0.820605       1544028898     745787         1544028904     174605         1              
116            4.78736        4.69536        0.027982       0.063993       1544028899     506458         1544028904     293815         1              
105            5.56003        5.44404        0.027965       0.088009       1544028898     761787         1544028904     321818         1              
117            4.87203        4.76002        0.047986       0.064011       1544028899     553790         1544028904     425821         1              
109            5.68003        5.55608        0.04393        0.080007       1544028898     777787         1544028904     457820         1              
113            5.08815        4.99204        0.043969       0.052124       1544028899     485788         1544028904     573936         1              
119            5.08723        4.90403        0.027974       0.155208       1544028899     565787         1544028904     653020         1              
115            5.1771         5.07604        0.031983       0.069065       1544028899     513788         1544028904     690892         1              
124            5.14003        5.07605        2.3e-05        0.063939       1544028899     585789         1544028904     725818         1              
121            5.26816        5.16805        0.047958       0.052129       1544028899     557788         1544028904     825943         1              
122            5.38434        5.29603        0.000133       0.08788        1544028899     573789         1544028904     958129         1              
127            5.37944        5.15202        2.4e-05        0.227198       1544028899     625787         1544028905     5226           1              
125            5.46834        5.41203        0.000133       0.055893       1544028899     601788         1544028905     70128          1              
130            5.61204        5.39209        0.055956       0.163977       1544028899     641786         1544028905     253829         1              
131            5.73203        5.62003        0.047969       0.064007       1544028899     653787         1544028905     385815         1              
138            5.86004        5.70404        0.043965       0.112012       1544028899     689787         1544028905     549830         1              
139            5.97925        5.86325        0.027973       0.088005       1544028899     706565         1544028905     685817         1              
142            6.05437        5.97604        0.027968       0.050346       1544028899     749786         1544028905     804155         1              
128            6.28137        5.46805        0.00387        0.797144       1544028899     629787         1544028905     911158         1              
145            6.18073        6.06803        0.027963       0.08454        1544028899     777796         1544028905     958529         1              
103            7.25589        5.96806        1.20583        0.081986       1544028898     737787         1544028905     993677         1              
132            6.34825        6.2761         0.007696       0.056016       1544028899     649787         1544028905     998033         1              
148            6.27839        6.21205        0.003968       0.062353       1544028899     805789         1544028906     84178          1              
107            7.3643         7.28004        0.015988       0.068239       1544028898     757789         1544028906     122085         1              
134            6.48407        6.36804        0.043966       0.07203        1544028899     665789         1544028906     149859         1              
108            7.43478        7.38418        3.3e-05        0.050549       1544028898     765786         1544028906     200563         1              
151            6.39203        6.26403        0.040012       0.060003       1544028899     865788         1544028906     257820         1              
136            6.60015        6.50804        0.039958       0.052118       1544028899     689788         1544028906     289936         1              
112            7.52004        7.46004        2.8e-05        0.059944       1544028898     785786         1544028906     305826         1              
154            6.38785        6.33603        3.3e-05        0.051771       1544028899     945786         1544028906     333638         1              
140            6.69478        6.58337        0.043926       0.067448       1544028899     714493         1544028906     409272         1              
114            6.91979        6.83204        0.025328       0.062165       1544028899     489788         1544028906     409576         1              
157            6.41733        6.34006        3e-05          0.077225       1544028900     5785           1544028906     423118         1              
143            6.73532        6.68004        3e-05          0.055237       1544028899     757787         1544028906     493111         1              
118            6.96291        6.90805        3.2e-05        0.05481        1544028899     533787         1544028906     496697         1              
146            6.82799        6.75604        0.031962       0.039947       1544028899     793786         1544028906     621776         1              
120            7.06329        6.9401         0.032008       0.067269       1544028899     561789         1544028906     625083         1              
160            6.53952        6.35603        2.6e-05        0.183444       1544028900     117787         1544028906     657303         1              
149            6.90803        6.84404        0.000131       0.055795       1544028899     813788         1544028906     721819         1              
123            7.14424        7.06804        0.031966       0.044221       1544028899     581789         1544028906     726032         1              
163            6.48003        6.41603        0.003636       0.03599        1544028900     249785         1544028906     729820         1              
152            6.93203        6.84404        0.039968       0.048012       1544028899     897786         1544028906     829821         1              
126            7.2404         7.16804        0.03597        0.036188       1544028899     605787         1544028906     846184         1              
166            6.53319        6.36802        3.3e-05        0.15714        1544028900     381789         1544028906     914977         1              
155            6.94803        6.86407        0.031936       0.052006       1544028899     969788         1544028906     917822         1              
129            7.30803        7.23204        0.031966       0.04401        1544028899     637787         1544028906     945820         1              
158            6.9537         6.89607        0.035946       0.021487       1544028900     33788          1544028906     987485         1              
169            6.49448        6.4241         0.031889       0.038381       1544028900     501791         1544028906     996269         1              
161            6.89605        6.85203        0.007984       0.036019       1544028900     157790         1544028907     53844          1              
133            7.42408        7.31205        0.025463       0.056045       1544028899     653787         1544028907     77871          1              
164            6.79682        6.77603        6.4e-05        0.012703       1544028900     293788         1544028907     90604          1              
135            7.48423        7.41605        0.031957       0.036205       1544028899     673786         1544028907     158017         1              
172            6.53978        6.38404        0.003986       0.151559       1544028900     625789         1544028907     165573         1              
167            6.78013        6.71204        0.031966       0.036105       1544028900     413788         1544028907     193914         1              
175            6.51152        6.43204        0.051974       0.027492       1544028900     753786         1544028907     265309         1              
170            6.72371        6.66804        0.019971       0.035681       1544028900     541788         1544028907     265494         1              
137            7.58407        7.50805        0.023958       0.052029       1544028899     693789         1544028907     277861         1              
173            6.6717         6.61205        0.004002       0.055628       1544028900     669786         1544028907     341490         1              
141            7.61181        7.5521         0.003979       0.055715       1544028899     729789         1544028907     341603         1              
178            6.52135        6.43204        0.031962       0.05732        1544028900     865788         1544028907     387134         1              
144            7.63256        7.59612        0.021459       0.014688       1544028899     769788         1544028907     402347         1              
176            6.62004        6.56405        3.1e-05        0.055934       1544028900     789786         1544028907     409822         1              
147            7.65684        7.6241         2.2e-05        0.032695       1544028899     797786         1544028907     454628         1              
179            6.5561         6.51605        0.007943       0.032042       1544028900     925786         1544028907     481890         1              
181            6.49513        6.40406        0.019955       0.071106       1544028900     997786         1544028907     492918         1              
184            6.3591         6.34815        9.7e-05        0.010728       1544028901     161785         1544028907     520881         1              
187            5.83812        5.82745        2.9e-05        0.010615       1544028901     693791         1544028907     531906         1              
182            6.50052        6.46805        0.000139       0.032303       1544028901     41786          1544028907     542302         1              
150            7.70796        7.63204        0.008078       0.055849       1544028899     837790         1544028907     545754         1              
185            6.32706        6.3161         3.3e-05        0.010891       1544028901     229786         1544028907     556843         1              
153            7.6686         7.65608        3.1e-05        0.012267       1544028899     917786         1544028907     586390         1              
188            5.88499        5.84318        3.2e-05        0.041562       1544028901     713786         1544028907     598780         1              
156            7.62718        7.61616        2.8e-05        0.010972       1544028899     989786         1544028907     616965         1              
159            7.61205        7.55609        3e-05          0.055897       1544028900     65788          1544028907     677838         1              
162            7.49568        7.47609        4.2e-05        0.011526       1544028900     205787         1544028907     701470         1              
165            7.43235        7.39205        0.002314       0.037789       1544028900     333789         1544028907     766142         1              
168            7.33909        7.32403        0.000265       0.014601       1544028900     449852         1544028907     788946         1              
171            7.23305        7.21638        0.002809       0.013565       1544028900     585787         1544028907     818841         1              
174            7.12632        7.11206        0.001682       0.012562       1544028900     717787         1544028907     844107         1              
177            7.0418         7.02805        0.002582       0.01113        1544028900     833787         1544028907     875585         1              
180            6.94037        6.91685        0.002926       0.020574       1544028900     965786         1544028907     906153         1              
183            6.82985        6.81607        0.002735       0.011022       1544028901     109786         1544028907     939633         1              
186            6.70004        6.65205        0.002699       0.045266       1544028901     301785         1544028908     1827           1              
189            6.3112         6.29464        6e-05          0.01633        1544028901     717787         1544028908     28986          1              
