JobID          Runtime        getDevice      getProgram     runProgram     startTime_s    startTime_us   endTime_s      endTime_us     violation      0
-1             0.950921       8e-05          0.885547       0.06527        1544028882     120092         1544028883     71013          0              
-1             0.063878       5.9e-05        2.3e-05        0.063777       1544028883     82143          1544028883     146021         0              
-1             0.063867       5.3e-05        2.3e-05        0.063776       1544028883     157085         1544028883     220952         0              
-1             0.063821       5.1e-05        2.2e-05        0.063733       1544028883     232296         1544028883     296117         0              
-1             0.063819       5.1e-05        2.2e-05        0.06373        1544028883     307225         1544028883     371044         0              
0              1.06361        0.088081       7.4e-05        0.975434       1544028893     937788         1544028895     1396           1              
1              0.904836       0.616593       0.055416       0.232617       1544028894     469785         1544028895     374621         0              
2              1.02079        0.164021       0.027981       0.828595       1544028895     249789         1544028896     270581         1              
3              0.780966       0.036069       0.000121       0.744528       1544028896     389787         1544028897     170753         0              
4              0.336353       0.00265        9.3e-05        0.333591       1544028898     37788          1544028898     374141         0              
5              0.827489       0.288024       0.031979       0.507468       1544028898     117788         1544028898     945277         0              
6              1.27311        0.800404       0.027947       0.444584       1544028898     173436         1544028899     446542         1              
8              1.74803        0.008132       1.1677         0.568005       1544028898     353787         1544028900     101820         1              
7              2.01234        1.20405        0.055952       0.752316       1544028898     249789         1544028900     262128         1              
9              2.47818        1.87605        0.059973       0.538145       1544028898     413786         1544028900     891969         1              
10             2.96126        2.44403        4.7e-05        0.517016       1544028898     489787         1544028901     451042         1              
11             3.45535        2.92272        0.039966       0.492508       1544028898     563107         1544028902     18458          1              
13             3.88079        3.30804        0.047966       0.524585       1544028898     733789         1544028902     614581         1              
14             4.74006        3.86003        0.03598        0.836642       1544028898     793786         1544028903     533844         1              
15             5.28839        4.68444        0.031941       0.547509       1544028898     857415         1544028904     145809         1              
16             5.70149        5.21207        0.02794        0.461457       1544028898     953787         1544028904     655272         1              
12             6.02965        4.38004        1.15198        0.497617       1544028898     657792         1544028904     687445         1              
17             6.11295        5.66803        0.027978       0.416757       1544028899     25788          1544028905     138735         1              
18             6.34077        5.89603        0.079972       0.364749       1544028899     265788         1544028905     606557         1              
19             6.51579        6.17202        0.039981       0.303763       1544028899     481787         1544028905     997574         1              
20             6.95565        6.34803        0.004007       0.603596       1544028899     701794         1544028906     657443         1              
21             7.11003        6.76805        0.019949       0.317989       1544028899     945786         1544028907     55821          1              
22             7.08963        6.91072        4e-05          0.174654       1544028900     163088         1544028907     252720         1              
23             7.11956        6.68808        0.028009       0.399509       1544028900     581788         1544028907     701349         1              
24             6.92872        6.71606        0.000849       0.211794       1544028900     985785         1544028907     914510         1              
25             6.3241         6.19607        0.002873       0.124944       1544028901     721786         1544028908     45888          1              
26             6.12505        6.02013        4.2e-05        0.104853       1544028902     37787          1544028908     162840         1              
27             5.58511        5.52071        3e-05          0.064165       1544028902     645205         1544028908     230318         1              
28             4.60311        4.42804        3.2e-05        0.174833       1544028903     845788         1544028908     448897         1              
29             3.68816        3.58331        4e-05          0.104601       1544028904     865791         1544028908     553952         1              
30             1.81234        1.74804        4.6e-05        0.064215       1544028906     829789         1544028908     642129         1              
31             1.98928        1.70003        3.3e-05        0.289003       1544028906     973788         1544028908     963066         1              
32             1.967          1.86231        3.7e-05        0.104403       1544028907     101786         1544028909     68781          1              
33             1.77903        1.67491        4.9e-05        0.103878       1544028907     393815         1544028909     172841         1              
34             1.57446        1.47112        3.2e-05        0.103284       1544028907     701789         1544028909     276249         1              
37             0.566543       0.502529       3.1e-05        0.06394        1544028908     773788         1544028909     340331         0              
36             1.59548        0.005475       1.4335         0.156484       1544028908     280727         1544028909     876211         1              
35             1.88259        0.040059       0.808686       1.02258        1544028907     993791         1544028909     876379         1              
38             0.688388       0.623977       3.5e-05        0.064354       1544028909     252501         1544028909     940889         0              
39             0.067207       0.000124       3.6e-05        0.067022       1544028909     984482         1544028910     51689          0              
40             0.105513       0.000104       3.1e-05        0.105352       1544028910     716462         1544028910     821975         0              
41             0.065497       0.000114       3.1e-05        0.065333       1544028911     767877         1544028911     833374         0              
42             0.06732        0.000129       3.5e-05        0.067133       1544028913     291491         1544028913     358811         0              
43             0.106966       0.000108       3.9e-05        0.106789       1544028913     337803         1544028913     444769         0              
44             0.06666        0.000118       0.000225       0.066293       1544028913     384112         1544028913     450772         0              
45             0.07884        0.014407       3.9e-05        0.064364       1544028913     430464         1544028913     509304         0              
46             0.136297       0.032619       4e-05          0.103613       1544028913     476762         1544028913     613059         0              
47             0.194049       0.090065       3.7e-05        0.10383        1544028913     523076         1544028913     717125         0              
48             0.212416       0.147904       4e-05          0.064245       1544028913     569411         1544028913     781827         0              
49             0.270799       0.166485       0.000138       0.104054       1544028913     615702         1544028913     886501         0              
50             0.331802       0.224607       0.002421       0.104272       1544028913     661992         1544028913     993794         0              
51             0.350049       0.2853         4.3e-05        0.064502       1544028913     708279         1544028914     58328          0              
52             0.408897       0.304121       0.000131       0.104437       1544028913     754560         1544028914     163457         0              
53             0.42826        0.362999       0.000137       0.064814       1544028913     800849         1544028914     229109         0              
54             0.525926       0.367675       8.4e-05        0.145728       1544028913     861785         1544028914     387711         0              
55             0.543563       0.478302       0.000134       0.064829       1544028913     909788         1544028914     453351         0              
56             0.604675       0.499922       0.000136       0.104394       1544028913     953787         1544028914     558462         0              
57             0.668579       0.564831       2.7e-05        0.103608       1544028913     993788         1544028914     662367         0              
58             0.720614       0.616969       2.9e-05        0.10359        1544028914     45785          1544028914     766399         0              
59             0.601886       0.537274       3.4e-05        0.064372       1544028914     229207         1544028914     831093         0              
60             0.461369       0.39729        2.7e-05        0.064006       1544028914     433787         1544028914     895156         0              
61             0.38333        0.279678       3.3e-05        0.103593       1544028914     615553         1544028914     998883         0              
62             0.292181       0.188907       2.9e-05        0.103213       1544028914     810050         1544028915     102231         0              
63             0.201072       0.097696       3.2e-05        0.10331        1544028915     4607           1544028915     205679         0              
64             0.112383       0.006621       0.000188       0.105543       1544028915     199146         1544028915     311529         0              
65             0.105636       0.000241       3e-05          0.105342       1544028915     567753         1544028915     673389         0              
66             0.106224       0.00011        3.2e-05        0.106054       1544028915     936361         1544028916     42585          0              
67             0.106631       0.000116       3.4e-05        0.106458       1544028916     304978         1544028916     411609         0              
68             0.106372       0.000116       3.5e-05        0.106197       1544028916     884475         1544028916     990847         0              
69             0.106375       0.000114       3.5e-05        0.106194       1544028917     463978         1544028917     570353         0              
70             0.107011       0.000175       3.9e-05        0.106765       1544028918     311116         1544028918     418127         0              
71             0.106589       0.000114       3.4e-05        0.106406       1544028919     524604         1544028919     631193         0              
72             0.106725       0.000113       3.3e-05        0.106552       1544028921     322590         1544028921     429315         0              
73             0.109548       0.004184       3.5e-05        0.105301       1544028921     425217         1544028921     534765         0              
74             0.111624       0.006991       0.000191       0.104415       1544028921     527862         1544028921     639486         0              
75             0.114316       0.009038       3.7e-05        0.105214       1544028921     630535         1544028921     744851         0              
76             0.115958       0.011751       3.5e-05        0.104145       1544028921     733192         1544028921     849150         0              
77             0.07767        0.013409       3.5e-05        0.064197       1544028921     835835         1544028921     913505         0              
78             0.106484       0.000102       3.4e-05        0.106316       1544028921     938449         1544028922     44933          0              
79             0.109957       0.003929       3.6e-05        0.105967       1544028922     41093          1544028922     151050         0              
80             0.106557       0.000105       3.4e-05        0.106388       1544028922     301274         1544028922     407831         0              
81             0.106324       0.000127       3.7e-05        0.106136       1544028922     561434         1544028922     667758         0              
82             0.106302       0.000106       3.3e-05        0.106138       1544028922     821600         1544028922     927902         0              
83             0.106372       0.000114       3.4e-05        0.106201       1544028923     81737          1544028923     188109         0              
84             0.106462       0.000105       0.000178       0.106155       1544028923     528970         1544028923     635432         0              
85             0.106756       0.000238       3.5e-05        0.106459       1544028923     976185         1544028924     82941          0              
86             0.106448       0.000114       3.4e-05        0.106273       1544028924     423402         1544028924     529850         0              
87             0.106346       0.000107       3.3e-05        0.106182       1544028925     100896         1544028925     207242         0              
88             0.10675        0.000106       3.3e-05        0.106586       1544028926     78072          1544028926     184822         0              
89             0.106339       0.000112       3.7e-05        0.106167       1544028927     485166         1544028927     591505         0              
90             0.107298       0.00018        3.7e-05        0.107042       1544028929     662580         1544028929     769878         0              
91             0.106667       0.000108       3.4e-05        0.106491       1544028929     824926         1544028929     931593         0              
92             0.105794       9.6e-05        3.1e-05        0.105634       1544028929     987274         1544028930     93068          0              
93             0.106783       0.000106       3.5e-05        0.106608       1544028930     149621         1544028930     256404         0              
94             0.10684        0.000106       0.000185       0.106526       1544028930     480028         1544028930     586868         0              
95             0.106851       0.000245       3.5e-05        0.106548       1544028930     810409         1544028930     917260         0              
96             0.106676       0.000106       3.5e-05        0.106508       1544028931     140820         1544028931     247496         0              
97             0.106608       0.000115       4.9e-05        0.106417       1544028931     673356         1544028931     779964         0              
98             0.10684        0.000119       4.2e-05        0.106648       1544028932     205874         1544028932     312714         0              
99             0.106709       0.000112       3.4e-05        0.106539       1544028932     992052         1544028933     98761          0              
100            0.106748       0.000109       3.4e-05        0.106581       1544028933     778204         1544028933     884952         0              
101            0.106663       0.000108       3.3e-05        0.106498       1544028934     904977         1544028935     11640          0              
102            0.106608       0.000114       3.4e-05        0.106432       1544028936     552323         1544028936     658931         0              
103            0.137404       0.033436       3.3e-05        0.10391        1544028936     625570         1544028936     762974         0              
104            0.167919       0.06423        0.000182       0.103481       1544028936     698815         1544028936     866734         0              
105            0.198346       0.094754       3.2e-05        0.103534       1544028936     772053         1544028936     970399         0              
106            0.189281       0.125171       3.1e-05        0.064054       1544028936     845307         1544028937     34588          0              
107            0.219814       0.116138       3.2e-05        0.103614       1544028936     918526         1544028937     138340         0              
108            0.250257       0.146656       3e-05          0.103544       1544028936     991787         1544028937     242044         0              
109            0.280606       0.177106       3.2e-05        0.103442       1544028937     65015          1544028937     345621         0              
110            0.158191       0.054838       3e-05          0.103297       1544028937     290858         1544028937     449049         0              
111            0.106374       0.000103       3.4e-05        0.106211       1544028937     516686         1544028937     623060         0              
112            0.106566       0.000106       3.5e-05        0.106401       1544028937     742518         1544028937     849084         0              
113            0.106305       0.0001         3.1e-05        0.10615        1544028937     968344         1544028938     74649          0              
114            0.106386       9.9e-05        0.000163       0.106101       1544028938     194175         1544028938     300561         0              
115            0.10661        0.000236       3.8e-05        0.106307       1544028938     600137         1544028938     706747         0              
116            0.106948       0.000152       4e-05          0.10672        1544028939     6083           1544028939     113031         0              
117            0.106625       0.000109       3.5e-05        0.106455       1544028939     631910         1544028939     738535         0              
118            0.106563       0.000115       3.4e-05        0.106389       1544028940     257740         1544028940     364303         0              
119            0.106613       0.000113       3.5e-05        0.106437       1544028941     165807         1544028941     272420         0              
120            0.106444       0.00011        3.4e-05        0.106275       1544028942     468577         1544028942     575021         0              
121            0.106387       0.000111       3.4e-05        0.106219       1544028944     432794         1544028944     539181         0              
122            0.105449       9.7e-05        3e-05          0.105293       1544028944     563948         1544028944     669397         0              
123            0.106648       0.000103       3.9e-05        0.106482       1544028944     695113         1544028944     801761         0              
124            0.106262       9.9e-05        0.000183       0.105958       1544028944     826272         1544028944     932534         0              
125            0.105813       0.000242       3.1e-05        0.105518       1544028944     957433         1544028945     63246          0              
126            0.106675       0.0001         3.3e-05        0.106507       1544028945     88576          1544028945     195251         0              
127            0.106686       0.000103       3.4e-05        0.106525       1544028945     382219         1544028945     488905         0              
128            0.106623       0.000113       3.4e-05        0.106444       1544028945     675839         1544028945     782462         0              
129            0.106585       0.000105       3.5e-05        0.106421       1544028945     969456         1544028946     76041          0              
130            0.106481       0.000104       3.4e-05        0.106319       1544028946     263077         1544028946     369558         0              
131            0.106703       0.000107       3.4e-05        0.106539       1544028946     750774         1544028946     857477         0              
132            0.106503       0.000107       3.4e-05        0.106339       1544028947     238464         1544028947     344967         0              
133            0.106668       0.000106       3.4e-05        0.106497       1544028947     967194         1544028948     73862          0              
134            0.106617       0.000112       0.00018        0.106294       1544028948     695921         1544028948     802538         0              
135            0.107121       0.00028        3.8e-05        0.106765       1544028949     742891         1544028949     850012         0              
136            0.10659        0.000124       4.1e-05        0.106397       1544028951     259350         1544028951     365940         0              
137            0.166166       0.061997       4.3e-05        0.103938       1544028951     304016         1544028951     470182         0              
138            0.185162       0.121533       3.1e-05        0.063572       1544028951     348725         1544028951     533887         0              
139            0.245427       0.140565       0.000128       0.104427       1544028951     393399         1544028951     638826         0              
140            0.306841       0.201131       0.001576       0.10393        1544028951     438036         1544028951     744877         0              
141            0.366948       0.262499       3.6e-05        0.104216       1544028951     482695         1544028951     849643         0              
142            0.39965        0.326521       0.007907       0.064925       1544028951     527344         1544028951     926994         0              
143            0.433652       0.369906       7.5e-05        0.06365        1544028951     571958         1544028952     5610           0              
144            0.566632       0.380058       0.00014        0.186316       1544028951     625789         1544028952     192421         0              
145            0.656451       0.52405        3.5e-05        0.132164       1544028951     673785         1544028952     330236         0              
146            0.732827       0.616806       0.011357       0.104434       1544028951     713788         1544028952     446615         0              
147            0.783046       0.684897       3.1e-05        0.098003       1544028951     761789         1544028952     544835         0              
148            0.804402       0.739453       0.000113       0.064641       1544028951     805790         1544028952     610192         0              
149            0.82879        0.760805       0.003244       0.064624       1544028951     849790         1544028952     678580         0              
150            0.886176       0.781207       0.00012        0.104563       1544028951     897786         1544028952     783962         0              
151            0.950626       0.846171       4e-05          0.104212       1544028951     937786         1544028952     888412         0              
152            1.03652        0.916106       0.015829       0.104305       1544028951     985789         1544028953     22313          1              
153            1.12357        1.00256        0.015865       0.104851       1544028952     27291          1544028953     150863         1              
154            0.998578       0.933499       0.000112       0.064678       1544028952     217788         1544028953     216366         0              
155            0.901334       0.796401       0.000119       0.104509       1544028952     421785         1544028953     323119         0              
156            0.82198        0.717658       2.5e-05        0.104093       1544028952     605788         1544028953     427768         0              
157            0.695401       0.630315       0.000112       0.064678       1544028952     797789         1544028953     493190         0              
158            0.603341       0.499578       3.3e-05        0.103708       1544028952     993785         1544028953     597126         0              
159            0.518809       0.415401       2.8e-05        0.103355       1544028953     181797         1544028953     700606         0              
160            0.447367       0.343952       2.8e-05        0.103359       1544028953     356744         1544028953     804111         0              
161            0.367696       0.264193       3.1e-05        0.103446       1544028953     539988         1544028953     907684         0              
162            0.287962       0.184552       2.9e-05        0.10335        1544028953     723220         1544028954     11182          0              
163            0.208159       0.1048         2.9e-05        0.103304       1544028953     906455         1544028954     114614         0              
164            0.128617       0.024982       0.000195       0.103418       1544028954     89705          1544028954     218322         0              
165            0.106725       0.00026        3.4e-05        0.106405       1544028954     378138         1544028954     484863         0              
166            0.106505       0.000105       3.4e-05        0.10634        1544028954     666562         1544028954     773067         0              
167            0.106366       0.000104       3.5e-05        0.106204       1544028954     954962         1544028955     61328          0              
168            0.106495       0.000104       3.4e-05        0.106334       1544028955     243402         1544028955     349897         0              
169            0.106642       0.000105       3.4e-05        0.106481       1544028955     665196         1544028955     771838         0              
170            0.106531       0.000105       3.4e-05        0.106368       1544028955     946451         1544028956     52982          0              
171            0.106487       0.000104       3.4e-05        0.106325       1544028956     227705         1544028956     334192         0              
172            0.106395       0.000106       3.5e-05        0.106224       1544028956     630546         1544028956     736941         0              
173            0.106376       0.000104       3.3e-05        0.106214       1544028957     33425          1544028957     139801         0              
174            0.106592       0.000116       0.000207       0.106244       1544028957     629706         1544028957     736298         0              
175            0.106752       0.000285       3.7e-05        0.106399       1544028958     226023         1544028958     332775         0              
176            0.106905       0.000157       3.8e-05        0.106675       1544028959     337228         1544028959     444133         0              
177            0.17729        0.073256       3.3e-05        0.103813       1544028959     370973         1544028959     548263         0              
178            0.249789       0.143656       0.000172       0.105666       1544028959     404696         1544028959     654485         0              
179            0.332504       0.227499       0.000134       0.104577       1544028959     438403         1544028959     770907         0              
180            0.372373       0.307254       0.00015        0.064634       1544028959     463731         1544028959     836104         0              
181            0.451804       0.347106       0.000131       0.104252       1544028959     489068         1544028959     940872         0              
182            0.48055        0.41541        0.000113       0.064832       1544028959     525793         1544028960     6343           0              
183            0.562838       0.458285       0.000111       0.104163       1544028959     548418         1544028960     111256         0              
184            0.612552       0.537796       0.01014        0.064413       1544028959     573788         1544028960     186340         0              
185            0.648141       0.583206       0.00011        0.064527       1544028959     603494         1544028960     251635         0              
186            0.681353       0.617808       4.5e-05        0.063303       1544028959     633789         1544028960     315142         0              
187            0.76921        0.665433       4e-05          0.103686       1544028959     649788         1544028960     418998         0              
188            0.840746       0.737306       4e-05          0.103376       1544028959     681786         1544028960     522532         0              
189            0.92815        0.824753       3.4e-05        0.103336       1544028959     697877         1544028960     626027         0              
