TaskQLat.      PRRQLat.       TaksQlen       
4e-06          1e-06          1              
TaskQLat.      PRRQLat.       TaksQlen       
2e-06          1e-06          1              
TaskQLat.      PRRQLat.       TaksQlen       
2e-06          1e-06          1              
1e-06          0              1              
1e-06          0              1              
1e-06          0              1              
2e-06          0              1              
2e-06          0              1              
2e-06          0              1              
0.000147       0              1              
2e-06          0              1              
2e-06          0              1              
2e-06          0              1              
1e-06          0              1              
2e-06          0              1              
2e-06          0              1              
2e-06          0              1              
2e-06          1e-06          1              
2e-06          0              1              
0.000157       0              1              
2e-06          0              1              
2e-06          0              1              
2e-06          0              1              
2e-06          1e-06          1              
2e-06          0              1              
1e-06          0              1              
0.002093       0              1              
4e-06          0              1              
0.00029        1e-06          2              
3.9e-05        0              1              
4.6e-05        0              1              
4.6e-05        0              1              
0.000104       0              1              
3e-06          0              1              
1.6e-05        0              1              
4e-06          0              1              
2e-06          0              1              
0.000146       0              1              
0.000156       0              1              
3e-06          0              1              
3e-06          0              1              
3e-06          0              1              
2e-06          0              1              
2e-06          0              1              
2e-06          0              1              
2e-06          0              1              
2e-06          0              1              
2e-06          0              1              
2e-06          0              1              
0.00014        0              1              
2e-06          0              1              
2e-06          0              1              
3e-06          0              1              
2e-06          0              1              
2e-06          0              1              
2e-06          0              1              
1e-06          0              1              
2e-06          0              1              
3e-06          0              1              
0.000135       0              1              
2e-06          0              1              
2e-06          0              1              
3e-06          1e-06          1              
2e-06          0              1              
2e-06          0              1              
3e-06          0              1              
3e-06          0              1              
3e-06          0              1              
3e-06          0              1              
0.000142       1e-06          1              
3e-06          0              1              
2e-06          0              1              
2e-06          0              1              
2e-06          0              1              
2e-06          0              1              
2e-06          0              1              
2e-06          0              1              
2e-06          0              1              
2e-06          0              1              
0.00014        0              1              
2e-06          0              1              
2e-06          0              1              
2e-06          1e-06          1              
3e-06          0              1              
2e-06          0              1              
2e-06          0              1              
0.000144       0              1              
4e-06          0              1              
3e-06          0              1              
9.5e-05        0              3              
0.024051       0              3              
0.008125       0              5              
0.004037       0              3              
6e-06          0              1              
0.020169       0              2              
0.00807        0              4              
0.002793       0              3              
0.016083       0              2              
0.019957       0              1              
0.008412       0              4              
0.004193       0              2              
0.000229       0              3              
4.7e-05        0              1              
0.000402       0              3              
0.007952       0              1              
0.015999       0.019943       2              
0.023966       0              1              
0.035916       0              1              
0.016011       0              2              
0.004018       0              3              
0.02401        0              2              
0.015941       0              1              
0.008206       0              1              
0.015884       0              2              
0.023982       0              1              
0.020143       0              1              
0.004421       0              2              
0.000332       1e-06          3              
0.00683        0              2              
0.015955       0              2              
0.019916       0              1              
0.01994        0              1              
0.004005       0              3              
0.02398        0              2              
0.02002        0              3              
2e-06          0              1              
0.007918       0              1              
0.023756       0              1              
0.026077       0              4              
0.026024       0              5              
5.3e-05        0              1              
0.03782        0              3              
7.5e-05        0              1              
0.004029       0              1              
0.007946       0              1              
3.5e-05        0              1              
0.015984       0              1              
0.015753       0              1              
0.015368       0              1              
0.015394       0              3              
0.01539        0              2              
0.015945       0              1              
0.007853       0              1              
2e-06          0              1              
0.019938       0              1              
0.003953       0              1              
0.023946       0              1              
4e-06          0              1              
0.019929       0              2              
0.023875       0              1              
0.015963       0              1              
0.03501        0              1              
0.01782        0              1              
0.012383       0              2              
0.034013       0              1              
0.004317       0              2              
0.007947       0              1              
0.003685       0              1              
0.01158        0              1              
0.027947       0              1              
0.00398        0              2              
0.024104       0              2              
0.016099       0              4              
9.7e-05        0              1              
0.015763       0              1              
0.027908       0              1              
0.011959       0              1              
0.007738       0              1              
0.027992       0              2              
0.031958       0              1              
0.031932       0              2              
0.02747        0.004685       1              
0.031962       0              1              
0.015978       0              2              
0.004023       0              3              
0.02791        0              1              
0.011841       0              2              
2e-06          0              1              
0.02778        0              1              
0.023949       0              1              
0.004009       0              2              
0.011976       0              2              
0.011939       0              1              
0.023843       0              1              
0.039988       0              1              
3e-06          0              1              
0.007922       0              1              
0.023855       0              2              
0.008          0              3              
3e-06          0              1              
0.015958       0              1              
1e-06          0              1              
0.015907       0              1              
3e-06          1e-06          1              
0.015939       1e-06          1              
4e-06          0              1              
0.019947       0              1              
0.007959       0              1              
0.011927       0              1              
3e-06          0              1              
0.011965       0              1              
0.007957       0              1              
0.011957       0              1              
0.007651       0              1              
0.007565       0              2              
0.007774       0              1              
0.035944       0              1              
0.007984       0              2              
0.011955       0              1              
3e-06          0              1              
0.023946       0              1              
0.007965       1e-06          1              
0.007953       0              1              
0.016242       0              1              
0.002284       0              1              
0.008021       0              1              
6.7e-05        0              1              
8e-06          0              1              
4e-06          0              1              
0.002396       0              1              
0.019784       1.31522        2              
0.003945       0              1              
0.004018       0              2              
2e-06          0              1              
2e-06          0              1              
0.008068       0              2              
3e-06          0              1              
0.008001       0              3              
0.023657       0              1              
0.000182       0              1              
0.003727       0              1              
0.003473       0              6              
0.003088       0              3              
0.005917       0              4              
0.023542       0              1              
0.000216       0              1              
0.023964       1e-06          1              
0.019966       0              2              
0.00394        0              3              
0.012117       0              4              
0.032214       0              2              
0.008378       0              6              
0.000378       0              4              
0.031904       0              1              
0.004324       0              6              
0.012093       0              4              
0.03599        1e-06          1              
0.006457       0              8              
0.015945       0              1              
0.039839       0              1              
0.020008       0              2              
0.019992       0              3              
0.007846       0              1              
0.007942       0              1              
0.031943       0              1              
0.039932       0              1              
3e-06          0              1              
0.038847       0              1              
2e-06          0              1              
0.035955       0              1              
0.000318       0              3              
0.039933       0              1              
0.003764       0.023895       2              
0.010838       0              5              
0.000374       0              7              
0.000373       1e-06          8              
0.004334       0              5              
0.004329       0              8              
0.015988       0              2              
0.019997       0              2              
0.003972       0              2              
0.007918       0              1              
0.020218       0              2              
0.008331       0              3              
0.007902       0              1              
0.035764       0              1              
0.028123       0              2              
0.023952       0              3              
0.007742       0              1              
0.043935       0              3              
0.048104       0              2              
0.007696       0              1              
0.007993       0              2              
0.003941       0              3              
6e-06          0              1              
2.1e-05        1e-06          1              
1e-06          0              1              
2.1e-05        0              1              
0.011926       0              1              
0.027959       0              1              
5e-06          0              1              
0.027943       0              1              
0.007826       0              2              
0.015801       0              1              
0.019923       0              1              
0.011954       0              1              
0.015942       0.003696       4              
0.02399        1e-06          2              
0.019904       0              1              
0.027957       0              1              
0.027927       0              1              
0.023967       0              2              
0.011931       0              1              
0.015923       0              1              
0.00796        0              1              
0.003953       0              2              
0.003963       0              1              
0.003943       0              1              
0.015965       0              1              
0.015967       0              1              
0.007965       0              2              
0.019954       0              1              
0.007886       0              1              
0.019962       0              1              
3e-06          0              1              
0.003961       0              2              
2e-06          0              1              
3e-06          0              1              
0.019887       0              1              
0.003968       0              2              
0.019803       0              1              
0.02396        0              1              
0.02375        0              1              
0.015911       0              1              
0.007658       0              1              
0.015735       0              1              
0.015752       0              1              
0.023943       0.023982       1              
0.019912       0              1              
0.011939       0              1              
0.007968       0              2              
0.011967       0              1              
0.019903       0              1              
0.023953       1e-06          1              
0.015965       0              2              
0.015948       0              1              
3e-06          0              1              
0.023959       0              1              
0.019933       0              1              
4e-06          0              1              
4e-06          0              1              
4e-06          0              1              
0.031892       0              1              
0.003743       0              1              
0.04795        0              1              
0.031947       0              1              
0.019936       0              1              
0.007956       0              1              
0.032041       0              1              
0.007952       0              1              
0.015944       0              1              
0.01194        0.00797        2              
0.007562       0              1              
0.003936       0              1              
0.00801        0              2              
0.00398        0              3              
0.019943       0              1              
3e-06          0              1              
0.023978       0              1              
0.015936       1e-06          1              
2e-06          0              1              
3e-06          0              1              
0.011901       0              1              
2e-06          0              1              
0.01992        0              1              
4e-06          0              1              
2e-06          0              1              
2e-06          0              1              
0.007957       0              1              
0.015933       0              1              
2e-06          0              1              
0.011945       0              1              
0.003509       0              1              
0.007922       0              1              
9e-06          0              1              
0.015951       0              1              
0.015943       0              1              
0.019982       0              2              
0.015949       0              1              
0.023703       0              1              
0.019931       0              2              
0.003963       0              2              
2e-06          0              1              
0.017423       0              1              
3e-06          0              1              
3e-06          0              1              
0.015935       0              1              
0.015943       0              1              
0.023911       0              2              
0.015942       0              3              
0.039888       0              1              
0.003974       0              2              
0.003954       0              3              
0.011985       0              1              
0.023934       0              1              
3e-06          0              1              
0.021027       0              1              
0.015998       0              2              
2e-06          0              1              
0.00053        0              1              
0.008043       0              1              
0.00011        0              1              
2e-06          0              1              
5e-06          0              1              
4e-06          0              1              
3e-06          0              1              
3e-06          0              1              
4e-06          0              1              
4e-06          0              1              
4e-06          0              1              
0.000824       1e-06          1              
0.002286       0              1              
0.000228       0              1              
0.002681       0              1              
0.001655       0              1              
0.00255        0              1              
0.002901       0              1              
0.002846       0              1              
0.002706       0              1              
0.002672       0              1              
3e-05          0              1              
3e-06          0              1              
4e-06          0              1              
3e-06          0              1              
4e-06          0              1              
3e-06          0              1              
4e-06          1e-06          1              
5e-06          1e-06          1              
5e-06          0              1              
4e-06          0              1              
3e-06          0              1              
3e-06          0              1              
2e-06          0.56751        1              
4e-06          0              1              
3e-06          0              1              
3e-06          0              1              
2e-06          0              1              
3e-06          0              1              
3e-06          0              1              
0.000195       0              1              
3e-06          0              1              
4e-06          0              1              
4e-06          1e-06          1              
3e-06          0              1              
5e-06          0              1              
0.002288       0              1              
2e-06          0              1              
3e-06          0              1              
3e-06          0              1              
5.3e-05        0              1              
4e-06          0              1              
5e-06          0              1              
2e-06          0              1              
4e-06          0              1              
5e-06          0              1              
3e-06          0              1              
3e-06          0              1              
3e-06          0              1              
3e-06          0              1              
0.000154       0              1              
3e-06          0              1              
3e-06          0              1              
2e-06          0              1              
3e-06          0              1              
3e-06          0              1              
3e-06          0              1              
3e-06          0              1              
2e-06          0              1              
4e-06          0              1              
0.000156       0              1              
3e-06          0              1              
3e-06          1e-06          1              
3e-06          1e-06          1              
3e-06          0              1              
3e-06          0              1              
2e-06          0              1              
2e-06          0              1              
3e-06          0              1              
3e-06          0              1              
0.000145       0              1              
2e-06          0              1              
3e-06          0              1              
3e-06          0              1              
2e-06          0              1              
2e-06          0              1              
3e-06          0              1              
2e-06          0              1              
3e-06          0              1              
2e-06          0              1              
0.000153       0              1              
2e-06          1e-06          1              
3e-06          0              1              
1.5e-05        0              1              
3e-06          0              1              
2e-06          0              1              
2e-06          0              1              
2e-06          0              1              
2e-06          0              1              
4e-06          0              1              
0.000155       1e-06          1              
3e-06          0              1              
3e-06          0              1              
3e-06          0              1              
3e-06          0              1              
3e-06          1e-06          1              
3e-06          1e-06          1              
2e-06          0              1              
2e-06          0              1              
2e-06          0              1              
0.000133       0              1              
3e-06          0              1              
4e-06          0              1              
2e-06          0              1              
3e-06          0              1              
3e-06          0              1              
2e-06          0              1              
3e-06          0              1              
3e-06          0              1              
2e-06          0              1              
0.000154       0              1              
2e-06          0              1              
2e-06          0              1              
3e-06          0              1              
3e-06          0              1              
3e-06          0              1              
2e-06          0              1              
3e-06          0              1              
3e-06          0              1              
2e-06          0              1              
0.000148       0              1              
2e-06          0              1              
2e-06          0              1              
1.2e-05        0              1              
3e-06          0              1              
3e-06          0              1              
0.001535       0              1              
1e-05          1e-06          1              
0.007777       0              2              
4.4e-05        0              1              
6e-06          0              1              
8e-06          0              1              
0.011329       0              1              
2e-06          0              1              
3e-06          0              1              
0.00322        0              1              
6e-06          0              1              
3e-06          0              1              
0.015701       0              1              
0.015733       0              1              
2e-06          0              1              
5e-06          0              1              
3e-06          0              1              
4e-06          0              1              
3e-06          0              1              
3e-06          0              1              
3e-06          0              1              
3e-06          0              1              
3e-06          0              1              
3e-06          0              1              
0.000168       0              1              
3e-06          0              1              
3e-06          0              1              
3e-06          0              1              
3e-06          0              1              
3e-06          0              1              
3e-06          0              1              
2e-06          0              1              
3e-06          0              1              
3e-06          0              1              
0.000172       0              1              
2e-06          0              1              
2e-06          0              1              
4e-06          0              1              
2e-06          0              1              
2e-06          0              1              
3e-06          1e-06          1              
4e-06          0              1              
3e-06          0              1              
2e-06          0              1              
0.010028       0              1              
2e-06          0              1              
3e-06          0              1              
3e-06          0              1              
3e-06          0              1              
3e-06          0              1              
