TotQLat.       ScalerLat      getDevLat      getPrgLat      Req.Type       
0.000508       0.000451       4.9e-05        0              0              
1.9e-05        0              0              1.6e-05        1              
4.3e-05        0              3.9e-05        0              0              
1.2e-05        0              0              9e-06          1              
4.2e-05        0              3.7e-05        0              0              
1.3e-05        0              0              1.1e-05        1              
3.6e-05        0              3.3e-05        0              0              
3e-06          0              0              1e-06          1              
3.8e-05        0              3.6e-05        0              0              
3e-06          0              0              0              1              
3.4e-05        0              3.2e-05        0              0              
3e-06          0              0              1e-06          1              
3.3e-05        0              3.1e-05        0              0              
3e-06          0              0              1e-06          1              
3.1e-05        0              2.9e-05        0              0              
3e-06          0              0              1e-06          1              
3.1e-05        0              2.9e-05        0              0              
3e-06          0              0              1e-06          1              
3.1e-05        0              2.9e-05        0              0              
0.000148       0.000145       0              1e-06          1              
0.000184       0.000153       3e-05          0              0              
3e-06          0              0              1e-06          1              
3e-05          0              2.9e-05        0              0              
3e-06          0              0              1e-06          1              
3.2e-05        0              3e-05          0              0              
3e-06          0              0              1e-06          1              
3.1e-05        1e-06          2.9e-05        0              0              
2e-06          0              0              1e-06          1              
3e-05          0              2.9e-05        0              0              
2e-06          0              0              1e-06          1              
4.9e-05        0              4.5e-05        0              0              
3e-06          0              0              1e-06          1              
3.5e-05        0              3.3e-05        0              0              
3e-06          0              0              1e-06          1              
3.4e-05        0              3.2e-05        0              0              
3e-06          0              0              1e-06          1              
3.4e-05        0              3.2e-05        0              0              
3e-06          0              0              1e-06          1              
3.4e-05        0              3.1e-05        0              0              
0.000158       0.000156       0              1e-06          1              
0.000186       0.000154       3e-05          0              0              
3e-06          1e-06          0              1e-06          1              
3.4e-05        0              3.1e-05        0              0              
3e-06          0              0              1e-06          1              
3.4e-05        0              3.1e-05        0              0              
3e-06          0              0              1e-06          1              
3.4e-05        0              3.1e-05        0              0              
3e-06          0              0              1e-06          1              
3.5e-05        0              3.2e-05        0              0              
3e-06          0              0              1e-06          1              
3.2e-05        0              3.1e-05        0              0              
2e-06          0              0              1e-06          1              
3.3e-05        1e-06          3.1e-05        0              0              
3.2e-05        0              3e-05          0              0              
3.5e-05        0              3.3e-05        0              0              
0.000153       0              0.000151       0              0              
0.002055       0.002046       0              1e-06          1              
0.001015       0.000937       7.4e-05        0              0              
5e-06          0              0              1e-06          1              
0.000165       0              0.000162       0              0              
0.000123       0              0.00012        0              0              
5e-06          0              0              2e-06          1              
0.000121       0              0.000116       0              0              
5e-06          0              0              1e-06          1              
0.000158       0              0.000156       0              0              
9e-06          0              0              1e-06          1              
8e-06          0              0              1e-06          1              
6.8e-05        0              6.3e-05        0              0              
0.000103       0              0.000101       0              0              
4e-06          0              0              1e-06          1              
0.0001         0              9.8e-05        0              0              
5e-06          0              0              2e-06          1              
3.7e-05        0              3.4e-05        0              0              
3e-06          1e-06          0              1e-06          1              
4e-06          0              0              1e-06          1              
3e-06          0              0              1e-06          1              
4.6e-05        0              4.5e-05        0              0              
0.000146       0.000144       0              1e-06          1              
0.000156       0.000152       0              1e-06          1              
0.000289       0.000258       2.9e-05        0              0              
4e-06          0              0              1e-06          1              
3e-06          1e-06          0              1e-06          1              
3.2e-05        0              3.1e-05        0              0              
4e-06          0              0              1e-06          1              
3.1e-05        0              2.9e-05        0              0              
3e-06          0              0              1e-06          1              
3.1e-05        0              2.9e-05        0              0              
3e-06          0              0              1e-06          1              
3.2e-05        1e-06          3e-05          0              0              
2e-06          0              0              1e-06          1              
3.2e-05        0              2.9e-05        0              0              
3e-06          0              0              1e-06          1              
3.2e-05        0              2.9e-05        0              0              
3e-06          0              0              1e-06          1              
3.1e-05        0              2.9e-05        0              0              
3e-06          1e-06          0              1e-06          1              
3.1e-05        0              2.9e-05        0              0              
3e-06          0              0              0              1              
3.2e-05        1e-06          3e-05          0              0              
0.00014        0.000138       0              1e-06          1              
0.000166       0.000136       2.8e-05        0              0              
3e-06          0              0              1e-06          1              
3.1e-05        0              2.9e-05        0              0              
3e-06          0              0              1e-06          1              
3.3e-05        0              2.9e-05        0              0              
3e-06          0              0              1e-06          1              
3.2e-05        0              2.9e-05        0              0              
3e-06          0              0              1e-06          1              
3.2e-05        0              3e-05          0              0              
3e-06          0              0              1e-06          1              
3.3e-05        0              3e-05          0              0              
3e-06          0              0              1e-06          1              
3.1e-05        0              2.9e-05        0              0              
2e-06          0              0              0              1              
3.1e-05        0              2.9e-05        0              0              
3e-06          0              0              1e-06          1              
3.3e-05        0              3e-05          0              0              
3e-06          0              0              1e-06          1              
3.2e-05        0              2.9e-05        0              0              
0.000135       0.000132       0              1e-06          1              
0.000164       0.000133       2.8e-05        0              0              
3e-06          0              0              1e-06          1              
3.3e-05        0              3e-05          0              0              
3e-06          0              0              1e-06          1              
3.2e-05        0              3e-05          0              0              
3e-06          0              0              1e-06          1              
3.3e-05        0              3e-05          0              0              
3e-06          1e-06          0              1e-06          1              
3.2e-05        0              3e-05          0              0              
3e-05          0              2.8e-05        0              0              
4e-06          0              0              1e-06          1              
3.1e-05        0              2.9e-05        0              0              
3e-06          0              0              1e-06          1              
3e-06          0              0              1e-06          1              
3e-05          0              2.9e-05        0              0              
4e-06          0              0              1e-06          1              
3.1e-05        0              2.9e-05        0              0              
4e-06          0              0              1e-06          1              
3e-05          0              2.9e-05        0              0              
0.000143       0.00014        0              1e-06          1              
0.000173       0.000142       2.8e-05        0              0              
3e-06          1e-06          0              1e-06          1              
3.7e-05        1e-06          3.5e-05        0              0              
3e-06          0              0              1e-06          1              
3.2e-05        0              3e-05          0              0              
3e-06          0              0              1e-06          1              
3.2e-05        0              3e-05          0              0              
3e-06          0              0              1e-06          1              
3.2e-05        0              3e-05          0              0              
3e-06          0              0              1e-06          1              
3.2e-05        0              3e-05          0              0              
3e-06          1e-06          0              1e-06          1              
3.1e-05        0              2.9e-05        0              0              
2e-06          0              0              1e-06          1              
3.1e-05        1e-06          2.9e-05        0              0              
3e-06          0              0              1e-06          1              
3.1e-05        0              2.9e-05        0              0              
3e-06          0              0              1e-06          1              
3.1e-05        1e-06          2.9e-05        0              0              
0.00014        0.000138       0              1e-06          1              
0.00017        0.00014        2.7e-05        0              0              
3e-06          0              0              1e-06          1              
3.2e-05        1e-06          3e-05          0              0              
2e-06          0              0              1e-06          1              
3.2e-05        0              2.8e-05        0              0              
3e-06          0              0              1e-06          1              
3.3e-05        0              3e-05          0              0              
3e-06          0              0              1e-06          1              
3.3e-05        0              3.1e-05        0              0              
3e-05          0              2.9e-05        0              0              
3e-06          0              0              1e-06          1              
3e-06          0              0              1e-06          1              
3e-05          0              2.8e-05        0              0              
3.1e-05        0              2.9e-05        0              0              
3.1e-05        0              2.7e-05        0              0              
3.6e-05        0              3.4e-05        0              0              
0.000145       0.000141       0              1e-06          1              
0.000329       0.000289       3.7e-05        0              0              
3.7e-05        0              3.4e-05        0              0              
4e-06          0              0              1e-06          1              
3.9e-05        0              3.6e-05        0              0              
4e-06          1e-06          0              1e-06          1              
3.5e-05        0              3.3e-05        0              0              
4.8e-05        0              4.6e-05        0              0              
3.7e-05        0              3.5e-05        0              0              
4e-05          0              3.8e-05        0              0              
3.7e-05        0              3.5e-05        0              0              
3.2e-05        0              3.1e-05        0              0              
2.9e-05        0              2.8e-05        0              0              
0.000164       0.000135       2.8e-05        0              0              
3e-05          0              2.8e-05        0              0              
3e-05          0              2.8e-05        0              0              
2.9e-05        0              2.7e-05        0              0              
2.8e-05        0              2.7e-05        0              0              
2.9e-05        0              2.8e-05        0              0              
2.9e-05        0              2.7e-05        0              0              
2.9e-05        0              2.8e-05        0              0              
2.9e-05        0              2.8e-05        0              0              
2.9e-05        0              2.7e-05        0              0              
0.000173       0.000141       2.9e-05        0              0              
3.2e-05        1e-06          2.8e-05        0              0              
2.9e-05        0              2.8e-05        0              0              
2.9e-05        0              2.7e-05        0              0              
2.9e-05        0              2.8e-05        0              0              
3.2e-05        0              3e-05          0              0              
3e-05          0              2.8e-05        0              0              
2e-06          0              0              1e-06          1              
2.9e-05        0              2.7e-05        0              0              
2.8e-05        0              2.7e-05        0              0              
2.9e-05        0              2.8e-05        0              0              
0.000171       0.00014        2.9e-05        0              0              
3.1e-05        1e-06          2.9e-05        0              0              
3e-05          0              2.9e-05        0              0              
2.9e-05        0              2.7e-05        0              0              
3e-06          0              0              1e-06          1              
3.2e-05        0              3e-05          0              0              
3.4e-05        1e-06          3.2e-05        0              0              
3e-05          0              2.8e-05        0              0              
2.9e-05        0              2.8e-05        0              0              
2.9e-05        0              2.8e-05        0              0              
3e-06          0              0              0              1              
2.8e-05        0              2.7e-05        0              0              
0.000201       0.000168       3e-05          0              0              
3.5e-05        0              3.4e-05        0              0              
3e-05          0              2.9e-05        0              0              
2e-06          0              0              0              1              
2.9e-05        0              2.8e-05        0              0              
3.3e-05        0              3.1e-05        0              0              
3e-06          0              0              1e-06          1              
3.2e-05        0              3e-05          0              0              
1.3e-05        0              0              1.1e-05        1              
2.9e-05        0              2.8e-05        0              0              
3e-05          0              2.8e-05        0              0              
2.9e-05        0              2.7e-05        0              0              
3.1e-05        0              2.9e-05        0              0              
0.000226       0.000191       3.1e-05        0              0              
3e-06          0              0              1e-06          1              
3e-05          0              2.9e-05        0              0              
3e-05          0              2.8e-05        0              0              
3e-05          0              2.8e-05        0              0              
3.1e-05        0              2.8e-05        0              0              
2.9e-05        0              2.7e-05        0              0              
3.3e-05        0              3.1e-05        0              0              
3.1e-05        0              2.9e-05        0              0              
3e-05          0              2.8e-05        0              0              
3e-06          0              0              1e-06          1              
0.022544       0              0.022542       0              0              
0.002517       0.002407       0.000107       0              0              
0.00011        0              0.000107       0              0              
4e-06          0              0              1e-06          1              
0.000199       0              0.000126       0              0              
0.016126       0              0.000125       0              0              
4e-06          0              0              1e-06          1              
0.000126       0              0.000124       0              0              
6e-06          0              0              2e-06          1              
0.000134       1e-06          0.000129       0              0              
0.000129       1e-06          0.000126       0              0              
0.000128       0              0.000125       0              0              
4e-06          0              0              1e-06          1              
0.00013        0              0.000125       0              0              
0.000127       0              0.000124       0              0              
0.002558       0.002448       0.000104       0              0              
0.000182       0              0.000178       0              0              
0.000108       0              0.000105       0              0              
0.000109       0              0.000106       0              0              
8.8e-05        0              0              8.5e-05        1              
0.00011        0              0.000105       0              0              
0.000128       0              0.000124       0              0              
5e-06          0              0              2e-06          1              
2e-06          0              0              1e-06          1              
0.000135       0              0.000129       0              0              
0.007906       0              0.007903       0              0              
0.000128       1e-06          0.000125       0              0              
0.000128       0              0.000124       0              0              
0.002676       0.00257        0.000104       0              0              
0.000121       0              0.000118       0              0              
0.000109       0              0.000106       0              0              
0.000108       0              0.000105       0              0              
0.000108       0              0.000105       0              0              
0.000108       0              0.000105       0              0              
0.000107       0              0.000105       0              0              
0.000108       0              0.000105       0              0              
0.000109       0              0.000106       0              0              
0.000132       0              0.000127       0              0              
0.002543       0.002436       0.000103       0              0              
0.000109       1e-06          0.000106       0              0              
0.000108       0              0.000105       0              0              
0.000108       0              0.000105       0              0              
0.000109       0              0.000105       0              0              
0.000108       0              0.000105       0              0              
6e-06          0              0              2e-06          1              
0.000135       0              0.00013        0              0              
0.000128       0              0.000125       0              0              
0.000127       1e-06          0.000124       0              0              
0.016063       0              0.01606        0              0              
0.010152       0.010045       0.000103       0              0              
0.016133       0              0.01613        0              0              
0.000127       0              0.000124       0              0              
0.000127       0              0.000124       0              0              
5e-06          0              0              2e-06          1              
0.000126       0              0.000125       0              0              
0.000127       0              0.000124       0              0              
0.000127       0              0.000124       0              0              
0.000129       0              0.000123       0              0              
0.000127       0              0.000124       0              0              
0.000126       0              0.000123       0              0              
0.002568       0.002463       0.000103       0              0              
0.000108       0              0.000106       0              0              
0.000108       0              0.000105       0              0              
0.000109       0              0.000106       0              0              
0.008065       0              0.008062       0              0              
0.003974       0              0.003971       0              0              
0.000127       0              0.000124       0              0              
0.000127       0              0.000124       0              0              
0.000127       0              0.000124       0              0              
0.000126       0              0.000123       0              0              
0.013868       0.013762       0.000103       0              0              
0.000121       0              0.000118       0              0              
0.000123       0              0.000118       0              0              
0.00011        0              0.000105       0              0              
0.000108       0              0.000105       0              0              
0.000112       0              0.000108       0              0              
0.000108       0              0.000105       0              0              
0.00011        0              0.000106       0              0              
0.000112       0              0.000108       0              0              
0.000108       0              0.000104       0              0              
0.012233       0.012127       0.000103       0              0              
0.000108       0              0.000105       0              0              
0.000109       0              0.000106       0              0              
0.000108       0              0.000104       0              0              
0.00011        0              0.000107       0              0              
3e-06          0              0              2e-06          1              
3.6e-05        0              3.4e-05        0              0              
3e-06          0              0              1e-06          1              
0.032049       0              0.032046       0              0              
4.7e-05        0              4.5e-05        0              0              
4e-06          0              0              1e-06          1              
2e-06          0              0              1e-06          1              
2e-06          0              0              1e-06          1              
0.008043       0              0.008041       0              0              
4e-06          0              0              2e-06          1              
4e-06          0              0              1e-06          1              
0.008023       0              0.008021       0              0              
0.000227       0.000223       0              2e-06          1              
0.004075       0.004072       0              0              1              
0.00041        0.000407       0              1e-06          1              
0.00023        0.000226       0              1e-06          1              
0.000244       0.000242       0              1e-06          1              
0.000282       0.000247       3.2e-05        0              0              
3e-06          0              0              1e-06          1              
4e-06          0              0              2e-06          1              
2e-06          0              0              1e-06          1              
1.8e-05        0              0              1.6e-05        1              
3e-06          0              0              1e-06          1              
3.6e-05        0              3.5e-05        0              0              
3e-06          1e-06          0              1e-06          1              
3.5e-05        0              3.3e-05        0              0              
4e-06          0              0              2e-06          1              
3e-06          0              0              1e-06          1              
4e-06          0              0              1e-06          1              
4e-06          0              0              2e-06          1              
2e-06          0              0              0              1              
0.022052       0              0              0.022051       1              
6e-06          0              0              3e-06          1              
3e-06          0              0              1e-06          1              
2e-06          0              0              1e-06          1              
0.000142       1e-06          0.00014        0              0              
6e-06          0              0              2e-06          1              
7e-06          0              0              2e-06          1              
5e-06          0              0              1e-06          1              
6e-06          0              0              3e-06          1              
7e-06          0              0              2e-06          1              
7e-06          0              0              3e-06          1              
6e-06          0              0              2e-06          1              
5e-05          0              4.8e-05        0              0              
0.000135       0              0.000132       0              0              
0.000136       0              0.000131       0              0              
7e-06          0              0              1e-06          1              
3e-06          0              0              2e-06          1              
8.6e-05        0              0              8.4e-05        1              
7e-06          0              0              2e-06          1              
6e-06          0              0              1e-06          1              
4.3e-05        1e-06          3.9e-05        0              0              
7e-06          0              0              2e-06          1              
2e-06          0              0              1e-06          1              
3e-06          0              0              0              1              
3e-06          1e-06          0              1e-06          1              
0.000143       0              0.000138       0              0              
6e-06          0              0              2e-06          1              
4e-06          0              0              2e-06          1              
2e-06          0              0              1e-06          1              
6e-06          0              0              1e-06          1              
4e-05          0              3.8e-05        0              0              
0.015076       0.015072       0              2e-06          1              
0.005859       0.005853       0              1e-06          1              
0.002578       0.002575       0              1e-06          1              
0.010283       0.010277       0              1e-06          1              
0.008355       0.008311       4.1e-05        0              0              
4e-06          0              0              1e-06          1              
2e-06          0              0              1e-06          1              
4e-06          0              0              2e-06          1              
6e-06          1e-06          0              2e-06          1              
6e-06          0              0              1e-06          1              
3e-06          0              0              1e-06          1              
0.000133       0              0.000128       0              0              
4e-06          0              0              1e-06          1              
0.000132       0              0.00013        0              0              
5e-06          0              0              2e-06          1              
7.4e-05        0              0              7e-05          1              
4e-06          0              0              1e-06          1              
7e-06          0              0              3e-06          1              
7e-06          1e-06          0              2e-06          1              
5e-06          0              0              1e-06          1              
0.01606        0              0.016058       0              0              
4e-06          0              0              2e-06          1              
4e-06          0              0              0              1              
3e-06          0              0              1e-06          1              
5e-06          0              0              1e-06          1              
2e-06          0              0              1e-06          1              
9e-06          1e-06          0              2e-06          1              
7.1e-05        0              6.9e-05        0              0              
3e-06          0              0              1e-06          1              
6e-06          1e-06          0              2e-06          1              
3e-06          1e-06          0              1e-06          1              
3e-06          0              0              0              1              
5e-06          0              0              2e-06          1              
2e-06          0              0              1e-06          1              
4e-06          0              0              1e-06          1              
2e-06          0              0              1e-06          1              
5e-06          0              0              2e-06          1              
5.5e-05        0              5.3e-05        0              0              
3e-06          0              0              2e-06          1              
4e-06          0              0              1e-06          1              
3e-06          0              0              1e-06          1              
0.017646       0              0.017644       0              0              
4e-06          0              0              2e-06          1              
2e-06          0              0              1e-06          1              
2e-06          0              0              1e-06          1              
4e-06          0              0              1e-06          1              
3e-06          0              0              1e-06          1              
4e-06          0              0              1e-06          1              
2e-06          0              0              1e-06          1              
4e-06          0              0              1e-06          1              
3.7e-05        0              3.5e-05        0              0              
3e-06          0              0              1e-06          1              
4e-06          0              0              1e-06          1              
2e-06          0              0              0              1              
6e-06          0              0              1e-06          1              
3e-06          0              0              1e-06          1              
3e-06          1e-06          0              1e-06          1              
3e-06          0              0              1e-06          1              
3e-06          0              0              1e-06          1              
3.7e-05        0              3.5e-05        0              0              
4e-06          0              0              1e-06          1              
3e-06          0              0              1e-06          1              
3e-06          0              0              1e-06          1              
4e-06          0              0              1e-06          1              
2e-06          0              0              1e-06          1              
2e-06          0              0              1e-06          1              
4e-06          0              0              1e-06          1              
3e-06          0              0              1e-06          1              
4e-06          0              0              1e-06          1              
3e-06          0              0              1e-06          1              
3.6e-05        0              3.5e-05        0              0              
0.000295       0.000293       0              1e-06          1              
0.002281       0.002276       0              1e-06          1              
0.002497       0.002491       0              1e-06          1              
0.002693       0.002491       0.000197       0              0              
6e-06          0              0              2e-06          1              
6e-06          0              0              2e-06          1              
4e-06          0              0              1e-06          1              
4e-06          0              0              1e-06          1              
5e-06          0              0              2e-06          1              
4.5e-05        0              4.2e-05        0              0              
3e-06          0              0              1e-06          1              
4e-06          0              0              3e-06          1              
4e-06          0              0              2e-06          1              
3.6e-05        0              3.4e-05        0              0              
0.008022       0              0.00802        0              0              
3.1e-05        0              2.9e-05        0              0              
3e-06          1e-06          0              1e-06          1              
3.1e-05        0              2.9e-05        0              0              
4.2e-05        0              4.1e-05        0              0              
3e-05          0              2.9e-05        0              0              
3e-06          0              0              2e-06          1              
3.2e-05        0              3e-05          0              0              
4e-06          0              0              2e-06          1              
5e-06          0              0              1e-06          1              
0.016147       0              0.016144       0              0              
0.002672       0.002565       0.000104       0              0              
0.000128       0              0.000125       0              0              
0.000112       0              0.000109       0              0              
0.000107       0              0.000104       0              0              
0.000108       0              0.000105       0              0              
0.000108       0              0.000105       0              0              
0.000527       0              0.000522       0              0              
5e-06          0              0              2e-06          1              
0.000608       0              0.000607       0              0              
3e-06          0              0              1e-06          1              
0.024129       0              0.024123       0              0              
0.000128       0              0.000124       0              0              
0.002789       0.00268        0.000104       0              0              
0.000109       0              0.000106       0              0              
0.000109       0              0.000105       0              0              
0.000108       0              0.000105       0              0              
6e-06          0              0              2e-06          1              
0.000179       0              0.000175       0              0              
0.009956       0              0.009952       0              0              
3.8e-05        1e-06          3.5e-05        0              0              
0.00017        0              0.000164       0              0              
8.6e-05        0              8.1e-05        0              0              
8.6e-05        0              8.2e-05        0              0              
0.002684       0.00268        0              0              1              
0.002917       0.002912       0              2e-06          1              
0.002848       0.002739       0.000104       0              0              
9.4e-05        0              9.1e-05        0              0              
2e-05          0              0              1.7e-05        1              
8.6e-05        0              8.3e-05        0              0              
6e-06          0              0              2e-06          1              
4e-05          0              3.8e-05        0              0              
3.2e-05        0              3e-05          0              0              
3.1e-05        0              3e-05          0              0              
4e-06          0              0              2e-06          1              
2e-06          0              0              0              1              
0.000362       0              0.00036        0              0              
0.00013        0              0.000128       0              0              
3.3e-05        0              3.2e-05        0              0              
3.3e-05        0              3.1e-05        0              0              
0.000218       0.000213       0              2e-06          1              
0.000216       0.000182       3.1e-05        0              0              
3.6e-05        0              3.3e-05        0              0              
3.7e-05        0              3.4e-05        0              0              
3.4e-05        0              3.2e-05        0              0              
3e-06          0              0              1e-06          1              
3.1e-05        0              2.9e-05        0              0              
3.7e-05        0              3.4e-05        0              0              
3.2e-05        0              3.1e-05        0              0              
3.1e-05        0              3e-05          0              0              
3e-06          0              0              1e-06          1              
3.2e-05        0              3.1e-05        0              0              
3e-05          0              2.9e-05        0              0              
0.00026        0.000227       3.1e-05        0              0              
4e-06          1e-06          0              2e-06          1              
3.1e-05        0              3e-05          0              0              
3.2e-05        0              3e-05          0              0              
3.2e-05        0              3e-05          0              0              
2e-06          0              0              1e-06          1              
4.8e-05        0              4.4e-05        0              0              
3.3e-05        0              3.1e-05        0              0              
4e-06          0              0              1e-06          1              
3.3e-05        0              3.1e-05        0              0              
3.2e-05        0              3.1e-05        0              0              
3.1e-05        0              3e-05          0              0              
3.8e-05        0              3.7e-05        0              0              
0.000233       0.00023        0              2e-06          1              
0.00822        0.008179       3.7e-05        0              0              
3.2e-05        0              3e-05          0              0              
3.1e-05        0              3e-05          0              0              
3.2e-05        0              3e-05          0              0              
3.1e-05        0              3e-05          0              0              
3e-06          0              0              1e-06          1              
3e-05          0              2.9e-05        0              0              
5e-06          1e-06          0              2e-06          1              
3.5e-05        0              3.4e-05        0              0              
2.9e-05        0              2.8e-05        0              0              
4e-06          0              0              2e-06          1              
3.4e-05        0              3.2e-05        0              0              
3.7e-05        0              3.4e-05        0              0              
0.001567       0.001439       0.000124       0              0              
0.00013        0              0.000126       0              0              
0.000131       0              0.000128       0              0              
0.000122       0              0.000119       0              0              
0.00011        0              0.000106       0              0              
0.000108       0              0.000105       0              0              
0.000129       0              0.000126       0              0              
5e-06          0              0              1e-06          1              
0.000112       0              0.00011        0              0              
7.7e-05        0              7.3e-05        0              0              
7.3e-05        1e-06          7e-05          0              0              
0.002695       0.002589       0.000104       0              0              
0.000108       0              0.000105       0              0              
6e-06          1e-06          0              2e-06          1              
5.2e-05        0              4.9e-05        0              0              
4e-05          0              3.8e-05        0              0              
4e-06          0              0              1e-06          1              
3.5e-05        0              3.2e-05        0              0              
3e-06          0              0              1e-06          1              
2e-06          0              0              1e-06          1              
0.004105       0              0.004103       0              0              
5e-06          0              0              1e-06          1              
5e-06          0              0              1e-06          1              
3e-06          0              0              1e-06          1              
2e-06          0              0              1e-06          1              
4.1e-05        1e-06          3.9e-05        0              0              
3e-06          0              0              1e-06          1              
3e-06          0              0              1e-06          1              
4e-06          0              0              0              1              
3e-06          0              0              1e-06          1              
4e-06          0              0              2e-06          1              
3.4e-05        0              3.3e-05        0              0              
3e-05          0              2.9e-05        0              0              
3e-05          0              2.8e-05        0              0              
0.000228       0.000226       0              1e-06          1              
0.022461       0.022354       0.000103       0              0              
0.00011        0              0.000106       0              0              
0.000111       0              0.000108       0              0              
0.000109       0              0.000106       0              0              
5e-06          0              0              1e-06          1              
0.000107       0              0.000106       0              0              
0.000109       0              0.000106       0              0              
0.00011        0              0.000107       0              0              
4.4e-05        0              3.9e-05        0              0              
2.9e-05        0              2.7e-05        0              0              
2.8e-05        0              2.7e-05        0              0              
0.036219       0.036187       2.9e-05        0              0              
3e-05          0              2.8e-05        0              0              
2.9e-05        0              2.8e-05        0              0              
3.4e-05        1e-06          3.2e-05        0              0              
3e-06          0              0              2e-06          1              
4.3e-05        0              4.2e-05        0              0              
2e-06          0              0              1e-06          1              
3e-06          0              0              1e-06          1              
3.4e-05        0              3.2e-05        0              0              
0.016032       0              0.01603        0              0              
3.8e-05        0              3.4e-05        0              0              
3.1e-05        0              3e-05          0              0              
3.1e-05        0              2.9e-05        0              0              
0.00024        0.000209       3e-05          0              0              
3e-05          0              2.8e-05        0              0              
3e-05          0              2.8e-05        0              0              
2.9e-05        0              2.8e-05        0              0              
2e-06          0              0              1e-06          1              
3.1e-05        0              2.9e-05        0              0              
3.6e-05        0              3.3e-05        0              0              
3e-06          0              0              1e-06          1              
3e-05          0              2.9e-05        0              0              
3.2e-05        0              3.1e-05        0              0              
4e-06          0              0              2e-06          1              
3e-05          0              2.8e-05        0              0              
3.6e-05        0              3e-05          0              0              
0.000239       0.000208       3e-05          0              0              
3e-05          0              2.8e-05        0              0              
3.8e-05        0              3.1e-05        0              0              
3.1e-05        0              2.9e-05        0              0              
3e-05          0              2.8e-05        0              0              
2.9e-05        0              2.8e-05        0              0              
0.00015        0              0.000147       0              0              
0.012138       0              0.012137       0              0              
4e-06          0              0              1e-06          1              
2e-06          0              0              1e-06          1              
3.8e-05        0              3.6e-05        0              0              
3.3e-05        0              3.1e-05        0              0              
0.000216       0.000214       0              0              1              
0.00021        0.000207       0              2e-06          1              
0.056295       0.056166       0.000127       0              0              
0.000124       0              0.000119       0              0              
0.000123       0              0.00012        0              0              
0.00011        0              0.000107       0              0              
0.00011        0              0.000107       0              0              
0.000121       0              0.000117       0              0              
5e-06          0              0              0              1              
0.000127       0              0.000125       0              0              
4e-06          0              0              1e-06          1              
0.000135       0              0.00013        0              0              
4e-06          0              0              1e-06          1              
3e-06          0              0              2e-06          1              
0.000106       0              0              0.000105       1              
0.00013        0              0.000126       0              0              
0.004125       0              0.004121       0              0              
0.014926       0.014818       0.000104       0              0              
0.000192       0              0.000187       0              0              
7e-06          0              0              2e-06          1              
0.028093       0              0.02809        0              0              
4e-06          0              0              2e-06          1              
2e-06          0              0              1e-06          1              
0.000298       0              0.000296       0              0              
0.016362       0              0.016361       0              0              
1.6e-05        0              0              3e-06          1              
0.000129       0              0.000128       0              0              
0.042023       0              0.042018       0              0              
0.000133       0              0.000129       0              0              
3.6e-05        0              3.5e-05        0              0              
2e-06          0              0              1e-06          1              
3e-06          0              0              1e-06          1              
3.4e-05        0              3.2e-05        0              0              
0.000246       0.000214       3.1e-05        0              0              
0.004018       0              0.004013       0              0              
4.4e-05        0              4.2e-05        0              0              
6e-06          0              0              1e-06          1              
4e-06          0              0              3e-06          1              
0.028044       0              0.028042       0              0              
4.1e-05        0              3.9e-05        0              0              
3.5e-05        0              3.2e-05        0              0              
3.2e-05        0              2.9e-05        0              0              
3e-06          0              0              1e-06          1              
0.00013        0              0.000128       0              0              
4.3e-05        0              3.8e-05        0              0              
3e-06          0              0              1e-06          1              
3e-06          0              0              1e-06          1              
4.2e-05        0              4e-05          0              0              
0.024404       0.024363       3.8e-05        0              0              
3.9e-05        0              3.7e-05        0              0              
4e-05          0              3.8e-05        0              0              
3.3e-05        0              3.1e-05        0              0              
5.4e-05        0              5e-05          0              0              
3e-06          0              0              1e-06          1              
3.4e-05        0              3.3e-05        0              0              
4.1e-05        0              3.8e-05        0              0              
3e-06          0              0              1e-06          1              
3e-06          0              0              0              1              
2e-06          0              0              1e-06          1              
3e-06          0              0              1e-06          1              
0.048052       0              0.048048       0              0              
4.4e-05        0              4.2e-05        0              0              
3.9e-05        0              3.7e-05        0              0              
0.000392       0.000354       3.7e-05        0              0              
4e-06          1e-06          0              1e-06          1              
3e-06          0              0              1e-06          1              
3.5e-05        0              3.3e-05        0              0              
3e-06          0              0              2e-06          1              
4e-06          1e-06          0              2e-06          1              
5e-06          0              0              1e-06          1              
4e-06          0              0              2e-06          1              
4e-06          0              0              2e-06          1              
3e-06          0              0              1e-06          1              
3e-06          0              0              2e-06          1              
4e-06          0              0              1e-06          1              
4e-06          0              0              1e-06          1              
3e-06          0              0              2e-06          1              
4e-06          0              0              1e-06          1              
3.8e-05        0              3.6e-05        0              0              
4e-06          0              0              1e-06          1              
4e-06          0              0              1e-06          1              
3e-06          0              0              2e-06          1              
4e-06          0              0              1e-06          1              
4e-06          0              0              2e-06          1              
4e-06          0              0              1e-06          1              
4e-06          1e-06          0              2e-06          1              
1.8e-05        0              0              1.6e-05        1              
3e-06          1e-06          0              1e-06          1              
4e-06          0              0              2e-06          1              
3e-06          0              0              1e-06          1              
4e-06          0              0              1e-06          1              
2e-06          0              0              1e-06          1              
4e-06          0              0              2e-06          1              
3e-06          1e-06          0              1e-06          1              
5e-06          0              0              1e-06          1              
3e-06          0              0              1e-06          1              
3e-06          0              0              1e-06          1              
3e-06          0              0              0              1              
0.000132       0              0.00013        0              0              
5e-06          0              0              1e-06          1              
3e-06          0              0              1e-06          1              
2e-06          0              0              0              1              
3e-06          0              0              2e-06          1              
4e-06          0              0              0              1              
3e-06          0              0              2e-06          1              
3e-06          1e-06          0              1e-06          1              
3e-06          0              0              2e-06          1              
4e-06          0              0              2e-06          1              
4e-06          0              0              1e-06          1              
3e-06          0              0              0              1              
1.6e-05        0              0              1.5e-05        1              
4e-06          0              0              2e-06          1              
5e-06          1e-06          0              1e-06          1              
0.000155       0              0.000152       0              0              
6e-06          1e-06          0              3e-06          1              
6e-06          0              0              2e-06          1              
3e-06          0              0              1e-06          1              
4e-06          0              0              2e-06          1              
5e-06          0              0              1e-06          1              
5e-06          0              0              1e-06          1              
3e-06          0              0              1e-06          1              
6e-06          1e-06          0              2e-06          1              
8.4e-05        0              0              2e-06          1              
6e-06          0              0              1e-06          1              
7e-06          0              0              2e-06          1              
6e-06          0              0              3e-06          1              
3e-06          0              0              1e-06          1              
4e-06          0              0              2e-06          1              
4e-06          0              0              2e-06          1              
2e-06          0              0              1e-06          1              
4e-06          0              0              2e-06          1              
2e-06          0              0              1e-06          1              
4e-06          0              0              2e-06          1              
5e-06          0              0              2e-06          1              
4e-06          0              0              2e-06          1              
4e-06          0              0              2e-06          1              
4e-06          0              0              2e-06          1              
3e-06          0              0              1e-06          1              
6e-06          0              0              3e-06          1              
4e-06          0              0              2e-06          1              
2e-06          0              0              1e-06          1              
4e-06          0              0              2e-06          1              
4e-06          0              0              2e-06          1              
4e-06          0              0              2e-06          1              
4e-06          0              0              2e-06          1              
3e-06          0              0              1e-06          1              
4e-06          0              0              1e-06          1              
4e-06          0              0              2e-06          1              
3e-06          0              0              1e-06          1              
3e-06          0              0              2e-06          1              
4.3e-05        0              4e-05          0              0              
7e-06          0              0              2e-06          1              
4e-06          0              0              2e-06          1              
4e-06          0              0              1e-06          1              
3e-06          0              0              2e-06          1              
3.8e-05        0              3.6e-05        0              0              
5e-06          0              0              2e-06          1              
2e-06          0              0              1e-06          1              
3e-06          0              0              2e-06          1              
4e-06          0              0              2e-06          1              
2e-06          0              0              1e-06          1              
4e-06          1e-06          0              2e-06          1              
3.6e-05        0              3.5e-05        0              0              
4e-06          0              0              2e-06          1              
6e-06          0              0              1e-06          1              
3e-06          0              0              2e-06          1              
1.1e-05        0              0              9e-06          1              
4e-06          0              0              1e-06          1              
4e-06          0              0              2e-06          1              
4e-06          0              0              2e-06          1              
4e-06          0              0              0              1              
5e-06          0              0              1e-06          1              
3e-06          0              0              2e-06          1              
4.4e-05        0              4.1e-05        0              0              
3e-06          0              0              1e-06          1              
5e-06          0              0              3e-06          1              
4e-06          0              0              2e-06          1              
8e-06          0              0              3e-06          1              
6e-06          0              0              2e-06          1              
3e-06          0              0              1e-06          1              
6e-06          0              0              1e-06          1              
6e-06          1e-06          0              3e-06          1              
5e-06          0              0              2e-06          1              
4e-06          0              0              2e-06          1              
6e-06          0              0              3e-06          1              
6e-06          0              0              3e-06          1              
6e-06          0              0              2e-06          1              
0.000139       0              0.000135       0              0              
0.000724       0.000716       0              2e-06          1              
0.002287       0.002282       0              2e-06          1              
0.000229       0.000222       0              2e-06          1              
0.002683       0.002677       0              2e-06          1              
0.001657       0.00165        0              2e-06          1              
0.002518       0.002511       0              2e-06          1              
0.002861       0.002854       0              2e-06          1              
0.002808       0.002802       0              1e-06          1              
0.002666       0.002659       0              2e-06          1              
0.002633       0.002626       0              2e-06          1              
0.002459       0.002349       0.000104       0              0              
7e-06          0              0              3e-06          1              
2.3e-05        1e-06          0              1.9e-05        1              
4e-06          0              0              1e-06          1              
4e-06          1e-06          0              1e-06          1              
5e-06          1e-06          0              2e-06          1              
4e-05          0              3.9e-05        0              0              
1.5e-05        0              0              1.3e-05        1              
4e-06          0              0              1e-06          1              
4e-06          0              0              1e-06          1              
5e-06          0              0              2e-06          1              
0.000132       0              0.00013        0              0              
7e-06          1e-06          0              2e-06          1              
4e-06          0              0              1e-06          1              
5e-06          0              0              1e-06          1              
4.2e-05        1e-06          4e-05          0              0              
4e-06          0              0              1e-06          1              
6e-06          1e-06          0              3e-06          1              
4.2e-05        0              3.9e-05        0              0              
4e-06          0              0              2e-06          1              
3.9e-05        0              3.5e-05        0              0              
3e-06          0              0              1e-06          1              
4.2e-05        0              3.7e-05        0              0              
5e-06          0              0              3e-06          1              
4.2e-05        0              3.8e-05        0              0              
5e-06          0              0              3e-06          1              
3.5e-05        0              3.3e-05        0              0              
4e-06          0              0              1e-06          1              
3.9e-05        0              3.5e-05        0              0              
0.000197       0.000193       0              2e-06          1              
0.000206       0.000168       3.4e-05        0              0              
5e-06          0              0              2e-06          1              
3.8e-05        0              3.5e-05        0              0              
1.5e-05        0              0              1.2e-05        1              
3.6e-05        0              3.4e-05        0              0              
3.5e-05        0              3.3e-05        0              0              
5e-06          0              0              2e-06          1              
3.7e-05        0              3.5e-05        0              0              
3.6e-05        0              3.3e-05        0              0              
3.5e-05        0              3.2e-05        0              0              
4e-06          0              0              2e-06          1              
0.000142       0              0.00014        0              0              
6e-06          1e-06          0              2e-06          1              
0.000136       0              0.000133       0              0              
0.000137       0              0.000133       0              0              
0.00229        0.002282       0              1e-06          1              
0.00018        0.000143       3.2e-05        0              0              
3.6e-05        0              3.3e-05        0              0              
3e-06          0              0              1e-06          1              
3.7e-05        0              3.4e-05        0              0              
3.6e-05        0              3.3e-05        0              0              
5e-06          0              0              1e-06          1              
4e-06          0              0              1e-06          1              
0.000364       0              0.000359       0              0              
1.1e-05        0              0              2e-06          1              
6e-06          0              0              2e-06          1              
0.000148       0              0.000145       0              0              
6e-06          0              0              2e-06          1              
4e-06          0              0              1e-06          1              
0.000147       0              0.000144       0              0              
5e-06          0              0              2e-06          1              
6e-06          0              0              2e-06          1              
0.000153       0              0.000151       0              0              
6e-06          0              0              1e-06          1              
5e-06          0              0              1e-06          1              
3e-06          0              0              1e-06          1              
4.1e-05        0              3.8e-05        0              0              
4e-06          0              0              2e-06          1              
4.5e-05        0              4e-05          0              0              
0.000155       0.000151       0              1e-06          1              
0.000177       0.000143       3e-05          0              0              
3e-06          1e-06          0              1e-06          1              
4.6e-05        0              4.1e-05        0              0              
4e-06          0              0              1e-06          1              
4.6e-05        0              4.1e-05        0              0              
4e-06          0              0              1e-06          1              
4.6e-05        0              4.1e-05        0              0              
4e-06          0              0              1e-06          1              
4.5e-05        0              4.1e-05        0              0              
3e-06          0              0              1e-06          1              
4.8e-05        0              4.2e-05        0              0              
4e-06          0              0              2e-06          1              
4.3e-05        0              3.9e-05        0              0              
4e-06          1e-06          0              2e-06          1              
4.5e-05        0              4e-05          0              0              
4e-06          0              0              2e-06          1              
3.5e-05        0              3.2e-05        0              0              
4e-06          0              0              1e-06          1              
3.6e-05        0              3.3e-05        0              0              
0.000157       0.000153       0              2e-06          1              
0.000173       0.00014        3e-05          0              0              
4e-06          0              0              1e-06          1              
3.4e-05        0              3.2e-05        0              0              
5e-06          0              0              2e-06          1              
3.4e-05        0              3.2e-05        0              0              
4e-06          0              0              2e-06          1              
3.3e-05        0              3.1e-05        0              0              
3e-06          0              0              1e-06          1              
3.2e-05        0              3e-05          0              0              
4e-06          1e-06          0              2e-06          1              
3.4e-05        0              3.1e-05        0              0              
4e-06          0              0              2e-06          1              
5e-05          0              4.7e-05        0              0              
4e-06          0              0              2e-06          1              
3.8e-05        0              3.5e-05        0              0              
3e-06          0              0              1e-06          1              
4e-05          0              3.7e-05        0              0              
3e-06          0              0              1e-06          1              
3.5e-05        0              3.2e-05        0              0              
0.000146       0.000141       0              2e-06          1              
0.000163       0.00013        2.9e-05        0              0              
4e-06          0              0              1e-06          1              
4.4e-05        1e-06          4e-05          0              0              
3e-06          0              0              1e-06          1              
3.8e-05        0              3.5e-05        0              0              
4e-06          0              0              1e-06          1              
3.6e-05        0              3.3e-05        0              0              
4e-06          0              0              1e-06          1              
3.8e-05        0              3.4e-05        0              0              
4e-06          0              0              1e-06          1              
5.8e-05        0              4.9e-05        0              0              
4e-06          0              0              2e-06          1              
3.7e-05        0              3.4e-05        0              0              
3e-06          0              0              1e-06          1              
3.5e-05        0              3.2e-05        0              0              
3e-06          0              0              1e-06          1              
3.4e-05        0              3.1e-05        0              0              
4e-06          0              0              2e-06          1              
3.6e-05        0              3.3e-05        0              0              
0.000153       0.000149       0              1e-06          1              
0.000171       0.000138       3e-05          0              0              
4e-06          0              0              2e-06          1              
3.6e-05        0              3.3e-05        0              0              
3e-06          0              0              1e-06          1              
3.7e-05        0              3.4e-05        0              0              
4e-06          0              0              2e-06          1              
4e-05          0              3.7e-05        0              0              
4e-06          0              0              2e-06          1              
4e-05          0              3.7e-05        0              0              
4e-06          0              0              2e-06          1              
3.8e-05        0              3.5e-05        0              0              
4e-06          0              0              1e-06          1              
3.6e-05        0              3.3e-05        0              0              
3e-06          0              0              2e-06          1              
4.4e-05        0              3.9e-05        0              0              
4e-06          0              0              1e-06          1              
3.3e-05        0              3.1e-05        0              0              
4e-06          0              0              1e-06          1              
3.4e-05        0              3.1e-05        0              0              
0.000156       0.000151       0              2e-06          1              
0.000176       0.000142       3.1e-05        0              0              
3.4e-05        0              3.2e-05        0              0              
5e-06          0              0              2e-06          1              
3.4e-05        0              3.2e-05        0              0              
4e-06          0              0              2e-06          1              
3.4e-05        0              3e-05          0              0              
5e-06          0              0              2e-06          1              
3.5e-05        0              3.2e-05        0              0              
5e-06          0              0              1e-06          1              
4e-06          0              0              2e-06          1              
3.5e-05        1e-06          3.3e-05        0              0              
5e-06          0              0              2e-06          1              
3.4e-05        0              3.1e-05        0              0              
3e-06          0              0              1e-06          1              
3.5e-05        1e-06          3.3e-05        0              0              
4e-06          0              0              1e-06          1              
3.4e-05        0              3.2e-05        0              0              
3e-06          0              0              1e-06          1              
3.4e-05        0              3.1e-05        0              0              
0.000134       0.000131       0              1e-06          1              
0.000163       0.00013        3e-05          0              0              
3e-06          0              0              1e-06          1              
5.5e-05        0              4.7e-05        0              0              
4e-06          0              0              1e-06          1              
3.7e-05        0              3.4e-05        0              0              
4e-06          0              0              2e-06          1              
4e-05          1e-06          3.7e-05        0              0              
4e-06          0              0              1e-06          1              
4.4e-05        0              4e-05          0              0              
3e-06          0              0              1e-06          1              
3.9e-05        0              3.5e-05        0              0              
3e-06          0              0              1e-06          1              
3.8e-05        0              3.5e-05        0              0              
3e-06          0              0              1e-06          1              
3.7e-05        0              3.4e-05        0              0              
3e-06          0              0              1e-06          1              
3.4e-05        0              3.1e-05        0              0              
4e-06          0              0              1e-06          1              
3.5e-05        0              3.1e-05        0              0              
0.000154       0.000151       0              1e-06          1              
0.000176       0.000144       2.9e-05        0              0              
3e-06          0              0              1e-06          1              
3.5e-05        0              3.2e-05        0              0              
4e-06          0              0              2e-06          1              
3.4e-05        0              3.1e-05        0              0              
3e-06          0              0              1e-06          1              
3.5e-05        0              3.2e-05        0              0              
3e-06          0              0              1e-06          1              
3.5e-05        0              3.3e-05        0              0              
4e-06          0              0              1e-06          1              
3.4e-05        0              3.1e-05        0              0              
3e-06          0              0              1e-06          1              
3.6e-05        0              3.3e-05        0              0              
3e-06          0              0              1e-06          1              
3.6e-05        0              3.3e-05        0              0              
3e-06          0              0              1e-06          1              
3.6e-05        0              3.3e-05        0              0              
4e-06          0              0              1e-06          1              
4.2e-05        0              3.8e-05        0              0              
0.000148       0.000146       0              1e-06          1              
0.000171       0.000138       2.9e-05        0              0              
3e-06          0              0              1e-06          1              
3.9e-05        0              3.5e-05        0              0              
4e-06          0              0              2e-06          1              
3.5e-05        0              3.1e-05        0              0              
3.1e-05        0              2.9e-05        0              0              
1.4e-05        0              0              2e-06          1              
4.9e-05        0              4.7e-05        0              0              
0.000153       1e-06          0.000151       0              0              
5e-06          0              0              2e-06          1              
4e-05          0              3.7e-05        0              0              
3.3e-05        0              3.1e-05        0              0              
5e-06          0              0              1e-06          1              
0.000143       0              0.000141       0              0              
0.000145       0              0.000142       0              0              
0.001535       0.00153        0              1e-06          1              
0.002323       0.002215       0.000103       0              0              
0.000142       0              0.000136       0              0              
6e-06          0              0              2e-06          1              
4.9e-05        0              4.7e-05        0              0              
0.00014        1e-06          0.000138       0              0              
4.1e-05        0              3.8e-05        0              0              
3e-06          0              0              2e-06          1              
3.3e-05        0              3.1e-05        0              0              
0.000135       0              0.000132       0              0              
1e-05          4e-06          0              2e-06          1              
0.00014        0              0.000136       0              0              
7e-06          0              0              2e-06          1              
0.000141       0              0.000139       0              0              
7e-06          0              0              3e-06          1              
0.000138       0              0.000134       0              0              
0.000161       0.000155       0              1e-06          1              
0.000137       0.000106       2.8e-05        0              0              
3e-06          0              0              1e-06          1              
4e-06          1e-06          0              1e-06          1              
3.4e-05        0              3.2e-05        0              0              
7e-06          0              0              2e-06          1              
7e-06          0              0              2e-06          1              
3e-06          0              0              1e-06          1              
0.000143       0              0.000141       0              0              
5e-06          0              0              1e-06          1              
4e-05          0              3.8e-05        0              0              
3e-06          0              0              1e-06          1              
3e-06          0              0              1e-06          1              
0.00013        0              0.000129       0              0              
6e-06          0              0              2e-06          1              
4e-06          0              0              1e-06          1              
0.000135       0              0.000133       0              0              
6e-06          0              0              2e-06          1              
4e-06          0              0              1e-06          1              
4e-05          0              3.8e-05        0              0              
5e-06          0              0              2e-06          1              
4e-06          0              0              1e-06          1              
3.4e-05        0              3.2e-05        0              0              
4e-06          0              0              1e-06          1              
3.7e-05        0              3.4e-05        0              0              
4e-06          0              0              2e-06          1              
4e-06          0              0              1e-06          1              
3.3e-05        0              3.1e-05        0              0              
0.00017        0.000165       0              1e-06          1              
0.00018        0.000147       3e-05          0              0              
4e-06          0              0              1e-06          1              
3.9e-05        1e-06          3.6e-05        0              0              
3e-06          0              0              1e-06          1              
3.8e-05        0              3.5e-05        0              0              
3e-06          0              0              1e-06          1              
3.6e-05        0              3.3e-05        0              0              
3e-06          0              0              1e-06          1              
3.6e-05        0              3.3e-05        0              0              
4e-06          0              0              2e-06          1              
3.8e-05        0              3.5e-05        0              0              
4e-06          0              0              1e-06          1              
3.7e-05        1e-06          3.5e-05        0              0              
4e-06          0              0              2e-06          1              
3.9e-05        0              3.6e-05        0              0              
4e-06          0              0              1e-06          1              
3.6e-05        0              3.3e-05        0              0              
3e-06          0              0              1e-06          1              
3.8e-05        0              3.4e-05        0              0              
0.000172       0.000169       0              1e-06          1              
0.000206       0.00017        3.1e-05        0              0              
4e-06          0              0              2e-06          1              
4.6e-05        0              4.1e-05        0              0              
4e-06          0              0              2e-06          1              
3.5e-05        0              3.3e-05        0              0              
3.3e-05        0              3.1e-05        0              0              
3.3e-05        0              3.1e-05        0              0              
4e-06          0              0              1e-06          1              
3.3e-05        0              3.1e-05        0              0              
0.000143       0              0.00014        0              0              
3.8e-05        0              3.7e-05        0              0              
6.6e-05        0              6.2e-05        0              0              
4e-06          0              0              1e-06          1              
3.3e-05        0              3.2e-05        0              0              
0.000164       0.00013        3e-05          0              0              
4.2e-05        0              3.8e-05        0              0              
3.6e-05        0              3.3e-05        0              0              
3e-06          0              0              1e-06          1              
4.2e-05        0              3.7e-05        0              0              
3.4e-05        0              3.2e-05        0              0              
4e-06          0              0              2e-06          1              
6e-06          0              0              1e-06          1              
5e-06          0              0              2e-06          1              
4e-06          0              0              1e-06          1              
3e-06          0              0              1e-06          1              
4e-06          0              0              1e-06          1              
5e-06          0              0              2e-06          1              
4e-06          0              0              1e-06          1              
3e-06          0              0              1e-06          1              
4e-06          0              0              1e-06          1              
