JobID          Runtime        getDevice      getProgram     runProgram     startTime_s    startTime_us   endTime_s      endTime_us     violation      1
-1             1.29033        7.7e-05        1.22434        0.065912       1544121631     261284         1544121632     551618         1              
-1             0.063864       4.3e-05        1.8e-05        0.063797       1544121632     562635         1544121632     626499         0              
-1             0.063863       4e-05          1.8e-05        0.0638         1544121632     637414         1544121632     701277         0              
-1             0.063855       3.8e-05        2e-05          0.063792       1544121632     712300         1544121632     776155         0              
-1             0.063891       3.7e-05        1.9e-05        0.063829       1544121632     787069         1544121632     850960         0              
0              0.155623       5.9e-05        1.9e-05        0.15554        1544121643     119436         1544121643     275059         0              
1              0.285328       0.032043       0.027971       0.225307       1544121643     961791         1544121644     247119         0              
2              0.483522       0.144187       2.1e-05        0.320454       1544121644     141622         1544121644     625144         0              
3              0.725625       0.312035       0.01204        0.401543       1544121644     333786         1544121645     59411          0              
4              0.957073       0.588025       0.004121       0.36492        1544121644     481787         1544121645     438860         0              
5              1.05916        0.784034       0.023972       0.251148       1544121644     673791         1544121645     732953         1              
6              1.28341        1.03204        0.031973       0.219387       1544121644     709788         1544121645     993199         1              
7              1.32851        1.12003        0.00803        0.20045        1544121644     901790         1544121646     230304         1              
8              0.207229       0.004044       2e-05          0.203159       1544121646     237792         1544121646     445021         0              
9              0.431931       0.036025       0.027993       0.367897       1544121646     637787         1544121647     69718          0              
10             0.575122       0.280036       0.031969       0.263109       1544121646     821792         1544121647     396914         0              
11             0.959612       0.584053       0.035964       0.339587       1544121646     833786         1544121647     793398         0              
12             1.08824        0.824031       0.008138       0.256057       1544121646     989790         1544121648     78025          1              
13             0.719002       0.308673       0.031983       0.378339       1544121647     793140         1544121648     512142         0              
14             1.00523        0.744033       2.3e-05        0.261168       1544121647     805788         1544121648     811022         1              
15             0.921075       0.588038       0.031974       0.301054       1544121648     225786         1544121649     146861         0              
16             0.349379       0.004045       0.031965       0.313358       1544121649     149787         1544121649     499166         0              
17             0.456396       0.240039       0.035971       0.180379       1544121649     269788         1544121649     726184         0              
18             0.248533       0.032024       1.7e-05        0.216486       1544121649     729788         1544121649     978321         0              
19             0.394345       0.212034       2.1e-05        0.182282       1544121649     797787         1544121650     192132         0              
20             0.52746        0.236441       0.031574       0.259437       1544121649     965787         1544121650     493247         0              
21             0.108782       0.000115       2.7e-05        0.108632       1544121651     252463         1544121651     361245         0              
22             0.106445       9.1e-05        2.5e-05        0.106317       1544121652     574445         1544121652     680890         0              
23             0.176591       0.072794       2e-05          0.103764       1544121652     608153         1544121652     784744         0              
24             0.116369       0.011275       9.2e-05        0.104992       1544121652     773542         1544121652     889911         0              
25             0.106462       0.000143       2.4e-05        0.106286       1544121653     41431          1544121653     147893         0              
26             0.106524       9.3e-05        2.5e-05        0.106398       1544121653     561267         1544121653     667791         0              
27             0.106572       9.4e-05        2.6e-05        0.10644        1544121654     180976         1544121654     287548         0              
28             0.13185        0.02852        2.2e-05        0.1033         1544121654     259090         1544121654     390940         0              
29             0.106414       0.0001         2.5e-05        0.106281       1544121655     407595         1544121655     514009         0              
30             0.106305       9.5e-05        2.6e-05        0.106174       1544121655     945377         1544121656     51682          0              
31             0.106434       9.5e-05        2.5e-05        0.106305       1544121657     547138         1544121657     653572         0              
32             0.106514       9.6e-05        2.5e-05        0.106385       1544121658     845622         1544121658     952136         0              
33             0.106247       8.6e-05        2.4e-05        0.106125       1544121659     337104         1544121659     443351         0              
34             0.149857       0.046256       8.6e-05        0.103506       1544121659     397158         1544121659     547015         0              
35             0.105794       0.000131       2.3e-05        0.105629       1544121659     624118         1544121659     729912         0              
36             0.208299       0.10488        2.2e-05        0.103389       1544121659     625097         1544121659     833396         0              
37             0.106742       0.0001         0.000164       0.106467       1544121660     552938         1544121660     659680         0              
38             0.118603       0.014336       2.8e-05        0.104231       1544121660     645426         1544121660     764029         0              
39             0.106747       9.2e-05        2.5e-05        0.106621       1544121660     909552         1544121661     16299          0              
40             0.107286       0.00012        3.2e-05        0.107117       1544121661     394419         1544121661     501705         0              
41             0.147052       0.043317       2.8e-05        0.103694       1544121661     458450         1544121661     605502         0              
42             0.171718       0.068017       2.2e-05        0.103668       1544121661     537549         1544121661     709267         0              
43             0.183936       0.080488       2.2e-05        0.103417       1544121661     628840         1544121661     812776         0              
44             0.10678        9.1e-05        8.3e-05        0.106597       1544121662     65855          1544121662     172635         0              
45             0.106246       0.000148       2.6e-05        0.106064       1544121662     907055         1544121663     13301          0              
46             0.106733       9.3e-05        2.5e-05        0.106606       1544121664     65799          1544121664     172532         0              
47             0.10642        9e-05          2.4e-05        0.106299       1544121664     666143         1544121664     772563         0              
48             0.106439       9.2e-05        2.6e-05        0.106313       1544121664     882704         1544121664     989143         0              
49             0.106391       0.000103       3.4e-05        0.106246       1544121665     943942         1544121666     50333          0              
50             0.106749       9.3e-05        2.6e-05        0.106618       1544121666     173343         1544121666     280092         0              
51             0.205748       0.102262       2.3e-05        0.103452       1544121666     177895         1544121666     383643         0              
52             0.178763       0.114968       2.5e-05        0.06376        1544121666     268748         1544121666     447511         0              
53             0.106719       9.3e-05        2.5e-05        0.106592       1544121666     601032         1544121666     707751         0              
54             0.106846       9.4e-05        8.2e-05        0.106661       1544121667     873027         1544121667     979873         0              
55             0.10645        0.000153       2.5e-05        0.106264       1544121668     730685         1544121668     837135         0              
56             0.106375       8.7e-05        2.5e-05        0.106249       1544121668     920224         1544121669     26599          0              
57             0.154754       0.051311       2.4e-05        0.103411       1544121668     975349         1544121669     130103         0              
58             0.106676       9.5e-05        2.5e-05        0.106548       1544121669     263192         1544121669     369868         0              
59             0.106467       9.2e-05        2.6e-05        0.10634        1544121669     994523         1544121670     100990         0              
60             0.106698       9.2e-05        2.5e-05        0.106572       1544121670     466969         1544121670     573667         0              
61             0.067782       0.000134       2.9e-05        0.06761        1544121673     378831         1544121673     446613         0              
62             0.067164       9.6e-05        2.7e-05        0.067032       1544121673     529588         1544121673     596752         0              
63             0.067088       9.5e-05        2.7e-05        0.066957       1544121674     354372         1544121674     421460         0              
64             0.067109       9.4e-05        9e-05          0.066916       1544121674     770998         1544121674     838107         0              
65             0.067152       0.000153       2.7e-05        0.066963       1544121675     743087         1544121675     810239         0              
66             0.066097       8.4e-05        2.4e-05        0.065982       1544121675     970450         1544121676     36547          0              
67             0.066999       9.3e-05        2.7e-05        0.066872       1544121676     84655          1544121676     151654         0              
68             0.067237       9.3e-05        2.7e-05        0.067107       1544121676     277277         1544121676     344514         0              
69             0.067129       0.000101       2.8e-05        0.066989       1544121676     925954         1544121676     993083         0              
70             0.066855       9.4e-05        2.7e-05        0.066725       1544121677     980724         1544121678     47579          0              
71             0.067271       9.5e-05        2.8e-05        0.06714        1544121678     249643         1544121678     316914         0              
72             0.066752       9.4e-05        3.1e-05        0.066619       1544121678     334977         1544121678     401729         0              
73             0.067569       9.4e-05        2.7e-05        0.067436       1544121678     586603         1544121678     654172         0              
74             0.147331       0.043531       8.1e-05        0.10371        1544121678     610708         1544121678     758039         0              
75             0.067354       0.000153       2.8e-05        0.067166       1544121679     644219         1544121679     711573         0              
76             0.067269       9.4e-05        2.7e-05        0.067137       1544121680     213904         1544121680     281173         0              
77             0.123461       0.019851       2.2e-05        0.103579       1544121680     261386         1544121680     384847         0              
78             0.067328       9.8e-05        2.8e-05        0.067192       1544121680     938937         1544121681     6265           0              
79             0.148101       0.044533       2.2e-05        0.103533       1544121680     961795         1544121681     109896         0              
80             0.183515       0.119806       2.5e-05        0.063675       1544121680     990154         1544121681     173669         0              
81             0.067254       0.000107       2.8e-05        0.067111       1544121681     381688         1544121681     448942         0              
82             0.064596       0.000248       3.2e-05        0.064306       1544121682     181702         1544121682     246298         0              
83             0.066968       9.5e-05        2.7e-05        0.066837       1544121682     367461         1544121682     434429         0              
84             0.067315       9.3e-05        8.4e-05        0.067125       1544121682     473834         1544121682     541149         0              
85             0.135193       0.031842       2.1e-05        0.103321       1544121682     509368         1544121682     644561         0              
86             0.067298       9.3e-05        2.8e-05        0.067164       1544121682     811682         1544121682     878980         0              
87             0.096895       0.032599       2.4e-05        0.064262       1544121682     846445         1544121682     943340         0              
88             0.066941       9.4e-05        2.7e-05        0.066812       1544121683     361390         1544121683     428331         0              
89             0.067669       9.2e-05        2.6e-05        0.067539       1544121683     451356         1544121683     519025         0              
90             0.156297       0.057784       2.1e-05        0.09848        1544121683     461304         1544121683     617601         0              
91             0.067151       9.6e-05        2.7e-05        0.067018       1544121684     319352         1544121684     386503         0              
92             0.06696        9.3e-05        2.6e-05        0.066831       1544121684     548734         1544121684     615694         0              
93             0.06701        9.3e-05        2.7e-05        0.066881       1544121685     812354         1544121685     879364         0              
94             0.067548       9.3e-05        7.9e-05        0.067368       1544121686     47181          1544121686     114729         0              
95             0.067102       0.000149       2.7e-05        0.066918       1544121686     692196         1544121686     759298         0              
96             0.067179       9.3e-05        2.7e-05        0.067051       1544121686     992352         1544121687     59531          0              
97             0.063855       0.000181       4.1e-05        0.063625       1544121687     315274         1544121687     379129         0              
98             0.067098       9.2e-05        2.8e-05        0.066971       1544121687     529065         1544121687     596163         0              
99             0.065706       9.8e-05        2.6e-05        0.065574       1544121687     608968         1544121687     674674         0              
