JobID          Runtime        getDevice      getProgram     runProgram     startTime_s    startTime_us   endTime_s      endTime_us     violation      0
-1             0.784861       8.1e-05        0.784529       0.000247       1544121630     476380         1544121631     261241         0              
-1             0.000325       3.7e-05        4.2e-05        0.000242       1544121632     562295         1544121632     562620         0              
-1             0.000308       3.3e-05        2.9e-05        0.000243       1544121632     637092         1544121632     637400         0              
-1             0.000354       8.2e-05        2.7e-05        0.000242       1544121632     711932         1544121632     712286         0              
-1             0.000306       3.2e-05        2.8e-05        0.000242       1544121632     786749         1544121632     787055         0              
0              0.000477       0.000129       2.8e-05        0.00031        1544121642     854212         1544121642     854689         0              
1              0.000459       8.9e-05        2.6e-05        0.000335       1544121642     862625         1544121642     863084         0              
2              0.00041        7.8e-05        2.6e-05        0.000296       1544121642     864705         1544121642     865115         0              
3              0.000414       8.1e-05        2.7e-05        0.000297       1544121642     866702         1544121642     867116         0              
4              0.000503       7.9e-05        8.7e-05        0.000328       1544121642     868260         1544121642     868763         0              
5              0.00047        0.000127       2.7e-05        0.000307       1544121642     870297         1544121642     870767         0              
6              0.000408       7.6e-05        2.5e-05        0.000297       1544121642     870837         1544121642     871245         0              
7              0.000419       7.6e-05        2.6e-05        0.000308       1544121642     872764         1544121642     873183         0              
8              0.005623       0.000109       2.8e-05        0.005468       1544121642     886415         1544121642     892038         0              
9              0.001911       0.00156        3.3e-05        0.000305       1544121642     890548         1544121642     892459         0              
10             0.000501       0.00013        2.7e-05        0.000329       1544121642     892404         1544121642     892905         0              
11             0.00074        0.00041        2.6e-05        0.000296       1544121642     892553         1544121642     893293         0              
12             0.000389       6.1e-05        2.3e-05        0.000297       1544121642     894197         1544121642     894586         0              
13             0.00051        8.1e-05        8.5e-05        0.000332       1544121642     902399         1544121642     902909         0              
14             0.000573       0.000239       2.8e-05        0.000296       1544121642     902743         1544121642     903316         0              
15             0.000443       8e-05          2.7e-05        0.000325       1544121642     907087         1544121642     907530         0              
16             0.000428       8.2e-05        3.9e-05        0.000299       1544121642     916491         1544121642     916919         0              
17             0.000409       7.7e-05        2.7e-05        0.000295       1544121642     917822         1544121642     918231         0              
18             0.000445       8.2e-05        2.5e-05        0.000327       1544121642     922474         1544121642     922919         0              
19             0.000415       7.9e-05        2.7e-05        0.0003         1544121642     923305         1544121642     923720         0              
20             0.000406       7.5e-05        2.6e-05        0.000295       1544121642     925191         1544121642     925597         0              
21             0.000458       8.2e-05        2.5e-05        0.000343       1544121642     938341         1544121642     938799         0              
22             0.000419       8.2e-05        2.7e-05        0.000301       1544121642     951711         1544121642     952130         0              
23             0.000494       8.6e-05        7.2e-05        0.000328       1544121642     952162         1544121642     952656         0              
24             0.000473       0.00013        2.8e-05        0.000307       1544121642     953891         1544121642     954364         0              
25             0.000442       7.9e-05        2.4e-05        0.000328       1544121642     956752         1544121642     957194         0              
26             0.00957        8.1e-05        2.7e-05        0.009448       1544121642     962059         1544121642     971629         0              
27             0.007068       0.003352       2.9e-05        0.003672       1544121642     968440         1544121642     975508         0              
28             0.006576       0.006234       3.3e-05        0.000299       1544121642     969342         1544121642     975918         0              
29             0.009939       6.7e-05        2.4e-05        0.009835       1544121642     980967         1544121642     990906         0              
30             0.008328       0.0045         2.9e-05        0.003789       1544121642     986495         1544121642     994823         0              
31             0.006939       0.000125       2.8e-05        0.006776       1544121643     2667           1544121643     9606           0              
32             0.007982       6.5e-05        2.6e-05        0.007878       1544121643     15762          1544121643     23744          0              
33             0.006782       0.002974       3.3e-05        0.003756       1544121643     20846          1544121643     27628          0              
34             0.006506       0.00616        3.3e-05        0.000299       1544121643     21538          1544121643     28044          0              
35             0.004587       0.004219       2.5e-05        0.000329       1544121643     23899          1544121643     28486          0              
36             0.004875       0.004544       2.7e-05        0.000295       1544121643     24002          1544121643     28877          0              
37             0.009393       6.1e-05        2.2e-05        0.009299       1544121643     33382          1544121643     42775          0              
38             0.012326       0.008415       2.9e-05        0.003872       1544121643     34436          1544121643     46762          0              
39             0.041605       0.00964        2.9e-05        0.031927       1544121643     37193          1544121643     78798          0              
40             0.046596       0.046311       2.8e-05        0.000248       1544121643     42144          1544121643     88740          0              
41             0.04245        0.042145       2.1e-05        0.000273       1544121643     46654          1544121643     89104          0              
42             0.042531       0.042258       2.2e-05        0.000241       1544121643     46888          1544121643     89419          0              
43             0.042363       0.04205        1.8e-05        0.000287       1544121643     47413          1544121643     89776          0              
44             0.064483       0.040019       2e-05          0.024436       1544121643     49804          1544121643     114287         0              
45             0.052558       0.052255       1.8e-05        0.000276       1544121643     65787          1544121643     118345         0              
46             0.040946       0.040676       2.1e-05        0.00024        1544121643     77718          1544121643     118664         0              
47             0.037203       0.036932       2.1e-05        0.00024        1544121643     81790          1544121643     118993         0              
48             0.036991       0.036686       2.2e-05        0.000273       1544121643     82367          1544121643     119358         0              
49             0.030191       0.02992        2.2e-05        0.000241       1544121643     89482          1544121643     119673         0              
51             0.029097       0.028798       1.8e-05        0.000272       1544121643     90946          1544121643     120043         0              
50             0.018563       0.018297       2e-05          0.000239       1544121643     101786         1544121643     120349         0              
52             0.018949       0.018601       7e-05          0.000271       1544121643     101789         1544121643     120738         0              
53             0.012998       0.012655       9.4e-05        0.000241       1544121643     108124         1544121643     121122         0              
54             0.003664       0.003392       2.3e-05        0.000239       1544121643     117789         1544121643     121453         0              
55             0.00169        0.001384       2.2e-05        0.000276       1544121643     120108         1544121643     121798         0              
56             0.001326       0.001031       1.8e-05        0.00027        1544121643     120808         1544121643     122134         0              
57             0.000942       0.000651       2e-05          0.000261       1544121643     121527         1544121643     122469         0              
58             0.000399       0.000136       2.1e-05        0.000237       1544121643     122377         1544121643     122776         0              
59             0.060002       6.6e-05        2.1e-05        0.059903       1544121643     129821         1544121643     189823         0              
60             0.1356         0.055206       2.6e-05        0.080358       1544121643     134674         1544121643     270274         0              
61             0.190532       0.121871       0.043973       0.024676       1544121643     163969         1544121643     354501         0              
62             0.216596       0.216233       0.000107       0.000249       1544121643     165594         1544121643     382190         0              
63             0.300145       0.263873       0.035982       0.000279       1544121643     173940         1544121643     474085         0              
64             0.332262       0.300025       0.024007       0.000247       1544121643     189789         1544121643     522051         0              
65             0.353917       0.353619       1.9e-05        0.000273       1544121643     192200         1544121643     546117         0              
67             0.409329       0.380054       7.8e-05        0.029188       1544121643     197791         1544121643     607120         0              
66             0.47492        0.433664       2.3e-05        0.021252       1544121643     200153         1544121643     675073         0              
68             0.552245       0.496023       0.03205        0.012184       1544121643     201789         1544121643     754034         0              
69             0.572274       0.568029       0.004001       0.00024        1544121643     209786         1544121643     782060         0              
70             0.61229        0.580038       0.031997       0.000249       1544121643     217787         1544121643     830077         0              
72             0.704958       0.636038       0.027975       0.040935       1544121643     221789         1544121643     926747         0              
71             0.740297       0.71206        0.027952       0.00028        1544121643     221790         1544121643     962087         0              
73             0.795706       0.760019       0.031997       0.003686       1544121643     225788         1544121644     21494          0              
74             0.824276       0.816049       0.007967       0.000249       1544121643     225789         1544121644     50065          0              
75             0.931624       0.852039       2.2e-05        0.079557       1544121643     237789         1544121644     169413         0              
76             1.00559        0.95603        0.023998       0.005581       1544121643     241789         1544121644     247384         1              
77             1.02427        1.02005        0.003966       0.000246       1544121643     241788         1544121644     266057         1              
78             1.05515        1.03602        0.000466       0.003136       1544121643     249788         1544121644     304940         1              
81             1.2754         1.08803        2.3e-05        0.187335       1544121643     253785         1544121644     529183         1              
84             1.36821        1.30496        0.032026       0.027254       1544121643     256866         1544121644     625079         1              
82             1.39769        1.38541        0.012029       0.000245       1544121643     260401         1544121644     658094         1              
80             1.7441         1.44003        0.031981       0.272083       1544121643     261787         1544121645     5886           1              
79             1.79627        1.76003        0.035984       0.000246       1544121643     265786         1544121645     62052          1              
83             1.85899        1.83878        0.01198        0.008229       1544121643     267043         1544121645     126037         1              
85             1.98804        1.88803        0.031996       0.068011       1544121643     269785         1544121645     257826         1              
87             2.13084        2.02003        0.003997       0.106806       1544121643     269788         1544121645     400627         1              
86             2.16431        2.16003        0.003998       0.000277       1544121643     269790         1544121645     434098         1              
88             2.19627        2.18404        0.011978       0.00025        1544121643     273788         1544121645     470057         1              
89             2.21241        2.20405        0.008107       0.000247       1544121643     289786         1544121645     502195         1              
91             2.39756        2.23603        5.7e-05        0.16147        1544121643     289788         1544121645     687353         1              
90             2.4483         2.41603        0.031984       0.00028        1544121643     293787         1544121645     742085         1              
92             2.62739        2.45789        0.036009       0.129515       1544121643     299933         1544121645     927322         1              
93             2.70429        2.66803        0.035981       0.00028        1544121643     301789         1544121646     6084           1              
97             2.86359        2.7355         0.004057       0.104053       1544121643     306320         1544121646     169909         1              
99             2.92075        2.87781        0.018833       0.024104       1544121643     309424         1544121646     230175         1              
96             3.12558        2.98002        0.03599        0.109571       1544121643     309791         1544121646     435373         1              
94             3.14831        3.14804        2.3e-05        0.000245       1544121643     313788         1544121646     462098         1              
95             3.18426        3.15603        0.027979       0.000247       1544121643     317790         1544121646     502053         1              
98             3.24018        3.20403        0.004015       0.012155       1544121643     325787         1544121646     565968         1              
