JobID          Runtime        getDevice      getProgram     runProgram     startTime_s    startTime_us   endTime_s      endTime_us     violation      0
-1             1.26468        0.000494       1.2536         0.010582       1544121629     211645         1544121630     476326         0              
-1             0.010606       6.9e-05        3.5e-05        0.010496       1544121632     551670         1544121632     562276         0              
-1             0.010554       3.7e-05        2.6e-05        0.010486       1544121632     626520         1544121632     637074         0              
-1             0.010616       3.5e-05        8.6e-05        0.010491       1544121632     701298         1544121632     711914         0              
-1             0.010556       3.6e-05        2.6e-05        0.01049        1544121632     776176         1544121632     786732         0              
0              0.01379        8.9e-05        2.6e-05        0.013666       1544121642     878140         1544121642     891930         0              
1              0.014031       8.1e-05        2.5e-05        0.013916       1544121642     961099         1544121642     975130         0              
2              0.013703       5.3e-05        2e-05          0.013623       1544121642     980760         1544121642     994463         0              
3              0.013934       8.9e-05        7.6e-05        0.013761       1544121642     999195         1544121643     13129          0              
4              0.013822       8.4e-05        2.6e-05        0.013703       1544121643     13443          1544121643     27265          0              
5              0.01364        5.5e-05        2e-05          0.013547       1544121643     32792          1544121643     46432          0              
6              0.045507       0.009645       2.6e-05        0.035825       1544121643     36859          1544121643     82366          0              
7              0.052153       0.024083       1.8e-05        0.028046       1544121643     65791          1544121643     117944         0              
8              0.081697       0.000125       1.8e-05        0.081549       1544121643     192212         1544121643     273909         0              
9              0.116625       0.068046       0.004313       0.044256       1544121643     237788         1544121643     354413         0              
10             0.159333       0.128043       2.1e-05        0.031261       1544121643     257785         1544121643     417118         0              
11             0.243331       0.184029       0.035982       0.023313       1544121643     257787         1544121643     501118         0              
12             0.32884        0.236037       0.031977       0.060816       1544121643     281788         1544121643     610628         0              
13             0.316799       0.256035       1.9e-05        0.060739       1544121643     361785         1544121643     678584         0              
14             0.371339       0.308047       0.003969       0.059319       1544121643     373786         1544121643     745125         0              
15             0.423794       0.356021       0.03599        0.031779       1544121643     405792         1544121643     829586         0              
16             0.441077       0.374027       0.008092       0.058948       1544121643     495787         1544121643     936864         0              
17             0.499387       0.440026       0.03469        0.024666       1544121643     521785         1544121644     21172          0              
18             0.611449       0.492301       2e-05          0.119121       1544121643     557786         1544121644     169235         0              
19             0.681156       0.62009        0.004025       0.057036       1544121643     569734         1544121644     250890         0              
20             0.736019       0.700023       1.9e-05        0.035971       1544121643     573791         1544121644     309810         0              
21             0.843093       0.628024       9.3e-05        0.214969       1544121643     709786         1544121644     552879         0              
23             0.742483       0.712038       2.2e-05        0.030417       1544121643     841787         1544121644     584270         0              
22             0.786544       0.748039       2.2e-05        0.038476       1544121643     841788         1544121644     628332         0              
24             1.10348        0.81203        0.000153       0.275324       1544121643     857788         1544121644     961270         0              
25             1.17299        1.09142        0.019991       0.061574       1544121643     886403         1544121645     59392          0              
26             1.20788        1.14003        0.03598        0.031863       1544121643     953787         1544121645     161667         0              
27             1.25937        1.18803        2.1e-05        0.071313       1544121644     1787           1544121645     261159         0              
28             1.39848        1.28403        0.003985       0.110454       1544121644     5787           1544121645     404263         0              
29             1.37133        1.30003        0.035987       0.03531        1544121644     125786         1544121645     497120         0              
30             1.5448         1.34003        0.004043       0.200722       1544121644     181787         1544121645     726590         0              
31             1.42956        1.41073        1.9e-05        0.018811       1544121644     339095         1544121645     768660         0              
32             1.47016        1.32803        0.020023       0.114124       1544121644     461788         1544121645     931946         0              
33             1.47106        1.43202        0.004073       0.034957       1544121644     521790         1544121645     992851         0              
34             1.53168        1.49636        3.9e-05        0.03527        1544121644     533458         1544121646     65136          0              
35             1.69552        1.55236        0.011978       0.131169       1544121644     533460         1544121646     228981         0              
36             1.78334        1.71203        0.016001       0.035325       1544121644     537788         1544121646     321126         0              
37             1.7933         1.70403        0.035981       0.053287       1544121644     645787         1544121646     439089         0              
38             1.84778        1.81204        2.3e-05        0.035706       1544121644     653786         1544121646     501564         0              
39             1.89537        1.84403        0.007994       0.043342       1544121644     673788         1544121646     569155         0              
40             1.92306        1.85603        0.035983       0.03104        1544121644     717788         1544121646     640847         0              
41             1.95978        1.92402        2e-05          0.035731       1544121644     733799         1544121646     693580         0              
42             2.06437        1.97603        6e-05          0.072303       1544121644     741792         1544121646     806163         1              
43             2.19147        2.09203        0.000199       0.099238       1544121644     745787         1544121646     937262         1              
44             2.18003        2.14404        2.2e-05        0.035962       1544121644     793791         1544121646     973822         1              
45             2.19992        2.10409        0.031923       0.063885       1544121644     869786         1544121647     69709          1              
46             2.14706        2.08403        0.031976       0.031047       1544121644     997787         1544121647     144850         1              
47             2.22522        2.13           0.004029       0.091145       1544121645     55779          1544121647     280996         1              
48             2.32701        2.24403        0.031983       0.050988       1544121645     69786          1544121647     396792         1              
49             2.31202        2.25603        2.8e-05        0.055961       1544121645     173788         1544121647     485811         1              
51             2.46063        2.32401        2.4e-05        0.136585       1544121645     197799         1544121647     658427         1              
50             2.53404        2.49474        2.2e-05        0.039274       1544121645     199079         1544121647     733124         1              
52             2.57535        2.54003        2.1e-05        0.035295       1544121645     217786         1544121647     793140         1              
53             2.66323        2.55604        0.035964       0.071209       1544121645     253788         1544121647     917015         1              
54             2.65199        2.58003        0.004046       0.067912       1544121645     365786         1544121648     17774          1              
55             2.62307        2.58403        7.6e-05        0.03895        1544121645     461787         1544121648     84854          1              
56             2.69555        2.62803        0.004093       0.06342        1544121645     477787         1544121648     173334         1              
57             2.78333        2.70402        0.031992       0.047313       1544121645     493787         1544121648     277119         1              
58             2.87489        2.78803        0.027971       0.058878       1544121645     509789         1544121648     384678         1              
59             2.90922        2.80803        0.035983       0.0652         1544121645     601786         1544121648     511002         1              
60             2.94622        2.89606        0.027955       0.022205       1544121645     637786         1544121648     584010         1              
61             2.73602        2.66803        0.031984       0.035997       1544121645     937788         1544121648     673808         1              
62             2.78001        2.74002        2.1e-05        0.039961       1544121645     949789         1544121648     729801         1              
63             2.79318        2.73602        0.00399        0.053163       1544121646     17789          1544121648     810967         1              
64             2.99251        2.78117        1.9e-05        0.211313       1544121646     52635          1544121649     45146          1              
65             2.92401        2.88403        2.2e-05        0.039953       1544121646     169789         1544121649     93799          1              
67             2.98863        2.9416         0.027982       0.019043       1544121646     184227         1544121649     172859         1              
66             3.05644        3.02005        1.9e-05        0.036367       1544121646     193785         1544121649     250226         1              
68             3.10734        3.08402        1.8e-05        0.023286       1544121646     209791         1544121649     317127         1              
69             3.22524        3.07203        0.035975       0.117228       1544121646     273792         1544121649     499036         1              
70             3.21123        3.12403        0.027979       0.059217       1544121646     393791         1544121649     605025         1              
71             3.31137        3.21605        0.003967       0.09135        1544121646     409787         1544121649     721161         1              
72             3.45275        3.32003        0.008046       0.12466        1544121646     425785         1544121649     878532         1              
74             3.52839        3.45203        1.9e-05        0.076336       1544121646     449786         1544121649     978178         1              
73             3.62898        3.53603        0.027977       0.064964       1544121646     457788         1544121650     86768          1              
75             3.63206        3.52903        2.7e-05        0.103004       1544121646     557789         1544121650     189852         1              
76             3.62259        3.60804        0.004007       0.010535       1544121646     609787         1544121650     232372         1              
77             3.66809        3.60805        0.031966       0.028069       1544121646     625785         1544121650     293874         1              
79             3.67965        3.61605        2.6e-05        0.063568       1544121646     681787         1544121650     361439         1              
78             3.70688        3.67605        0.003964       0.026854       1544121646     685788         1544121650     392667         1              
80             3.73237        3.72003        2.2e-05        0.012302       1544121646     689788         1544121650     422154         1              
81             3.74001        3.70406        2.4e-05        0.035925       1544121646     733786         1544121650     473796         1              
82             3.75372        3.69841        0.028446       0.026858       1544121646     794943         1544121650     548663         1              
85             3.74849        3.73791        2.5e-05        0.010536       1544121646     827917         1544121650     576402         1              
83             3.80974        3.76003        0.023974       0.025727       1544121646     829791         1544121650     639530         1              
84             3.86802        3.80403        0.027991       0.035993       1544121646     845785         1544121650     713801         1              
86             3.89887        3.85605        2.3e-05        0.042792       1544121646     869787         1544121650     768660         1              
87             3.91061        3.90004        2.2e-05        0.010544       1544121646     881788         1544121650     792401         1              
88             3.90419        3.88005        0.01198        0.012153       1544121646     921786         1544121650     825980         1              
89             3.91493        3.90405        2.5e-05        0.010842       1544121646     929788         1544121650     844721         1              
90             3.95219        3.94005        2.3e-05        0.012116       1544121646     945786         1544121650     897976         1              
91             3.88822        3.87605        2e-05          0.012137       1544121647     25786          1544121650     914003         1              
92             3.88297        3.87236        2.5e-05        0.01057        1544121647     41787          1544121650     924754         1              
93             3.76561        3.75504        2.7e-05        0.010529       1544121647     169789         1544121650     935396         1              
94             3.74914        3.73694        2.5e-05        0.012161       1544121647     201787         1544121650     950925         1              
95             3.6879         3.67725        2.5e-05        0.010603       1544121647     273789         1544121650     961686         1              
96             3.67615        3.664          2.3e-05        0.012111       1544121647     297787         1544121650     973940         1              
97             3.66032        3.64822        2.5e-05        0.012072       1544121647     325785         1544121650     986106         1              
98             3.65493        3.64438        2.7e-05        0.010516       1544121647     341788         1544121650     996720         1              
99             3.65908        3.64699        2.2e-05        0.012065       1544121647     349788         1544121651     8872           1              
