TaskQLat.      PRRQLat.       TaksQlen       
5e-06          1e-06          1              
TaskQLat.      PRRQLat.       TaksQlen       
3.9e-05        1e-06          1              
TaskQLat.      PRRQLat.       TaksQlen       
3.9e-05        1e-06          1              
1.7e-05        0              1              
2.4e-05        0              1              
1e-06          0              1              
8e-06          0              1              
1.2e-05        0              1              
3e-06          0              1              
6.9e-05        0              1              
1.1e-05        0              1              
4e-06          0              1              
8e-06          0              1              
1.1e-05        0              1              
4e-06          0              1              
2e-06          0              1              
2e-06          0              1              
3e-06          0              1              
2e-06          0              1              
6.5e-05        0              1              
2e-06          0              1              
2e-06          0              1              
2e-06          0              1              
2e-06          0              1              
2e-06          0              1              
4e-06          0              1              
2e-06          1e-06          1              
3e-06          0              1              
1e-06          0              1              
5e-05          0              1              
3e-06          1e-06          1              
3e-06          0              1              
2e-06          0              1              
2e-06          0              1              
1e-06          0              1              
2e-06          0              1              
2e-06          0              1              
2e-06          0              1              
2e-06          0              1              
4.9e-05        0              1              
2e-06          0              1              
2e-06          0              1              
2e-06          0              1              
2e-06          0              1              
2e-06          0              1              
2e-06          0              1              
1e-06          0              1              
2e-06          0              1              
3e-06          0              1              
5.1e-05        0              1              
2e-06          0              1              
2e-06          0              1              
2e-06          0              1              
3e-06          0              1              
3e-06          0              1              
2e-06          0              1              
2e-06          0              1              
2e-06          0              1              
2e-06          0              1              
3e-06          0              1              
3e-06          0              1              
3e-06          0              1              
3e-06          0              1              
2e-06          0              1              
3e-06          0              1              
2e-06          0              1              
2e-06          0              1              
1e-06          0              1              
2e-06          0              1              
2e-06          0              1              
3e-06          0              1              
2e-06          0              1              
2e-06          0              1              
2e-06          0              1              
2e-06          0              1              
3e-06          0              1              
5.2e-05        0              1              
7.6e-05        0              1              
3e-06          0              1              
2e-06          0              1              
2e-06          0              1              
2e-06          0              1              
2e-06          0              1              
2e-06          0              1              
3e-06          0              1              
1e-06          0              1              
0.004275       0              7              
0.02394        0              1              
8.6e-05        0              2              
2e-06          0              1              
0.015967       0              1              
0.01198        0              2              
0.008035       0              2              
2e-06          0              1              
0.023956       1e-06          1              
5.8e-05        0              2              
2e-06          0              1              
2e-06          0              1              
0.003949       1e-06          1              
0.032029       0              2              
0.003982       0              2              
0.019969       0              1              
0.019956       1e-06          1              
0.008072       0              3              
0.020047       0              2              
0.007934       0              1              
0.012053       0              3              
0.031977       0              1              
0.023976       0              2              
0.007942       0              1              
2e-06          0              1              
2e-06          0              1              
0.004006       0              2              
0.011983       0              1              
0.003943       0              1              
2e-06          0              1              
0.000449       0              1              
2e-06          0              1              
7.6e-05        0              1              
3e-06          0              1              
3e-06          0              1              
2e-06          0              1              
0.019993       0              1              
0.01201        0              2              
0.01202        0              3              
0.000133       0              2              
0.007967       0              1              
0.01596        0              1              
0.016023       0              1              
0.004102       0              3              
0.003978       0              2              
0.015962       0              1              
0.023971       0              1              
2e-06          0              1              
0.003967       0              1              
0.003981       0              2              
0.003982       0              2              
0.007964       0              1              
0.011958       0              1              
0.011973       0              2              
0.008087       0              2              
0.004024       0              2              
4e-05          0              2              
0.007967       0              1              
2e-06          0              1              
0.007952       0              1              
0.023991       0              1              
0.01999        0              1              
0.004056       0              3              
0.023966       0              1              
0.008011       0              2              
2.2e-05        0              2              
0.00401        0              2              
0.011959       1e-06          1              
0.018648       0              2              
2e-06          0              1              
0.007986       0              1              
0.027976       0              1              
0.011987       0              1              
2e-06          1e-06          1              
2e-06          0              1              
0.019961       0              1              
0.007975       0              1              
0.003993       0              1              
0.012022       0              1              
3e-06          0              1              
0.019973       0              1              
4e-05          0              1              
0.000184       0              4              
3e-06          0              1              
0.023909       0              1              
0.011961       0              1              
0.023951       0              1              
0.004012       0              2              
0.015966       0              1              
2e-06          0              1              
0.007941       0              1              
6e-06          1e-06          1              
4e-06          0              1              
3e-06          0              1              
0.00812        1e-06          3              
0.012049       0              2              
0.004029       0              1              
5.7e-05        0              1              
0.004076       0              2              
0.008018       0              1              
0.008028       0              1              
0.00396        0              1              
0.019972       0              1              
3e-06          0              1              
0.007936       0              1              
0.007965       0              1              
3e-06          0              1              
0.003973       0              1              
1e-06          0              1              
0.015955       0              1              
6e-06          0              1              
0.01596        0              1              
0.02395        0              1              
3e-06          0              1              
2e-06          0              1              
0.011957       0              1              
0.023956       0              1              
0.015989       0              2              
0.003948       0              1              
0.008026       0              2              
2e-06          0              1              
3e-06          0              1              
2e-06          0              1              
0.01196        0              1              
2e-06          0              1              
0.003986       0              2              
0.019553       0              1              
0.023947       0              1              
3e-06          0              1              
0.003937       0              1              
3e-06          0              1              
2e-06          0              1              
0.012441       0              1              
3e-06          0              1              
0.011959       0              1              
0.02397        0              1              
4e-06          0              1              
3e-06          0              1              
0.011939       0              1              
2e-06          0              1              
2e-06          0              1              
2e-06          0              1              
3e-06          0              1              
2e-06          0              1              
5e-06          0              1              
4e-06          0              1              
3e-06          0              1              
2e-06          0              1              
3e-06          0              1              
3e-06          1e-06          1              
2e-06          1e-06          1              
2e-06          0              1              
2e-06          0              1              
6.8e-05        0              1              
2e-06          0              1              
2e-06          0              1              
2e-06          0              1              
3e-06          0              1              
2e-06          0              1              
2e-06          0              1              
1e-06          0              1              
2e-06          0              1              
1e-06          0              1              
6.8e-05        0              1              
2e-06          0              1              
2e-06          0              1              
2e-06          0              1              
3e-06          0              1              
2e-06          0              1              
2e-06          0              1              
2e-06          0              1              
2e-06          0              1              
3e-06          0              1              
6e-05          0              1              
2e-06          0              1              
2e-06          0              1              
2e-06          0              1              
2e-06          0              1              
2e-06          0              1              
2e-06          0              1              
2e-06          0              1              
3e-06          0              1              
2e-06          0              1              
5.9e-05        0              1              
2e-06          0              1              
2e-06          0              1              
2e-06          0              1              
2e-06          0              1              
2e-06          0              1              
2e-06          0              1              
2e-06          0              1              
2e-06          1e-06          1              
2e-06          1e-06          1              
6.5e-05        1e-06          1              
2e-06          0              1              
3e-06          0              1              
2e-06          1e-06          1              
2e-06          0              1              
2e-06          0              1              
2e-06          0              1              
2e-06          0              1              
3e-06          0              1              
2e-06          0              1              
6.1e-05        0              1              
2e-06          0              1              
2e-06          0              1              
3e-06          0              1              
2e-06          0              1              
3e-06          0              1              
3e-06          0              1              
2e-06          0              1              
2e-06          0              1              
2e-06          0              1              
5.9e-05        0              1              
2e-06          0              1              
2e-06          1e-06          1              
3e-06          0              1              
2e-06          0              1              
3e-06          0              1              
2e-06          0              1              
3e-06          0              1              
3e-06          0              1              
2e-06          0              1              
5.4e-05        0              1              
2e-06          0              1              
2e-06          0              1              
2e-06          0              1              
2e-06          0              1              
2e-06          0              1              
