TotQLat.       ScalerLat      getDevLat      getPrgLat      Req.Type       
0.000391       0.000344       3.5e-05        0              0              
1.9e-05        1e-06          0              1.5e-05        1              
3.6e-05        1e-06          3.1e-05        0              0              
1.3e-05        0              0              1.1e-05        1              
2.9e-05        0              2.6e-05        0              0              
1e-05          0              0              9e-06          1              
3.6e-05        1e-06          3.1e-05        0              0              
2.3e-05        0              2.1e-05        0              0              
0.000101       9.7e-05        0              1e-06          1              
0.000169       0.000133       3.4e-05        0              0              
3e-06          0              0              1e-06          1              
2e-05          0              1.9e-05        0              0              
1.8e-05        0              1.7e-05        0              0              
2.3e-05        0              2.2e-05        0              0              
2e-05          0              1.7e-05        0              0              
0.011016       0.011011       0              2e-06          1              
0.000206       0.000171       3.1e-05        0              0              
3.7e-05        0              3.3e-05        0              0              
4e-06          1e-06          0              2e-06          1              
4e-06          0              0              2e-06          1              
3e-06          0              0              1e-06          1              
6.1e-05        0              5.8e-05        0              0              
4e-06          0              0              1e-06          1              
3e-06          0              0              1e-06          1              
3.1e-05        0              2.9e-05        0              0              
6.6e-05        0              6.3e-05        0              0              
0.00023        0.000226       0              1e-06          1              
0.000302       0.000262       3.7e-05        0              0              
3.9e-05        1e-06          3.6e-05        0              0              
4.1e-05        0              3.8e-05        0              0              
3.1e-05        0              2.7e-05        0              0              
2.8e-05        0              2.5e-05        0              0              
0.001489       0.001456       3e-05          0              0              
3.1e-05        0              2.7e-05        0              0              
3e-05          0              2.7e-05        0              0              
3e-05          0              2.7e-05        0              0              
3.7e-05        0              3.4e-05        0              0              
0.000304       0.000274       2.7e-05        0              0              
2.9e-05        0              2.6e-05        0              0              
2.9e-05        0              2.6e-05        0              0              
5e-06          0              0              2e-06          1              
2.9e-05        0              2.5e-05        0              0              
0.000438       0              0.000436       0              0              
0.009717       0.009691       2.2e-05        0              0              
2.8e-05        0              2.6e-05        0              0              
3e-06          0              0              2e-06          1              
2e-05          0              1.9e-05        0              0              
2.1e-05        0              1.9e-05        0              0              
2e-05          0              1.9e-05        0              0              
0.00011        0.000106       0              1e-06          1              
0.000134       0.000102       3.1e-05        0              0              
2.6e-05        0              2.4e-05        0              0              
2.6e-05        0              2.4e-05        0              0              
2.7e-05        0              2.5e-05        0              0              
2.6e-05        0              2.4e-05        0              0              
0.000263       0.000237       2.4e-05        0              0              
3e-06          0              0              1e-06          1              
2.5e-05        0              2.4e-05        0              0              
2.6e-05        0              2.4e-05        0              0              
2.2e-05        0              1.9e-05        0              0              
1.9e-05        0              1.8e-05        0              0              
0.013918       0.000134       0.013781       0              0              
5e-06          0              0              2e-06          1              
3e-06          0              0              1e-06          1              
3e-06          0              0              1e-06          1              
2e-06          0              0              1e-06          1              
3e-06          0              0              1e-06          1              
2.3e-05        0              2.2e-05        0              0              
2e-05          0              1.9e-05        0              0              
3e-06          1e-06          0              1e-06          1              
2e-06          0              0              1e-06          1              
3e-06          0              0              1e-06          1              
2e-06          0              0              0              1              
2e-06          0              0              1e-06          1              
2e-06          0              0              1e-06          1              
3e-06          0              0              1e-06          1              
2e-06          0              0              1e-06          1              
2e-06          0              0              1e-06          1              
3e-06          0              0              1e-06          1              
4e-06          0              0              1e-06          1              
5e-06          0              0              1e-06          1              
4e-06          0              0              1e-06          1              
3e-06          0              0              1e-06          1              
3e-06          0              0              1e-06          1              
3e-06          0              0              1e-06          1              
3.2e-05        0              3.1e-05        0              0              
3e-06          0              0              1e-06          1              
0.000187       0              0.000184       0              0              
0.000187       0.000162       2.2e-05        0              0              
2e-05          0              1.9e-05        0              0              
0.001021       0              0.001019       0              0              
2.9e-05        0              2.5e-05        0              0              
2.7e-05        0              2.4e-05        0              0              
0.00098        0.000952       2.4e-05        0              0              
2.4e-05        0              2.1e-05        0              0              
0.00085        0              0.000848       0              0              
2.5e-05        0              2.2e-05        0              0              
2.3e-05        1e-06          2e-05          0              0              
0.000158       0.000135       2.1e-05        0              0              
2.3e-05        0              2e-05          0              0              
2.3e-05        0              2e-05          0              0              
2.3e-05        0              2.1e-05        0              0              
2.3e-05        0              2.1e-05        0              0              
0.001121       0.001092       2.7e-05        0              0              
0.000906       0              0.000904       0              0              
0.00364        0              0.003638       0              0              
2.4e-05        0              2e-05          0              0              
2.1e-05        0              1.9e-05        0              0              
0.000161       0.00014        1.8e-05        0              0              
2e-05          1e-06          1.8e-05        0              0              
2.1e-05        0              1.8e-05        0              0              
2.1e-05        0              1.9e-05        0              0              
3.2e-05        1e-06          3e-05          0              0              
9.8e-05        9.4e-05        0              2e-06          1              
0.00013        0.000127       0              1e-06          1              
7.7e-05        7.4e-05        0              1e-06          1              
9.1e-05        8.8e-05        0              1e-06          1              
6.9e-05        6.7e-05        0              1e-06          1              
6.9e-05        6.6e-05        0              1e-06          1              
9e-05          8.7e-05        0              1e-06          1              
0.000121       0.0001         2e-05          0              0              
2.1e-05        0              1.9e-05        0              0              
0.00123        0              0.001228       0              0              
5e-06          0              0              1e-06          1              
0.0001         0              9.8e-05        0              0              
4e-06          0              0              1e-06          1              
3e-06          0              0              1e-06          1              
3e-06          0              0              1e-06          1              
3e-06          0              0              1e-06          1              
3e-06          0              0              1e-06          1              
2e-06          0              0              1e-06          1              
3e-06          0              0              1e-06          1              
9.8e-05        1e-06          9.6e-05        0              0              
0.001059       0.000962       9.4e-05        0              0              
9.9e-05        0              9.5e-05        0              0              
9.8e-05        1e-06          9.5e-05        0              0              
9.8e-05        0              9.5e-05        0              0              
9.9e-05        0              9.6e-05        0              0              
0.001283       0.001218       6.2e-05        0              0              
0.000103       0              0.0001         0              0              
6.7e-05        0              6.4e-05        0              0              
6.7e-05        0              6.3e-05        0              0              
2.8e-05        0              2.4e-05        0              0              
0.001481       0.001382       9.6e-05        0              0              
0.000101       0              9.8e-05        0              0              
9.9e-05        0              9.5e-05        0              0              
0.000113       0              0.000109       0              0              
6e-06          0              0              2e-06          1              
5e-06          0              0              1e-06          1              
0.000104       0              0.000102       0              0              
0.001513       0.001417       9.2e-05        0              0              
9.8e-05        0              9.5e-05        0              0              
0.00021        0              0.000207       0              0              
9.9e-05        0              9.5e-05        0              0              
9.9e-05        0              9.6e-05        0              0              
0.001478       0.001474       0              1e-06          1              
0.001372       0.001368       0              1e-06          1              
0.001531       0.001526       0              1e-06          1              
0.031094       0.03109        0              1e-06          1              
0.00146        0.001375       0              8.1e-05        1              
0.00786        0.007763       9.3e-05        0              0              
5e-06          1e-06          0              2e-06          1              
4e-06          0              0              1e-06          1              
3e-06          0              0              1e-06          1              
2e-06          0              0              1e-06          1              
2e-06          0              0              1e-06          1              
6.4e-05        0              6.2e-05        0              0              
5e-06          0              0              2e-06          1              
3e-06          0              0              1e-06          1              
6.4e-05        0              6.3e-05        0              0              
5e-06          0              0              2e-06          1              
3e-06          0              0              1e-06          1              
2e-06          0              0              1e-06          1              
3e-06          0              0              1e-06          1              
2e-06          0              0              0              1              
3e-06          1e-06          0              1e-06          1              
3e-06          0              0              1e-06          1              
3e-06          0              0              1e-06          1              
3e-06          0              0              1e-06          1              
2e-06          0              0              1e-06          1              
3e-06          1e-06          0              1e-06          1              
3e-06          0              0              1e-06          1              
3e-06          0              0              1e-06          1              
3e-06          0              0              1e-06          1              
3e-06          0              0              1e-06          1              
3e-06          0              0              1e-06          1              
2e-06          0              0              1e-06          1              
8e-06          0              0              6e-06          1              
3e-06          0              0              1e-06          1              
2e-06          0              0              1e-06          1              
3e-06          0              0              1e-06          1              
3e-06          0              0              1e-06          1              
3e-06          0              0              1e-06          1              
3e-06          0              0              1e-06          1              
4e-06          0              0              2e-06          1              
4e-06          0              0              1e-06          1              
4e-06          0              0              2e-06          1              
7e-06          0              0              2e-06          1              
3e-06          0              0              2e-06          1              
3e-06          1e-06          0              1e-06          1              
3e-06          0              0              2e-06          1              
3e-06          0              0              1e-06          1              
3e-06          0              0              1e-06          1              
3e-06          0              0              1e-06          1              
3e-06          0              0              1e-06          1              
3e-06          0              0              0              1              
