JobID          Runtime        getDevice      getProgram     runProgram     startTime_s    startTime_us   endTime_s      endTime_us     violation      0
-1             0.925304       6.3e-05        0.819509       0.105724       1543977412     848628         1543977413     773932         0              
-1             0.103451       8.6e-05        2e-05          0.103339       1543977413     786578         1543977413     890029         0              
-1             0.103413       3.8e-05        2.1e-05        0.10335        1543977413     902547         1543977414     5960           0              
-1             0.103418       3.7e-05        2.2e-05        0.103355       1543977414     18571          1543977414     121989         0              
-1             0.103453       3.6e-05        7e-05          0.103341       1543977414     134504         1543977414     237957         0              
0              0.715409       0.047542       0.07201        0.588016       1543977424     282411         1543977424     997820         0              
1              1.39413        0.672032       0.035977       0.686116       1543977424     337788         1543977425     731919         1              
2              2.13673        1.35602        0.043992       0.736711       1543977424     409788         1543977426     546519         1              
3              2.99626        1.98003        0.043974       0.972256       1543977424     613793         1543977427     610058         1              
4              3.48355        2.90403        0.000132       0.559411       1543977424     769788         1543977428     253340         1              
5              4.24555        3.48803        1.8e-05        0.757501       1543977424     777787         1543977429     23339          1              
6              4.85593        4.24004        0.043974       0.571909       1543977424     805786         1543977429     661714         1              
7              5.14028        4.12002        0.071993       0.948266       1543977425     581786         1543977430     722068         1              
8              5.64903        5.00003        0.03129        0.6177         1543977425     737787         1543977431     386819         1              
9              6.14112        5.51603        0.039989       0.585092       1543977425     889788         1543977432     30903          1              
10             6.77227        6.12803        0.039986       0.604254       1543977425     937786         1543977432     710061         1              
11             7.50028        6.74003        0.031983       0.728261       1543977425     997786         1543977433     498064         1              
12             8.10413        7.42403        0.04798        0.632118       1543977426     105787         1543977434     209921         1              
13             8.38715        7.80802        0.047985       0.531135       1543977426     433786         1543977434     820937         1              
14             8.96346        8.21603        0.027985       0.719441       1543977426     609785         1543977435     573245         1              
15             9.46507        8.71603        0.027983       0.721054       1543977426     869787         1543977436     334858         1              
16             9.87957        9.36003        0.027979       0.491555       1543977426     997786         1543977436     877359         1              
17             9.92756        9.59602        0.044046       0.287487       1543977427     317788         1543977437     245352         1              
18             10.2595        9.82003        0.055984       0.383532       1543977427     429788         1543977437     689337         1              
19             10.8131        10.144         0.047984       0.621059       1543977427     589787         1543977438     402861         1              
20             11.2611        10.624         8.8e-05        0.636948       1543977427     829786         1543977439     90867          1              
21             11.5718        11.232         0.039972       0.299753       1543977427     909789         1543977439     481559         1              
22             11.9515        11.5604        0.047591       0.343499       1543977427     957788         1543977439     909313         1              
23             12.2702        11.924         0.039967       0.306136       1543977428     1788           1543977440     271940         1              
24             12.6331        12.012         0.047973       0.573058       1543977428     313787         1543977440     946863         1              
25             12.7955        12.4278        0.040046       0.327683       1543977428     570030         1543977441     365562         1              
26             13.2115        12.836         0.047975       0.327508       1543977428     593787         1543977441     805313         1              
27             13.7571        13.164         0.043976       0.549053       1543977428     677787         1543977442     434858         1              
28             13.7835        13.444         0.039972       0.299526       1543977429     25786          1543977442     809330         1              
29             14.0757        13.732         0.059975       0.283692       1543977429     101787         1543977443     177498         1              
30             14.7835        14.0601        0.027952       0.695433       1543977429     157788         1543977443     941240         1              
31             15.0139        14.6521        0.040007       0.321778       1543977429     301786         1543977444     315648         1              
32             15.5275        14.96          0.0001         0.567309       1543977429     409786         1543977444     937245         1              
33             15.7636        15.4961        0.031968       0.235531       1543977429     457787         1543977445     221345         1              
34             16.0784        15.76          0.039974       0.278342       1543977429     477792         1543977445     556154         1              
35             16.6291        16.092         0.004044       0.532979       1543977429     509787         1543977446     138860         1              
36             16.9301        16.6321        0.035956       0.262132       1543977429     509788         1543977446     439937         1              
37             17.2317        16.924         0.039974       0.267728       1543977429     569788         1543977446     801533         1              
38             17.5835        17.236         0.039973       0.307519       1543977429     593789         1543977447     177325         1              
39             17.8475        17.576         0.000109       0.271383       1543977429     605788         1543977447     453335         1              
40             18.2491        17.736         9.2e-05        0.512935       1543977429     737786         1543977447     986867         1              
41             18.6371        18.172         0.031973       0.433053       1543977429     829787         1543977448     466857         1              
42             18.7878        18.552         8.3e-05        0.235634       1543977429     953788         1543977448     741558         1              
43             19.1115        18.6561        0.035959       0.419436       1543977430     109786         1543977449     221251         1              
44             19.3142        19.084         0.031973       0.198142       1543977430     185788         1543977449     499947         1              
45             19.4887        19.204         0.031974       0.252721       1543977430     337788         1543977449     826527         1              
46             19.9011        19.412         0.02797        0.46106        1543977430     437787         1543977450     338864         1              
47             20.0611        19.588         0.031986       0.441053       1543977430     777787         1543977450     838858         1              
48             20.4651        20.004         0.03599        0.425041       1543977430     845787         1543977451     310869         1              
49             20.8531        20.3961        0.00403        0.452981       1543977430     921787         1543977451     774865         1              
50             21.2171        20.824         0.031998       0.361041       1543977430     961787         1543977452     178861         1              
51             21.2602        20.892         0.031976       0.336227       1543977431     317787         1543977452     578032         1              
52             21.4282        21.2207        0.008038       0.199467       1543977431     361123         1543977452     789337         1              
53             21.7806        21.3636        8.1e-05        0.416932       1543977431     450276         1543977453     230858         1              
54             22.0318        21.796         0.004041       0.231688       1543977431     461790         1543977453     493551         1              
55             22.164         21.948         0.027961       0.188025       1543977431     565788         1543977453     729828         1              
56             22.1891        21.816         9e-05          0.372927       1543977431     921787         1543977454     110860         1              
57             22.5171        22.004         0.00404        0.508998       1543977432     133786         1543977454     650876         1              
58             22.5956        22.316         0.023974       0.255532       1543977432     353788         1543977454     949343         1              
59             22.7299        22.4           0.000115       0.32969        1543977432     557789         1543977455     287651         1              
60             22.953         22.7479        0.004061       0.20104        1543977432     565950         1543977455     518937         1              
61             23.2059        22.9088        0.031971       0.265061       1543977432     641016         1543977455     846871         1              
62             23.5082        23.148         0.000111       0.360079       1543977432     737788         1543977456     246025         1              
63             23.6998        23.488         0.043981       0.167779       1543977432     801788         1543977456     501588         1              
64             23.9322        23.604         0.035973       0.292226       1543977432     921792         1543977456     854031         1              
65             24.0837        23.896         8.6e-05        0.187615       1543977432     981792         1543977457     65530          1              
66             23.9195        23.6513        8.3e-05        0.268115       1543977433     434569         1543977457     354028         1              
67             24.1731        23.928         0.023968       0.221052       1543977433     457789         1543977457     630866         1              
68             24.4691        24.1241        0.03196        0.313058       1543977433     517785         1543977457     986863         1              
69             24.5626        24.4019        0.035976       0.124722       1543977433     611885         1543977458     174526         1              
70             24.624         24.396         0.031974       0.171978       1543977433     793790         1543977458     417791         1              
71             24.7906        24.588         0.031961       0.170564       1543977433     829792         1543977458     620368         1              
72             24.9506        24.7           0.00404        0.246521       1543977433     937788         1543977458     888399         1              
73             24.937         24.728         0.035981       0.172941       1543977434     185787         1543977459     122745         1              
74             25.1515        24.88          9.2e-05        0.271322       1543977434     249787         1543977459     401246         1              
75             25.2315        25.028         8.8e-05        0.203313       1543977434     385786         1543977459     617247         1              
76             25.3767        25.252         8.4e-05        0.12461        1543977434     401788         1543977459     778527         1              
77             25.6235        25.388         0.031982       0.203423       1543977434     409788         1543977460     33240          1              
78             25.8298        25.596         0.031973       0.201816       1543977434     453786         1543977460     283624         1              
79             25.884         25.768         8.3e-05        0.11584        1543977434     525788         1543977460     409772         1              
80             26.0242        25.8881        9.5e-05        0.136005       1543977434     529787         1543977460     553948         1              
81             26.2162        25.996         0.031973       0.188213       1543977434     577787         1543977460     794019         1              
82             26.369         26.244         0.008048       0.116912       1543977434     581786         1543977460     950799         1              
83             26.4357        26.332         8.6e-05        0.103539       1543977434     633788         1543977461     69472          1              
84             26.5178        26.3           0.00404        0.213745       1543977434     781786         1543977461     299623         1              
85             26.5265        26.42          8e-05          0.106393       1543977434     897789         1543977461     424308         1              
86             26.5678        26.448         0.016039       0.103707       1543977434     989788         1543977461     557591         1              
87             26.5152        26.436         7.9e-05        0.079043       1543977435     121787         1543977461     636973         1              
88             26.6384        26.4472        0.012859       0.178294       1543977435     189787         1543977461     828189         1              
89             26.5961        26.532         8.3e-05        0.063995       1543977435     313787         1543977461     909911         1              
90             26.696         26.5761        0.016024       0.103871       1543977435     349786         1543977462     45754          1              
91             26.7332        26.608         0.031962       0.093159       1543977435     449788         1543977462     182965         1              
92             26.7367        26.6126        8.5e-05        0.124026       1543977435     581258         1543977462     317953         1              
93             26.8121        26.7082        7.9e-05        0.103736       1543977435     609787         1543977462     421843         1              
94             26.644         26.5401        8.3e-05        0.10382        1543977435     881787         1543977462     525818         1              
95             26.5715        26.4681        9.8e-05        0.103327       1543977436     61786          1543977462     633310         1              
96             26.615         26.5116        8.4e-05        0.103372       1543977436     121789         1543977462     736832         1              
98             26.6466        26.5431        9.3e-05        0.103357       1543977436     193789         1543977462     840342         1              
97             26.7366        26.6426        8.3e-05        0.093863       1543977436     197787         1543977462     934348         1              
99             26.4919        26.3886        9.5e-05        0.103185       1543977436     545786         1543977463     37689          1              
