JobID          Runtime        getDevice      getProgram     runProgram     startTime_s    startTime_us   endTime_s      endTime_us     violation      0
-1             0.565567       6.6e-05        0.565216       0.000279       1543977412     283017         1543977412     848584         0              
-1             0.000406       3.5e-05        9.1e-05        0.000276       1543977413     786157         1543977413     786563         0              
-1             0.000341       3.2e-05        3.1e-05        0.000274       1543977413     902191         1543977413     902532         0              
-1             0.000389       8.2e-05        2.7e-05        0.000275       1543977414     18167          1543977414     18556          0              
-1             0.00034        3.2e-05        3e-05          0.000274       1543977414     134150         1543977414     134490         0              
0              0.000603       0.000213       2.9e-05        0.000341       1543977424     239005         1543977424     239608         0              
1              0.000677       0.000312       2.7e-05        0.000326       1543977424     239378         1543977424     240055         0              
2              0.000419       6.1e-05        2.6e-05        0.000323       1543977424     240264         1543977424     240683         0              
3              0.000454       8.2e-05        2.6e-05        0.000336       1543977424     242392         1543977424     242846         0              
4              0.006915       0.000124       2.7e-05        0.006749       1543977424     244049         1543977424     250964         0              
5              0.026          0.007349       3.2e-05        0.018608       1543977424     244347         1543977424     270347         0              
6              0.04644        0.046053       0.000101       0.00028        1543977424     247777         1543977424     294217         0              
7              0.089579       0.058587       0.030701       0.000281       1543977424     252512         1543977424     342091         0              
8              0.207677       0.135631       0.06398        0.008059       1543977424     254190         1543977424     461867         0              
9              0.270255       0.242032       0.027971       0.000245       1543977424     255796         1543977424     526051         0              
11             0.368362       0.316054       0.052019       0.000283       1543977424     265788         1543977424     634150         0              
10             0.468293       0.404025       0.063982       0.000279       1543977424     265792         1543977424     734085         0              
12             0.552324       0.484037       0.040039       0.000281       1543977424     269788         1543977424     822112         0              
14             0.592501       0.592035       0.00021        0.000246       1543977424     273792         1543977424     866293         0              
17             0.617289       0.61669        0.000313       0.000277       1543977424     281122         1543977424     898411         0              
15             0.676802       0.63657        0.032007       0.000245       1543977424     281243         1543977424     958045         0              
13             0.720531       0.696038       0.000248       0.000279       1543977424     281787         1543977425     2318           0              
16             0.792309       0.756041       0.035982       0.00028        1543977424     281786         1543977425     74095          0              
19             0.965597       0.81203        0.03998        0.113579       1543977424     281789         1543977425     247386         0              
22             1.0443         1.00404        0.039971       0.000278       1543977424     285788         1543977425     330084         1              
20             1.19468        1.07604        0.05197        0.066664       1543977424     285791         1543977425     480472         1              
24             1.30426        1.25603        0.047984       0.000243       1543977424     289789         1543977425     594051         1              
18             1.3923         1.34803        0.043985       0.000278       1543977424     293787         1543977425     686086         1              
27             1.41234        1.41204        2.4e-05        0.000272       1543977424     293790         1543977425     706134         1              
23             1.47629        1.43203        0.043982       0.000277       1543977424     297786         1543977425     774081         1              
21             1.56425        1.52403        0.039978       0.000243       1543977424     297789         1543977425     862044         1              
30             1.7123         1.62405        0.084017       0.000282       1543977424     297790         1543977426     10089          1              
34             1.78567        1.74141        0.04398        0.000277       1543977424     304408         1543977426     90080          1              
31             1.9243         1.88003        0.043987       0.000277       1543977424     305786         1543977426     230082         1              
26             2.01716        1.96497        0.04398        0.008213       1543977424     308856         1543977426     326021         1              
49             2.12865        2.07639        0.051982       0.00028        1543977424     309435         1543977426     438088         1              
28             2.2443         2.15604        0.087977       0.000278       1543977424     309786         1543977426     554085         1              
37             2.46023        2.31604        0.043984       0.100197       1543977424     309787         1543977426     770014         1              
32             2.60024        2.54402        0.043988       0.012226       1543977424     309792         1543977426     910032         1              
29             2.69624        2.65202        0.040004       0.004213       1543977424     309792         1543977427     6034           1              
25             2.77224        2.72802        0.04398        0.000245       1543977424     309802         1543977427     82047          1              
33             2.88419        2.83991        0.04399        0.000278       1543977424     309896         1543977427     194081         1              
35             3.21102        2.91203        0.043986       0.254999       1543977424     313787         1543977427     524804         1              
43             3.2953         3.25602        0.00011        0.003189       1543977424     313794         1543977427     609095         1              
38             3.3923         3.34804        0.043978       0.000279       1543977424     317785         1543977427     710088         1              
50             3.4363         3.39604        0.039977       0.000279       1543977424     317787         1543977427     754087         1              
44             3.5443         3.45604        0.048014       0.000279       1543977424     317785         1543977427     862084         1              
46             3.68765        3.59202        0.043993       0.051634       1543977424     317789         1543977428     5442           1              
39             3.76428        3.71603        0.043977       0.004265       1543977424     321787         1543977428     86066          1              
36             3.87229        3.83202        0.039987       0.000276       1543977424     321787         1543977428     194077         1              
56             3.93225        3.89601        0.035982       0.000244       1543977424     321804         1543977428     254049         1              
40             4.03631        3.99605        0.039982       0.000281       1543977424     325785         1543977428     362098         1              
45             4.12429        4.08403        0.039979       0.000278       1543977424     325787         1543977428     450078         1              
52             4.20714        4.16802        0.036047       0.003068       1543977424     325787         1543977428     532929         1              
42             4.26827        4.23204        0.035974       0.000247       1543977424     325787         1543977428     594055         1              
54             4.3083         4.26804        0.039977       0.000278       1543977424     329785         1543977428     638087         1              
41             4.38825        4.33603        0.035984       0.016229       1543977424     329786         1543977428     718031         1              
47             4.45223        4.41599        0.035978       0.000247       1543977424     329826         1543977428     782051         1              
55             4.54327        4.49105        0.03999        0.012224       1543977424     330751         1543977428     874025         1              
51             4.68924        4.58003        0.039981       0.069215       1543977424     333785         1543977429     23024          1              
53             4.81534        4.70803        0.035984       0.071319       1543977424     333787         1543977429     149124         1              
60             4.97763        4.88002        0.036006       0.03361        1543977424     337788         1543977429     315417         1              
48             5.12018        5.00404        0.031974       0.084166       1543977424     337788         1543977429     457973         1              
72             5.20433        5.16014        0.035985       0.008194       1543977424     341672         1543977429     545998         1              
64             5.31606        5.22774        6e-05          0.080298       1543977424     342088         1543977429     658150         1              
70             5.45991        5.37967        0.044021       0.000242       1543977424     342149         1543977429     802057         1              
61             5.52426        5.48802        0.024015       0.000241       1543977424     345788         1543977429     870046         1              
58             5.57227        5.54003        0.031986       0.000245       1543977424     345788         1543977429     918056         1              
67             5.66829        5.62803        0.039976       0.000277       1543977424     345790         1543977430     14083          1              
59             5.74781        5.71153        0.035995       0.000276       1543977424     346276         1543977430     94084          1              
71             5.80029        5.76403        0.035983       0.000278       1543977424     349786         1543977430     150081         1              
65             5.8723         5.83603        0.035983       0.000278       1543977424     349786         1543977430     222083         1              
62             5.93626        5.90403        0.031981       0.000245       1543977424     349787         1543977430     286047         1              
68             5.97229        5.94004        0.031974       0.000272       1543977424     353786         1543977430     326077         1              
66             6.06828        6.00803        0.031984       0.028262       1543977424     353786         1543977430     422067         1              
73             6.13226        6.10003        0.031985       0.000244       1543977424     353788         1543977430     486050         1              
57             6.20026        6.17204        0.02797        0.000249       1543977424     353790         1543977430     554054         1              
80             6.28077        6.24854        0.031986       0.000244       1543977424     357276         1543977430     638050         1              
76             6.34427        6.28804        0.035974       0.020251       1543977424     357786         1543977430     702056         1              
63             6.38426        6.35203        0.031986       0.000243       1543977424     357788         1543977430     742049         1              
69             6.49627        6.42403        0.031981       0.040264       1543977424     357791         1543977430     854065         1              
75             6.60074        6.51203        0.035986       0.052712       1543977424     361785         1543977430     962521         1              
77             6.6523         6.62004        0.031975       0.000279       1543977424     361785         1543977431     14085          1              
85             6.75626        6.69202        0.044          0.020239       1543977424     361786         1543977431     118046         1              
87             6.83763        6.78003        0.027983       0.02961        1543977424     361786         1543977431     199414         1              
74             7.02483        6.86803        0.02799        0.128809       1543977424     361787         1543977431     386618         1              
81             7.07192        7.06803        0.003635       0.000243       1543977424     361787         1543977431     433702         1              
86             7.1787         7.10404        0.031987       0.042669       1543977424     365785         1543977431     544483         1              
84             7.32563        7.18007        0.059938       0.085607       1543977424     365786         1543977431     691412         1              
88             7.39226        7.36405        0.027963       0.000245       1543977424     365787         1543977431     758052         1              
82             7.50309        7.44404        0.027975       0.031076       1543977424     365791         1543977431     868883         1              
91             7.59412        7.52592        0.027979       0.04021        1543977424     367928         1543977431     962046         1              
89             7.6593         7.63603        2.7e-05        0.003268       1543977424     369787         1543977432     29090          1              
83             7.71229        7.71202        1.9e-05        0.000244       1543977424     369788         1543977432     82079          1              
96             7.86028        7.77885        0.047807       0.000244       1543977424     373787         1543977432     234066         1              
90             7.98162        7.90005        0.035985       0.045576       1543977424     373787         1543977432     355410         1              
79             8.12667        8.05204        0.039972       0.034655       1543977424     377787         1543977432     504458         1              
78             8.23227        8.14003        0.075997       0.016235       1543977424     377787         1543977432     610053         1              
94             8.32025        8.24004        0.063971       0.016227       1543977424     381785         1543977432     702031         1              
97             8.3523         8.32803        0.023983       0.000275       1543977424     381786         1543977432     734084         1              
99             8.41228        8.38004        0.031995       0.000242       1543977424     381787         1543977432     794071         1              
92             8.46029        8.42402        0.035988       0.000279       1543977424     381787         1543977432     842082         1              
95             8.55225        8.48403        0.031986       0.036232       1543977424     385785         1543977432     938039         1              
98             8.56843        8.56804        0.000103       0.000278       1543977424     385785         1543977432     954212         1              
93             8.62428        8.59204        0.02797        0.004258       1543977424     385786         1543977433     10064          1              
