JobID          Runtime        getDevice      getProgram     runProgram     startTime_s    startTime_us   endTime_s      endTime_us     violation      0
-1             0.807218       0.000507       0.794592       0.012113       1543977411     475753         1543977412     282971         0              
-1             0.012155       6.5e-05        3.1e-05        0.012054       1543977413     773982         1543977413     786137         0              
-1             0.012124       3.8e-05        3e-05          0.01205        1543977413     890050         1543977413     902174         0              
-1             0.012167       3.5e-05        7.7e-05        0.01205        1543977414     5983           1543977414     18150          0              
-1             0.01212        3.5e-05        2.7e-05        0.012052       1543977414     122012         1543977414     134132         0              
0              0.011873       9e-05          7.5e-05        0.01169        1543977424     242987         1543977424     254860         0              
1              0.034013       0.008978       2.8e-05        0.024999       1543977424     245946         1543977424     279959         0              
2              0.053034       0.024267       1.8e-05        0.028736       1543977424     255822         1543977424     308856         0              
3              0.083067       0.028064       0.027953       0.027044       1543977424     293787         1543977424     376854         0              
4              0.191057       0.100067       0.055947       0.035037       1543977424     297791         1543977424     488848         0              
5              0.259067       0.20004        0.031972       0.027049       1543977424     301790         1543977424     560857         0              
6              0.38481        0.280894       0.059983       0.043926       1543977424     308927         1543977424     693737         0              
7              0.395069       0.324024       0.031998       0.039043       1543977424     385787         1543977424     780856         0              
8              0.520606       0.409595       0.071967       0.039037       1543977424     412243         1543977424     932849         0              
9              0.611066       0.516032       0.027984       0.067047       1543977424     421785         1543977425     32851          0              
10             0.820995       0.648038       0.039979       0.132972       1543977424     429786         1543977425     250781         0              
11             1.04677        0.860028       0.048          0.138739       1543977424     433786         1543977425     480558         0              
12             1.23434        1.12803        0.051979       0.054327       1543977424     441788         1543977425     676132         0              
13             1.33435        1.27603        5.9e-05        0.058257       1543977424     473785         1543977425     808133         0              
14             1.48307        1.38003        0.047987       0.05505        1543977424     493786         1543977425     976855         0              
15             1.66865        1.53603        0.04798        0.08464        1543977424     517792         1543977426     186446         0              
16             1.78707        1.69203        0.043984       0.05105        1543977424     537786         1543977426     324855         0              
17             2.00002        1.83603        0.047978       0.115997       1543977424     561787         1543977426     561802         1              
18             2.11107        2.02403        0.043983       0.043057       1543977424     577786         1543977426     688860         1              
19             2.23507        2.15603        0.043983       0.035054       1543977424     589788         1543977426     824859         1              
20             2.32707        2.24802        0.000156       0.078889       1543977424     621786         1543977426     948855         1              
21             2.49602        2.34403        0.039986       0.111995       1543977424     633786         1543977427     129801         1              
22             2.68801        2.52403        0.043982       0.119995       1543977424     633786         1543977427     321800         1              
23             2.89043        2.72803        0.039978       0.122417       1543977424     637787         1543977427     528222         1              
24             2.94707        2.90003        2.1e-05        0.047017       1543977424     661786         1543977427     608858         1              
26             3.00307        2.92803        0.035984       0.039048       1543977424     697787         1543977427     700852         1              
25             3.11107        3.02405        0.039968       0.047047       1543977424     701786         1543977427     812857         1              
27             3.30193        3.15824        0.057775       0.085913       1543977424     701787         1543977428     3716           1              
28             3.39833        3.28803        0.043981       0.066315       1543977424     745789         1543977428     144118         1              
30             3.49888        3.40802        0.036401       0.05445        1543977424     749791         1543977428     248668         1              
29             3.6355         3.53603        0.031983       0.06748        1543977424     757786         1543977428     393287         1              
31             3.83202        3.66404        0.039975       0.127997       1543977424     769786         1543977428     601803         1              
32             3.97508        3.87203        0.03199        0.071057       1543977424     781787         1543977428     756864         1              
33             4.08307        4.00803        0.035984       0.039052       1543977424     789786         1543977428     872856         1              
34             4.23106        4.11203        0.035979       0.083042       1543977424     789786         1543977429     20848          1              
35             4.36319        4.24802        0.035989       0.079173       1543977424     793788         1543977429     156975         1              
37             4.4885         4.40002        1.7e-05        0.088448       1543977424     793791         1543977429     282287         1              
36             4.61906        4.51203        0.031988       0.075043       1543977424     797787         1543977429     416851         1              
38             4.70306        4.65619        0.019837       0.02703        1543977424     801787         1543977429     504852         1              
39             4.85569        4.72003        0.035987       0.099675       1543977424     805786         1543977429     661480         1              
40             4.92706        4.85203        0.035981       0.039048       1543977424     825787         1543977429     752850         1              
42             5.01107        4.94803        0.03599        0.027044       1543977424     833786         1543977429     844852         1              
43             5.16333        5.06403        0.03998        0.059308       1543977424     841788         1543977430     5118           1              
41             5.24707        5.20804        2.2e-05        0.039004       1543977424     845786         1543977430     92858          1              
44             5.44801        5.28404        0.039987       0.123976       1543977424     869788         1543977430     317794         1              
45             5.57941        5.46804        0.035973       0.075389       1543977424     877785         1543977430     457193         1              
46             5.72801        5.58404        0.035975       0.107998       1543977424     885787         1543977430     613802         1              
47             5.77107        5.70804        0.031975       0.031053       1543977424     929787         1543977430     700859         1              
48             5.89535        5.82002        0.031986       0.043328       1543977424     929789         1543977430     825134         1              
49             6.05601        5.92404        0.031973       0.099994       1543977424     937786         1543977430     993800         1              
50             6.23534        6.10003        0.035979       0.099321       1543977424     937787         1543977431     173125         1              
51             6.27907        6.19205        0.051965       0.03505        1543977424     981787         1543977431     260855         1              
52             6.40018        6.28005        0.035965       0.084158       1543977424     989785         1543977431     389963         1              
54             6.55079        6.42403        0.032417       0.094334       1543977424     993787         1543977431     544574         1              
53             6.70103        6.56405        0.031965       0.105015       1543977424     993787         1543977431     694820         1              
55             6.80707        6.73604        0.031979       0.039043       1543977425     5787           1543977431     812852         1              
56             6.92646        6.81604        0.043974       0.066441       1543977425     41789          1543977431     968250         1              
57             6.97106        6.94002        2.4e-05        0.031013       1543977425     57790          1543977432     28854          1              
58             7.07506        7.00402        0.047988       0.023047       1543977425     85790          1543977432     160850         1              
60             7.25705        7.12004        0.055987       0.081012       1543977425     101787         1543977432     358836         1              
59             7.43201        7.28803        0.03198        0.111999       1543977425     105788         1543977432     537802         1              
61             7.50335        7.45602        0.000121       0.047198       1543977425     105787         1543977432     609134         1              
62             7.60307        7.50804        0.035977       0.059046       1543977425     125786         1543977432     728852         1              
63             7.75201        7.64002        0.032004       0.079974       1543977425     125787         1543977432     877795         1              
64             7.80317        7.75606        0.000762       0.046343       1543977425     141786         1543977432     944954         1              
65             7.96           7.82804        0.031973       0.099988       1543977425     141791         1543977433     101793         1              
68             8.03133        7.96404        0.027969       0.039317       1543977425     189792         1543977433     221126         1              
67             8.13907        8.05203        0.047977       0.03905        1543977425     197786         1543977433     336853         1              
66             8.28707        8.19604        0.047975       0.043054       1543977425     197787         1543977433     484860         1              
69             8.38706        8.29605        0.047967       0.043044       1543977425     213786         1543977433     600850         1              
71             8.50707        8.41604        0.047972       0.04305        1543977425     229786         1543977433     736854         1              
70             8.61601        8.50803        0.027975       0.079998       1543977425     229787         1543977433     845801         1              
72             8.70632        8.62404        0.039968       0.042307       1543977425     253787         1543977433     960111         1              
73             8.81569        8.71603        0.027981       0.071677       1543977425     265788         1543977434     81480          1              
74             8.93907        8.85204        0.039974       0.047046       1543977425     269786         1543977434     208854         1              
76             9.05088        8.95604        0.027974       0.06686        1543977425     289787         1543977434     340666         1              
75             9.16584        9.08803        0.027974       0.049826       1543977425     293788         1543977434     459629         1              
80             9.24898        9.18406        0.035961       0.028957       1543977425     297787         1543977434     546770         1              
77             9.37438        9.27592        0.051973       0.046484       1543977425     301905         1543977434     676290         1              
78             9.51393        9.42385        0.047979       0.042098       1543977425     301976         1543977434     815910         1              
79             9.65107        9.55605        0.047965       0.047052       1543977425     305785         1543977434     956857         1              
83             9.78232        9.70003        0.04798        0.034302       1543977425     309785         1543977435     92109          1              
81             9.87244        9.80404        2.4e-05        0.068371       1543977425     309788         1543977435     182228         1              
82             10.0229        9.90803        2.4e-05        0.114825       1543977425     313788         1543977435     336669         1              
84             10.0951        10.012         0.047978       0.035043       1543977425     333786         1543977435     428846         1              
86             10.216         10.1           0.027975       0.087999       1543977425     349788         1543977435     565801         1              
85             10.3511        10.256         0.047981       0.04704        1543977425     357786         1543977435     708846         1              
87             10.452         10.364         2.1e-05        0.087944       1543977425     361789         1543977435     813801         1              
88             10.4993        10.448         2e-05          0.051276       1543977425     373787         1543977435     873124         1              
89             10.7995        10.524         0.000109       0.275322       1543977425     385789         1543977436     185257         1              
90             10.8751        10.828         6.9e-05        0.046959       1543977425     385787         1543977436     260854         1              
91             11.008         10.892         0.027981       0.087997       1543977425     401787         1543977436     409800         1              
92             11.1064        11.02          0.051987       0.034402       1543977425     413787         1543977436     520223         1              
93             11.2607        11.14          0.047974       0.072644       1543977425     417786         1543977436     678446         1              
94             11.3673        11.252         0.048006       0.043325       1543977425     445790         1543977436     813129         1              
95             11.4951        11.404         0.047981       0.043039       1543977425     465785         1543977436     960850         1              
96             11.6151        11.532         0.040037       0.042986       1543977425     473786         1543977437     88851          1              
97             11.7061        11.64          0.03189        0.01809        1543977425     473788         1543977437     179903         1              
98             11.828         11.724         0.047988       0.055997       1543977425     481788         1543977437     309799         1              
99             11.9311        11.844         0.039984       0.047052       1543977425     513786         1543977437     444852         1              
