TaskQLat.      PRRQLat.       TaskQLen       
0.000336       -1.54395e+09   1              
TaskQLat.      PRRQLat.       TaskQLen       
1.1e-05        -1.54398e+09   1              
TaskQLat.      PRRQLat.       TaskQLen       
7e-06          -1.54398e+09   1              
8e-06          -1.54398e+09   1              
3e-06          -1.54398e+09   1              
4.8e-05        -1.54398e+09   1              
3e-06          -1.54398e+09   1              
2e-06          -1.54398e+09   1              
2e-06          -1.54398e+09   1              
3e-06          -1.54398e+09   1              
5.1e-05        -1.54398e+09   1              
3e-06          -1.54398e+09   1              
2e-06          -1.54398e+09   1              
2e-06          -1.54398e+09   1              
2e-06          -1.54398e+09   1              
7.3e-05        -1.54398e+09   1              
2e-06          -1.54398e+09   1              
2e-06          -1.54398e+09   1              
4e-06          -1.54398e+09   1              
2e-06          -1.54398e+09   1              
4.8e-05        -1.54398e+09   1              
2e-06          -1.54398e+09   1              
3e-06          -1.54398e+09   1              
1.3e-05        -1.54398e+09   1              
2e-06          -1.54398e+09   1              
3e-06          -1.54398e+09   1              
4.5e-05        -1.54398e+09   2              
0.007042       -1.54398e+09   4              
5.7e-05        -1.54398e+09   1              
0.00808        -1.54398e+09   3              
2e-06          -1.54398e+09   1              
0.004121       -1.54398e+09   3              
3e-06          -1.54398e+09   1              
2e-06          -1.54398e+09   1              
4.3e-05        -1.54398e+09   2              
9.9e-05        -1.54398e+09   2              
5.4e-05        -1.54398e+09   1              
0.037724       -1.54398e+09   5              
3e-06          -1.54398e+09   1              
3e-06          -1.54398e+09   1              
2e-06          -1.54398e+09   1              
0.028222       -1.54398e+09   6              
0.00749        -1.54398e+09   1              
0.044203       -1.54398e+09   4              
0.007589       -1.54398e+09   2              
0.020259       -1.54398e+09   7              
0.007626       -1.54398e+09   3              
0.003704       -1.54398e+09   5              
0.016299       -1.54398e+09   8              
0.003738       -1.54398e+09   6              
5.5e-05        -1.54398e+09   1              
0.008401       -1.54398e+09   9              
3e-06          -1.54398e+09   1              
8.1e-05        -1.54398e+09   2              
4e-06          -1.54398e+09   1              
0.004          -1.54398e+09   1              
0.040138       -1.54398e+09   4              
9.5e-05        -1.54398e+09   1              
0.000259       -1.54398e+09   1              
0.008042       -1.54398e+09   2              
0.001545       -1.54398e+09   4              
0.05199        -1.54398e+09   1              
0.000256       -1.54398e+09   5              
0.032054       -1.54398e+09   2              
2e-06          -1.54398e+09   1              
2e-06          -1.54398e+09   1              
0.008147       -1.54398e+09   3              
3e-06          -1.54398e+09   1              
0.020113       -1.54398e+09   5              
0.055999       -1.54398e+09   1              
0.008084       -1.54398e+09   1              
0.044063       -1.54398e+09   3              
0.008121       -1.54398e+09   2              
0.01216        -1.54398e+09   6              
0.008158       -1.54398e+09   3              
0.00025        -1.54398e+09   6              
0.008186       -1.54398e+09   4              
0.008132       -1.54398e+09   5              
0.000289       -1.54398e+09   7              
0.004412       -1.54398e+09   7              
0.027998       -1.54398e+09   1              
0.00405        -1.54398e+09   2              
0.004445       -1.54398e+09   8              
0.008019       -1.54398e+09   2              
0.000491       -1.54398e+09   9              
0.048182       -1.54398e+09   4              
0.000529       -1.54398e+09   10             
0.004116       -1.54398e+09   3              
0.000567       -1.54398e+09   11             
0.004152       -1.54398e+09   4              
0.000651       -1.54398e+09   12             
3e-06          -1.54398e+09   1              
2e-06          -1.54398e+09   1              
0.004037       -1.54398e+09   2              
0.067994       -1.54398e+09   1              
0.00406        -1.54398e+09   2              
0.040226       -1.54398e+09   5              
0.060056       -1.54398e+09   2              
0.000131       -1.54398e+09   4              
0.000215       -1.54398e+09   5              
0.048148       -1.54398e+09   3              
0.000251       -1.54398e+09   6              
0.000288       -1.54398e+09   7              
2e-06          -1.54398e+09   1              
0.036265       -1.54398e+09   6              
4.3e-05        -1.54398e+09   2              
0.000174       -1.54398e+09   1              
0.028317       -1.54398e+09   8              
3e-06          -1.54398e+09   1              
0.028403       -1.54398e+09   9              
3e-06          -1.54398e+09   1              
0.024441       -1.54398e+09   10             
4.3e-05        -1.54398e+09   2              
0.012693       -1.54398e+09   15             
0.024476       -1.54398e+09   11             
0.043998       -1.54398e+09   1              
0.02052        -1.54398e+09   12             
0.044163       -1.54398e+09   3              
0.016556       -1.54398e+09   13             
0.040362       -1.54398e+09   5              
0.012654       -1.54398e+09   14             
0.039986       -1.54398e+09   6              
0.040022       -1.54398e+09   2              
0.035999       -1.54398e+09   1              
0.039962       -1.54398e+09   7              
0.032068       -1.54398e+09   3              
0.03641        -1.54398e+09   8              
0.036448       -1.54398e+09   9              
0.024101       -1.54398e+09   4              
0.036484       -1.54398e+09   10             
0.020196       -1.54398e+09   5              
0.036038       -1.54398e+09   11             
0.032566       -1.54398e+09   12             
0.023997       -1.54398e+09   1              
0.032676       -1.54398e+09   13             
0.032715       -1.54398e+09   14             
0.028755       -1.54398e+09   15             
0.016047       -1.54398e+09   2              
0.028792       -1.54398e+09   16             
0.028831       -1.54398e+09   17             
0.008085       -1.54398e+09   3              
0.028912       -1.54398e+09   18             
0.025463       -1.54398e+09   19             
0.012011       -1.54398e+09   2              
0.024992       -1.54398e+09   20             
0.025029       -1.54398e+09   21             
0.01202        -1.54398e+09   2              
0.012111       -1.54398e+09   3              
0.025064       -1.54398e+09   22             
0.004154       -1.54398e+09   4              
0.021154       -1.54398e+09   23             
0.021192       -1.54398e+09   24             
0.004192       -1.54398e+09   5              
0.021229       -1.54398e+09   25             
0.021267       -1.54398e+09   26             
0.019999       -1.54398e+09   1              
0.021305       -1.54398e+09   27             
0.012055       -1.54398e+09   2              
1.1e-05        -1.54398e+09   1              
0.008146       -1.54398e+09   3              
0.021403       -1.54398e+09   28             
0.017449       -1.54398e+09   29             
0.017487       -1.54398e+09   30             
0.008184       -1.54398e+09   4              
0.017525       -1.54398e+09   31             
0.027123       -1.54398e+09   1              
0.017559       -1.54398e+09   32             
0.032019       -1.54398e+09   2              
0.015503       -1.54398e+09   33             
0.016063       -1.54398e+09   3              
0.013687       -1.54398e+09   34             
0.040122       -1.54398e+09   2              
0.013723       -1.54398e+09   35             
0.028143       -1.54398e+09   2              
0.00976        -1.54398e+09   36             
0.012201       -1.54398e+09   4              
0.009798       -1.54398e+09   37             
0.008237       -1.54398e+09   5              
0.005885       -1.54398e+09   38             
0.005922       -1.54398e+09   39             
0.008275       -1.54398e+09   6              
0.001963       -1.54398e+09   40             
0.023998       -1.54398e+09   1              
0.001998       -1.54398e+09   40             
0.035999       -1.54398e+09   1              
0.002036       -1.54398e+09   41             
0.0241         -1.54398e+09   2              
0.002118       -1.54398e+09   42             
3e-06          -1.54398e+09   1              
0.008141       -1.54398e+09   3              
4.3e-05        -1.54398e+09   2              
0.008175       -1.54398e+09   4              
0.056001       -1.54398e+09   1              
0.036003       -1.54398e+09   1              
0.028062       -1.54398e+09   2              
0.028147       -1.54398e+09   3              
0.012188       -1.54398e+09   4              
0.023996       -1.54398e+09   1              
0.036005       -1.54398e+09   1              
0.036051       -1.54398e+09   2              
0.012089       -1.54398e+09   3              
0.000174       -1.54398e+09   4              
0.039998       -1.54398e+09   1              
0.027995       -1.54398e+09   1              
0.020043       -1.54398e+09   2              
0.016094       -1.54398e+09   4              
0.012147       -1.54398e+09   6              
0.008117       -1.54398e+09   7              
0.008083       -1.54398e+09   8              
0.039996       -1.54398e+09   1              
0.004314       -1.54398e+09   9              
0.000353       -1.54398e+09   9              
0.000388       -1.54398e+09   10             
0.040054       -1.54398e+09   1              
0.020097       -1.54398e+09   2              
0.004131       -1.54398e+09   3              
0.000115       -1.54398e+09   2              
0.039999       -1.54398e+09   1              
0.036041       -1.54398e+09   2              
0.024191       -1.54398e+09   4              
0.012228       -1.54398e+09   5              
0.012264       -1.54398e+09   6              
0.039996       -1.54398e+09   1              
0.00403        -1.54398e+09   3              
0.028041       -1.54398e+09   2              
0.02413        -1.54398e+09   3              
0.039998       -1.54398e+09   1              
0.020052       -1.54398e+09   2              
0.023993       -1.54398e+09   1              
0.01209        -1.54398e+09   3              
0.012132       -1.54398e+09   4              
0.004223       -1.54398e+09   5              
1e-06          -1.54398e+09   1              
0.015997       -1.54398e+09   1              
0.015991       -1.54398e+09   1              
0.04005        -1.54398e+09   1              
0.003993       -1.54398e+09   1              
2e-06          -1.54398e+09   1              
2e-06          -1.54398e+09   1              
0.039995       -1.54398e+09   1              
0.035834       -1.54398e+09   1              
0.012123       -1.54398e+09   2              
0.008028       -1.54398e+09   3              
3e-06          -1.54398e+09   1              
0.028054       -1.54398e+09   1              
0.004062       -1.54398e+09   1              
0.023996       -1.54398e+09   1              
0.023996       -1.54398e+09   1              
0.011994       -1.54398e+09   1              
0.027989       -1.54398e+09   1              
0.032051       -1.54398e+09   1              
0.032091       -1.54398e+09   2              
0.007994       -1.54398e+09   1              
0.019993       -1.54398e+09   1              
0.008038       -1.54398e+09   2              
0.01612        -1.54398e+09   2              
3e-06          -1.54398e+09   1              
3e-06          -1.54398e+09   1              
0.011994       -1.54398e+09   1              
0.007992       -1.54398e+09   1              
0.032081       -1.54398e+09   1              
0.003994       -1.54398e+09   1              
0.009239       -1.54398e+09   1              
0.019997       -1.54398e+09   1              
2e-06          -1.54398e+09   1              
0.024057       -1.54398e+09   1              
0.019995       -1.54398e+09   1              
0.008657       -1.54398e+09   1              
0.027508       -1.54398e+09   1              
0.016065       -1.54398e+09   2              
0.008185       -1.54398e+09   3              
0.027992       -1.54398e+09   1              
0.024286       -1.54398e+09   1              
0.023994       -1.54398e+09   1              
0.004012       -1.54398e+09   2              
0.04789        -1.54398e+09   1              
0.024794       -1.54398e+09   3              
0.007992       -1.54398e+09   1              
0.013274       -1.54398e+09   1              
0.007988       -1.54398e+09   1              
0.016223       -1.54398e+09   3              
0.011452       -1.54398e+09   1              
0.027194       -1.54398e+09   1              
0.00402        -1.54398e+09   2              
0.005898       -1.54398e+09   1              
0.020048       -1.54398e+09   1              
0.027991       -1.54398e+09   1              
3e-06          -1.54398e+09   1              
2e-06          -1.54398e+09   1              
0.008029       -1.54398e+09   3              
0.016145       -1.54398e+09   2              
0.000185       -1.54398e+09   3              
0.039994       -1.54398e+09   1              
2e-06          -1.54398e+09   1              
0.019992       -1.54398e+09   1              
0.016093       -1.54398e+09   2              
0.015996       -1.54398e+09   1              
0.012065       -1.54398e+09   3              
0.007994       -1.54398e+09   1              
3e-06          -1.54398e+09   1              
0.040052       -1.54398e+09   1              
0.003996       -1.54398e+09   1              
0.009461       -1.54398e+09   1              
0.027995       -1.54398e+09   1              
2e-06          -1.54398e+09   1              
0.020143       -1.54398e+09   2              
0.015993       -1.54398e+09   1              
0.028526       -1.54398e+09   1              
6.4e-05        -1.54398e+09   2              
0.027998       -1.54398e+09   1              
0.036056       -1.54398e+09   1              
3e-06          -1.54398e+09   1              
0.019997       -1.54398e+09   1              
0.016046       -1.54398e+09   2              
0.023998       -1.54398e+09   1              
